nohup: ignoring input
2026-04-16 13:50:02,839 [INFO] 启动监控: HK.00100，实时轮询 60s
2026-04-16 13:50:02,839 [INFO] 提示：启动后输入 'p' 回车可切换持仓状态（标记是否持有空仓）
2026-04-16 13:50:02,843 | 1171293 | 124615671605056 | [open_context_base.py:409] _init_connect_sync: New connect ready: conn=7450420221171225466(1) context=<futu.quote.open_quote_context.OpenQuoteContext object at 0x7155cf281d30>
2026-04-16 13:50:03,349 [INFO] 逼空=10 | 做空=20(HOLD) | 离场紧迫=0 | 持仓=False | 大单净=54593910.0 | 卖深=11880.0 | 失衡=-0.697
2026-04-16 13:51:03,532 [INFO] 逼空=10 | 做空=32(HOLD) | 离场紧迫=0 | 持仓=False | 大单净=54593910.0 | 卖深=13220.0 | 失衡=-0.618
2026-04-16 13:52:03,709 [INFO] 逼空=10 | 做空=32(HOLD) | 离场紧迫=0 | 持仓=False | 大单净=54593910.0 | 卖深=12320.0 | 失衡=-0.623

╔══════════════════════════════════════════════════════════╗
║   MINIMAX-W (00100.HK)  做空监控仪表盘   2026-04-16 13:50:03  ║
╠══════════════════════════════════════════════════════════╣
║  最新价         :      896.5                        ║
╠══════════════════════════════════════════════════════════╣
║  [①] HKEX 卖空占比 (今日)  :      N/A %               ║
║  [②] 大单净流入 (累计)      :       +5,459.4 万             ║
║  [③] 卖盘深度               :         11,880 股             ║
║      摆盘失衡度             :   -0.697                  ║
╠══════════════════════════════════════════════════════════╣
║  【逼空风险】[██░░░░░░░░░░░░░░░░░░]  10/100        ║
║     正  常   持续监控                                        ║
║   ⚠ 大单净流入持续正值 2 轮 [+10分]                                  ║
╠══════════════════════════════════════════════════════════╣
║  【做空入场】[████░░░░░░░░░░░░░░░░]  20/100        ║
║  ── 条件不足  继续等 ──                                       ║
║   → 卖盘深度明显上升 43.8% [+12分]                                 ║
║   → 当前摆盘偏空：失衡度 -0.697 [+8分]                               ║
╚══════════════════════════════════════════════════════════╝

╔══════════════════════════════════════════════════════════╗
║   MINIMAX-W (00100.HK)  做空监控仪表盘   2026-04-16 13:51:03  ║
╠══════════════════════════════════════════════════════════╣
║  最新价         :      897.5                        ║
╠══════════════════════════════════════════════════════════╣
║  [①] HKEX 卖空占比 (今日)  :      N/A %               ║
║  [②] 大单净流入 (累计)      :       +5,459.4 万             ║
║  [③] 卖盘深度               :         13,220 股             ║
║      摆盘失衡度             :   -0.618                  ║
╠══════════════════════════════════════════════════════════╣
║  【逼空风险】[██░░░░░░░░░░░░░░░░░░]  10/100        ║
║     正  常   持续监控                                        ║
║   ⚠ 大单净流入持续正值 2 轮 [+10分]                                  ║
╠══════════════════════════════════════════════════════════╣
║  【做空入场】[██████░░░░░░░░░░░░░░]  32/100        ║
║  ── 条件不足  继续等 ──                                       ║
║   → 卖盘深度明显上升 63.1% [+12分]                                 ║
║   → 摆盘持续偏空 2 轮，均值失衡度 -0.658 [+20分]                        ║
╚══════════════════════════════════════════════════════════╝

╔══════════════════════════════════════════════════════════╗
║   MINIMAX-W (00100.HK)  做空监控仪表盘   2026-04-16 13:52:03  ║
╠══════════════════════════════════════════════════════════╣
║  最新价         :      896.0                        ║
╠══════════════════════════════════════════════════════════╣
║  [①] HKEX 卖空占比 (今日)  :      N/A %               ║
║  [②] 大单净流入 (累计)      :       +5,459.4 万             ║
║  [③] 卖盘深度               :         12,320 股             ║
║      摆盘失衡度             :   -0.623                  ║
╠══════════════════════════════════════════════════════════╣
║  【逼空风险】[██░░░░░░░░░░░░░░░░░░]  10/100        ║
║     正  常   持续监控                                        ║
║   ⚠ 大单净流入持续正值 2 轮 [+10分]                                  ║
╠══════════════════════════════════════════════════════════╣
║  【做空入场】[██████░░░░░░░░░░░░░░]  32/100        ║
║  ── 条件不足  继续等 ──                                       ║
║   → 卖盘深度明显上升 46.8% [+12分]                                 ║
║   → 摆盘持续偏空 2 轮，均值失衡度 -0.621 [+20分]                        ║
╚══════════════════════════════════════════════════════════╝

╔══════════════════════════════════════════════════════════╗
║   MINIMAX-W (00100.HK)  做空监控仪表盘   2026-04-16 13:53:03  ║
╠══════════════════════════════════════════════════════════╣
║  最新价         :      895.0                        ║
╠══════════════════════════════════════════════════════════╣
║  [①] HKEX 卖空占比 (今日)  :      N/A %               ║
║  [②] 大单净流入 (累计)      :       +5,459.4 万             ║
║  [③] 卖盘深度               :         13,060 股             ║
║      摆盘失衡度             :   -0.674                  ║
╠══════════════════════════════════════════════════════════╣
║  【逼空风险】[██░░░░░░░░░░░░░░░░░░]  10/100        ║
║     正  常   持续监控                                        ║
║   ⚠ 大单净流入持续正值 2 轮 [+10分]                                  ║
╠══════════════════════════════════════════════════════════╣
║  【做空入场】[███████░░░░░░░░░░░░░]  39/100        ║
║  ── 信号积累中 观望 ──                                        ║2026-04-16 13:53:03,883 [INFO] 逼空=10 | 做空=39(CAUTION) | 离场紧迫=0 | 持仓=False | 大单净=54593910.0 | 卖深=13060.0 | 失衡=-0.674
2026-04-16 13:54:04,058 [WARNING] [摆盘预警] 卖盘深度骤减 63.5% (当前 3,140 vs 均值 8,594 股) [+25分]
2026-04-16 13:54:04,087 [INFO] 逼空=35 | 做空=0(BLOCKED) | 离场紧迫=0 | 持仓=False | 大单净=54593910.0 | 卖深=3140.0 | 失衡=0.154
2026-04-16 13:55:04,259 [INFO] 逼空=10 | 做空=18(HOLD) | 离场紧迫=0 | 持仓=False | 大单净=54593910.0 | 卖深=11260.0 | 失衡=-0.434
2026-04-16 13:56:04,441 [INFO] 逼空=10 | 做空=42(CAUTION) | 离场紧迫=0 | 持仓=False | 大单净=54593910.0 | 卖深=12640.0 | 失衡=-0.545

║   → 卖盘深度明显上升 51.2% [+12分]                                 ║
║   → 摆盘持续偏空 2 轮，均值失衡度 -0.649 [+20分]                        ║
║   → 价格轻微回落 0.28% [+7分]                                    ║
╚══════════════════════════════════════════════════════════╝

╔══════════════════════════════════════════════════════════╗
║   MINIMAX-W (00100.HK)  做空监控仪表盘   2026-04-16 13:54:04  ║
╠══════════════════════════════════════════════════════════╣
║  最新价         :      894.0                        ║
╠══════════════════════════════════════════════════════════╣
║  [①] HKEX 卖空占比 (今日)  :      N/A %               ║
║  [②] 大单净流入 (累计)      :       +5,459.4 万             ║
║  [③] 卖盘深度               :          3,140 股             ║
║      摆盘失衡度             :   +0.154                  ║
╠══════════════════════════════════════════════════════════╣
║  【逼空风险】[███████░░░░░░░░░░░░░]  35/100        ║
║     预  警   关注异动                                        ║
║   ⚠ 大单净流入持续正值 2 轮 [+10分]                                  ║
║   ⚠ 卖盘深度骤减 63.5% (当前 3,140 vs 均值 8,594 股) [+25分]          ║
╠══════════════════════════════════════════════════════════╣
║  【做空入场】[░░░░░░░░░░░░░░░░░░░░]   0/100        ║
║  ✖✖ 禁  止  开  空 ✖✖                                      ║
║   → 逼空评分=35 超过安全线 25，禁止开空                                 ║
╚══════════════════════════════════════════════════════════╝

╔══════════════════════════════════════════════════════════╗
║   MINIMAX-W (00100.HK)  做空监控仪表盘   2026-04-16 13:55:04  ║
╠══════════════════════════════════════════════════════════╣
║  最新价         :      896.0                        ║
╠══════════════════════════════════════════════════════════╣
║  [①] HKEX 卖空占比 (今日)  :      N/A %               ║
║  [②] 大单净流入 (累计)      :       +5,459.4 万             ║
║  [③] 卖盘深度               :         11,260 股             ║
║      摆盘失衡度             :   -0.434                  ║
╠══════════════════════════════════════════════════════════╣
║  【逼空风险】[██░░░░░░░░░░░░░░░░░░]  10/100        ║
║     正  常   持续监控                                        ║
║   ⚠ 大单净流入持续正值 2 轮 [+10分]                                  ║
╠══════════════════════════════════════════════════════════╣
║  【做空入场】[███░░░░░░░░░░░░░░░░░]  18/100        ║
║  ── 条件不足  继续等 ──                                       ║
║   → 当前摆盘偏空：失衡度 -0.434 [+8分]                               ║
║   → 高点拒绝后连续下行 2 轮 [+10分]                                  ║
╚══════════════════════════════════════════════════════════╝

╔══════════════════════════════════════════════════════════╗
║   MINIMAX-W (00100.HK)  做空监控仪表盘   2026-04-16 13:56:04  ║
╠══════════════════════════════════════════════════════════╣
║  最新价         :      896.0                        ║
╠══════════════════════════════════════════════════════════╣
║  [①] HKEX 卖空占比 (今日)  :      N/A %               ║
║  [②] 大单净流入 (累计)      :       +5,459.4 万             ║
║  [③] 卖盘深度               :         12,640 股             ║
║      摆盘失衡度             :   -0.545                  ║
╠══════════════════════════════════════════════════════════╣
║  【逼空风险】[██░░░░░░░░░░░░░░░░░░]  10/100        ║
║     正  常   持续监控                                        ║
║   ⚠ 大单净流入持续正值 2 轮 [+10分]                                  ║
╠══════════════════════════════════════════════════════════╣
║  【做空入场】[████████░░░░░░░░░░░░]  42/100        ║
║  ── 信号积累中 观望 ──                                        ║
║   → 卖盘深度明显上升 54.6% [+12分]                                 ║
║   → 摆盘持续偏空 2 轮，均值失衡度 -0.490 [+20分]                        ║
║   → 高点拒绝后连续下行 2 轮 [+10分]                                  ║
╚══════════════════════════════════════════════════════════╝

╔══════════════════════════════════════════════════════════╗
║   MINIMAX-W (00100.HK)  做空监控仪表盘   2026-04-16 13:57:04  ║
╠══════════════════════════════════════════════════════════╣
║  最新价         :      896.0                        ║
╠══════════════════════════════════════════════════════════╣
║  [①] HKEX 卖空占比 (今日)  :      N/A %               ║
║  [②] 大单净流入 (累计)      :       +5,459.4 万             ║
║  [③] 卖盘深度               :         13,880 股             ║
║      摆盘失衡度             :   -0.539                  ║
╠══════════════════════════════════════════════════════════╣
║  【逼空风险】[██░░░░░░░░░░░░░░░░░░]  10/100        ║
║     正  常   持续监控                                        ║2026-04-16 13:57:04,622 [INFO] 逼空=10 | 做空=42(CAUTION) | 离场紧迫=0 | 持仓=False | 大单净=54593910.0 | 卖深=13880.0 | 失衡=-0.539
2026-04-16 13:58:04,807 [INFO] 逼空=10 | 做空=42(CAUTION) | 离场紧迫=0 | 持仓=False | 大单净=54593910.0 | 卖深=13940.0 | 失衡=-0.496
2026-04-16 13:59:04,983 [INFO] 逼空=10 | 做空=42(CAUTION) | 离场紧迫=0 | 持仓=False | 大单净=54593910.0 | 卖深=13200.0 | 失衡=-0.524
2026-04-16 14:00:05,160 [INFO] 逼空=10 | 做空=32(HOLD) | 离场紧迫=0 | 持仓=False | 大单净=54593910.0 | 卖深=15200.0 | 失衡=-0.567

║   ⚠ 大单净流入持续正值 2 轮 [+10分]                                  ║
╠══════════════════════════════════════════════════════════╣
║  【做空入场】[████████░░░░░░░░░░░░]  42/100        ║
║  ── 信号积累中 观望 ──                                        ║
║   → 卖盘深度明显上升 63.5% [+12分]                                 ║
║   → 摆盘持续偏空 2 轮，均值失衡度 -0.542 [+20分]                        ║
║   → 高点拒绝后连续下行 2 轮 [+10分]                                  ║
╚══════════════════════════════════════════════════════════╝

╔══════════════════════════════════════════════════════════╗
║   MINIMAX-W (00100.HK)  做空监控仪表盘   2026-04-16 13:58:04  ║
╠══════════════════════════════════════════════════════════╣
║  最新价         :      896.5                        ║
╠══════════════════════════════════════════════════════════╣
║  [①] HKEX 卖空占比 (今日)  :      N/A %               ║
║  [②] 大单净流入 (累计)      :       +5,459.4 万             ║
║  [③] 卖盘深度               :         13,940 股             ║
║      摆盘失衡度             :   -0.496                  ║
╠══════════════════════════════════════════════════════════╣
║  【逼空风险】[██░░░░░░░░░░░░░░░░░░]  10/100        ║
║     正  常   持续监控                                        ║
║   ⚠ 大单净流入持续正值 2 轮 [+10分]                                  ║
╠══════════════════════════════════════════════════════════╣
║  【做空入场】[████████░░░░░░░░░░░░]  42/100        ║
║  ── 信号积累中 观望 ──                                        ║
║   → 卖盘深度明显上升 59.0% [+12分]                                 ║
║   → 摆盘持续偏空 2 轮，均值失衡度 -0.517 [+20分]                        ║
║   → 高点拒绝后连续下行 2 轮 [+10分]                                  ║
╚══════════════════════════════════════════════════════════╝

╔══════════════════════════════════════════════════════════╗
║   MINIMAX-W (00100.HK)  做空监控仪表盘   2026-04-16 13:59:04  ║
╠══════════════════════════════════════════════════════════╣
║  最新价         :      896.5                        ║
╠══════════════════════════════════════════════════════════╣
║  [①] HKEX 卖空占比 (今日)  :      N/A %               ║
║  [②] 大单净流入 (累计)      :       +5,459.4 万             ║
║  [③] 卖盘深度               :         13,200 股             ║
║      摆盘失衡度             :   -0.524                  ║
╠══════════════════════════════════════════════════════════╣
║  【逼空风险】[██░░░░░░░░░░░░░░░░░░]  10/100        ║
║     正  常   持续监控                                        ║
║   ⚠ 大单净流入持续正值 2 轮 [+10分]                                  ║
╠══════════════════════════════════════════════════════════╣
║  【做空入场】[████████░░░░░░░░░░░░]  42/100        ║
║  ── 信号积累中 观望 ──                                        ║
║   → 卖盘深度明显上升 45.6% [+12分]                                 ║
║   → 摆盘持续偏空 2 轮，均值失衡度 -0.510 [+20分]                        ║
║   → 高点拒绝后连续下行 2 轮 [+10分]                                  ║
╚══════════════════════════════════════════════════════════╝

╔══════════════════════════════════════════════════════════╗
║   MINIMAX-W (00100.HK)  做空监控仪表盘   2026-04-16 14:00:05  ║
╠══════════════════════════════════════════════════════════╣
║  最新价         :      896.0                        ║
╠══════════════════════════════════════════════════════════╣
║  [①] HKEX 卖空占比 (今日)  :      N/A %               ║
║  [②] 大单净流入 (累计)      :       +5,459.4 万             ║
║  [③] 卖盘深度               :         15,200 股             ║
║      摆盘失衡度             :   -0.567                  ║
╠══════════════════════════════════════════════════════════╣
║  【逼空风险】[██░░░░░░░░░░░░░░░░░░]  10/100        ║
║     正  常   持续监控                                        ║
║   ⚠ 大单净流入持续正值 2 轮 [+10分]                                  ║
╠══════════════════════════════════════════════════════════╣
║  【做空入场】[██████░░░░░░░░░░░░░░]  32/100        ║
║  ── 条件不足  继续等 ──                                       ║
║   → 卖盘深度明显上升 62.1% [+12分]                                 ║
║   → 摆盘持续偏空 2 轮，均值失衡度 -0.546 [+20分]                        ║
╚══════════════════════════════════════════════════════════╝

╔══════════════════════════════════════════════════════════╗
║   MINIMAX-W (00100.HK)  做空监控仪表盘   2026-04-16 14:01:05  ║
╠══════════════════════════════════════════════════════════╣
║  最新价         :      896.5                        ║
╠══════════════════════════════════════════════════════════╣
║  [①] HKEX 卖空占比 (今日)  :      N/A %               ║
║  [②] 大单净流入 (累计)      :       +5,459.4 万             ║
║  [③] 卖盘深度               :         15,280 股             ║
║      摆盘失衡度             :   -0.569                  ║
╠══════════════════════════════════════════════════════════╣
║  【逼空风险】[██░░░░░░░░░░░░░░░░░░]  10/100        ║
║     正  常   持续监控                                        ║2026-04-16 14:01:05,339 [INFO] 逼空=10 | 做空=32(HOLD) | 离场紧迫=0 | 持仓=False | 大单净=54593910.0 | 卖深=15280.0 | 失衡=-0.569
2026-04-16 14:02:05,515 [INFO] 逼空=10 | 做空=20(HOLD) | 离场紧迫=0 | 持仓=False | 大单净=54593910.0 | 卖深=15260.0 | 失衡=-0.568
2026-04-16 14:03:05,692 [INFO] 逼空=10 | 做空=30(HOLD) | 离场紧迫=0 | 持仓=False | 大单净=54593910.0 | 卖深=15680.0 | 失衡=-0.552
2026-04-16 14:04:05,876 [INFO] 逼空=10 | 做空=20(HOLD) | 离场紧迫=0 | 持仓=False | 大单净=54593910.0 | 卖深=16040.0 | 失衡=-0.604

║   ⚠ 大单净流入持续正值 2 轮 [+10分]                                  ║
╠══════════════════════════════════════════════════════════╣
║  【做空入场】[██████░░░░░░░░░░░░░░]  32/100        ║
║  ── 条件不足  继续等 ──                                       ║
║   → 卖盘深度明显上升 46.2% [+12分]                                 ║
║   → 摆盘持续偏空 2 轮，均值失衡度 -0.552 [+20分]                        ║
╚══════════════════════════════════════════════════════════╝

╔══════════════════════════════════════════════════════════╗
║   MINIMAX-W (00100.HK)  做空监控仪表盘   2026-04-16 14:02:05  ║
╠══════════════════════════════════════════════════════════╣
║  最新价         :      896.5                        ║
╠══════════════════════════════════════════════════════════╣
║  [①] HKEX 卖空占比 (今日)  :      N/A %               ║
║  [②] 大单净流入 (累计)      :       +5,459.4 万             ║
║  [③] 卖盘深度               :         15,260 股             ║
║      摆盘失衡度             :   -0.568                  ║
╠══════════════════════════════════════════════════════════╣
║  【逼空风险】[██░░░░░░░░░░░░░░░░░░]  10/100        ║
║     正  常   持续监控                                        ║
║   ⚠ 大单净流入持续正值 2 轮 [+10分]                                  ║
╠══════════════════════════════════════════════════════════╣
║  【做空入场】[████░░░░░░░░░░░░░░░░]  20/100        ║
║  ── 条件不足  继续等 ──                                       ║
║   → 摆盘持续偏空 2 轮，均值失衡度 -0.562 [+20分]                        ║
╚══════════════════════════════════════════════════════════╝

╔══════════════════════════════════════════════════════════╗
║   MINIMAX-W (00100.HK)  做空监控仪表盘   2026-04-16 14:03:05  ║
╠══════════════════════════════════════════════════════════╣
║  最新价         :      896.0                        ║
╠══════════════════════════════════════════════════════════╣
║  [①] HKEX 卖空占比 (今日)  :      N/A %               ║
║  [②] 大单净流入 (累计)      :       +5,459.4 万             ║
║  [③] 卖盘深度               :         15,680 股             ║
║      摆盘失衡度             :   -0.552                  ║
╠══════════════════════════════════════════════════════════╣
║  【逼空风险】[██░░░░░░░░░░░░░░░░░░]  10/100        ║
║     正  常   持续监控                                        ║
║   ⚠ 大单净流入持续正值 2 轮 [+10分]                                  ║
╠══════════════════════════════════════════════════════════╣
║  【做空入场】[██████░░░░░░░░░░░░░░]  30/100        ║
║  ── 条件不足  继续等 ──                                       ║
║   → 摆盘持续偏空 2 轮，均值失衡度 -0.560 [+20分]                        ║
║   → 高点拒绝后连续下行 2 轮 [+10分]                                  ║
╚══════════════════════════════════════════════════════════╝

╔══════════════════════════════════════════════════════════╗
║   MINIMAX-W (00100.HK)  做空监控仪表盘   2026-04-16 14:04:05  ║
╠══════════════════════════════════════════════════════════╣
║  最新价         :      896.5                        ║
╠══════════════════════════════════════════════════════════╣
║  [①] HKEX 卖空占比 (今日)  :      N/A %               ║
║  [②] 大单净流入 (累计)      :       +5,459.4 万             ║
║  [③] 卖盘深度               :         16,040 股             ║
║      摆盘失衡度             :   -0.604                  ║
╠══════════════════════════════════════════════════════════╣
║  【逼空风险】[██░░░░░░░░░░░░░░░░░░]  10/100        ║
║     正  常   持续监控                                        ║
║   ⚠ 大单净流入持续正值 2 轮 [+10分]                                  ║
╠══════════════════════════════════════════════════════════╣
║  【做空入场】[████░░░░░░░░░░░░░░░░]  20/100        ║
║  ── 条件不足  继续等 ──                                       ║
║   → 摆盘持续偏空 2 轮，均值失衡度 -0.595 [+20分]                        ║
╚══════════════════════════════════════════════════════════╝

╔══════════════════════════════════════════════════════════╗
║   MINIMAX-W (00100.HK)  做空监控仪表盘   2026-04-16 14:05:06  ║
╠══════════════════════════════════════════════════════════╣
║  最新价         :      896.5                        ║
╠══════════════════════════════════════════════════════════╣
║  [①] HKEX 卖空占比 (今日)  :      N/A %               ║
║  [②] 大单净流入 (累计)      :       +5,459.4 万             ║
║  [③] 卖盘深度               :         16,300 股             ║
║      摆盘失衡度             :   -0.590                  ║
╠══════════════════════════════════════════════════════════╣
║  【逼空风险】[██░░░░░░░░░░░░░░░░░░]  10/100        ║
║     正  常   持续监控                                        ║2026-04-16 14:05:06,054 [INFO] 逼空=10 | 做空=30(HOLD) | 离场紧迫=0 | 持仓=False | 大单净=54593910.0 | 卖深=16300.0 | 失衡=-0.590
2026-04-16 14:06:06,225 [INFO] 逼空=10 | 做空=20(HOLD) | 离场紧迫=0 | 持仓=False | 大单净=54593910.0 | 卖深=16280.0 | 失衡=-0.644
2026-04-16 14:07:06,400 [INFO] 逼空=10 | 做空=30(HOLD) | 离场紧迫=0 | 持仓=False | 大单净=54593910.0 | 卖深=19020.0 | 失衡=-0.623
2026-04-16 14:08:06,574 [INFO] 逼空=10 | 做空=30(HOLD) | 离场紧迫=0 | 持仓=False | 大单净=54593910.0 | 卖深=18900.0 | 失衡=-0.689

║   ⚠ 大单净流入持续正值 2 轮 [+10分]                                  ║
╠══════════════════════════════════════════════════════════╣
║  【做空入场】[██████░░░░░░░░░░░░░░]  30/100        ║
║  ── 条件不足  继续等 ──                                       ║
║   → 摆盘持续偏空 2 轮，均值失衡度 -0.587 [+20分]                        ║
║   → 高点拒绝后连续下行 2 轮 [+10分]                                  ║
╚══════════════════════════════════════════════════════════╝

╔══════════════════════════════════════════════════════════╗
║   MINIMAX-W (00100.HK)  做空监控仪表盘   2026-04-16 14:06:06  ║
╠══════════════════════════════════════════════════════════╣
║  最新价         :      896.5                        ║
╠══════════════════════════════════════════════════════════╣
║  [①] HKEX 卖空占比 (今日)  :      N/A %               ║
║  [②] 大单净流入 (累计)      :       +5,459.4 万             ║
║  [③] 卖盘深度               :         16,280 股             ║
║      摆盘失衡度             :   -0.644                  ║
╠══════════════════════════════════════════════════════════╣
║  【逼空风险】[██░░░░░░░░░░░░░░░░░░]  10/100        ║
║     正  常   持续监控                                        ║
║   ⚠ 大单净流入持续正值 2 轮 [+10分]                                  ║
╠══════════════════════════════════════════════════════════╣
║  【做空入场】[████░░░░░░░░░░░░░░░░]  20/100        ║
║  ── 条件不足  继续等 ──                                       ║
║   → 摆盘持续偏空 2 轮，均值失衡度 -0.644 [+20分]                        ║
╚══════════════════════════════════════════════════════════╝

╔══════════════════════════════════════════════════════════╗
║   MINIMAX-W (00100.HK)  做空监控仪表盘   2026-04-16 14:07:06  ║
╠══════════════════════════════════════════════════════════╣
║  最新价         :      896.5                        ║
╠══════════════════════════════════════════════════════════╣
║  [①] HKEX 卖空占比 (今日)  :      N/A %               ║
║  [②] 大单净流入 (累计)      :       +5,459.4 万             ║
║  [③] 卖盘深度               :         19,020 股             ║
║      摆盘失衡度             :   -0.623                  ║
╠══════════════════════════════════════════════════════════╣
║  【逼空风险】[██░░░░░░░░░░░░░░░░░░]  10/100        ║
║     正  常   持续监控                                        ║
║   ⚠ 大单净流入持续正值 2 轮 [+10分]                                  ║
╠══════════════════════════════════════════════════════════╣
║  【做空入场】[██████░░░░░░░░░░░░░░]  30/100        ║
║  ── 条件不足  继续等 ──                                       ║
║   → 摆盘持续偏空 2 轮，均值失衡度 -0.609 [+20分]                        ║
║   → 高点拒绝后连续下行 2 轮 [+10分]                                  ║
╚══════════════════════════════════════════════════════════╝

╔══════════════════════════════════════════════════════════╗
║   MINIMAX-W (00100.HK)  做空监控仪表盘   2026-04-16 14:08:06  ║
╠══════════════════════════════════════════════════════════╣
║  最新价         :      896.0                        ║
╠══════════════════════════════════════════════════════════╣
║  [①] HKEX 卖空占比 (今日)  :      N/A %               ║
║  [②] 大单净流入 (累计)      :       +5,459.4 万             ║
║  [③] 卖盘深度               :         18,900 股             ║
║      摆盘失衡度             :   -0.689                  ║
╠══════════════════════════════════════════════════════════╣
║  【逼空风险】[██░░░░░░░░░░░░░░░░░░]  10/100        ║
║     正  常   持续监控                                        ║
║   ⚠ 大单净流入持续正值 2 轮 [+10分]                                  ║
╠══════════════════════════════════════════════════════════╣
║  【做空入场】[██████░░░░░░░░░░░░░░]  30/100        ║
║  ── 条件不足  继续等 ──                                       ║
║   → 摆盘持续偏空 2 轮，均值失衡度 -0.685 [+20分]                        ║
║   → 高点拒绝后连续下行 3 轮 [+10分]                                  ║
╚══════════════════════════════════════════════════════════╝

╔══════════════════════════════════════════════════════════╗
║   MINIMAX-W (00100.HK)  做空监控仪表盘   2026-04-16 14:09:06  ║
╠══════════════════════════════════════════════════════════╣
║  最新价         :      896.0                        ║
╠══════════════════════════════════════════════════════════╣
║  [①] HKEX 卖空占比 (今日)  :      N/A %               ║
║  [②] 大单净流入 (累计)      :       +5,459.4 万             ║
║  [③] 卖盘深度               :         19,560 股             ║
║      摆盘失衡度             :   -0.678                  ║
╠══════════════════════════════════════════════════════════╣
║  【逼空风险】[██░░░░░░░░░░░░░░░░░░]  10/100        ║
║     正  常   持续监控                                        ║2026-04-16 14:09:06,750 [INFO] 逼空=10 | 做空=30(HOLD) | 离场紧迫=0 | 持仓=False | 大单净=54593910.0 | 卖深=19560.0 | 失衡=-0.678
2026-04-16 14:10:06,930 [INFO] 逼空=10 | 做空=30(HOLD) | 离场紧迫=0 | 持仓=False | 大单净=54593910.0 | 卖深=20940.0 | 失衡=-0.752
2026-04-16 14:11:07,105 [INFO] 逼空=10 | 做空=20(HOLD) | 离场紧迫=0 | 持仓=False | 大单净=57584070.0 | 卖深=14740.0 | 失衡=-0.487
2026-04-16 14:12:07,285 [INFO] 逼空=10 | 做空=20(HOLD) | 离场紧迫=0 | 持仓=False | 大单净=57584070.0 | 卖深=15960.0 | 失衡=-0.583

║   ⚠ 大单净流入持续正值 2 轮 [+10分]                                  ║
╠══════════════════════════════════════════════════════════╣
║  【做空入场】[██████░░░░░░░░░░░░░░]  30/100        ║
║  ── 条件不足  继续等 ──                                       ║
║   → 摆盘持续偏空 2 轮，均值失衡度 -0.677 [+20分]                        ║
║   → 高点拒绝后连续下行 2 轮 [+10分]                                  ║
╚══════════════════════════════════════════════════════════╝

╔══════════════════════════════════════════════════════════╗
║   MINIMAX-W (00100.HK)  做空监控仪表盘   2026-04-16 14:10:06  ║
╠══════════════════════════════════════════════════════════╣
║  最新价         :      895.0                        ║
╠══════════════════════════════════════════════════════════╣
║  [①] HKEX 卖空占比 (今日)  :      N/A %               ║
║  [②] 大单净流入 (累计)      :       +5,459.4 万             ║
║  [③] 卖盘深度               :         20,940 股             ║
║      摆盘失衡度             :   -0.752                  ║
╠══════════════════════════════════════════════════════════╣
║  【逼空风险】[██░░░░░░░░░░░░░░░░░░]  10/100        ║
║     正  常   持续监控                                        ║
║   ⚠ 大单净流入持续正值 2 轮 [+10分]                                  ║
╠══════════════════════════════════════════════════════════╣
║  【做空入场】[██████░░░░░░░░░░░░░░]  30/100        ║
║  ── 条件不足  继续等 ──                                       ║
║   → 摆盘持续偏空 2 轮，均值失衡度 -0.746 [+20分]                        ║
║   → 高点拒绝后连续下行 2 轮 [+10分]                                  ║
╚══════════════════════════════════════════════════════════╝

╔══════════════════════════════════════════════════════════╗
║   MINIMAX-W (00100.HK)  做空监控仪表盘   2026-04-16 14:11:07  ║
╠══════════════════════════════════════════════════════════╣
║  最新价         :      897.0                        ║
╠══════════════════════════════════════════════════════════╣
║  [①] HKEX 卖空占比 (今日)  :      N/A %               ║
║  [②] 大单净流入 (累计)      :       +5,758.4 万             ║
║  [③] 卖盘深度               :         14,740 股             ║
║      摆盘失衡度             :   -0.487                  ║
╠══════════════════════════════════════════════════════════╣
║  【逼空风险】[██░░░░░░░░░░░░░░░░░░]  10/100        ║
║     正  常   持续监控                                        ║
║   ⚠ 大单净流入持续正值 2 轮 [+10分]                                  ║
╠══════════════════════════════════════════════════════════╣
║  【做空入场】[████░░░░░░░░░░░░░░░░]  20/100        ║
║  ── 条件不足  继续等 ──                                       ║
║   → 摆盘持续偏空 2 轮，均值失衡度 -0.498 [+20分]                        ║
╚══════════════════════════════════════════════════════════╝

╔══════════════════════════════════════════════════════════╗
║   MINIMAX-W (00100.HK)  做空监控仪表盘   2026-04-16 14:12:07  ║
╠══════════════════════════════════════════════════════════╣
║  最新价         :      897.5                        ║
╠══════════════════════════════════════════════════════════╣
║  [①] HKEX 卖空占比 (今日)  :      N/A %               ║
║  [②] 大单净流入 (累计)      :       +5,758.4 万             ║
║  [③] 卖盘深度               :         15,960 股             ║
║      摆盘失衡度             :   -0.583                  ║
╠══════════════════════════════════════════════════════════╣
║  【逼空风险】[██░░░░░░░░░░░░░░░░░░]  10/100        ║
║     正  常   持续监控                                        ║
║   ⚠ 大单净流入持续正值 2 轮 [+10分]                                  ║
╠══════════════════════════════════════════════════════════╣
║  【做空入场】[████░░░░░░░░░░░░░░░░]  20/100        ║
║  ── 条件不足  继续等 ──                                       ║
║   → 摆盘持续偏空 2 轮，均值失衡度 -0.541 [+20分]                        ║
╚══════════════════════════════════════════════════════════╝

╔══════════════════════════════════════════════════════════╗
║   MINIMAX-W (00100.HK)  做空监控仪表盘   2026-04-16 14:13:07  ║
╠══════════════════════════════════════════════════════════╣
║  最新价         :      897.0                        ║
╠══════════════════════════════════════════════════════════╣
║  [①] HKEX 卖空占比 (今日)  :      N/A %               ║
║  [②] 大单净流入 (累计)      :       +5,758.4 万             ║
║  [③] 卖盘深度               :         18,160 股             ║
║      摆盘失衡度             :   -0.671                  ║
╠══════════════════════════════════════════════════════════╣
║  【逼空风险】[██░░░░░░░░░░░░░░░░░░]  10/100        ║
║     正  常   持续监控                                        ║2026-04-16 14:13:07,459 [INFO] 逼空=10 | 做空=20(HOLD) | 离场紧迫=0 | 持仓=False | 大单净=57584070.0 | 卖深=18160.0 | 失衡=-0.671
2026-04-16 14:14:07,638 [INFO] 逼空=10 | 做空=20(HOLD) | 离场紧迫=0 | 持仓=False | 大单净=57584070.0 | 卖深=17760.0 | 失衡=-0.626
2026-04-16 14:15:07,812 [INFO] 逼空=10 | 做空=30(HOLD) | 离场紧迫=0 | 持仓=False | 大单净=57584070.0 | 卖深=16060.0 | 失衡=-0.553
2026-04-16 14:16:07,987 [INFO] 逼空=22 | 做空=20(HOLD) | 离场紧迫=0 | 持仓=False | 大单净=57584070.0 | 卖深=12780.0 | 失衡=-0.461
2026-04-16 14:17:08,164 [WARNING] [摆盘预警] 卖盘深度骤减 30.9% (当前 11,480 vs 均值 16,612 股) [+25分]

║   ⚠ 大单净流入持续正值 2 轮 [+10分]                                  ║
╠══════════════════════════════════════════════════════════╣
║  【做空入场】[████░░░░░░░░░░░░░░░░]  20/100        ║
║  ── 条件不足  继续等 ──                                       ║
║   → 摆盘持续偏空 2 轮，均值失衡度 -0.643 [+20分]                        ║
╚══════════════════════════════════════════════════════════╝

╔══════════════════════════════════════════════════════════╗
║   MINIMAX-W (00100.HK)  做空监控仪表盘   2026-04-16 14:14:07  ║
╠══════════════════════════════════════════════════════════╣
║  最新价         :      897.5                        ║
╠══════════════════════════════════════════════════════════╣
║  [①] HKEX 卖空占比 (今日)  :      N/A %               ║
║  [②] 大单净流入 (累计)      :       +5,758.4 万             ║
║  [③] 卖盘深度               :         17,760 股             ║
║      摆盘失衡度             :   -0.626                  ║
╠══════════════════════════════════════════════════════════╣
║  【逼空风险】[██░░░░░░░░░░░░░░░░░░]  10/100        ║
║     正  常   持续监控                                        ║
║   ⚠ 大单净流入持续正值 2 轮 [+10分]                                  ║
╠══════════════════════════════════════════════════════════╣
║  【做空入场】[████░░░░░░░░░░░░░░░░]  20/100        ║
║  ── 条件不足  继续等 ──                                       ║
║   → 摆盘持续偏空 2 轮，均值失衡度 -0.612 [+20分]                        ║
╚══════════════════════════════════════════════════════════╝

╔══════════════════════════════════════════════════════════╗
║   MINIMAX-W (00100.HK)  做空监控仪表盘   2026-04-16 14:15:07  ║
╠══════════════════════════════════════════════════════════╣
║  最新价         :      897.0                        ║
╠══════════════════════════════════════════════════════════╣
║  [①] HKEX 卖空占比 (今日)  :      N/A %               ║
║  [②] 大单净流入 (累计)      :       +5,758.4 万             ║
║  [③] 卖盘深度               :         16,060 股             ║
║      摆盘失衡度             :   -0.553                  ║
╠══════════════════════════════════════════════════════════╣
║  【逼空风险】[██░░░░░░░░░░░░░░░░░░]  10/100        ║
║     正  常   持续监控                                        ║
║   ⚠ 大单净流入持续正值 2 轮 [+10分]                                  ║
╠══════════════════════════════════════════════════════════╣
║  【做空入场】[██████░░░░░░░░░░░░░░]  30/100        ║
║  ── 条件不足  继续等 ──                                       ║
║   → 摆盘持续偏空 2 轮，均值失衡度 -0.561 [+20分]                        ║
║   → 高点拒绝后连续下行 2 轮 [+10分]                                  ║
╚══════════════════════════════════════════════════════════╝

╔══════════════════════════════════════════════════════════╗
║   MINIMAX-W (00100.HK)  做空监控仪表盘   2026-04-16 14:16:07  ║
╠══════════════════════════════════════════════════════════╣
║  最新价         :      899.0                        ║
╠══════════════════════════════════════════════════════════╣
║  [①] HKEX 卖空占比 (今日)  :      N/A %               ║
║  [②] 大单净流入 (累计)      :       +5,758.4 万             ║
║  [③] 卖盘深度               :         12,780 股             ║
║      摆盘失衡度             :   -0.461                  ║
╠══════════════════════════════════════════════════════════╣
║  【逼空风险】[████░░░░░░░░░░░░░░░░]  22/100        ║
║     正  常   持续监控                                        ║
║   ⚠ 大单净流入持续正值 2 轮 [+10分]                                  ║
║   ⚠ 卖盘深度明显下降 26.2% [+12分]                                 ║
╠══════════════════════════════════════════════════════════╣
║  【做空入场】[████░░░░░░░░░░░░░░░░]  20/100        ║
║  ── 条件不足  继续等 ──                                       ║
║   → 摆盘持续偏空 2 轮，均值失衡度 -0.493 [+20分]                        ║
╚══════════════════════════════════════════════════════════╝

╔══════════════════════════════════════════════════════════╗
║   MINIMAX-W (00100.HK)  做空监控仪表盘   2026-04-16 14:17:08  ║
╠══════════════════════════════════════════════════════════╣
║  最新价         :      900.0                        ║
╠══════════════════════════════════════════════════════════╣
║  [①] HKEX 卖空占比 (今日)  :      N/A %               ║
║  [②] 大单净流入 (累计)      :       +6,101.2 万             ║
║  [③] 卖盘深度               :         11,480 股             ║
║      摆盘失衡度             :   -0.419                  ║
╠══════════════════════════════════════════════════════════╣
║  【逼空风险】[███████░░░░░░░░░░░░░]  35/100        ║
║     预  警   关注异动                                        ║2026-04-16 14:17:08,193 [INFO] 逼空=35 | 做空=0(BLOCKED) | 离场紧迫=0 | 持仓=False | 大单净=61011850.0 | 卖深=11480.0 | 失衡=-0.419
2026-04-16 14:18:08,369 [INFO] 逼空=22 | 做空=20(HOLD) | 离场紧迫=0 | 持仓=False | 大单净=61011850.0 | 卖深=11200.0 | 失衡=-0.451
2026-04-16 14:19:08,556 [INFO] 逼空=22 | 做空=20(HOLD) | 离场紧迫=0 | 持仓=False | 大单净=61011850.0 | 卖深=10960.0 | 失衡=-0.420
2026-04-16 14:20:08,730 [INFO] 逼空=10 | 做空=20(HOLD) | 离场紧迫=0 | 持仓=False | 大单净=61011850.0 | 卖深=11560.0 | 失衡=-0.388

║   ⚠ 大单净流入持续正值 2 轮 [+10分]                                  ║
║   ⚠ 卖盘深度骤减 30.9% (当前 11,480 vs 均值 16,612 股) [+25分]        ║
╠══════════════════════════════════════════════════════════╣
║  【做空入场】[░░░░░░░░░░░░░░░░░░░░]   0/100        ║
║  ✖✖ 禁  止  开  空 ✖✖                                      ║
║   → 逼空评分=35 超过安全线 25，禁止开空                                 ║
╚══════════════════════════════════════════════════════════╝

╔══════════════════════════════════════════════════════════╗
║   MINIMAX-W (00100.HK)  做空监控仪表盘   2026-04-16 14:18:08  ║
╠══════════════════════════════════════════════════════════╣
║  最新价         :      899.5                        ║
╠══════════════════════════════════════════════════════════╣
║  [①] HKEX 卖空占比 (今日)  :      N/A %               ║
║  [②] 大单净流入 (累计)      :       +6,101.2 万             ║
║  [③] 卖盘深度               :         11,200 股             ║
║      摆盘失衡度             :   -0.451                  ║
╠══════════════════════════════════════════════════════════╣
║  【逼空风险】[████░░░░░░░░░░░░░░░░]  22/100        ║
║     正  常   持续监控                                        ║
║   ⚠ 大单净流入持续正值 2 轮 [+10分]                                  ║
║   ⚠ 卖盘深度明显下降 29.4% [+12分]                                 ║
╠══════════════════════════════════════════════════════════╣
║  【做空入场】[████░░░░░░░░░░░░░░░░]  20/100        ║
║  ── 条件不足  继续等 ──                                       ║
║   → 摆盘持续偏空 2 轮，均值失衡度 -0.447 [+20分]                        ║
╚══════════════════════════════════════════════════════════╝

╔══════════════════════════════════════════════════════════╗
║   MINIMAX-W (00100.HK)  做空监控仪表盘   2026-04-16 14:19:08  ║
╠══════════════════════════════════════════════════════════╣
║  最新价         :      899.5                        ║
╠══════════════════════════════════════════════════════════╣
║  [①] HKEX 卖空占比 (今日)  :      N/A %               ║
║  [②] 大单净流入 (累计)      :       +6,101.2 万             ║
║  [③] 卖盘深度               :         10,960 股             ║
║      摆盘失衡度             :   -0.420                  ║
╠══════════════════════════════════════════════════════════╣
║  【逼空风险】[████░░░░░░░░░░░░░░░░]  22/100        ║
║     正  常   持续监控                                        ║
║   ⚠ 大单净流入持续正值 2 轮 [+10分]                                  ║
║   ⚠ 卖盘深度明显下降 27.0% [+12分]                                 ║
╠══════════════════════════════════════════════════════════╣
║  【做空入场】[████░░░░░░░░░░░░░░░░]  20/100        ║
║  ── 条件不足  继续等 ──                                       ║
║   → 摆盘持续偏空 2 轮，均值失衡度 -0.425 [+20分]                        ║
╚══════════════════════════════════════════════════════════╝

╔══════════════════════════════════════════════════════════╗
║   MINIMAX-W (00100.HK)  做空监控仪表盘   2026-04-16 14:20:08  ║
╠══════════════════════════════════════════════════════════╣
║  最新价         :      900.0                        ║
╠══════════════════════════════════════════════════════════╣
║  [①] HKEX 卖空占比 (今日)  :      N/A %               ║
║  [②] 大单净流入 (累计)      :       +6,101.2 万             ║
║  [③] 卖盘深度               :         11,560 股             ║
║      摆盘失衡度             :   -0.388                  ║
╠══════════════════════════════════════════════════════════╣
║  【逼空风险】[██░░░░░░░░░░░░░░░░░░]  10/100        ║
║     正  常   持续监控                                        ║
║   ⚠ 大单净流入持续正值 2 轮 [+10分]                                  ║
╠══════════════════════════════════════════════════════════╣
║  【做空入场】[████░░░░░░░░░░░░░░░░]  20/100        ║
║  ── 条件不足  继续等 ──                                       ║
║   → 摆盘持续偏空 2 轮，均值失衡度 -0.409 [+20分]                        ║
╚══════════════════════════════════════════════════════════╝

╔══════════════════════════════════════════════════════════╗
║   MINIMAX-W (00100.HK)  做空监控仪表盘   2026-04-16 14:21:08  ║
╠══════════════════════════════════════════════════════════╣
║  最新价         :      900.0                        ║
╠══════════════════════════════════════════════════════════╣
║  [①] HKEX 卖空占比 (今日)  :      N/A %               ║
║  [②] 大单净流入 (累计)      :       +6,101.2 万             ║
║  [③] 卖盘深度               :         11,580 股             ║
║      摆盘失衡度             :   -0.410                  ║
╠══════════════════════════════════════════════════════════╣
║  【逼空风险】[██░░░░░░░░░░░░░░░░░░]  10/100        ║
║     正  常   持续监控                                        ║2026-04-16 14:21:08,914 [INFO] 逼空=10 | 做空=20(HOLD) | 离场紧迫=0 | 持仓=False | 大单净=61011850.0 | 卖深=11580.0 | 失衡=-0.410
2026-04-16 14:22:09,105 [INFO] 逼空=10 | 做空=20(HOLD) | 离场紧迫=0 | 持仓=False | 大单净=61011850.0 | 卖深=12000.0 | 失衡=-0.472
2026-04-16 14:23:09,273 [INFO] 逼空=10 | 做空=30(HOLD) | 离场紧迫=0 | 持仓=False | 大单净=61011850.0 | 卖深=11100.0 | 失衡=-0.405
2026-04-16 14:24:09,458 [INFO] 逼空=10 | 做空=20(HOLD) | 离场紧迫=0 | 持仓=False | 大单净=61011850.0 | 卖深=12300.0 | 失衡=-0.498

║   ⚠ 大单净流入持续正值 2 轮 [+10分]                                  ║
╠══════════════════════════════════════════════════════════╣
║  【做空入场】[████░░░░░░░░░░░░░░░░]  20/100        ║
║  ── 条件不足  继续等 ──                                       ║
║   → 摆盘持续偏空 2 轮，均值失衡度 -0.410 [+20分]                        ║
╚══════════════════════════════════════════════════════════╝

╔══════════════════════════════════════════════════════════╗
║   MINIMAX-W (00100.HK)  做空监控仪表盘   2026-04-16 14:22:09  ║
╠══════════════════════════════════════════════════════════╣
║  最新价         :      900.0                        ║
╠══════════════════════════════════════════════════════════╣
║  [①] HKEX 卖空占比 (今日)  :      N/A %               ║
║  [②] 大单净流入 (累计)      :       +6,101.2 万             ║
║  [③] 卖盘深度               :         12,000 股             ║
║      摆盘失衡度             :   -0.472                  ║
╠══════════════════════════════════════════════════════════╣
║  【逼空风险】[██░░░░░░░░░░░░░░░░░░]  10/100        ║
║     正  常   持续监控                                        ║
║   ⚠ 大单净流入持续正值 2 轮 [+10分]                                  ║
╠══════════════════════════════════════════════════════════╣
║  【做空入场】[████░░░░░░░░░░░░░░░░]  20/100        ║
║  ── 条件不足  继续等 ──                                       ║
║   → 摆盘持续偏空 2 轮，均值失衡度 -0.439 [+20分]                        ║
╚══════════════════════════════════════════════════════════╝

╔══════════════════════════════════════════════════════════╗
║   MINIMAX-W (00100.HK)  做空监控仪表盘   2026-04-16 14:23:09  ║
╠══════════════════════════════════════════════════════════╣
║  最新价         :      899.5                        ║
╠══════════════════════════════════════════════════════════╣
║  [①] HKEX 卖空占比 (今日)  :      N/A %               ║
║  [②] 大单净流入 (累计)      :       +6,101.2 万             ║
║  [③] 卖盘深度               :         11,100 股             ║
║      摆盘失衡度             :   -0.405                  ║
╠══════════════════════════════════════════════════════════╣
║  【逼空风险】[██░░░░░░░░░░░░░░░░░░]  10/100        ║
║     正  常   持续监控                                        ║
║   ⚠ 大单净流入持续正值 2 轮 [+10分]                                  ║
╠══════════════════════════════════════════════════════════╣
║  【做空入场】[██████░░░░░░░░░░░░░░]  30/100        ║
║  ── 条件不足  继续等 ──                                       ║
║   → 摆盘持续偏空 2 轮，均值失衡度 -0.435 [+20分]                        ║
║   → 高点拒绝后连续下行 2 轮 [+10分]                                  ║
╚══════════════════════════════════════════════════════════╝

╔══════════════════════════════════════════════════════════╗
║   MINIMAX-W (00100.HK)  做空监控仪表盘   2026-04-16 14:24:09  ║
╠══════════════════════════════════════════════════════════╣
║  最新价         :      899.5                        ║
╠══════════════════════════════════════════════════════════╣
║  [①] HKEX 卖空占比 (今日)  :      N/A %               ║
║  [②] 大单净流入 (累计)      :       +6,101.2 万             ║
║  [③] 卖盘深度               :         12,300 股             ║
║      摆盘失衡度             :   -0.498                  ║
╠══════════════════════════════════════════════════════════╣
║  【逼空风险】[██░░░░░░░░░░░░░░░░░░]  10/100        ║
║     正  常   持续监控                                        ║
║   ⚠ 大单净流入持续正值 2 轮 [+10分]                                  ║
╠══════════════════════════════════════════════════════════╣
║  【做空入场】[████░░░░░░░░░░░░░░░░]  20/100        ║
║  ── 条件不足  继续等 ──                                       ║
║   → 摆盘持续偏空 2 轮，均值失衡度 -0.471 [+20分]                        ║
╚══════════════════════════════════════════════════════════╝

╔══════════════════════════════════════════════════════════╗
║   MINIMAX-W (00100.HK)  做空监控仪表盘   2026-04-16 14:25:09  ║
╠══════════════════════════════════════════════════════════╣
║  最新价         :      899.5                        ║
╠══════════════════════════════════════════════════════════╣
║  [①] HKEX 卖空占比 (今日)  :      N/A %               ║
║  [②] 大单净流入 (累计)      :       +6,101.2 万             ║
║  [③] 卖盘深度               :         13,120 股             ║
║      摆盘失衡度             :   -0.488                  ║
╠══════════════════════════════════════════════════════════╣
║  【逼空风险】[██░░░░░░░░░░░░░░░░░░]  10/100        ║
║     正  常   持续监控                                        ║2026-04-16 14:25:09,632 [INFO] 逼空=10 | 做空=20(HOLD) | 离场紧迫=0 | 持仓=False | 大单净=61011850.0 | 卖深=13120.0 | 失衡=-0.488
2026-04-16 14:26:09,809 [INFO] 逼空=10 | 做空=37(CAUTION) | 离场紧迫=0 | 持仓=False | 大单净=61011850.0 | 卖深=13280.0 | 失衡=-0.590
2026-04-16 14:27:09,983 [INFO] 逼空=10 | 做空=27(HOLD) | 离场紧迫=0 | 持仓=False | 大单净=61011850.0 | 卖深=10100.0 | 失衡=-0.549
2026-04-16 14:28:10,168 [INFO] 逼空=10 | 做空=27(HOLD) | 离场紧迫=0 | 持仓=False | 大单净=61011850.0 | 卖深=11000.0 | 失衡=-0.574

║   ⚠ 大单净流入持续正值 2 轮 [+10分]                                  ║
╠══════════════════════════════════════════════════════════╣
║  【做空入场】[████░░░░░░░░░░░░░░░░]  20/100        ║
║  ── 条件不足  继续等 ──                                       ║
║   → 摆盘持续偏空 2 轮，均值失衡度 -0.547 [+20分]                        ║
╚══════════════════════════════════════════════════════════╝

╔══════════════════════════════════════════════════════════╗
║   MINIMAX-W (00100.HK)  做空监控仪表盘   2026-04-16 14:26:09  ║
╠══════════════════════════════════════════════════════════╣
║  最新价         :      897.0                        ║
╠══════════════════════════════════════════════════════════╣
║  [①] HKEX 卖空占比 (今日)  :      N/A %               ║
║  [②] 大单净流入 (累计)      :       +6,101.2 万             ║
║  [③] 卖盘深度               :         13,280 股             ║
║      摆盘失衡度             :   -0.590                  ║
╠══════════════════════════════════════════════════════════╣
║  【逼空风险】[██░░░░░░░░░░░░░░░░░░]  10/100        ║
║     正  常   持续监控                                        ║
║   ⚠ 大单净流入持续正值 2 轮 [+10分]                                  ║
╠══════════════════════════════════════════════════════════╣
║  【做空入场】[███████░░░░░░░░░░░░░]  37/100        ║
║  ── 信号积累中 观望 ──                                        ║
║   → 摆盘持续偏空 2 轮，均值失衡度 -0.614 [+20分]                        ║
║   → 价格轻微回落 0.33% [+7分]                                    ║
║   → 高点拒绝后连续下行 3 轮 [+10分]                                  ║
╚══════════════════════════════════════════════════════════╝

╔══════════════════════════════════════════════════════════╗
║   MINIMAX-W (00100.HK)  做空监控仪表盘   2026-04-16 14:27:09  ║
╠══════════════════════════════════════════════════════════╣
║  最新价         :      896.0                        ║
╠══════════════════════════════════════════════════════════╣
║  [①] HKEX 卖空占比 (今日)  :      N/A %               ║
║  [②] 大单净流入 (累计)      :       +6,101.2 万             ║
║  [③] 卖盘深度               :         10,100 股             ║
║      摆盘失衡度             :   -0.549                  ║
╠══════════════════════════════════════════════════════════╣
║  【逼空风险】[██░░░░░░░░░░░░░░░░░░]  10/100        ║
║     正  常   持续监控                                        ║
║   ⚠ 大单净流入持续正值 2 轮 [+10分]                                  ║
╠══════════════════════════════════════════════════════════╣
║  【做空入场】[█████░░░░░░░░░░░░░░░]  27/100        ║
║  ── 条件不足  继续等 ──                                       ║
║   → 摆盘持续偏空 2 轮，均值失衡度 -0.502 [+20分]                        ║
║   → 价格轻微回落 0.39% [+7分]                                    ║
╚══════════════════════════════════════════════════════════╝

╔══════════════════════════════════════════════════════════╗
║   MINIMAX-W (00100.HK)  做空监控仪表盘   2026-04-16 14:28:10  ║
╠══════════════════════════════════════════════════════════╣
║  最新价         :      895.5                        ║
╠══════════════════════════════════════════════════════════╣
║  [①] HKEX 卖空占比 (今日)  :      N/A %               ║
║  [②] 大单净流入 (累计)      :       +6,101.2 万             ║
║  [③] 卖盘深度               :         11,000 股             ║
║      摆盘失衡度             :   -0.574                  ║
╠══════════════════════════════════════════════════════════╣
║  【逼空风险】[██░░░░░░░░░░░░░░░░░░]  10/100        ║
║     正  常   持续监控                                        ║
║   ⚠ 大单净流入持续正值 2 轮 [+10分]                                  ║
╠══════════════════════════════════════════════════════════╣
║  【做空入场】[█████░░░░░░░░░░░░░░░]  27/100        ║
║  ── 条件不足  继续等 ──                                       ║
║   → 摆盘持续偏空 2 轮，均值失衡度 -0.609 [+20分]                        ║
║   → 价格轻微回落 0.44% [+7分]                                    ║
╚══════════════════════════════════════════════════════════╝

╔══════════════════════════════════════════════════════════╗
║   MINIMAX-W (00100.HK)  做空监控仪表盘   2026-04-16 14:29:10  ║
╠══════════════════════════════════════════════════════════╣
║  最新价         :      895.0                        ║
╠══════════════════════════════════════════════════════════╣
║  [①] HKEX 卖空占比 (今日)  :      N/A %               ║
║  [②] 大单净流入 (累计)      :       +6,101.2 万             ║
║  [③] 卖盘深度               :         11,860 股             ║
║      摆盘失衡度             :   -0.507                  ║
╠══════════════════════════════════════════════════════════╣
║  【逼空风险】[██░░░░░░░░░░░░░░░░░░]  10/100        ║
║     正  常   持续监控                                        ║2026-04-16 14:29:10,352 [INFO] 逼空=10 | 做空=45(CAUTION) | 离场紧迫=0 | 持仓=False | 大单净=61011850.0 | 卖深=11860.0 | 失衡=-0.507
2026-04-16 14:30:10,547 [INFO] 逼空=10 | 做空=27(HOLD) | 离场紧迫=0 | 持仓=False | 大单净=61011850.0 | 卖深=12180.0 | 失衡=-0.522
2026-04-16 14:31:10,761 [INFO] 逼空=10 | 做空=7(HOLD) | 离场紧迫=0 | 持仓=False | 大单净=61011850.0 | 卖深=12500.0 | 失衡=-0.272
2026-04-16 14:32:10,935 [WARNING] [摆盘预警] 卖盘深度骤减 62.8% (当前 4,160 vs 均值 11,169 股) [+25分]
2026-04-16 14:32:10,963 [INFO] 逼空=35 | 做空=0(BLOCKED) | 离场紧迫=0 | 持仓=False | 大单净=61011850.0 | 卖深=4160.0 | 失衡=0.266

║   ⚠ 大单净流入持续正值 2 轮 [+10分]                                  ║
╠══════════════════════════════════════════════════════════╣
║  【做空入场】[█████████░░░░░░░░░░░]  45/100        ║
║  ── 信号积累中 观望 ──                                        ║
║   → 摆盘持续偏空 2 轮，均值失衡度 -0.509 [+20分]                        ║
║   → 价格较近期高点下跌 0.50%（当前 895.0 vs 高点 899.5）[+15分]           ║
║   → 高点拒绝后连续下行 4 轮 [+10分]                                  ║
╚══════════════════════════════════════════════════════════╝

╔══════════════════════════════════════════════════════════╗
║   MINIMAX-W (00100.HK)  做空监控仪表盘   2026-04-16 14:30:10  ║
╠══════════════════════════════════════════════════════════╣
║  最新价         :      895.0                        ║
╠══════════════════════════════════════════════════════════╣
║  [①] HKEX 卖空占比 (今日)  :      N/A %               ║
║  [②] 大单净流入 (累计)      :       +6,101.2 万             ║
║  [③] 卖盘深度               :         12,180 股             ║
║      摆盘失衡度             :   -0.522                  ║
╠══════════════════════════════════════════════════════════╣
║  【逼空风险】[██░░░░░░░░░░░░░░░░░░]  10/100        ║
║     正  常   持续监控                                        ║
║   ⚠ 大单净流入持续正值 2 轮 [+10分]                                  ║
╠══════════════════════════════════════════════════════════╣
║  【做空入场】[█████░░░░░░░░░░░░░░░]  27/100        ║
║  ── 条件不足  继续等 ──                                       ║
║   → 摆盘持续偏空 2 轮，均值失衡度 -0.513 [+20分]                        ║
║   → 价格轻微回落 0.44% [+7分]                                    ║
╚══════════════════════════════════════════════════════════╝

╔══════════════════════════════════════════════════════════╗
║   MINIMAX-W (00100.HK)  做空监控仪表盘   2026-04-16 14:31:10  ║
╠══════════════════════════════════════════════════════════╣
║  最新价         :      893.0                        ║
╠══════════════════════════════════════════════════════════╣
║  [①] HKEX 卖空占比 (今日)  :      N/A %               ║
║  [②] 大单净流入 (累计)      :       +6,101.2 万             ║
║  [③] 卖盘深度               :         12,500 股             ║
║      摆盘失衡度             :   -0.272                  ║
╠══════════════════════════════════════════════════════════╣
║  【逼空风险】[██░░░░░░░░░░░░░░░░░░]  10/100        ║
║     正  常   持续监控                                        ║
║   ⚠ 大单净流入持续正值 2 轮 [+10分]                                  ║
╠══════════════════════════════════════════════════════════╣
║  【做空入场】[█░░░░░░░░░░░░░░░░░░░]   7/100        ║
║  ── 条件不足  继续等 ──                                       ║
║   → 价格轻微回落 0.45% [+7分]                                    ║
╚══════════════════════════════════════════════════════════╝

╔══════════════════════════════════════════════════════════╗
║   MINIMAX-W (00100.HK)  做空监控仪表盘   2026-04-16 14:32:10  ║
╠══════════════════════════════════════════════════════════╣
║  最新价         :      894.0                        ║
╠══════════════════════════════════════════════════════════╣
║  [①] HKEX 卖空占比 (今日)  :      N/A %               ║
║  [②] 大单净流入 (累计)      :       +6,101.2 万             ║
║  [③] 卖盘深度               :          4,160 股             ║
║      摆盘失衡度             :   +0.266                  ║
╠══════════════════════════════════════════════════════════╣
║  【逼空风险】[███████░░░░░░░░░░░░░]  35/100        ║
║     预  警   关注异动                                        ║
║   ⚠ 大单净流入持续正值 2 轮 [+10分]                                  ║
║   ⚠ 卖盘深度骤减 62.8% (当前 4,160 vs 均值 11,169 股) [+25分]         ║
╠══════════════════════════════════════════════════════════╣
║  【做空入场】[░░░░░░░░░░░░░░░░░░░░]   0/100        ║
║  ✖✖ 禁  止  开  空 ✖✖                                      ║
║   → 逼空评分=35 超过安全线 25，禁止开空                                 ║
╚══════════════════════════════════════════════════════════╝

╔══════════════════════════════════════════════════════════╗
║   MINIMAX-W (00100.HK)  做空监控仪表盘   2026-04-16 14:33:11  ║
╠══════════════════════════════════════════════════════════╣
║  最新价         :      897.0                        ║
╠══════════════════════════════════════════════════════════╣
║  [①] HKEX 卖空占比 (今日)  :      N/A %               ║
║  [②] 大单净流入 (累计)      :       +6,101.2 万             ║
║  [③] 卖盘深度               :          9,480 股             ║
║      摆盘失衡度             :   -0.278                  ║
╠══════════════════════════════════════════════════════════╣
║  【逼空风险】[██░░░░░░░░░░░░░░░░░░]  10/100        ║
║     正  常   持续监控                                        ║2026-04-16 14:33:11,139 [INFO] 逼空=10 | 做空=0(HOLD) | 离场紧迫=0 | 持仓=False | 大单净=61011850.0 | 卖深=9480.0 | 失衡=-0.278
2026-04-16 14:34:11,317 [INFO] 逼空=10 | 做空=20(HOLD) | 离场紧迫=0 | 持仓=False | 大单净=61011850.0 | 卖深=11220.0 | 失衡=-0.617
2026-04-16 14:35:11,493 [INFO] 逼空=10 | 做空=20(HOLD) | 离场紧迫=0 | 持仓=False | 大单净=61011850.0 | 卖深=11020.0 | 失衡=-0.516
2026-04-16 14:36:11,655 [WARNING] [摆盘预警] 卖盘深度骤减 31.0% (当前 6,720 vs 均值 9,734 股) [+25分]
2026-04-16 14:36:11,684 [INFO] 逼空=35 | 做空=0(BLOCKED) | 离场紧迫=0 | 持仓=False | 大单净=61011850.0 | 卖深=6720.0 | 失衡=-0.087

║   ⚠ 大单净流入持续正值 2 轮 [+10分]                                  ║
╠══════════════════════════════════════════════════════════╣
║  【做空入场】[░░░░░░░░░░░░░░░░░░░░]   0/100        ║
║  ── 条件不足  继续等 ──                                       ║
╚══════════════════════════════════════════════════════════╝

╔══════════════════════════════════════════════════════════╗
║   MINIMAX-W (00100.HK)  做空监控仪表盘   2026-04-16 14:34:11  ║
╠══════════════════════════════════════════════════════════╣
║  最新价         :      899.5                        ║
╠══════════════════════════════════════════════════════════╣
║  [①] HKEX 卖空占比 (今日)  :      N/A %               ║
║  [②] 大单净流入 (累计)      :       +6,101.2 万             ║
║  [③] 卖盘深度               :         11,220 股             ║
║      摆盘失衡度             :   -0.617                  ║
╠══════════════════════════════════════════════════════════╣
║  【逼空风险】[██░░░░░░░░░░░░░░░░░░]  10/100        ║
║     正  常   持续监控                                        ║
║   ⚠ 大单净流入持续正值 2 轮 [+10分]                                  ║
╠══════════════════════════════════════════════════════════╣
║  【做空入场】[████░░░░░░░░░░░░░░░░]  20/100        ║
║  ── 条件不足  继续等 ──                                       ║
║   → 摆盘持续偏空 2 轮，均值失衡度 -0.503 [+20分]                        ║
╚══════════════════════════════════════════════════════════╝

╔══════════════════════════════════════════════════════════╗
║   MINIMAX-W (00100.HK)  做空监控仪表盘   2026-04-16 14:35:11  ║
╠══════════════════════════════════════════════════════════╣
║  最新价         :      898.5                        ║
╠══════════════════════════════════════════════════════════╣
║  [①] HKEX 卖空占比 (今日)  :      N/A %               ║
║  [②] 大单净流入 (累计)      :       +6,101.2 万             ║
║  [③] 卖盘深度               :         11,020 股             ║
║      摆盘失衡度             :   -0.516                  ║
╠══════════════════════════════════════════════════════════╣
║  【逼空风险】[██░░░░░░░░░░░░░░░░░░]  10/100        ║
║     正  常   持续监控                                        ║
║   ⚠ 大单净流入持续正值 2 轮 [+10分]                                  ║
╠══════════════════════════════════════════════════════════╣
║  【做空入场】[████░░░░░░░░░░░░░░░░]  20/100        ║
║  ── 条件不足  继续等 ──                                       ║
║   → 摆盘持续偏空 2 轮，均值失衡度 -0.547 [+20分]                        ║
╚══════════════════════════════════════════════════════════╝

╔══════════════════════════════════════════════════════════╗
║   MINIMAX-W (00100.HK)  做空监控仪表盘   2026-04-16 14:36:11  ║
╠══════════════════════════════════════════════════════════╣
║  最新价         :      904.0                        ║
╠══════════════════════════════════════════════════════════╣
║  [①] HKEX 卖空占比 (今日)  :      N/A %               ║
║  [②] 大单净流入 (累计)      :       +6,101.2 万             ║
║  [③] 卖盘深度               :          6,720 股             ║
║      摆盘失衡度             :   -0.087                  ║
╠══════════════════════════════════════════════════════════╣
║  【逼空风险】[███████░░░░░░░░░░░░░]  35/100        ║
║     预  警   关注异动                                        ║
║   ⚠ 大单净流入持续正值 2 轮 [+10分]                                  ║
║   ⚠ 卖盘深度骤减 31.0% (当前 6,720 vs 均值 9,734 股) [+25分]          ║
╠══════════════════════════════════════════════════════════╣
║  【做空入场】[░░░░░░░░░░░░░░░░░░░░]   0/100        ║
║  ✖✖ 禁  止  开  空 ✖✖                                      ║
║   → 逼空评分=35 超过安全线 25，禁止开空                                 ║
╚══════════════════════════════════════════════════════════╝

╔══════════════════════════════════════════════════════════╗
║   MINIMAX-W (00100.HK)  做空监控仪表盘   2026-04-16 14:37:11  ║
╠══════════════════════════════════════════════════════════╣
║  最新价         :      905.0                        ║
╠══════════════════════════════════════════════════════════╣
║  [①] HKEX 卖空占比 (今日)  :      N/A %               ║
║  [②] 大单净流入 (累计)      :       +6,101.2 万             ║
║  [③] 卖盘深度               :         11,480 股             ║
║      摆盘失衡度             :   -0.481                  ║
╠══════════════════════════════════════════════════════════╣
║  【逼空风险】[██░░░░░░░░░░░░░░░░░░]  10/100        ║
║     正  常   持续监控                                        ║2026-04-16 14:37:11,857 [INFO] 逼空=10 | 做空=8(HOLD) | 离场紧迫=0 | 持仓=False | 大单净=61011850.0 | 卖深=11480.0 | 失衡=-0.481
2026-04-16 14:38:12,028 [INFO] 逼空=10 | 做空=20(HOLD) | 离场紧迫=0 | 持仓=False | 大单净=61011850.0 | 卖深=12940.0 | 失衡=-0.574
2026-04-16 14:39:12,212 [INFO] 逼空=10 | 做空=12(HOLD) | 离场紧迫=0 | 持仓=False | 大单净=61011850.0 | 卖深=14920.0 | 失衡=-0.221
2026-04-16 14:40:12,402 [INFO] 逼空=10 | 做空=12(HOLD) | 离场紧迫=0 | 持仓=False | 大单净=63372650.0 | 卖深=14660.0 | 失衡=-0.180

║   ⚠ 大单净流入持续正值 2 轮 [+10分]                                  ║
╠══════════════════════════════════════════════════════════╣
║  【做空入场】[█░░░░░░░░░░░░░░░░░░░]   8/100        ║
║  ── 条件不足  继续等 ──                                       ║
║   → 当前摆盘偏空：失衡度 -0.481 [+8分]                               ║
╚══════════════════════════════════════════════════════════╝

╔══════════════════════════════════════════════════════════╗
║   MINIMAX-W (00100.HK)  做空监控仪表盘   2026-04-16 14:38:12  ║
╠══════════════════════════════════════════════════════════╣
║  最新价         :      906.0                        ║
╠══════════════════════════════════════════════════════════╣
║  [①] HKEX 卖空占比 (今日)  :      N/A %               ║
║  [②] 大单净流入 (累计)      :       +6,101.2 万             ║
║  [③] 卖盘深度               :         12,940 股             ║
║      摆盘失衡度             :   -0.574                  ║
╠══════════════════════════════════════════════════════════╣
║  【逼空风险】[██░░░░░░░░░░░░░░░░░░]  10/100        ║
║     正  常   持续监控                                        ║
║   ⚠ 大单净流入持续正值 2 轮 [+10分]                                  ║
╠══════════════════════════════════════════════════════════╣
║  【做空入场】[████░░░░░░░░░░░░░░░░]  20/100        ║
║  ── 条件不足  继续等 ──                                       ║
║   → 摆盘持续偏空 2 轮，均值失衡度 -0.557 [+20分]                        ║
╚══════════════════════════════════════════════════════════╝

╔══════════════════════════════════════════════════════════╗
║   MINIMAX-W (00100.HK)  做空监控仪表盘   2026-04-16 14:39:12  ║
╠══════════════════════════════════════════════════════════╣
║  最新价         :      908.0                        ║
╠══════════════════════════════════════════════════════════╣
║  [①] HKEX 卖空占比 (今日)  :      N/A %               ║
║  [②] 大单净流入 (累计)      :       +6,101.2 万             ║
║  [③] 卖盘深度               :         14,920 股             ║
║      摆盘失衡度             :   -0.221                  ║
╠══════════════════════════════════════════════════════════╣
║  【逼空风险】[██░░░░░░░░░░░░░░░░░░]  10/100        ║
║     正  常   持续监控                                        ║
║   ⚠ 大单净流入持续正值 2 轮 [+10分]                                  ║
╠══════════════════════════════════════════════════════════╣
║  【做空入场】[██░░░░░░░░░░░░░░░░░░]  12/100        ║
║  ── 条件不足  继续等 ──                                       ║
║   → 卖盘深度明显上升 53.3% [+12分]                                 ║
╚══════════════════════════════════════════════════════════╝

╔══════════════════════════════════════════════════════════╗
║   MINIMAX-W (00100.HK)  做空监控仪表盘   2026-04-16 14:40:12  ║
╠══════════════════════════════════════════════════════════╣
║  最新价         :      908.5                        ║
╠══════════════════════════════════════════════════════════╣
║  [①] HKEX 卖空占比 (今日)  :      N/A %               ║
║  [②] 大单净流入 (累计)      :       +6,337.3 万             ║
║  [③] 卖盘深度               :         14,660 股             ║
║      摆盘失衡度             :   -0.180                  ║
╠══════════════════════════════════════════════════════════╣
║  【逼空风险】[██░░░░░░░░░░░░░░░░░░]  10/100        ║
║     正  常   持续监控                                        ║
║   ⚠ 大单净流入持续正值 2 轮 [+10分]                                  ║
╠══════════════════════════════════════════════════════════╣
║  【做空入场】[██░░░░░░░░░░░░░░░░░░]  12/100        ║
║  ── 条件不足  继续等 ──                                       ║
║   → 卖盘深度明显上升 46.4% [+12分]                                 ║
╚══════════════════════════════════════════════════════════╝

╔══════════════════════════════════════════════════════════╗
║   MINIMAX-W (00100.HK)  做空监控仪表盘   2026-04-16 14:41:12  ║
╠══════════════════════════════════════════════════════════╣
║  最新价         :      909.0                        ║
╠══════════════════════════════════════════════════════════╣
║  [①] HKEX 卖空占比 (今日)  :      N/A %               ║
║  [②] 大单净流入 (累计)      :       +6,337.3 万             ║
║  [③] 卖盘深度               :         15,460 股             ║
║      摆盘失衡度             :   -0.278                  ║
╠══════════════════════════════════════════════════════════╣
║  【逼空风险】[██░░░░░░░░░░░░░░░░░░]  10/100        ║
║     正  常   持续监控                                        ║2026-04-16 14:41:12,583 [INFO] 逼空=10 | 做空=12(HOLD) | 离场紧迫=0 | 持仓=False | 大单净=63372650.0 | 卖深=15460.0 | 失衡=-0.278
2026-04-16 14:42:12,763 [INFO] 逼空=10 | 做空=30(HOLD) | 离场紧迫=0 | 持仓=False | 大单净=60539690.0 | 卖深=15720.0 | 失衡=-0.606
2026-04-16 14:43:12,941 [INFO] 逼空=10 | 做空=42(CAUTION) | 离场紧迫=0 | 持仓=False | 大单净=60539690.0 | 卖深=17340.0 | 失衡=-0.653
2026-04-16 14:44:13,122 [INFO] 逼空=10 | 做空=32(HOLD) | 离场紧迫=0 | 持仓=False | 大单净=60539690.0 | 卖深=19520.0 | 失衡=-0.765

║   ⚠ 大单净流入持续正值 2 轮 [+10分]                                  ║
╠══════════════════════════════════════════════════════════╣
║  【做空入场】[██░░░░░░░░░░░░░░░░░░]  12/100        ║
║  ── 条件不足  继续等 ──                                       ║
║   → 卖盘深度明显上升 49.9% [+12分]                                 ║
╚══════════════════════════════════════════════════════════╝

╔══════════════════════════════════════════════════════════╗
║   MINIMAX-W (00100.HK)  做空监控仪表盘   2026-04-16 14:42:12  ║
╠══════════════════════════════════════════════════════════╣
║  最新价         :      907.5                        ║
╠══════════════════════════════════════════════════════════╣
║  [①] HKEX 卖空占比 (今日)  :      N/A %               ║
║  [②] 大单净流入 (累计)      :       +6,054.0 万             ║
║  [③] 卖盘深度               :         15,720 股             ║
║      摆盘失衡度             :   -0.606                  ║
╠══════════════════════════════════════════════════════════╣
║  【逼空风险】[██░░░░░░░░░░░░░░░░░░]  10/100        ║
║     正  常   持续监控                                        ║
║   ⚠ 大单净流入持续正值 2 轮 [+10分]                                  ║
╠══════════════════════════════════════════════════════════╣
║  【做空入场】[██████░░░░░░░░░░░░░░]  30/100        ║
║  ── 条件不足  继续等 ──                                       ║
║   → 摆盘持续偏空 2 轮，均值失衡度 -0.606 [+20分]                        ║
║   → 高点拒绝后连续下行 2 轮 [+10分]                                  ║
╚══════════════════════════════════════════════════════════╝

╔══════════════════════════════════════════════════════════╗
║   MINIMAX-W (00100.HK)  做空监控仪表盘   2026-04-16 14:43:12  ║
╠══════════════════════════════════════════════════════════╣
║  最新价         :      908.0                        ║
╠══════════════════════════════════════════════════════════╣
║  [①] HKEX 卖空占比 (今日)  :      N/A %               ║
║  [②] 大单净流入 (累计)      :       +6,054.0 万             ║
║  [③] 卖盘深度               :         17,340 股             ║
║      摆盘失衡度             :   -0.653                  ║
╠══════════════════════════════════════════════════════════╣
║  【逼空风险】[██░░░░░░░░░░░░░░░░░░]  10/100        ║
║     正  常   持续监控                                        ║
║   ⚠ 大单净流入持续正值 2 轮 [+10分]                                  ║
╠══════════════════════════════════════════════════════════╣
║  【做空入场】[████████░░░░░░░░░░░░]  42/100        ║
║  ── 信号积累中 观望 ──                                        ║
║   → 卖盘深度明显上升 40.1% [+12分]                                 ║
║   → 摆盘持续偏空 2 轮，均值失衡度 -0.648 [+20分]                        ║
║   → 高点拒绝后连续下行 2 轮 [+10分]                                  ║
╚══════════════════════════════════════════════════════════╝

╔══════════════════════════════════════════════════════════╗
║   MINIMAX-W (00100.HK)  做空监控仪表盘   2026-04-16 14:44:13  ║
╠══════════════════════════════════════════════════════════╣
║  最新价         :      907.5                        ║
╠══════════════════════════════════════════════════════════╣
║  [①] HKEX 卖空占比 (今日)  :      N/A %               ║
║  [②] 大单净流入 (累计)      :       +6,054.0 万             ║
║  [③] 卖盘深度               :         19,520 股             ║
║      摆盘失衡度             :   -0.765                  ║
╠══════════════════════════════════════════════════════════╣
║  【逼空风险】[██░░░░░░░░░░░░░░░░░░]  10/100        ║
║     正  常   持续监控                                        ║
║   ⚠ 大单净流入持续正值 2 轮 [+10分]                                  ║
╠══════════════════════════════════════════════════════════╣
║  【做空入场】[██████░░░░░░░░░░░░░░]  32/100        ║
║  ── 条件不足  继续等 ──                                       ║
║   → 卖盘深度明显上升 48.7% [+12分]                                 ║
║   → 摆盘持续偏空 2 轮，均值失衡度 -0.709 [+20分]                        ║
╚══════════════════════════════════════════════════════════╝

╔══════════════════════════════════════════════════════════╗
║   MINIMAX-W (00100.HK)  做空监控仪表盘   2026-04-16 14:45:13  ║
╠══════════════════════════════════════════════════════════╣
║  最新价         :      908.5                        ║
╠══════════════════════════════════════════════════════════╣
║  [①] HKEX 卖空占比 (今日)  :      N/A %               ║
║  [②] 大单净流入 (累计)      :       +6,246.5 万             ║
║  [③] 卖盘深度               :         15,400 股             ║
║      摆盘失衡度             :   -0.311                  ║
╠══════════════════════════════════════════════════════════╣
║  【逼空风险】[██░░░░░░░░░░░░░░░░░░]  10/100        ║
║     正  常   持续监控                                        ║2026-04-16 14:45:13,309 [INFO] 逼空=10 | 做空=20(HOLD) | 离场紧迫=0 | 持仓=False | 大单净=62464650.0 | 卖深=15400.0 | 失衡=-0.311
2026-04-16 14:46:13,501 [INFO] 逼空=22 | 做空=20(HOLD) | 离场紧迫=0 | 持仓=False | 大单净=65339280.0 | 卖深=10480.0 | 失衡=-0.418
2026-04-16 14:47:13,677 [INFO] 逼空=22 | 做空=20(HOLD) | 离场紧迫=0 | 持仓=False | 大单净=65339280.0 | 卖深=11080.0 | 失衡=-0.468
2026-04-16 14:48:13,873 [INFO] 逼空=10 | 做空=20(HOLD) | 离场紧迫=0 | 持仓=False | 大单净=70782300.0 | 卖深=14400.0 | 失衡=-0.437

║   ⚠ 大单净流入持续正值 2 轮 [+10分]                                  ║
╠══════════════════════════════════════════════════════════╣
║  【做空入场】[████░░░░░░░░░░░░░░░░]  20/100        ║
║  ── 条件不足  继续等 ──                                       ║
║   → 摆盘持续偏空 2 轮，均值失衡度 -0.506 [+20分]                        ║
╚══════════════════════════════════════════════════════════╝

╔══════════════════════════════════════════════════════════╗
║   MINIMAX-W (00100.HK)  做空监控仪表盘   2026-04-16 14:46:13  ║
╠══════════════════════════════════════════════════════════╣
║  最新价         :      909.5                        ║
╠══════════════════════════════════════════════════════════╣
║  [①] HKEX 卖空占比 (今日)  :      N/A %               ║
║  [②] 大单净流入 (累计)      :       +6,533.9 万             ║
║  [③] 卖盘深度               :         10,480 股             ║
║      摆盘失衡度             :   -0.418                  ║
╠══════════════════════════════════════════════════════════╣
║  【逼空风险】[████░░░░░░░░░░░░░░░░]  22/100        ║
║     正  常   持续监控                                        ║
║   ⚠ 大单净流入持续正值 2 轮 [+10分]                                  ║
║   ⚠ 卖盘深度明显下降 27.5% [+12分]                                 ║
╠══════════════════════════════════════════════════════════╣
║  【做空入场】[████░░░░░░░░░░░░░░░░]  20/100        ║
║  ── 条件不足  继续等 ──                                       ║
║   → 摆盘持续偏空 2 轮，均值失衡度 -0.386 [+20分]                        ║
╚══════════════════════════════════════════════════════════╝

╔══════════════════════════════════════════════════════════╗
║   MINIMAX-W (00100.HK)  做空监控仪表盘   2026-04-16 14:47:13  ║
╠══════════════════════════════════════════════════════════╣
║  最新价         :      910.0                        ║
╠══════════════════════════════════════════════════════════╣
║  [①] HKEX 卖空占比 (今日)  :      N/A %               ║
║  [②] 大单净流入 (累计)      :       +6,533.9 万             ║
║  [③] 卖盘深度               :         11,080 股             ║
║      摆盘失衡度             :   -0.468                  ║
╠══════════════════════════════════════════════════════════╣
║  【逼空风险】[████░░░░░░░░░░░░░░░░]  22/100        ║
║     正  常   持续监控                                        ║
║   ⚠ 大单净流入持续正值 2 轮 [+10分]                                  ║
║   ⚠ 卖盘深度明显下降 25.1% [+12分]                                 ║
╠══════════════════════════════════════════════════════════╣
║  【做空入场】[████░░░░░░░░░░░░░░░░]  20/100        ║
║  ── 条件不足  继续等 ──                                       ║
║   → 摆盘持续偏空 2 轮，均值失衡度 -0.470 [+20分]                        ║
╚══════════════════════════════════════════════════════════╝

╔══════════════════════════════════════════════════════════╗
║   MINIMAX-W (00100.HK)  做空监控仪表盘   2026-04-16 14:48:13  ║
╠══════════════════════════════════════════════════════════╣
║  最新价         :      911.0                        ║
╠══════════════════════════════════════════════════════════╣
║  [①] HKEX 卖空占比 (今日)  :      N/A %               ║
║  [②] 大单净流入 (累计)      :       +7,078.2 万             ║
║  [③] 卖盘深度               :         14,400 股             ║
║      摆盘失衡度             :   -0.437                  ║
╠══════════════════════════════════════════════════════════╣
║  【逼空风险】[██░░░░░░░░░░░░░░░░░░]  10/100        ║
║     正  常   持续监控                                        ║
║   ⚠ 大单净流入持续正值 2 轮 [+10分]                                  ║
╠══════════════════════════════════════════════════════════╣
║  【做空入场】[████░░░░░░░░░░░░░░░░]  20/100        ║
║  ── 条件不足  继续等 ──                                       ║
║   → 摆盘持续偏空 2 轮，均值失衡度 -0.444 [+20分]                        ║
╚══════════════════════════════════════════════════════════╝

╔══════════════════════════════════════════════════════════╗
║   MINIMAX-W (00100.HK)  做空监控仪表盘   2026-04-16 14:49:14  ║
╠══════════════════════════════════════════════════════════╣
║  最新价         :      912.0                        ║
╠══════════════════════════════════════════════════════════╣
║  [①] HKEX 卖空占比 (今日)  :      N/A %               ║
║  [②] 大单净流入 (累计)      :       +7,078.2 万             ║
║  [③] 卖盘深度               :         13,760 股             ║
║      摆盘失衡度             :   -0.326                  ║
╠══════════════════════════════════════════════════════════╣
║  【逼空风险】[██░░░░░░░░░░░░░░░░░░]  10/100        ║
║     正  常   持续监控                                        ║2026-04-16 14:49:14,051 [INFO] 逼空=10 | 做空=8(HOLD) | 离场紧迫=0 | 持仓=False | 大单净=70782300.0 | 卖深=13760.0 | 失衡=-0.326
2026-04-16 14:50:14,229 [WARNING] [摆盘预警] 卖盘深度骤减 31.4% (当前 10,020 vs 均值 14,608 股) [+25分]
2026-04-16 14:50:14,258 [INFO] 逼空=35 | 做空=0(BLOCKED) | 离场紧迫=0 | 持仓=False | 大单净=69380130.0 | 卖深=10020.0 | 失衡=-0.436
2026-04-16 14:51:14,432 [WARNING] [摆盘预警] 卖盘深度骤减 31.8% (当前 9,500 vs 均值 13,930 股) [+25分]
2026-04-16 14:51:14,461 [INFO] 逼空=35 | 做空=0(BLOCKED) | 离场紧迫=0 | 持仓=False | 大单净=69380130.0 | 卖深=9500.0 | 失衡=-0.321
2026-04-16 14:52:14,630 [INFO] 逼空=10 | 做空=32(HOLD) | 离场紧迫=0 | 持仓=False | 大单净=66801240.0 | 卖深=24760.0 | 失衡=-0.664

║   ⚠ 大单净流入持续正值 2 轮 [+10分]                                  ║
╠══════════════════════════════════════════════════════════╣
║  【做空入场】[█░░░░░░░░░░░░░░░░░░░]   8/100        ║
║  ── 条件不足  继续等 ──                                       ║
║   → 当前摆盘偏空：失衡度 -0.326 [+8分]                               ║
╚══════════════════════════════════════════════════════════╝

╔══════════════════════════════════════════════════════════╗
║   MINIMAX-W (00100.HK)  做空监控仪表盘   2026-04-16 14:50:14  ║
╠══════════════════════════════════════════════════════════╣
║  最新价         :      909.5                        ║
╠══════════════════════════════════════════════════════════╣
║  [①] HKEX 卖空占比 (今日)  :      N/A %               ║
║  [②] 大单净流入 (累计)      :       +6,938.0 万             ║
║  [③] 卖盘深度               :         10,020 股             ║
║      摆盘失衡度             :   -0.436                  ║
╠══════════════════════════════════════════════════════════╣
║  【逼空风险】[███████░░░░░░░░░░░░░]  35/100        ║
║     预  警   关注异动                                        ║
║   ⚠ 大单净流入持续正值 2 轮 [+10分]                                  ║
║   ⚠ 卖盘深度骤减 31.4% (当前 10,020 vs 均值 14,608 股) [+25分]        ║
╠══════════════════════════════════════════════════════════╣
║  【做空入场】[░░░░░░░░░░░░░░░░░░░░]   0/100        ║
║  ✖✖ 禁  止  开  空 ✖✖                                      ║
║   → 逼空评分=35 超过安全线 25，禁止开空                                 ║
╚══════════════════════════════════════════════════════════╝

╔══════════════════════════════════════════════════════════╗
║   MINIMAX-W (00100.HK)  做空监控仪表盘   2026-04-16 14:51:14  ║
╠══════════════════════════════════════════════════════════╣
║  最新价         :      910.0                        ║
╠══════════════════════════════════════════════════════════╣
║  [①] HKEX 卖空占比 (今日)  :      N/A %               ║
║  [②] 大单净流入 (累计)      :       +6,938.0 万             ║
║  [③] 卖盘深度               :          9,500 股             ║
║      摆盘失衡度             :   -0.321                  ║
╠══════════════════════════════════════════════════════════╣
║  【逼空风险】[███████░░░░░░░░░░░░░]  35/100        ║
║     预  警   关注异动                                        ║
║   ⚠ 大单净流入持续正值 2 轮 [+10分]                                  ║
║   ⚠ 卖盘深度骤减 31.8% (当前 9,500 vs 均值 13,930 股) [+25分]         ║
╠══════════════════════════════════════════════════════════╣
║  【做空入场】[░░░░░░░░░░░░░░░░░░░░]   0/100        ║
║  ✖✖ 禁  止  开  空 ✖✖                                      ║
║   → 逼空评分=35 超过安全线 25，禁止开空                                 ║
╚══════════════════════════════════════════════════════════╝

╔══════════════════════════════════════════════════════════╗
║   MINIMAX-W (00100.HK)  做空监控仪表盘   2026-04-16 14:52:14  ║
╠══════════════════════════════════════════════════════════╣
║  最新价         :      914.0                        ║
╠══════════════════════════════════════════════════════════╣
║  [①] HKEX 卖空占比 (今日)  :      N/A %               ║
║  [②] 大单净流入 (累计)      :       +6,680.1 万             ║
║  [③] 卖盘深度               :         24,760 股             ║
║      摆盘失衡度             :   -0.664                  ║
╠══════════════════════════════════════════════════════════╣
║  【逼空风险】[██░░░░░░░░░░░░░░░░░░]  10/100        ║
║     正  常   持续监控                                        ║
║   ⚠ 大单净流入持续正值 2 轮 [+10分]                                  ║
╠══════════════════════════════════════════════════════════╣
║  【做空入场】[██████░░░░░░░░░░░░░░]  32/100        ║
║  ── 条件不足  继续等 ──                                       ║
║   → 卖盘深度明显上升 74.8% [+12分]                                 ║
║   → 摆盘持续偏空 2 轮，均值失衡度 -0.631 [+20分]                        ║
╚══════════════════════════════════════════════════════════╝

╔══════════════════════════════════════════════════════════╗
║   MINIMAX-W (00100.HK)  做空监控仪表盘   2026-04-16 14:53:14  ║
╠══════════════════════════════════════════════════════════╣
║  最新价         :      914.0                        ║
╠══════════════════════════════════════════════════════════╣
║  [①] HKEX 卖空占比 (今日)  :      N/A %               ║
║  [②] 大单净流入 (累计)      :       +6,680.1 万             ║
║  [③] 卖盘深度               :         25,620 股             ║
║      摆盘失衡度             :   -0.679                  ║
╠══════════════════════════════════════════════════════════╣
║  【逼空风险】[██░░░░░░░░░░░░░░░░░░]  10/100        ║
║     正  常   持续监控                                        ║2026-04-16 14:53:14,829 [INFO] 逼空=10 | 做空=32(HOLD) | 离场紧迫=0 | 持仓=False | 大单净=66801240.0 | 卖深=25620.0 | 失衡=-0.679
2026-04-16 14:54:15,033 [INFO] 逼空=10 | 做空=45(CAUTION) | 离场紧迫=0 | 持仓=False | 大单净=66801240.0 | 卖深=32440.0 | 失衡=-0.781
2026-04-16 14:55:15,218 [INFO] 逼空=10 | 做空=32(HOLD) | 离场紧迫=0 | 持仓=False | 大单净=65430240.0 | 卖深=29160.0 | 失衡=-0.774
2026-04-16 14:56:15,397 [INFO] 逼空=10 | 做空=30(HOLD) | 离场紧迫=0 | 持仓=False | 大单净=65430240.0 | 卖深=26720.0 | 失衡=-0.712

║   ⚠ 大单净流入持续正值 2 轮 [+10分]                                  ║
╠══════════════════════════════════════════════════════════╣
║  【做空入场】[██████░░░░░░░░░░░░░░]  32/100        ║
║  ── 条件不足  继续等 ──                                       ║
║   → 卖盘深度明显上升 70.8% [+12分]                                 ║
║   → 摆盘持续偏空 2 轮，均值失衡度 -0.662 [+20分]                        ║
╚══════════════════════════════════════════════════════════╝

╔══════════════════════════════════════════════════════════╗
║   MINIMAX-W (00100.HK)  做空监控仪表盘   2026-04-16 14:54:15  ║
╠══════════════════════════════════════════════════════════╣
║  最新价         :      914.0                        ║
╠══════════════════════════════════════════════════════════╣
║  [①] HKEX 卖空占比 (今日)  :      N/A %               ║
║  [②] 大单净流入 (累计)      :       +6,680.1 万             ║
║  [③] 卖盘深度               :         32,440 股             ║
║      摆盘失衡度             :   -0.781                  ║
╠══════════════════════════════════════════════════════════╣
║  【逼空风险】[██░░░░░░░░░░░░░░░░░░]  10/100        ║
║     正  常   持续监控                                        ║
║   ⚠ 大单净流入持续正值 2 轮 [+10分]                                  ║
╠══════════════════════════════════════════════════════════╣
║  【做空入场】[█████████░░░░░░░░░░░]  45/100        ║
║  ── 信号积累中 观望 ──                                        ║
║   → 卖盘深度骤增 102.4%（当前 32,440 vs 均值 16,024 股），大卖单涌入 [+25分]  ║
║   → 摆盘持续偏空 2 轮，均值失衡度 -0.784 [+20分]                        ║
╚══════════════════════════════════════════════════════════╝

╔══════════════════════════════════════════════════════════╗
║   MINIMAX-W (00100.HK)  做空监控仪表盘   2026-04-16 14:55:15  ║
╠══════════════════════════════════════════════════════════╣
║  最新价         :      914.5                        ║
╠══════════════════════════════════════════════════════════╣
║  [①] HKEX 卖空占比 (今日)  :      N/A %               ║
║  [②] 大单净流入 (累计)      :       +6,543.0 万             ║
║  [③] 卖盘深度               :         29,160 股             ║
║      摆盘失衡度             :   -0.774                  ║
╠══════════════════════════════════════════════════════════╣
║  【逼空风险】[██░░░░░░░░░░░░░░░░░░]  10/100        ║
║     正  常   持续监控                                        ║
║   ⚠ 大单净流入持续正值 2 轮 [+10分]                                  ║
╠══════════════════════════════════════════════════════════╣
║  【做空入场】[██████░░░░░░░░░░░░░░]  32/100        ║
║  ── 条件不足  继续等 ──                                       ║
║   → 卖盘深度明显上升 67.1% [+12分]                                 ║
║   → 摆盘持续偏空 2 轮，均值失衡度 -0.792 [+20分]                        ║
╚══════════════════════════════════════════════════════════╝

╔══════════════════════════════════════════════════════════╗
║   MINIMAX-W (00100.HK)  做空监控仪表盘   2026-04-16 14:56:15  ║
╠══════════════════════════════════════════════════════════╣
║  最新价         :      913.5                        ║
╠══════════════════════════════════════════════════════════╣
║  [①] HKEX 卖空占比 (今日)  :      N/A %               ║
║  [②] 大单净流入 (累计)      :       +6,543.0 万             ║
║  [③] 卖盘深度               :         26,720 股             ║
║      摆盘失衡度             :   -0.712                  ║
╠══════════════════════════════════════════════════════════╣
║  【逼空风险】[██░░░░░░░░░░░░░░░░░░]  10/100        ║
║     正  常   持续监控                                        ║
║   ⚠ 大单净流入持续正值 2 轮 [+10分]                                  ║
╠══════════════════════════════════════════════════════════╣
║  【做空入场】[██████░░░░░░░░░░░░░░]  30/100        ║
║  ── 条件不足  继续等 ──                                       ║
║   → 摆盘持续偏空 2 轮，均值失衡度 -0.712 [+20分]                        ║
║   → 高点拒绝后连续下行 2 轮 [+10分]                                  ║
╚══════════════════════════════════════════════════════════╝

╔══════════════════════════════════════════════════════════╗
║   MINIMAX-W (00100.HK)  做空监控仪表盘   2026-04-16 14:57:15  ║
╠══════════════════════════════════════════════════════════╣
║  最新价         :      911.5                        ║
╠══════════════════════════════════════════════════════════╣
║  [①] HKEX 卖空占比 (今日)  :      N/A %               ║
║  [②] 大单净流入 (累计)      :       +6,543.0 万             ║
║  [③] 卖盘深度               :         17,200 股             ║
║      摆盘失衡度             :   -0.503                  ║
╠══════════════════════════════════════════════════════════╣
║  【逼空风险】[██░░░░░░░░░░░░░░░░░░]  10/100        ║
║     正  常   持续监控                                        ║2026-04-16 14:57:15,572 [INFO] 逼空=10 | 做空=27(HOLD) | 离场紧迫=0 | 持仓=False | 大单净=65430240.0 | 卖深=17200.0 | 失衡=-0.503
2026-04-16 14:58:15,749 [INFO] 逼空=22 | 做空=37(CAUTION) | 离场紧迫=0 | 持仓=False | 大单净=65430240.0 | 卖深=16040.0 | 失衡=-0.340
2026-04-16 14:59:15,940 [INFO] 逼空=10 | 做空=37(CAUTION) | 离场紧迫=0 | 持仓=False | 大单净=65430240.0 | 卖深=18120.0 | 失衡=-0.457
2026-04-16 15:00:16,113 [INFO] 逼空=10 | 做空=27(HOLD) | 离场紧迫=0 | 持仓=False | 大单净=65430240.0 | 卖深=20120.0 | 失衡=-0.517

║   ⚠ 大单净流入持续正值 2 轮 [+10分]                                  ║
╠══════════════════════════════════════════════════════════╣
║  【做空入场】[█████░░░░░░░░░░░░░░░]  27/100        ║
║  ── 条件不足  继续等 ──                                       ║
║   → 摆盘持续偏空 2 轮，均值失衡度 -0.517 [+20分]                        ║
║   → 价格轻微回落 0.33% [+7分]                                    ║
╚══════════════════════════════════════════════════════════╝

╔══════════════════════════════════════════════════════════╗
║   MINIMAX-W (00100.HK)  做空监控仪表盘   2026-04-16 14:58:15  ║
╠══════════════════════════════════════════════════════════╣
║  最新价         :      911.0                        ║
╠══════════════════════════════════════════════════════════╣
║  [①] HKEX 卖空占比 (今日)  :      N/A %               ║
║  [②] 大单净流入 (累计)      :       +6,543.0 万             ║
║  [③] 卖盘深度               :         16,040 股             ║
║      摆盘失衡度             :   -0.340                  ║
╠══════════════════════════════════════════════════════════╣
║  【逼空风险】[████░░░░░░░░░░░░░░░░]  22/100        ║
║     正  常   持续监控                                        ║
║   ⚠ 大单净流入持续正值 2 轮 [+10分]                                  ║
║   ⚠ 卖盘深度明显下降 22.1% [+12分]                                 ║
╠══════════════════════════════════════════════════════════╣
║  【做空入场】[███████░░░░░░░░░░░░░]  37/100        ║
║  ── 信号积累中 观望 ──                                        ║
║   → 摆盘持续偏空 2 轮，均值失衡度 -0.339 [+20分]                        ║
║   → 价格轻微回落 0.38% [+7分]                                    ║
║   → 高点拒绝后连续下行 4 轮 [+10分]                                  ║
╚══════════════════════════════════════════════════════════╝

╔══════════════════════════════════════════════════════════╗
║   MINIMAX-W (00100.HK)  做空监控仪表盘   2026-04-16 14:59:15  ║
╠══════════════════════════════════════════════════════════╣
║  最新价         :      912.5                        ║
╠══════════════════════════════════════════════════════════╣
║  [①] HKEX 卖空占比 (今日)  :      N/A %               ║
║  [②] 大单净流入 (累计)      :       +6,543.0 万             ║
║  [③] 卖盘深度               :         18,120 股             ║
║      摆盘失衡度             :   -0.457                  ║
╠══════════════════════════════════════════════════════════╣
║  【逼空风险】[██░░░░░░░░░░░░░░░░░░]  10/100        ║
║     正  常   持续监控                                        ║
║   ⚠ 大单净流入持续正值 2 轮 [+10分]                                  ║
╠══════════════════════════════════════════════════════════╣
║  【做空入场】[███████░░░░░░░░░░░░░]  37/100        ║
║  ── 信号积累中 观望 ──                                        ║
║   → 摆盘持续偏空 2 轮，均值失衡度 -0.416 [+20分]                        ║
║   → 价格轻微回落 0.22% [+7分]                                    ║
║   → 高点拒绝后连续下行 4 轮 [+10分]                                  ║
╚══════════════════════════════════════════════════════════╝

╔══════════════════════════════════════════════════════════╗
║   MINIMAX-W (00100.HK)  做空监控仪表盘   2026-04-16 15:00:16  ║
╠══════════════════════════════════════════════════════════╣
║  最新价         :      912.0                        ║
╠══════════════════════════════════════════════════════════╣
║  [①] HKEX 卖空占比 (今日)  :      N/A %               ║
║  [②] 大单净流入 (累计)      :       +6,543.0 万             ║
║  [③] 卖盘深度               :         20,120 股             ║
║      摆盘失衡度             :   -0.517                  ║
╠══════════════════════════════════════════════════════════╣
║  【逼空风险】[██░░░░░░░░░░░░░░░░░░]  10/100        ║
║     正  常   持续监控                                        ║
║   ⚠ 大单净流入持续正值 2 轮 [+10分]                                  ║
╠══════════════════════════════════════════════════════════╣
║  【做空入场】[█████░░░░░░░░░░░░░░░]  27/100        ║
║  ── 条件不足  继续等 ──                                       ║
║   → 摆盘持续偏空 2 轮，均值失衡度 -0.521 [+20分]                        ║
║   → 价格轻微回落 0.22% [+7分]                                    ║
╚══════════════════════════════════════════════════════════╝

╔══════════════════════════════════════════════════════════╗
║   MINIMAX-W (00100.HK)  做空监控仪表盘   2026-04-16 15:01:16  ║
╠══════════════════════════════════════════════════════════╣
║  最新价         :      910.0                        ║
╠══════════════════════════════════════════════════════════╣
║  [①] HKEX 卖空占比 (今日)  :      N/A %               ║
║  [②] 大单净流入 (累计)      :       +6,543.0 万             ║
║  [③] 卖盘深度               :         21,580 股             ║
║      摆盘失衡度             :   -0.429                  ║
╠══════════════════════════════════════════════════════════╣
║  【逼空风险】[██░░░░░░░░░░░░░░░░░░]  10/100        ║
║     正  常   持续监控                                        ║2026-04-16 15:01:16,296 [INFO] 逼空=10 | 做空=27(HOLD) | 离场紧迫=0 | 持仓=False | 大单净=65430240.0 | 卖深=21580.0 | 失衡=-0.429
2026-04-16 15:02:16,461 [WARNING] [摆盘预警] 卖盘深度骤减 32.6% (当前 14,980 vs 均值 22,218 股) [+25分]
2026-04-16 15:02:16,491 [INFO] 逼空=35 | 做空=0(BLOCKED) | 离场紧迫=0 | 持仓=False | 大单净=65430240.0 | 卖深=14980.0 | 失衡=-0.371
