2026-04-15 20:48:47,875 [INFO] 启动监控: HK.00100，实时轮询 60s
2026-04-16 11:43:31,906 [INFO] 启动监控: HK.00100，实时轮询 60s
2026-04-16 11:43:32,405 [INFO] 评分=0 | 卖空占比=None% | 大单净=47360410.0 | 卖深=7060.0 | 失衡=-0.3952569169960474
2026-04-16 11:44:32,546 [INFO] 评分=0 | 卖空占比=None% | 大单净=47360410.0 | 卖深=6660.0 | 失衡=-0.39622641509433965
2026-04-16 11:45:32,702 [INFO] 评分=10 | 卖空占比=None% | 大单净=47360410.0 | 卖深=5440.0 | 失衡=-0.3014354066985646
2026-04-16 11:46:32,846 [INFO] 评分=10 | 卖空占比=None% | 大单净=47360410.0 | 卖深=6060.0 | 失衡=-0.38990825688073394
2026-04-16 11:47:32,997 [INFO] 评分=22 | 卖空占比=None% | 大单净=47360410.0 | 卖深=4700.0 | 失衡=-0.7407407407407407
2026-04-16 11:48:33,142 [INFO] 评分=10 | 卖空占比=None% | 大单净=47360410.0 | 卖深=5000.0 | 失衡=-0.26582278481012656
2026-04-16 11:49:33,290 [INFO] 评分=10 | 卖空占比=None% | 大单净=47360410.0 | 卖深=4800.0 | 失衡=-0.18226600985221675
2026-04-16 11:50:33,435 [INFO] 评分=10 | 卖空占比=None% | 大单净=47360410.0 | 卖深=4820.0 | 失衡=-0.22025316455696203
2026-04-16 11:51:33,584 [INFO] 评分=10 | 卖空占比=None% | 大单净=47360410.0 | 卖深=5060.0 | 失衡=-0.27455919395465994
2026-04-16 11:52:33,733 [INFO] 评分=10 | 卖空占比=None% | 大单净=47360410.0 | 卖深=5760.0 | 失衡=-0.3031674208144796
2026-04-16 11:53:33,888 [WARNING] [摆盘预警] 卖盘深度骤减 84.7% (当前 780 vs 均值 5,104 股) [+25分]
2026-04-16 11:53:33,918 [INFO] 评分=35 | 卖空占比=None% | 大单净=47360410.0 | 卖深=780.0 | 失衡=0.796875
2026-04-16 11:54:34,068 [INFO] 评分=18 | 卖空占比=None% | 大单净=47360410.0 | 卖深=4380.0 | 失衡=-0.002288329519450801
2026-04-16 11:55:34,213 [INFO] 评分=10 | 卖空占比=None% | 大单净=47360410.0 | 卖深=5200.0 | 失衡=-0.45251396648044695
2026-04-16 11:56:34,372 [INFO] 评分=10 | 卖空占比=None% | 大单净=47360410.0 | 卖深=5260.0 | 失衡=-0.2175925925925926
2026-04-16 11:57:34,518 [INFO] 评分=10 | 卖空占比=None% | 大单净=47360410.0 | 卖深=5060.0 | 失衡=-0.5059523809523809
2026-04-16 11:58:34,662 [INFO] 评分=10 | 卖空占比=None% | 大单净=47360410.0 | 卖深=5440.0 | 失衡=-0.44680851063829785
2026-04-16 11:59:34,829 [INFO] 评分=10 | 卖空占比=None% | 大单净=49143410.0 | 卖深=6200.0 | 失衡=-0.19001919385796545
2026-04-16 12:00:34,974 [INFO] 评分=10 | 卖空占比=None% | 大单净=49143410.0 | 卖深=5980.0 | 失衡=-0.19839679358717435
2026-04-16 12:01:35,124 [INFO] 评分=10 | 卖空占比=None% | 大单净=49143410.0 | 卖深=5980.0 | 失衡=-0.19839679358717435
2026-04-16 12:02:35,267 [INFO] 评分=10 | 卖空占比=None% | 大单净=49143410.0 | 卖深=5980.0 | 失衡=-0.19839679358717435
2026-04-16 12:03:35,415 [INFO] 评分=10 | 卖空占比=None% | 大单净=49143410.0 | 卖深=5980.0 | 失衡=-0.19839679358717435
2026-04-16 12:04:35,554 [INFO] 评分=10 | 卖空占比=None% | 大单净=49143410.0 | 卖深=5980.0 | 失衡=-0.19839679358717435
2026-04-16 12:05:35,696 [INFO] 评分=10 | 卖空占比=None% | 大单净=49143410.0 | 卖深=5980.0 | 失衡=-0.19839679358717435
2026-04-16 12:06:35,847 [INFO] 评分=10 | 卖空占比=None% | 大单净=49143410.0 | 卖深=5980.0 | 失衡=-0.19839679358717435
2026-04-16 12:07:35,996 [INFO] 评分=10 | 卖空占比=None% | 大单净=49143410.0 | 卖深=5980.0 | 失衡=-0.19839679358717435
2026-04-16 12:08:36,146 [INFO] 评分=10 | 卖空占比=None% | 大单净=49143410.0 | 卖深=5980.0 | 失衡=-0.19839679358717435
2026-04-16 12:09:36,283 [INFO] 评分=10 | 卖空占比=None% | 大单净=49143410.0 | 卖深=5980.0 | 失衡=-0.19839679358717435
2026-04-16 12:10:36,426 [INFO] 评分=10 | 卖空占比=None% | 大单净=49143410.0 | 卖深=5980.0 | 失衡=-0.19839679358717435
2026-04-16 12:11:36,569 [INFO] 评分=10 | 卖空占比=None% | 大单净=49143410.0 | 卖深=5980.0 | 失衡=-0.19839679358717435
2026-04-16 12:12:36,712 [INFO] 评分=10 | 卖空占比=None% | 大单净=49143410.0 | 卖深=5980.0 | 失衡=-0.19839679358717435
2026-04-16 12:13:36,858 [INFO] 评分=10 | 卖空占比=None% | 大单净=49143410.0 | 卖深=5980.0 | 失衡=-0.19839679358717435
2026-04-16 12:14:37,003 [INFO] 评分=10 | 卖空占比=None% | 大单净=49143410.0 | 卖深=5980.0 | 失衡=-0.19839679358717435
2026-04-16 12:15:37,158 [INFO] 评分=10 | 卖空占比=None% | 大单净=49143410.0 | 卖深=5980.0 | 失衡=-0.19839679358717435
2026-04-16 12:16:37,317 [INFO] 评分=10 | 卖空占比=None% | 大单净=49143410.0 | 卖深=5980.0 | 失衡=-0.19839679358717435
2026-04-16 12:17:37,475 [INFO] 评分=10 | 卖空占比=None% | 大单净=49143410.0 | 卖深=5980.0 | 失衡=-0.19839679358717435
2026-04-16 12:18:37,632 [INFO] 评分=10 | 卖空占比=None% | 大单净=49143410.0 | 卖深=5980.0 | 失衡=-0.19839679358717435
2026-04-16 12:19:37,783 [INFO] 评分=10 | 卖空占比=None% | 大单净=49143410.0 | 卖深=5980.0 | 失衡=-0.19839679358717435
2026-04-16 12:20:37,939 [INFO] 评分=10 | 卖空占比=None% | 大单净=49143410.0 | 卖深=5980.0 | 失衡=-0.19839679358717435
2026-04-16 12:21:38,086 [INFO] 评分=10 | 卖空占比=None% | 大单净=49143410.0 | 卖深=5980.0 | 失衡=-0.19839679358717435
2026-04-16 12:22:38,232 [INFO] 评分=10 | 卖空占比=None% | 大单净=49143410.0 | 卖深=5980.0 | 失衡=-0.19839679358717435
2026-04-16 12:23:38,378 [INFO] 评分=10 | 卖空占比=None% | 大单净=49143410.0 | 卖深=5980.0 | 失衡=-0.19839679358717435
2026-04-16 12:24:38,526 [INFO] 评分=10 | 卖空占比=None% | 大单净=49143410.0 | 卖深=5980.0 | 失衡=-0.19839679358717435
2026-04-16 12:25:38,674 [INFO] 评分=10 | 卖空占比=None% | 大单净=49143410.0 | 卖深=5980.0 | 失衡=-0.19839679358717435
2026-04-16 12:26:38,817 [INFO] 评分=10 | 卖空占比=None% | 大单净=49143410.0 | 卖深=5980.0 | 失衡=-0.19839679358717435
2026-04-16 12:27:38,968 [INFO] 评分=10 | 卖空占比=None% | 大单净=49143410.0 | 卖深=5980.0 | 失衡=-0.19839679358717435
2026-04-16 12:28:39,103 [INFO] 评分=10 | 卖空占比=None% | 大单净=49143410.0 | 卖深=5980.0 | 失衡=-0.19839679358717435
2026-04-16 12:29:39,252 [INFO] 评分=10 | 卖空占比=None% | 大单净=49143410.0 | 卖深=5980.0 | 失衡=-0.19839679358717435
2026-04-16 12:30:39,404 [INFO] 评分=10 | 卖空占比=None% | 大单净=49143410.0 | 卖深=5840.0 | 失衡=-0.2217573221757322
2026-04-16 12:31:39,551 [INFO] 评分=10 | 卖空占比=None% | 大单净=49143410.0 | 卖深=5840.0 | 失衡=-0.2217573221757322
2026-04-16 12:32:39,689 [INFO] 评分=10 | 卖空占比=None% | 大单净=49143410.0 | 卖深=5840.0 | 失衡=-0.2217573221757322
2026-04-16 12:33:39,837 [INFO] 评分=10 | 卖空占比=None% | 大单净=49143410.0 | 卖深=5840.0 | 失衡=-0.2217573221757322
2026-04-16 12:34:39,982 [INFO] 评分=10 | 卖空占比=None% | 大单净=49143410.0 | 卖深=5840.0 | 失衡=-0.2217573221757322
2026-04-16 12:35:40,128 [INFO] 评分=10 | 卖空占比=None% | 大单净=49143410.0 | 卖深=5720.0 | 失衡=-0.211864406779661
2026-04-16 12:36:40,273 [INFO] 评分=10 | 卖空占比=None% | 大单净=49143410.0 | 卖深=5720.0 | 失衡=-0.211864406779661
2026-04-16 12:37:40,421 [INFO] 评分=10 | 卖空占比=None% | 大单净=49143410.0 | 卖深=5720.0 | 失衡=-0.211864406779661
2026-04-16 12:38:40,576 [INFO] 评分=10 | 卖空占比=None% | 大单净=49143410.0 | 卖深=5720.0 | 失衡=-0.211864406779661
2026-04-16 12:39:40,720 [INFO] 评分=10 | 卖空占比=None% | 大单净=49143410.0 | 卖深=5720.0 | 失衡=-0.211864406779661
2026-04-16 12:40:40,872 [INFO] 评分=10 | 卖空占比=None% | 大单净=49143410.0 | 卖深=5720.0 | 失衡=-0.211864406779661
2026-04-16 12:41:41,038 [INFO] 评分=10 | 卖空占比=None% | 大单净=49143410.0 | 卖深=5720.0 | 失衡=-0.211864406779661
2026-04-16 12:42:41,191 [INFO] 评分=10 | 卖空占比=None% | 大单净=49143410.0 | 卖深=5720.0 | 失衡=-0.211864406779661
2026-04-16 12:43:41,340 [INFO] 评分=10 | 卖空占比=None% | 大单净=49143410.0 | 卖深=5720.0 | 失衡=-0.211864406779661
2026-04-16 12:44:41,484 [INFO] 评分=10 | 卖空占比=None% | 大单净=49143410.0 | 卖深=5720.0 | 失衡=-0.211864406779661
2026-04-16 12:45:41,622 [INFO] 评分=10 | 卖空占比=None% | 大单净=49143410.0 | 卖深=5720.0 | 失衡=-0.211864406779661
2026-04-16 12:46:41,782 [INFO] 评分=10 | 卖空占比=None% | 大单净=49143410.0 | 卖深=5720.0 | 失衡=-0.211864406779661
2026-04-16 12:47:41,921 [INFO] 评分=10 | 卖空占比=None% | 大单净=49143410.0 | 卖深=5720.0 | 失衡=-0.211864406779661
2026-04-16 12:48:42,075 [INFO] 评分=10 | 卖空占比=None% | 大单净=49143410.0 | 卖深=5720.0 | 失衡=-0.211864406779661
2026-04-16 12:49:42,216 [INFO] 评分=10 | 卖空占比=None% | 大单净=49143410.0 | 卖深=5720.0 | 失衡=-0.211864406779661
2026-04-16 12:50:42,363 [INFO] 评分=10 | 卖空占比=None% | 大单净=49143410.0 | 卖深=5720.0 | 失衡=-0.211864406779661
2026-04-16 12:51:42,508 [INFO] 评分=10 | 卖空占比=None% | 大单净=49143410.0 | 卖深=5720.0 | 失衡=-0.211864406779661
2026-04-16 12:52:42,661 [INFO] 评分=10 | 卖空占比=None% | 大单净=49143410.0 | 卖深=5720.0 | 失衡=-0.211864406779661
2026-04-16 12:53:42,804 [INFO] 评分=10 | 卖空占比=None% | 大单净=49143410.0 | 卖深=5720.0 | 失衡=-0.211864406779661
2026-04-16 12:54:42,948 [INFO] 评分=10 | 卖空占比=None% | 大单净=49143410.0 | 卖深=5720.0 | 失衡=-0.211864406779661
2026-04-16 12:55:43,091 [INFO] 评分=10 | 卖空占比=None% | 大单净=49143410.0 | 卖深=5720.0 | 失衡=-0.211864406779661
2026-04-16 12:56:43,247 [INFO] 评分=10 | 卖空占比=None% | 大单净=49143410.0 | 卖深=5720.0 | 失衡=-0.211864406779661
2026-04-16 12:57:43,397 [INFO] 评分=10 | 卖空占比=None% | 大单净=49143410.0 | 卖深=5720.0 | 失衡=-0.211864406779661
2026-04-16 12:58:43,546 [INFO] 评分=10 | 卖空占比=None% | 大单净=49143410.0 | 卖深=5720.0 | 失衡=-0.211864406779661
2026-04-16 12:59:43,691 [INFO] 评分=10 | 卖空占比=None% | 大单净=49143410.0 | 卖深=5720.0 | 失衡=-0.211864406779661
2026-04-16 13:00:43,848 [WARNING] [摆盘预警] 卖盘深度骤减 67.1% (当前 1,820 vs 均值 5,525 股) [+25分]
2026-04-16 13:00:43,878 [INFO] 评分=35 | 卖空占比=None% | 大单净=49143410.0 | 卖深=1820.0 | 失衡=0.806998939554613
2026-04-16 13:01:44,014 [INFO] 评分=10 | 卖空占比=None% | 大单净=45016650.0 | 卖深=4740.0 | 失衡=-0.16748768472906403
2026-04-16 13:02:44,150 [INFO] 评分=10 | 卖空占比=None% | 大单净=45016650.0 | 卖深=5200.0 | 失衡=-0.21212121212121213
2026-04-16 13:03:44,290 [INFO] 评分=10 | 卖空占比=None% | 大单净=45016650.0 | 卖深=7060.0 | 失衡=-0.2766726943942134
2026-04-16 13:04:44,435 [WARNING] [摆盘预警] 卖盘深度骤减 62.5% (当前 2,000 vs 均值 5,331 股) [+25分]
2026-04-16 13:04:44,463 [INFO] 评分=35 | 卖空占比=None% | 大单净=45016650.0 | 卖深=2000.0 | 失衡=0.4520547945205479
2026-04-16 13:05:44,609 [INFO] 评分=10 | 卖空占比=None% | 大单净=46304010.0 | 卖深=4880.0 | 失衡=-0.14018691588785046
2026-04-16 13:06:44,742 [WARNING] [摆盘预警] 卖盘深度骤减 41.8% (当前 3,000 vs 均值 5,153 股) [+25分]
2026-04-16 13:06:44,770 [INFO] 评分=35 | 卖空占比=None% | 大单净=48176010.0 | 卖深=3000.0 | 失衡=0.05956112852664577
2026-04-16 13:07:44,927 [INFO] 评分=10 | 卖空占比=None% | 大单净=48176010.0 | 卖深=11220.0 | 失衡=-0.7051671732522796
2026-04-16 13:08:45,081 [WARNING] [摆盘预警] 卖盘深度骤减 44.8% (当前 2,920 vs 均值 5,288 股) [+25分]
2026-04-16 13:08:45,111 [INFO] 评分=35 | 卖空占比=None% | 大单净=48176010.0 | 卖深=2920.0 | 失衡=-0.028169014084507043
2026-04-16 13:09:45,256 [WARNING] [摆盘预警] 卖盘深度骤减 61.2% (当前 1,980 vs 均值 5,101 股) [+25分]
2026-04-16 13:09:45,285 [INFO] 评分=35 | 卖空占比=None% | 大单净=48176010.0 | 卖深=1980.0 | 失衡=0.34219269102990035
2026-04-16 13:10:45,430 [WARNING] [摆盘预警] 卖盘深度骤减 45.8% (当前 2,680 vs 均值 4,949 股) [+25分]
2026-04-16 13:10:45,459 [INFO] 评分=35 | 卖空占比=None% | 大单净=48176010.0 | 卖深=2680.0 | 失衡=-0.03474903474903475
2026-04-16 13:11:45,607 [WARNING] [摆盘预警] 卖盘深度骤减 31.6% (当前 3,300 vs 均值 4,828 股) [+25分]
2026-04-16 13:11:45,636 [INFO] 评分=35 | 卖空占比=None% | 大单净=48176010.0 | 卖深=3300.0 | 失衡=0.07563025210084033
2026-04-16 13:17:03,581 [INFO] 启动监控: HK.00100，实时轮询 60s
2026-04-16 13:17:04,283 [INFO] 评分=10 | 卖空占比=None% | 大单净=48176010.0 | 卖深=13000.0 | 失衡=-0.6069221260815822
2026-04-16 13:18:04,425 [INFO] 评分=10 | 卖空占比=None% | 大单净=48176010.0 | 卖深=14880.0 | 失衡=-0.6333699231613611
2026-04-16 13:19:04,570 [INFO] 评分=10 | 卖空占比=None% | 大单净=48176010.0 | 卖深=7800.0 | 失衡=-0.24401913875598086
2026-04-16 13:20:04,717 [INFO] 评分=10 | 卖空占比=None% | 大单净=48176010.0 | 卖深=7660.0 | 失衡=-0.20251177394034536
2026-04-16 13:21:04,877 [INFO] 评分=10 | 卖空占比=None% | 大单净=48176010.0 | 卖深=8400.0 | 失衡=-0.22627737226277372
2026-04-16 13:22:05,028 [INFO] 评分=10 | 卖空占比=None% | 大单净=48176010.0 | 卖深=13860.0 | 失衡=-0.18664383561643835
2026-04-16 13:23:05,164 [INFO] 评分=10 | 卖空占比=None% | 大单净=48176010.0 | 卖深=13980.0 | 失衡=-0.21777003484320556
2026-04-16 13:24:05,313 [INFO] 评分=10 | 卖空占比=None% | 大单净=48176010.0 | 卖深=6680.0 | 失衡=0.17428924598269468
2026-04-16 13:25:05,465 [INFO] 评分=10 | 卖空占比=None% | 大单净=48176010.0 | 卖深=8520.0 | 失衡=-0.016706443914081145
2026-04-16 13:26:05,613 [INFO] 评分=10 | 卖空占比=None% | 大单净=48176010.0 | 卖深=8260.0 | 失衡=0.05815279361459521
2026-04-16 13:27:05,771 [INFO] 评分=10 | 卖空占比=None% | 大单净=48176010.0 | 卖深=7360.0 | 失衡=0.06717363751584284
2026-04-16 13:28:05,919 [WARNING] [摆盘预警] 卖盘深度骤减 74.2% (当前 1,860 vs 均值 7,212 股) [+25分]
2026-04-16 13:28:05,948 [INFO] 评分=43 | 卖空占比=None% | 大单净=52120950.0 | 卖深=1860.0 | 失衡=0.6549165120593692
2026-04-16 13:29:06,088 [INFO] 评分=18 | 卖空占比=None% | 大单净=52120950.0 | 卖深=7880.0 | 失衡=-0.019404915912031046
2026-04-16 13:30:06,259 [INFO] 评分=18 | 卖空占比=None% | 大单净=52120950.0 | 卖深=8240.0 | 失衡=-0.006105006105006105
2026-04-16 13:31:06,408 [INFO] 评分=10 | 卖空占比=None% | 大单净=52120950.0 | 卖深=8340.0 | 失衡=0.0313588850174216
2026-04-16 13:32:06,558 [INFO] 评分=10 | 卖空占比=None% | 大单净=52120950.0 | 卖深=7860.0 | 失衡=0.14842903575297942
2026-04-16 13:33:06,701 [INFO] 评分=10 | 卖空占比=None% | 大单净=52120950.0 | 卖深=7580.0 | 失衡=0.18142548596112312
2026-04-16 13:34:06,847 [WARNING] [摆盘预警] 卖盘深度骤减 61.8% (当前 3,080 vs 均值 8,061 股) [+25分]
2026-04-16 13:34:06,877 [INFO] 评分=43 | 卖空占比=None% | 大单净=52120950.0 | 卖深=3080.0 | 失衡=0.5710306406685237
2026-04-16 13:35:07,019 [INFO] 评分=18 | 卖空占比=None% | 大单净=52120950.0 | 卖深=7320.0 | 失衡=0.23670490093847757
2026-04-16 13:35:14,121 [INFO] 启动监控: HK.00100，实时轮询 60s
2026-04-16 13:35:14,121 [INFO] 提示：启动后输入 'p' 回车可切换持仓状态（标记是否持有空仓）
2026-04-16 13:35:15,882 [INFO] 逼空=18 | 做空=0(HOLD) | 离场紧迫=0 | 持仓=False | 大单净=52120950.0 | 卖深=7440.0 | 失衡=0.197
2026-04-16 13:38:56,481 [WARNING] HKEX HTML 解析失败 (2026-04-15): No tables found matching regex '.+'
2026-04-16 13:39:02,391 [WARNING] HKEX HTML 解析失败 (2026-04-14): No tables found matching regex '.+'
2026-04-16 13:39:09,688 [WARNING] HKEX HTML 解析失败 (2026-04-13): No tables found matching regex '.+'
2026-04-16 13:39:16,096 [WARNING] HKEX HTML 解析失败 (2026-04-10): No tables found matching regex '.+'
2026-04-16 13:39:21,712 [WARNING] HKEX HTML 解析失败 (2026-04-09): No tables found matching regex '.+'
2026-04-16 13:39:41,554 [WARNING] HKEX HTML 解析失败 (2026-04-08): No tables found matching regex '.+'
2026-04-16 13:39:43,824 [WARNING] HKEX HTML 解析失败 (2026-04-07): No tables found matching regex '.+'
2026-04-16 13:39:46,170 [WARNING] HKEX HTML 解析失败 (2026-04-06): No tables found matching regex '.+'
2026-04-16 13:39:47,170 [INFO] 补抓完成，共获取 0 个交易日数据
2026-04-16 13:40:34,346 [WARNING] HKEX HTML 解析失败 (2026-04-15): No tables found matching regex '.+'
2026-04-16 13:40:39,626 [WARNING] HKEX HTML 解析失败 (2026-04-14): No tables found matching regex '.+'
2026-04-16 13:40:44,302 [WARNING] HKEX HTML 解析失败 (2026-04-13): No tables found matching regex '.+'
2026-04-16 13:40:49,488 [WARNING] HKEX HTML 解析失败 (2026-04-10): No tables found matching regex '.+'
2026-04-16 13:40:54,710 [WARNING] HKEX HTML 解析失败 (2026-04-09): No tables found matching regex '.+'
2026-04-16 13:41:01,163 [WARNING] HKEX HTML 解析失败 (2026-04-08): No tables found matching regex '.+'
2026-04-16 13:41:03,165 [WARNING] HKEX HTML 解析失败 (2026-04-07): No tables found matching regex '.+'
2026-04-16 13:41:05,667 [WARNING] HKEX HTML 解析失败 (2026-04-06): No tables found matching regex '.+'
2026-04-16 13:41:06,667 [INFO] 补抓完成，共获取 0 个交易日数据
2026-04-16 13:47:14,110 [INFO] HKEX 2026-04-15: 卖空量=323,100 卖空额=274,762,770 总量=2,149,528 占比=15.03%
2026-04-16 13:47:19,386 [INFO] HKEX 2026-04-14: 卖空量=80,280 卖空额=77,741,790 总量=898,830 占比=8.93%
2026-04-16 13:47:25,022 [INFO] HKEX 2026-04-13: 卖空量=200,080 卖空额=193,347,300 总量=1,387,372 占比=14.42%
2026-04-16 13:47:31,114 [INFO] HKEX 2026-04-10: 卖空量=56,740 卖空额=57,280,560 总量=1,051,904 占比=5.39%
2026-04-16 13:47:38,515 [INFO] HKEX 2026-04-09: 卖空量=131,180 卖空额=134,011,670 总量=2,032,116 占比=6.46%
2026-04-16 13:47:44,780 [INFO] HKEX 2026-04-08: 卖空量=167,540 卖空额=171,619,640 总量=1,957,321 占比=8.56%
2026-04-16 13:47:47,039 [WARNING] HKEX 2026-04-07: 未找到 short_selling 段落
2026-04-16 13:47:49,620 [WARNING] HKEX 2026-04-06: 未找到 short_selling 段落
2026-04-16 13:47:50,622 [INFO] 补抓完成，共获取 6 个交易日数据
2026-04-16 13:50:02,839 [INFO] 启动监控: HK.00100，实时轮询 60s
2026-04-16 13:50:02,839 [INFO] 提示：启动后输入 'p' 回车可切换持仓状态（标记是否持有空仓）
2026-04-16 13:50:03,349 [INFO] 逼空=10 | 做空=20(HOLD) | 离场紧迫=0 | 持仓=False | 大单净=54593910.0 | 卖深=11880.0 | 失衡=-0.697
2026-04-16 13:51:03,532 [INFO] 逼空=10 | 做空=32(HOLD) | 离场紧迫=0 | 持仓=False | 大单净=54593910.0 | 卖深=13220.0 | 失衡=-0.618
2026-04-16 13:52:03,709 [INFO] 逼空=10 | 做空=32(HOLD) | 离场紧迫=0 | 持仓=False | 大单净=54593910.0 | 卖深=12320.0 | 失衡=-0.623
2026-04-16 13:53:03,883 [INFO] 逼空=10 | 做空=39(CAUTION) | 离场紧迫=0 | 持仓=False | 大单净=54593910.0 | 卖深=13060.0 | 失衡=-0.674
2026-04-16 13:54:04,058 [WARNING] [摆盘预警] 卖盘深度骤减 63.5% (当前 3,140 vs 均值 8,594 股) [+25分]
2026-04-16 13:54:04,087 [INFO] 逼空=35 | 做空=0(BLOCKED) | 离场紧迫=0 | 持仓=False | 大单净=54593910.0 | 卖深=3140.0 | 失衡=0.154
2026-04-16 13:55:04,259 [INFO] 逼空=10 | 做空=18(HOLD) | 离场紧迫=0 | 持仓=False | 大单净=54593910.0 | 卖深=11260.0 | 失衡=-0.434
2026-04-16 13:56:04,441 [INFO] 逼空=10 | 做空=42(CAUTION) | 离场紧迫=0 | 持仓=False | 大单净=54593910.0 | 卖深=12640.0 | 失衡=-0.545
2026-04-16 13:57:04,622 [INFO] 逼空=10 | 做空=42(CAUTION) | 离场紧迫=0 | 持仓=False | 大单净=54593910.0 | 卖深=13880.0 | 失衡=-0.539
2026-04-16 13:58:04,807 [INFO] 逼空=10 | 做空=42(CAUTION) | 离场紧迫=0 | 持仓=False | 大单净=54593910.0 | 卖深=13940.0 | 失衡=-0.496
2026-04-16 13:59:04,983 [INFO] 逼空=10 | 做空=42(CAUTION) | 离场紧迫=0 | 持仓=False | 大单净=54593910.0 | 卖深=13200.0 | 失衡=-0.524
2026-04-16 14:00:05,160 [INFO] 逼空=10 | 做空=32(HOLD) | 离场紧迫=0 | 持仓=False | 大单净=54593910.0 | 卖深=15200.0 | 失衡=-0.567
2026-04-16 14:00:59,267 [INFO] 启动监控: HK.00100，实时轮询 60s
2026-04-16 14:00:59,268 [INFO] 提示：启动后输入 'p' 回车可切换持仓状态（标记是否持有空仓）
2026-04-16 14:00:59,477 [INFO] 逼空=10 | 做空=74(ENTRY) | 离场紧迫=0 | 持仓=False | 大单净=54593910.0 | 卖深=15020.0 | 失衡=-0.536
2026-04-16 14:01:05,339 [INFO] 逼空=10 | 做空=32(HOLD) | 离场紧迫=0 | 持仓=False | 大单净=54593910.0 | 卖深=15280.0 | 失衡=-0.569
2026-04-16 14:01:59,679 [INFO] 逼空=10 | 做空=62(ENTRY) | 离场紧迫=0 | 持仓=False | 大单净=54593910.0 | 卖深=14720.0 | 失衡=-0.556
2026-04-16 14:02:05,515 [INFO] 逼空=10 | 做空=20(HOLD) | 离场紧迫=0 | 持仓=False | 大单净=54593910.0 | 卖深=15260.0 | 失衡=-0.568
2026-04-16 14:03:05,692 [INFO] 逼空=10 | 做空=30(HOLD) | 离场紧迫=0 | 持仓=False | 大单净=54593910.0 | 卖深=15680.0 | 失衡=-0.552
2026-04-16 14:03:34,353 [INFO] 启动监控: HK.00100，实时轮询 60s
2026-04-16 14:03:34,353 [INFO] 提示：启动后输入 'p' 回车可切换持仓状态（标记是否持有空仓）
2026-04-16 14:03:34,538 [INFO] 逼空=10 | 做空=72(ENTRY) | 离场紧迫=0 | 持仓=False | 大单净=54593910.0 | 卖深=16400.0 | 失衡=-0.565
2026-04-16 14:03:47,259 [INFO] 启动监控: HK.00100，实时轮询 60s
2026-04-16 14:03:47,259 [INFO] 提示：启动后输入 'p' 回车可切换持仓状态（标记是否持有空仓）
2026-04-16 14:03:47,442 [INFO] 逼空=10 | 做空=62(ENTRY) | 离场紧迫=0 | 持仓=False | 大单净=54593910.0 | 卖深=16220.0 | 失衡=-0.586
2026-04-16 14:04:05,876 [INFO] 逼空=10 | 做空=20(HOLD) | 离场紧迫=0 | 持仓=False | 大单净=54593910.0 | 卖深=16040.0 | 失衡=-0.604
2026-04-16 14:04:47,627 [INFO] 逼空=10 | 做空=72(ENTRY) | 离场紧迫=0 | 持仓=False | 大单净=54593910.0 | 卖深=15820.0 | 失衡=-0.584
2026-04-16 14:05:06,054 [INFO] 逼空=10 | 做空=30(HOLD) | 离场紧迫=0 | 持仓=False | 大单净=54593910.0 | 卖深=16300.0 | 失衡=-0.590
2026-04-16 14:05:47,798 [INFO] 逼空=10 | 做空=62(ENTRY) | 离场紧迫=0 | 持仓=False | 大单净=54593910.0 | 卖深=16400.0 | 失衡=-0.643
2026-04-16 14:06:06,225 [INFO] 逼空=10 | 做空=20(HOLD) | 离场紧迫=0 | 持仓=False | 大单净=54593910.0 | 卖深=16280.0 | 失衡=-0.644
2026-04-16 14:06:47,973 [INFO] 逼空=10 | 做空=62(ENTRY) | 离场紧迫=0 | 持仓=False | 大单净=54593910.0 | 卖深=18180.0 | 失衡=-0.595
2026-04-16 14:07:06,400 [INFO] 逼空=10 | 做空=30(HOLD) | 离场紧迫=0 | 持仓=False | 大单净=54593910.0 | 卖深=19020.0 | 失衡=-0.623
2026-04-16 14:07:48,153 [INFO] 逼空=10 | 做空=72(ENTRY) | 离场紧迫=0 | 持仓=False | 大单净=54593910.0 | 卖深=18140.0 | 失衡=-0.681
2026-04-16 14:08:06,574 [INFO] 逼空=10 | 做空=30(HOLD) | 离场紧迫=0 | 持仓=False | 大单净=54593910.0 | 卖深=18900.0 | 失衡=-0.689
2026-04-16 14:08:48,343 [INFO] 逼空=10 | 做空=62(ENTRY) | 离场紧迫=0 | 持仓=False | 大单净=54593910.0 | 卖深=19280.0 | 失衡=-0.677
2026-04-16 14:09:06,750 [INFO] 逼空=10 | 做空=30(HOLD) | 离场紧迫=0 | 持仓=False | 大单净=54593910.0 | 卖深=19560.0 | 失衡=-0.678
2026-04-16 14:09:48,528 [INFO] 逼空=10 | 做空=62(ENTRY) | 离场紧迫=0 | 持仓=False | 大单净=54593910.0 | 卖深=20380.0 | 失衡=-0.740
2026-04-16 14:10:06,930 [INFO] 逼空=10 | 做空=30(HOLD) | 离场紧迫=0 | 持仓=False | 大单净=54593910.0 | 卖深=20940.0 | 失衡=-0.752
2026-04-16 14:10:48,727 [INFO] 逼空=10 | 做空=62(ENTRY) | 离场紧迫=0 | 持仓=False | 大单净=57584070.0 | 卖深=14820.0 | 失衡=-0.509
2026-04-16 14:11:07,105 [INFO] 逼空=10 | 做空=20(HOLD) | 离场紧迫=0 | 持仓=False | 大单净=57584070.0 | 卖深=14740.0 | 失衡=-0.487
2026-04-16 14:11:48,905 [INFO] 逼空=10 | 做空=62(ENTRY) | 离场紧迫=0 | 持仓=False | 大单净=57584070.0 | 卖深=14540.0 | 失衡=-0.499
2026-04-16 14:12:07,285 [INFO] 逼空=10 | 做空=20(HOLD) | 离场紧迫=0 | 持仓=False | 大单净=57584070.0 | 卖深=15960.0 | 失衡=-0.583
2026-04-16 14:12:49,088 [INFO] 逼空=10 | 做空=62(ENTRY) | 离场紧迫=0 | 持仓=False | 大单净=57584070.0 | 卖深=17760.0 | 失衡=-0.616
2026-04-16 14:13:07,459 [INFO] 逼空=10 | 做空=20(HOLD) | 离场紧迫=0 | 持仓=False | 大单净=57584070.0 | 卖深=18160.0 | 失衡=-0.671
2026-04-16 14:13:49,265 [INFO] 逼空=10 | 做空=62(ENTRY) | 离场紧迫=0 | 持仓=False | 大单净=57584070.0 | 卖深=17440.0 | 失衡=-0.599
2026-04-16 14:14:07,638 [INFO] 逼空=10 | 做空=20(HOLD) | 离场紧迫=0 | 持仓=False | 大单净=57584070.0 | 卖深=17760.0 | 失衡=-0.626
2026-04-16 14:14:49,444 [INFO] 逼空=10 | 做空=72(ENTRY) | 离场紧迫=0 | 持仓=False | 大单净=57584070.0 | 卖深=16560.0 | 失衡=-0.570
2026-04-16 14:15:07,812 [INFO] 逼空=10 | 做空=30(HOLD) | 离场紧迫=0 | 持仓=False | 大单净=57584070.0 | 卖深=16060.0 | 失衡=-0.553
2026-04-16 14:15:49,617 [INFO] 逼空=10 | 做空=72(ENTRY) | 离场紧迫=0 | 持仓=False | 大单净=57584070.0 | 卖深=15440.0 | 失衡=-0.526
2026-04-16 14:16:07,987 [INFO] 逼空=22 | 做空=20(HOLD) | 离场紧迫=0 | 持仓=False | 大单净=57584070.0 | 卖深=12780.0 | 失衡=-0.461
2026-04-16 14:16:49,791 [WARNING] [摆盘预警] 卖盘深度骤减 32.1% (当前 11,540 vs 均值 16,989 股) [+25分]
2026-04-16 14:16:49,820 [INFO] 逼空=35 | 做空=42(BLOCKED) | 离场紧迫=0 | 持仓=False | 大单净=61011850.0 | 卖深=11540.0 | 失衡=-0.485
2026-04-16 14:17:08,164 [WARNING] [摆盘预警] 卖盘深度骤减 30.9% (当前 11,480 vs 均值 16,612 股) [+25分]
2026-04-16 14:17:08,193 [INFO] 逼空=35 | 做空=0(BLOCKED) | 离场紧迫=0 | 持仓=False | 大单净=61011850.0 | 卖深=11480.0 | 失衡=-0.419
2026-04-16 14:17:49,993 [WARNING] [摆盘预警] 卖盘深度骤减 32.2% (当前 11,020 vs 均值 16,256 股) [+25分]
2026-04-16 14:17:50,022 [INFO] 逼空=35 | 做空=42(BLOCKED) | 离场紧迫=0 | 持仓=False | 大单净=61011850.0 | 卖深=11020.0 | 失衡=-0.442
2026-04-16 14:18:08,369 [INFO] 逼空=22 | 做空=20(HOLD) | 离场紧迫=0 | 持仓=False | 大单净=61011850.0 | 卖深=11200.0 | 失衡=-0.451
2026-04-16 14:18:50,201 [WARNING] [摆盘预警] 卖盘深度骤减 30.6% (当前 10,720 vs 均值 15,443 股) [+25分]
2026-04-16 14:18:50,230 [INFO] 逼空=35 | 做空=42(BLOCKED) | 离场紧迫=0 | 持仓=False | 大单净=61011850.0 | 卖深=10720.0 | 失衡=-0.429
2026-04-16 14:19:08,556 [INFO] 逼空=22 | 做空=20(HOLD) | 离场紧迫=0 | 持仓=False | 大单净=61011850.0 | 卖深=10960.0 | 失衡=-0.420
2026-04-16 14:19:50,409 [INFO] 逼空=22 | 做空=62(ENTRY) | 离场紧迫=0 | 持仓=False | 大单净=61011850.0 | 卖深=11240.0 | 失衡=-0.430
2026-04-16 14:20:08,730 [INFO] 逼空=10 | 做空=20(HOLD) | 离场紧迫=0 | 持仓=False | 大单净=61011850.0 | 卖深=11560.0 | 失衡=-0.388
2026-04-16 14:20:50,603 [INFO] 逼空=10 | 做空=62(ENTRY) | 离场紧迫=0 | 持仓=False | 大单净=61011850.0 | 卖深=11420.0 | 失衡=-0.410
2026-04-16 14:21:08,914 [INFO] 逼空=10 | 做空=20(HOLD) | 离场紧迫=0 | 持仓=False | 大单净=61011850.0 | 卖深=11580.0 | 失衡=-0.410
2026-04-16 14:21:50,783 [INFO] 逼空=10 | 做空=62(ENTRY) | 离场紧迫=0 | 持仓=False | 大单净=61011850.0 | 卖深=11580.0 | 失衡=-0.405
2026-04-16 14:22:09,105 [INFO] 逼空=10 | 做空=20(HOLD) | 离场紧迫=0 | 持仓=False | 大单净=61011850.0 | 卖深=12000.0 | 失衡=-0.472
2026-04-16 14:22:50,955 [INFO] 逼空=10 | 做空=72(ENTRY) | 离场紧迫=0 | 持仓=False | 大单净=61011850.0 | 卖深=11340.0 | 失衡=-0.465
2026-04-16 14:23:09,273 [INFO] 逼空=10 | 做空=30(HOLD) | 离场紧迫=0 | 持仓=False | 大单净=61011850.0 | 卖深=11100.0 | 失衡=-0.405
2026-04-16 14:23:51,130 [INFO] 逼空=10 | 做空=72(ENTRY) | 离场紧迫=0 | 持仓=False | 大单净=61011850.0 | 卖深=11700.0 | 失衡=-0.444
2026-04-16 14:24:09,458 [INFO] 逼空=10 | 做空=20(HOLD) | 离场紧迫=0 | 持仓=False | 大单净=61011850.0 | 卖深=12300.0 | 失衡=-0.498
2026-04-16 14:24:51,307 [INFO] 逼空=10 | 做空=62(ENTRY) | 离场紧迫=0 | 持仓=False | 大单净=61011850.0 | 卖深=13900.0 | 失衡=-0.607
2026-04-16 14:25:09,632 [INFO] 逼空=10 | 做空=20(HOLD) | 离场紧迫=0 | 持仓=False | 大单净=61011850.0 | 卖深=13120.0 | 失衡=-0.488
2026-04-16 14:25:51,475 [INFO] 逼空=10 | 做空=62(ENTRY) | 离场紧迫=0 | 持仓=False | 大单净=61011850.0 | 卖深=13620.0 | 失衡=-0.637
2026-04-16 14:26:09,809 [INFO] 逼空=10 | 做空=37(CAUTION) | 离场紧迫=0 | 持仓=False | 大单净=61011850.0 | 卖深=13280.0 | 失衡=-0.590
2026-04-16 14:26:51,663 [INFO] 逼空=10 | 做空=69(ENTRY) | 离场紧迫=0 | 持仓=False | 大单净=61011850.0 | 卖深=9860.0 | 失衡=-0.454
2026-04-16 14:27:09,983 [INFO] 逼空=10 | 做空=27(HOLD) | 离场紧迫=0 | 持仓=False | 大单净=61011850.0 | 卖深=10100.0 | 失衡=-0.549
2026-04-16 14:27:51,849 [INFO] 逼空=10 | 做空=77(ENTRY) | 离场紧迫=0 | 持仓=False | 大单净=61011850.0 | 卖深=9920.0 | 失衡=-0.645
2026-04-16 14:28:10,168 [INFO] 逼空=10 | 做空=27(HOLD) | 离场紧迫=0 | 持仓=False | 大单净=61011850.0 | 卖深=11000.0 | 失衡=-0.574
2026-04-16 14:28:52,024 [INFO] 逼空=10 | 做空=77(ENTRY) | 离场紧迫=0 | 持仓=False | 大单净=61011850.0 | 卖深=11580.0 | 失衡=-0.512
2026-04-16 14:29:10,352 [INFO] 逼空=10 | 做空=45(CAUTION) | 离场紧迫=0 | 持仓=False | 大单净=61011850.0 | 卖深=11860.0 | 失衡=-0.507
2026-04-16 14:29:52,203 [INFO] 逼空=10 | 做空=69(ENTRY) | 离场紧迫=0 | 持仓=False | 大单净=61011850.0 | 卖深=11700.0 | 失衡=-0.504
2026-04-16 14:30:10,547 [INFO] 逼空=10 | 做空=27(HOLD) | 离场紧迫=0 | 持仓=False | 大单净=61011850.0 | 卖深=12180.0 | 失衡=-0.522
2026-04-16 14:30:52,381 [INFO] 逼空=10 | 做空=62(ENTRY) | 离场紧迫=0 | 持仓=False | 大单净=61011850.0 | 卖深=12560.0 | 失衡=-0.524
2026-04-16 14:31:10,761 [INFO] 逼空=10 | 做空=7(HOLD) | 离场紧迫=0 | 持仓=False | 大单净=61011850.0 | 卖深=12500.0 | 失衡=-0.272
2026-04-16 14:31:52,567 [WARNING] [摆盘预警] 卖盘深度骤减 51.6% (当前 5,600 vs 均值 11,561 股) [+25分]
2026-04-16 14:31:52,596 [INFO] 逼空=35 | 做空=42(BLOCKED) | 离场紧迫=0 | 持仓=False | 大单净=61011850.0 | 卖深=5600.0 | 失衡=0.104
2026-04-16 14:32:10,935 [WARNING] [摆盘预警] 卖盘深度骤减 62.8% (当前 4,160 vs 均值 11,169 股) [+25分]
2026-04-16 14:32:10,963 [INFO] 逼空=35 | 做空=0(BLOCKED) | 离场紧迫=0 | 持仓=False | 大单净=61011850.0 | 卖深=4160.0 | 失衡=0.266
2026-04-16 14:32:52,773 [WARNING] [摆盘预警] 卖盘深度骤减 59.2% (当前 4,420 vs 均值 10,823 股) [+25分]
2026-04-16 14:32:52,802 [INFO] 逼空=43 | 做空=42(BLOCKED) | 离场紧迫=0 | 持仓=False | 大单净=61011850.0 | 卖深=4420.0 | 失衡=0.226
2026-04-16 14:33:11,139 [INFO] 逼空=10 | 做空=0(HOLD) | 离场紧迫=0 | 持仓=False | 大单净=61011850.0 | 卖深=9480.0 | 失衡=-0.278
2026-04-16 14:33:52,977 [INFO] 逼空=10 | 做空=50(CAUTION) | 离场紧迫=0 | 持仓=False | 大单净=61011850.0 | 卖深=10700.0 | 失衡=-0.390
2026-04-16 14:34:11,317 [INFO] 逼空=10 | 做空=20(HOLD) | 离场紧迫=0 | 持仓=False | 大单净=61011850.0 | 卖深=11220.0 | 失衡=-0.617
2026-04-16 14:34:53,153 [INFO] 逼空=10 | 做空=62(ENTRY) | 离场紧迫=0 | 持仓=False | 大单净=61011850.0 | 卖深=11240.0 | 失衡=-0.579
2026-04-16 14:35:11,493 [INFO] 逼空=10 | 做空=20(HOLD) | 离场紧迫=0 | 持仓=False | 大单净=61011850.0 | 卖深=11020.0 | 失衡=-0.516
2026-04-16 14:35:53,337 [WARNING] [摆盘预警] 卖盘深度骤减 31.8% (当前 6,860 vs 均值 10,062 股) [+25分]
2026-04-16 14:35:53,367 [INFO] 逼空=35 | 做空=27(BLOCKED) | 离场紧迫=0 | 持仓=False | 大单净=61011850.0 | 卖深=6860.0 | 失衡=-0.191
2026-04-16 14:36:11,655 [WARNING] [摆盘预警] 卖盘深度骤减 31.0% (当前 6,720 vs 均值 9,734 股) [+25分]
2026-04-16 14:36:11,684 [INFO] 逼空=35 | 做空=0(BLOCKED) | 离场紧迫=0 | 持仓=False | 大单净=61011850.0 | 卖深=6720.0 | 失衡=-0.087
2026-04-16 14:36:53,541 [WARNING] [摆盘预警] 卖盘深度骤减 57.4% (当前 4,020 vs 均值 9,442 股) [+25分]
2026-04-16 14:36:53,570 [INFO] 逼空=35 | 做空=27(BLOCKED) | 离场紧迫=0 | 持仓=False | 大单净=61011850.0 | 卖深=4020.0 | 失衡=0.052
2026-04-16 14:37:11,857 [INFO] 逼空=10 | 做空=8(HOLD) | 离场紧迫=0 | 持仓=False | 大单净=61011850.0 | 卖深=11480.0 | 失衡=-0.481
2026-04-16 14:37:53,743 [INFO] 逼空=10 | 做空=47(CAUTION) | 离场紧迫=0 | 持仓=False | 大单净=61011850.0 | 卖深=10920.0 | 失衡=-0.540
2026-04-16 14:38:12,028 [INFO] 逼空=10 | 做空=20(HOLD) | 离场紧迫=0 | 持仓=False | 大单净=61011850.0 | 卖深=12940.0 | 失衡=-0.574
2026-04-16 14:38:53,915 [INFO] 逼空=10 | 做空=59(ENTRY) | 离场紧迫=0 | 持仓=False | 大单净=61011850.0 | 卖深=15140.0 | 失衡=-0.556
2026-04-16 14:39:12,212 [INFO] 逼空=10 | 做空=12(HOLD) | 离场紧迫=0 | 持仓=False | 大单净=61011850.0 | 卖深=14920.0 | 失衡=-0.221
2026-04-16 14:39:54,087 [INFO] 逼空=10 | 做空=39(CAUTION) | 离场紧迫=0 | 持仓=False | 大单净=63372650.0 | 卖深=14380.0 | 失衡=-0.195
2026-04-16 14:40:12,402 [INFO] 逼空=10 | 做空=12(HOLD) | 离场紧迫=0 | 持仓=False | 大单净=63372650.0 | 卖深=14660.0 | 失衡=-0.180
2026-04-16 14:40:54,260 [INFO] 逼空=10 | 做空=39(CAUTION) | 离场紧迫=0 | 持仓=False | 大单净=63372650.0 | 卖深=16120.0 | 失衡=-0.276
2026-04-16 14:41:12,583 [INFO] 逼空=10 | 做空=12(HOLD) | 离场紧迫=0 | 持仓=False | 大单净=63372650.0 | 卖深=15460.0 | 失衡=-0.278
2026-04-16 14:41:54,448 [INFO] 逼空=10 | 做空=35(CAUTION) | 离场紧迫=0 | 持仓=False | 大单净=60539690.0 | 卖深=15060.0 | 失衡=-0.606
2026-04-16 14:42:12,763 [INFO] 逼空=10 | 做空=30(HOLD) | 离场紧迫=0 | 持仓=False | 大单净=60539690.0 | 卖深=15720.0 | 失衡=-0.606
2026-04-16 14:42:54,630 [INFO] 逼空=10 | 做空=57(ENTRY) | 离场紧迫=0 | 持仓=False | 大单净=60539690.0 | 卖深=16640.0 | 失衡=-0.643
2026-04-16 14:43:12,941 [INFO] 逼空=10 | 做空=42(CAUTION) | 离场紧迫=0 | 持仓=False | 大单净=60539690.0 | 卖深=17340.0 | 失衡=-0.653
2026-04-16 14:43:54,809 [INFO] 逼空=10 | 做空=69(ENTRY) | 离场紧迫=0 | 持仓=False | 大单净=60539690.0 | 卖深=18740.0 | 失衡=-0.654
2026-04-16 14:44:13,122 [INFO] 逼空=10 | 做空=32(HOLD) | 离场紧迫=0 | 持仓=False | 大单净=60539690.0 | 卖深=19520.0 | 失衡=-0.765
2026-04-16 14:44:54,984 [INFO] 逼空=10 | 做空=69(ENTRY) | 离场紧迫=0 | 持仓=False | 大单净=60539690.0 | 卖深=19980.0 | 失衡=-0.700
2026-04-16 14:45:13,309 [INFO] 逼空=10 | 做空=20(HOLD) | 离场紧迫=0 | 持仓=False | 大单净=62464650.0 | 卖深=15400.0 | 失衡=-0.311
2026-04-16 14:45:55,175 [INFO] 逼空=22 | 做空=47(CAUTION) | 离场紧迫=0 | 持仓=False | 大单净=65339280.0 | 卖深=10040.0 | 失衡=-0.353
2026-04-16 14:46:13,501 [INFO] 逼空=22 | 做空=20(HOLD) | 离场紧迫=0 | 持仓=False | 大单净=65339280.0 | 卖深=10480.0 | 失衡=-0.418
2026-04-16 14:46:55,352 [INFO] 逼空=22 | 做空=47(CAUTION) | 离场紧迫=0 | 持仓=False | 大单净=65339280.0 | 卖深=11360.0 | 失衡=-0.473
2026-04-16 14:47:13,677 [INFO] 逼空=22 | 做空=20(HOLD) | 离场紧迫=0 | 持仓=False | 大单净=65339280.0 | 卖深=11080.0 | 失衡=-0.468
2026-04-16 14:47:55,530 [INFO] 逼空=10 | 做空=47(CAUTION) | 离场紧迫=0 | 持仓=False | 大单净=69670880.0 | 卖深=13580.0 | 失衡=-0.451
2026-04-16 14:48:13,873 [INFO] 逼空=10 | 做空=20(HOLD) | 离场紧迫=0 | 持仓=False | 大单净=70782300.0 | 卖深=14400.0 | 失衡=-0.437
2026-04-16 14:48:55,709 [INFO] 逼空=10 | 做空=27(HOLD) | 离场紧迫=0 | 持仓=False | 大单净=70782300.0 | 卖深=13520.0 | 失衡=-0.275
2026-04-16 14:49:14,051 [INFO] 逼空=10 | 做空=8(HOLD) | 离场紧迫=0 | 持仓=False | 大单净=70782300.0 | 卖深=13760.0 | 失衡=-0.326
2026-04-16 14:49:55,907 [INFO] 逼空=10 | 做空=47(CAUTION) | 离场紧迫=0 | 持仓=False | 大单净=70782300.0 | 卖深=13940.0 | 失衡=-0.304
2026-04-16 14:50:14,229 [WARNING] [摆盘预警] 卖盘深度骤减 31.4% (当前 10,020 vs 均值 14,608 股) [+25分]
2026-04-16 14:50:14,258 [INFO] 逼空=35 | 做空=0(BLOCKED) | 离场紧迫=0 | 持仓=False | 大单净=69380130.0 | 卖深=10020.0 | 失衡=-0.436
2026-04-16 14:50:56,078 [WARNING] [摆盘预警] 卖盘深度骤减 40.1% (当前 8,520 vs 均值 14,228 股) [+25分]
2026-04-16 14:50:56,107 [INFO] 逼空=35 | 做空=27(BLOCKED) | 离场紧迫=0 | 持仓=False | 大单净=69380130.0 | 卖深=8520.0 | 失衡=-0.359
2026-04-16 14:51:14,432 [WARNING] [摆盘预警] 卖盘深度骤减 31.8% (当前 9,500 vs 均值 13,930 股) [+25分]
2026-04-16 14:51:14,461 [INFO] 逼空=35 | 做空=0(BLOCKED) | 离场紧迫=0 | 持仓=False | 大单净=69380130.0 | 卖深=9500.0 | 失衡=-0.321
2026-04-16 14:51:56,279 [INFO] 逼空=10 | 做空=59(ENTRY) | 离场紧迫=0 | 持仓=False | 大单净=66801240.0 | 卖深=21280.0 | 失衡=-0.598
2026-04-16 14:52:14,630 [INFO] 逼空=10 | 做空=32(HOLD) | 离场紧迫=0 | 持仓=False | 大单净=66801240.0 | 卖深=24760.0 | 失衡=-0.664
2026-04-16 14:52:56,471 [INFO] 逼空=10 | 做空=59(ENTRY) | 离场紧迫=0 | 持仓=False | 大单净=66801240.0 | 卖深=25140.0 | 失衡=-0.645
2026-04-16 14:53:14,829 [INFO] 逼空=10 | 做空=32(HOLD) | 离场紧迫=0 | 持仓=False | 大单净=66801240.0 | 卖深=25620.0 | 失衡=-0.679
2026-04-16 14:53:56,673 [INFO] 逼空=10 | 做空=72(ENTRY) | 离场紧迫=0 | 持仓=False | 大单净=66801240.0 | 卖深=32080.0 | 失衡=-0.786
2026-04-16 14:54:15,033 [INFO] 逼空=10 | 做空=45(CAUTION) | 离场紧迫=0 | 持仓=False | 大单净=66801240.0 | 卖深=32440.0 | 失衡=-0.781
2026-04-16 14:54:56,890 [INFO] 逼空=10 | 做空=72(ENTRY) | 离场紧迫=0 | 持仓=False | 大单净=65430240.0 | 卖深=30120.0 | 失衡=-0.811
2026-04-16 14:55:15,218 [INFO] 逼空=10 | 做空=32(HOLD) | 离场紧迫=0 | 持仓=False | 大单净=65430240.0 | 卖深=29160.0 | 失衡=-0.774
2026-04-16 14:55:57,064 [INFO] 逼空=10 | 做空=59(ENTRY) | 离场紧迫=0 | 持仓=False | 大单净=65430240.0 | 卖深=28820.0 | 失衡=-0.712
2026-04-16 14:56:15,397 [INFO] 逼空=10 | 做空=30(HOLD) | 离场紧迫=0 | 持仓=False | 大单净=65430240.0 | 卖深=26720.0 | 失衡=-0.712
2026-04-16 14:56:57,241 [INFO] 逼空=10 | 做空=64(ENTRY) | 离场紧迫=0 | 持仓=False | 大单净=65430240.0 | 卖深=17720.0 | 失衡=-0.530
2026-04-16 14:57:15,572 [INFO] 逼空=10 | 做空=27(HOLD) | 离场紧迫=0 | 持仓=False | 大单净=65430240.0 | 卖深=17200.0 | 失衡=-0.503
2026-04-16 14:57:57,417 [INFO] 逼空=22 | 做空=64(ENTRY) | 离场紧迫=0 | 持仓=False | 大单净=65430240.0 | 卖深=15380.0 | 失衡=-0.337
2026-04-16 14:58:15,749 [INFO] 逼空=22 | 做空=37(CAUTION) | 离场紧迫=0 | 持仓=False | 大单净=65430240.0 | 卖深=16040.0 | 失衡=-0.340
2026-04-16 14:58:57,595 [INFO] 逼空=22 | 做空=64(ENTRY) | 离场紧迫=0 | 持仓=False | 大单净=65430240.0 | 卖深=16260.0 | 失衡=-0.376
2026-04-16 14:59:15,940 [INFO] 逼空=10 | 做空=37(CAUTION) | 离场紧迫=0 | 持仓=False | 大单净=65430240.0 | 卖深=18120.0 | 失衡=-0.457
2026-04-16 14:59:57,774 [INFO] 逼空=10 | 做空=54(CAUTION) | 离场紧迫=0 | 持仓=False | 大单净=65430240.0 | 卖深=19260.0 | 失衡=-0.525
2026-04-16 15:00:16,113 [INFO] 逼空=10 | 做空=27(HOLD) | 离场紧迫=0 | 持仓=False | 大单净=65430240.0 | 卖深=20120.0 | 失衡=-0.517
2026-04-16 15:00:57,940 [INFO] 逼空=10 | 做空=54(CAUTION) | 离场紧迫=0 | 持仓=False | 大单净=65430240.0 | 卖深=21800.0 | 失衡=-0.545
2026-04-16 15:01:16,296 [INFO] 逼空=10 | 做空=27(HOLD) | 离场紧迫=0 | 持仓=False | 大单净=65430240.0 | 卖深=21580.0 | 失衡=-0.429
2026-04-16 15:01:58,116 [WARNING] [摆盘预警] 卖盘深度骤减 30.4% (当前 15,800 vs 均值 22,707 股) [+25分]
2026-04-16 15:01:58,146 [INFO] 逼空=35 | 做空=27(BLOCKED) | 离场紧迫=0 | 持仓=False | 大单净=65430240.0 | 卖深=15800.0 | 失衡=-0.356
2026-04-16 15:02:16,461 [WARNING] [摆盘预警] 卖盘深度骤减 32.6% (当前 14,980 vs 均值 22,218 股) [+25分]
2026-04-16 15:02:16,491 [INFO] 逼空=35 | 做空=0(BLOCKED) | 离场紧迫=0 | 持仓=False | 大单净=65430240.0 | 卖深=14980.0 | 失衡=-0.371
