2026-04-20 13:16:37,799 [INFO] 启动监控: HK.00100，实时轮询 60s
2026-04-20 13:16:37,799 [INFO] 提示：启动后输入 'p' 回车可切换持仓状态（标记是否持有空仓）
2026-04-20 13:16:37,804 | 1321903 | 137521876043584 | [open_context_base.py:409] _init_connect_sync: New connect ready: conn=7451861362886229029(1) context=<futu.quote.open_quote_context.OpenQuoteContext object at 0x7d12c4c430e0>

╔══════════════════════════════════════════════════════════╗
║   MINIMAX-W (00100.HK)  做空监控仪表盘   2026-04-20 13:16:38  ║
╠══════════════════════════════════════════════════════════╣
║  最新价         :      892.5                        ║
╠══════════════════════════════════════════════════════════╣
║  [①] HKEX 卖空占比 (今日)  :      N/A %  动能 1.74×  ║
║  [②] 大单净流入 (累计)      :         +870.1 万             ║
║  [③] 卖盘深度               :          3,400 股             ║
║      摆盘失衡度             :   -0.079  空头成本线:    901.2  ║
╠══════════════════════════════════════════════════════════╣
║  【逼空风险】[██░░░░░░░░░░░░░░░░░░]  10/100        ║
║     正  常   持续监控                                        ║
║   ⚠ 大单净流入持续正值 2 轮 [+10分]                                  ║
╠══════════════════════════════════════════════════════════╣
║  【做空入场】[████░░░░░░░░░░░░░░░░]  24/100        ║
║  ── 条件不足  继续等 ──                                       ║
║   → 卖盘深度明显上升 63.1% [+12分]                                 ║
║   → 卖空动能比 1.74× (≥1.5×) [支撑做空+12分]                        ║
╚══════════════════════════════════════════════════════════╝
2026-04-20 13:16:38,330 [INFO] 逼空=10 | 做空=24(HOLD) | 离场紧迫=0 | 持仓=False | 大单净=8701170.0 | 卖深=3400.0 | 失衡=-0.079

╔══════════════════════════════════════════════════════════╗
║   MINIMAX-W (00100.HK)  做空监控仪表盘   2026-04-20 13:17:38  ║
╠══════════════════════════════════════════════════════════╣
║  最新价         :      895.0                        ║
╠══════════════════════════════════════════════════════════╣
║  [①] HKEX 卖空占比 (今日)  :      N/A %  动能 1.74×  ║
║  [②] 大单净流入 (累计)      :         +870.1 万             ║
║  [③] 卖盘深度               :         16,580 股             ║
║      摆盘失衡度             :   -0.695  空头成本线:    901.2  ║
╠══════════════════════════════════════════════════════════╣
║  【逼空风险】[██░░░░░░░░░░░░░░░░░░]  10/100        ║
║     正  常   持续监控                                        ║
║   ⚠ 大单净流入持续正值 2 轮 [+10分]                                  ║
╠══════════════════════════════════════════════════════════╣
║  【做空入场】[███████████░░░░░░░░░]  57/100        ║
║  ▶▶ 入  场  信  号 ◀◀                                      ║
║   → 卖盘深度骤增 469.2%（当前 16,580 vs 均值 2,913 股），大卖单涌入 [+25分]   ║
║   → 摆盘持续偏空 2 轮，均值失衡度 -0.695 [+20分]                        ║
║   → 卖空动能比 1.74× (≥1.5×) [支撑做空+12分]                        ║
╚══════════════════════════════════════════════════════════╝
2026-04-20 13:17:38,633 [INFO] 逼空=10 | 做空=57(ENTRY) | 离场紧迫=0 | 持仓=False | 大单净=8701170.0 | 卖深=16580.0 | 失衡=-0.695

╔══════════════════════════════════════════════════════════╗
║   MINIMAX-W (00100.HK)  做空监控仪表盘   2026-04-20 13:18:38  ║
╠══════════════════════════════════════════════════════════╣
║  最新价         :      896.0                        ║
╠══════════════════════════════════════════════════════════╣
║  [①] HKEX 卖空占比 (今日)  :      N/A %  动能 1.74×  ║
║  [②] 大单净流入 (累计)      :         +870.1 万             ║
║  [③] 卖盘深度               :         15,820 股             ║
║      摆盘失衡度             :   -0.598  空头成本线:    901.2  ║
╠══════════════════════════════════════════════════════════╣
║  【逼空风险】[██░░░░░░░░░░░░░░░░░░]  10/100        ║
║     正  常   持续监控                                        ║
║   ⚠ 大单净流入持续正值 2 轮 [+10分]                                  ║
╠══════════════════════════════════════════════════════════╣
║  【做空入场】[███████████░░░░░░░░░]  57/100        ║
║  ▶▶ 入  场  信  号 ◀◀                                      ║
║   → 卖盘深度骤增 249.3%（当前 15,820 vs 均值 4,528 股），大卖单涌入 [+25分]   ║
║   → 摆盘持续偏空 2 轮，均值失衡度 -0.610 [+20分]                        ║
║   → 卖空动能比 1.74× (≥1.5×) [支撑做空+12分]                        ║
╚══════════════════════════════════════════════════════════╝
2026-04-20 13:18:38,940 [INFO] 逼空=10 | 做空=57(ENTRY) | 离场紧迫=0 | 持仓=False | 大单净=8701170.0 | 卖深=15820.0 | 失衡=-0.598

╔══════════════════════════════════════════════════════════╗
║   MINIMAX-W (00100.HK)  做空监控仪表盘   2026-04-20 13:19:39  ║
╠══════════════════════════════════════════════════════════╣
║  最新价         :      897.5                        ║
╠══════════════════════════════════════════════════════════╣
║  [①] HKEX 卖空占比 (今日)  :      N/A %  动能 1.74×  ║
║  [②] 大单净流入 (累计)      :         +870.1 万             ║
║  [③] 卖盘深度               :         16,620 股             ║
║      摆盘失衡度             :   -0.753  空头成本线:    901.2  ║
╠══════════════════════════════════════════════════════════╣
║  【逼空风险】[██░░░░░░░░░░░░░░░░░░]  10/100        ║
║     正  常   持续监控                                        ║
║   ⚠ 大单净流入持续正值 2 轮 [+10分]                                  ║
╠══════════════════════════════════════════════════════════╣
║  【做空入场】[███████████░░░░░░░░░]  57/100        ║
║  ▶▶ 入  场  信  号 ◀◀                                      ║
║   → 卖盘深度骤增 171.3%（当前 16,620 vs 均值 6,126 股），大卖单涌入 [+25分]   ║
║   → 摆盘持续偏空 2 轮，均值失衡度 -0.753 [+20分]                        ║
║   → 卖空动能比 1.74× (≥1.5×) [支撑做空+12分]                        ║
╚══════════════════════════════════════════════════════════╝
2026-04-20 13:19:39,171 [INFO] 逼空=10 | 做空=57(ENTRY) | 离场紧迫=0 | 持仓=False | 大单净=8701170.0 | 卖深=16620.0 | 失衡=-0.753

╔══════════════════════════════════════════════════════════╗
║   MINIMAX-W (00100.HK)  做空监控仪表盘   2026-04-20 13:20:39  ║
╠══════════════════════════════════════════════════════════╣
║  最新价         :      898.0                        ║
╠══════════════════════════════════════════════════════════╣
║  [①] HKEX 卖空占比 (今日)  :      N/A %  动能 1.74×  ║
║  [②] 大单净流入 (累计)      :         +870.1 万             ║
║  [③] 卖盘深度               :         15,560 股             ║
║      摆盘失衡度             :   -0.598  空头成本线:    901.2  ║
╠══════════════════════════════════════════════════════════╣
║  【逼空风险】[██░░░░░░░░░░░░░░░░░░]  10/100        ║
║     正  常   持续监控                                        ║
║   ⚠ 大单净流入持续正值 2 轮 [+10分]                                  ║
╠══════════════════════════════════════════════════════════╣
║  【做空入场】[███████████░░░░░░░░░]  57/100        ║
║  ▶▶ 入  场  信  号 ◀◀                                      ║
║   → 卖盘深度骤增 104.7%（当前 15,560 vs 均值 7,601 股），大卖单涌入 [+25分]   ║
║   → 摆盘持续偏空 2 轮，均值失衡度 -0.598 [+20分]                        ║
║   → 卖空动能比 1.74× (≥1.5×) [支撑做空+12分]                        ║
╚══════════════════════════════════════════════════════════╝
2026-04-20 13:20:39,380 [INFO] 逼空=10 | 做空=57(ENTRY) | 离场紧迫=0 | 持仓=False | 大单净=8701170.0 | 卖深=15560.0 | 失衡=-0.598

╔══════════════════════════════════════════════════════════╗
║   MINIMAX-W (00100.HK)  做空监控仪表盘   2026-04-20 13:21:39  ║
╠══════════════════════════════════════════════════════════╣
║  最新价         :      898.0                        ║
╠══════════════════════════════════════════════════════════╣
║  [①] HKEX 卖空占比 (今日)  :      N/A %  动能 1.74×  ║
║  [②] 大单净流入 (累计)      :         +870.1 万             ║
║  [③] 卖盘深度               :         14,380 股             ║
║      摆盘失衡度             :   -0.668  空头成本线:    901.2  ║
╠══════════════════════════════════════════════════════════╣
║  【逼空风险】[██░░░░░░░░░░░░░░░░░░]  10/100        ║
║     正  常   持续监控                                        ║
║   ⚠ 大单净流入持续正值 2 轮 [+10分]                                  ║
╠══════════════════════════════════════════════════════════╣
║  【做空入场】[████████░░░░░░░░░░░░]  44/100        ║
║  ── 信号积累中 观望 ──                                        ║
║   → 卖盘深度明显上升 59.7% [+12分]                                 ║
║   → 摆盘持续偏空 2 轮，均值失衡度 -0.668 [+20分]                        ║
║   → 卖空动能比 1.74× (≥1.5×) [支撑做空+12分]                        ║
╚══════════════════════════════════════════════════════════╝
2026-04-20 13:21:39,546 [INFO] 逼空=10 | 做空=44(CAUTION) | 离场紧迫=0 | 持仓=False | 大单净=8701170.0 | 卖深=14380.0 | 失衡=-0.668

╔══════════════════════════════════════════════════════════╗
║   MINIMAX-W (00100.HK)  做空监控仪表盘   2026-04-20 13:22:39  ║
╠══════════════════════════════════════════════════════════╣
║  最新价         :      897.5                        ║
╠══════════════════════════════════════════════════════════╣
║  [①] HKEX 卖空占比 (今日)  :      N/A %  动能 1.74×  ║
║  [②] 大单净流入 (累计)      :         +870.1 万             ║
║  [③] 卖盘深度               :         15,800 股             ║
║      摆盘失衡度             :   -0.746  空头成本线:    901.2  ║
╠══════════════════════════════════════════════════════════╣
║  【逼空风险】[██░░░░░░░░░░░░░░░░░░]  10/100        ║
║     正  常   持续监控                                        ║
║   ⚠ 大单净流入持续正值 2 轮 [+10分]                                  ║
╠══════════════════════════════════════════════════════════╣
║  【做空入场】[████████░░░░░░░░░░░░]  44/100        ║
║  ── 信号积累中 观望 ──                                        ║
║   → 卖盘深度明显上升 51.4% [+12分]                                 ║
║   → 摆盘持续偏空 2 轮，均值失衡度 -0.746 [+20分]                        ║
║   → 卖空动能比 1.74× (≥1.5×) [支撑做空+12分]                        ║
╚══════════════════════════════════════════════════════════╝
2026-04-20 13:22:39,711 [INFO] 逼空=10 | 做空=44(CAUTION) | 离场紧迫=0 | 持仓=False | 大单净=8701170.0 | 卖深=15800.0 | 失衡=-0.746

╔══════════════════════════════════════════════════════════╗
║   MINIMAX-W (00100.HK)  做空监控仪表盘   2026-04-20 13:23:39  ║
╠══════════════════════════════════════════════════════════╣
║  最新价         :      898.0                        ║
╠══════════════════════════════════════════════════════════╣
║  [①] HKEX 卖空占比 (今日)  :      N/A %  动能 1.74×  ║
║  [②] 大单净流入 (累计)      :         +758.8 万             ║
║  [③] 卖盘深度               :         14,860 股             ║
║      摆盘失衡度             :   -0.799  空头成本线:    901.2  ║
╠══════════════════════════════════════════════════════════╣
║  【逼空风险】[██░░░░░░░░░░░░░░░░░░]  10/100        ║
║     正  常   持续监控                                        ║
║   ⚠ 大单净流入持续正值 2 轮 [+10分]                                  ║
╠══════════════════════════════════════════════════════════╣
║  【做空入场】[██████░░░░░░░░░░░░░░]  32/100        ║
║  ── 条件不足  继续等 ──                                       ║
║   → 摆盘持续偏空 2 轮，均值失衡度 -0.799 [+20分]                        ║
║   → 卖空动能比 1.74× (≥1.5×) [支撑做空+12分]                        ║
╚══════════════════════════════════════════════════════════╝
2026-04-20 13:23:39,876 [INFO] 逼空=10 | 做空=32(HOLD) | 离场紧迫=0 | 持仓=False | 大单净=7587650.0 | 卖深=14860.0 | 失衡=-0.799
2026-04-20 13:26:05,429 [INFO] 启动监控: HK.00100，实时轮询 60s
2026-04-20 13:26:05,429 [INFO] 提示：启动后输入 'p' 回车可切换持仓状态（标记是否持有空仓）
2026-04-20 13:26:05,433 | 1341432 | 140637993125696 | [open_context_base.py:409] _init_connect_sync: New connect ready: conn=7451863743702407207(1) context=<futu.quote.open_quote_context.OpenQuoteContext object at 0x7fe84bd3b0e0>

╔══════════════════════════════════════════════════════════╗
║   MINIMAX-W (00100.HK)  做空监控仪表盘   2026-04-20 13:26:05  ║
╠══════════════════════════════════════════════════════════╣
║  最新价         :      896.5                        ║
╠══════════════════════════════════════════════════════════╣
║  [①] HKEX 卖空占比 (今日)  :      N/A %  动能 1.74×  ║
║  [②] 大单净流入 (累计)      :         +758.8 万             ║
║  [③] 卖盘深度               :         14,740 股             ║
║      摆盘失衡度             :   -0.609  空头成本线:    901.2  ║
╠══════════════════════════════════════════════════════════╣
║  【逼空风险】[██░░░░░░░░░░░░░░░░░░]  10/100        ║
║     正  常   持续监控                                        ║
║   ⚠ 大单净流入持续正值 2 轮 [+10分]                                  ║
╠══════════════════════════════════════════════════════════╣
║  【做空入场】[██████░░░░░░░░░░░░░░]  32/100        ║
║  ── 条件不足  继续等 ──                                       ║
║   → 摆盘持续偏空 2 轮，均值失衡度 -0.667 [+20分]                        ║
║   → 卖空动能比 1.74× (≥1.5×) [支撑做空+12分]                        ║
╚══════════════════════════════════════════════════════════╝
2026-04-20 13:26:05,616 [INFO] 逼空=10 | 做空=32(HOLD) | 离场紧迫=0 | 持仓=False | 大单净=7587650.0 | 卖深=14740.0 | 失衡=-0.609

╔══════════════════════════════════════════════════════════╗
║   MINIMAX-W (00100.HK)  做空监控仪表盘   2026-04-20 13:27:05  ║
╠══════════════════════════════════════════════════════════╣
║  最新价         :      896.0                        ║
╠══════════════════════════════════════════════════════════╣
║  [①] HKEX 卖空占比 (今日)  :      N/A %  动能 1.74×  ║
║  [②] 大单净流入 (累计)      :         +758.8 万             ║
║  [③] 卖盘深度               :         14,120 股             ║
║      摆盘失衡度             :   -0.714  空头成本线:    901.2  ║
╠══════════════════════════════════════════════════════════╣
║  【逼空风险】[██░░░░░░░░░░░░░░░░░░]  10/100        ║
║     正  常   持续监控                                        ║
║   ⚠ 大单净流入持续正值 2 轮 [+10分]                                  ║
╠══════════════════════════════════════════════════════════╣
║  【做空入场】[███████░░░░░░░░░░░░░]  39/100        ║
║  ── 信号积累中 观望 ──                                        ║
║   → 摆盘持续偏空 2 轮，均值失衡度 -0.709 [+20分]                        ║
║   → 价格轻微回落 0.22% [+7分]                                    ║
║   → 卖空动能比 1.74× (≥1.5×) [支撑做空+12分]                        ║
╚══════════════════════════════════════════════════════════╝
2026-04-20 13:27:05,790 [INFO] 逼空=10 | 做空=39(CAUTION) | 离场紧迫=0 | 持仓=False | 大单净=7587650.0 | 卖深=14120.0 | 失衡=-0.714

╔══════════════════════════════════════════════════════════╗
║   MINIMAX-W (00100.HK)  做空监控仪表盘   2026-04-20 13:28:05  ║
╠══════════════════════════════════════════════════════════╣
║  最新价         :      897.0                        ║
╠══════════════════════════════════════════════════════════╣
║  [①] HKEX 卖空占比 (今日)  :      N/A %  动能 1.74×  ║
║  [②] 大单净流入 (累计)      :         +758.8 万             ║
║  [③] 卖盘深度               :         15,460 股             ║
║      摆盘失衡度             :   -0.720  空头成本线:    901.2  ║
╠══════════════════════════════════════════════════════════╣
║  【逼空风险】[██░░░░░░░░░░░░░░░░░░]  10/100        ║
║     正  常   持续监控                                        ║
║   ⚠ 大单净流入持续正值 2 轮 [+10分]                                  ║
╠══════════════════════════════════════════════════════════╣
║  【做空入场】[████████░░░░░░░░░░░░]  42/100        ║
║  ── 信号积累中 观望 ──                                        ║
║   → 摆盘持续偏空 2 轮，均值失衡度 -0.759 [+20分]                        ║
║   → 高点拒绝后连续下行 4 轮 [+10分]                                  ║
║   → 卖空动能比 1.74× (≥1.5×) [支撑做空+12分]                        ║
╚══════════════════════════════════════════════════════════╝
2026-04-20 13:28:05,964 [INFO] 逼空=10 | 做空=42(CAUTION) | 离场紧迫=0 | 持仓=False | 大单净=7587650.0 | 卖深=15460.0 | 失衡=-0.720

╔══════════════════════════════════════════════════════════╗
║   MINIMAX-W (00100.HK)  做空监控仪表盘   2026-04-20 13:29:06  ║
╠══════════════════════════════════════════════════════════╣
║  最新价         :      896.5                        ║
╠══════════════════════════════════════════════════════════╣
║  [①] HKEX 卖空占比 (今日)  :      N/A %  动能 1.74×  ║
║  [②] 大单净流入 (累计)      :         +758.8 万             ║
║  [③] 卖盘深度               :         15,760 股             ║
║      摆盘失衡度             :   -0.753  空头成本线:    901.2  ║
╠══════════════════════════════════════════════════════════╣
║  【逼空风险】[██░░░░░░░░░░░░░░░░░░]  10/100        ║
║     正  常   持续监控                                        ║
║   ⚠ 大单净流入持续正值 2 轮 [+10分]                                  ║
╠══════════════════════════════════════════════════════════╣
║  【做空入场】[██████░░░░░░░░░░░░░░]  32/100        ║
║  ── 条件不足  继续等 ──                                       ║
║   → 摆盘持续偏空 2 轮，均值失衡度 -0.718 [+20分]                        ║
║   → 卖空动能比 1.74× (≥1.5×) [支撑做空+12分]                        ║
╚══════════════════════════════════════════════════════════╝
2026-04-20 13:29:06,144 [INFO] 逼空=10 | 做空=32(HOLD) | 离场紧迫=0 | 持仓=False | 大单净=7587650.0 | 卖深=15760.0 | 失衡=-0.753
