2026-04-20 13:16:37,763 [INFO] 模拟交易启动 | acc_id=18982257 env=SIMULATE 最大仓位=1000股 | 目标价模式=动态 dry_run=False
2026-04-20 13:16:37,777 [INFO] [配置] entry≥40 sq<50 imb<0.8 confirm=1 guard=15:58 stop=2.0% t1=0.5% t2=1.0%
2026-04-20 13:24:42,735 [INFO] 模拟交易启动 | acc_id=18982257 env=SIMULATE 最大仓位=1000股 | 目标价模式=动态 dry_run=False
2026-04-20 13:24:42,749 [INFO] [配置] entry≥40 sq<50 imb<0.8 confirm=1 guard=15:58 stop=2.0% t1=0.5% t2=1.0%
2026-04-20 13:27:43,801 [INFO] [CONFIRM 1/1] 入场评分=42 逼空=10 失衡=-0.798
2026-04-20 13:27:43,801 [INFO] [下单] 开空 500股 @ 897.5  dry_run=False
2026-04-20 13:27:43,812 [ERROR] [下单失败] 当前模拟账号不支持此证券类型
2026-04-20 13:29:19,629 [INFO] 模拟交易启动 | acc_id=281756478968301696 env=REAL 最大仓位=200股 | 目标价模式=动态 dry_run=False
2026-04-20 13:29:19,643 [INFO] [配置] entry≥40 sq<50 imb<0.8 confirm=1 guard=15:58 stop=2.0% t1=0.5% t2=1.0%
2026-04-20 13:30:20,311 [INFO] [CONFIRM 1/1] 入场评分=49 逼空=22 失衡=-0.716
2026-04-20 13:30:20,311 [INFO] [下单] 开空 200股 @ 894.0  dry_run=False
2026-04-20 13:30:20,323 [ERROR] [下单失败] 没有解锁交易，请先解锁交易
2026-04-20 13:33:56,397 [INFO] 模拟交易启动 | acc_id=281756478968301696 env=REAL 最大仓位=200股 | 目标价模式=动态 dry_run=False
2026-04-20 13:33:56,414 [ERROR] 交易解锁失败: 请使用OpenD页面右上角解锁按钮解锁交易，GUI版本OpenD已屏蔽解锁接口
2026-04-20 13:36:10,136 [INFO] 模拟交易启动 | acc_id=281756478968301696 env=REAL 最大仓位=200股 | 目标价模式=动态 dry_run=False
2026-04-20 13:36:10,150 [INFO] GUI 版 OpenD 检测到，跳过 API 解锁（请确认已在 OpenD 界面手动解锁）
2026-04-20 13:36:10,151 [INFO] [配置] entry≥40 sq<50 imb<0.8 confirm=1 guard=15:58 stop=2.0% t1=0.5% t2=1.0%
2026-04-20 13:50:14,054 [INFO] [CONFIRM 1/1] 入场评分=57 逼空=25 失衡=0.557
2026-04-20 13:50:14,054 [INFO] [下单] 开空 200股 @ 878.5  dry_run=False
2026-04-20 13:50:14,309 [ERROR] [下单失败] 购买力不足，您可以尝试以下方式提升： 请前往: https://api.futunn.com/v2/webview/jump?user_id=17982701&is_visitor=0&clienttype=40&clientver=10.02.6208&clientlang=0&url=202011222&jump_target=1001
2026-04-20 13:51:14,518 [INFO] [CONFIRM 1/1] 入场评分=57 逼空=0 失衡=0.366
2026-04-20 13:51:14,518 [INFO] [下单] 开空 200股 @ 877.5  dry_run=False
2026-04-20 13:51:14,745 [ERROR] [下单失败] 卖空订单价格不可低于卖一价，请修改价格。
2026-04-20 13:52:14,957 [INFO] [CONFIRM 1/1] 入场评分=57 逼空=0 失衡=0.612
2026-04-20 13:52:14,957 [INFO] [下单] 开空 200股 @ 874.0  dry_run=False
2026-04-20 13:52:15,179 [ERROR] [下单失败] 卖空订单价格不可低于卖一价，请修改价格。
2026-04-20 13:53:15,385 [INFO] [CONFIRM 1/1] 入场评分=57 逼空=25 失衡=0.214
2026-04-20 13:53:15,386 [INFO] [下单] 开空 200股 @ 877.5  dry_run=False
2026-04-20 13:53:15,657 [ERROR] [下单失败] 卖空订单价格不可低于卖一价，请修改价格。
2026-04-20 13:54:15,842 [INFO] [CONFIRM 1/1] 入场评分=42 逼空=12 失衡=0.225
2026-04-20 13:54:15,842 [INFO] [下单] 开空 200股 @ 879.5  dry_run=False
2026-04-20 13:54:16,080 [ERROR] [下单失败] 卖空订单价格不可低于卖一价，请修改价格。
2026-04-20 13:55:16,262 [INFO] [CONFIRM 1/1] 入场评分=54 逼空=0 失衡=-0.088
2026-04-20 13:55:16,262 [INFO] [下单] 开空 200股 @ 876.0  dry_run=False
2026-04-20 13:55:16,504 [ERROR] [下单失败] 购买力不足，您可以尝试以下方式提升： 请前往: https://api.futunn.com/v2/webview/jump?user_id=17982701&is_visitor=0&clienttype=40&clientver=10.02.6208&clientlang=0&url=202011222&jump_target=1001
2026-04-20 13:56:12,145 [INFO] 模拟交易启动 | acc_id=281756478968301696 env=REAL 最大仓位=200股 | 目标价模式=动态 dry_run=False
2026-04-20 13:56:12,161 [INFO] GUI 版 OpenD 检测到，跳过 API 解锁（请确认已在 OpenD 界面手动解锁）
2026-04-20 13:56:12,162 [INFO] [配置] entry≥40 sq<50 imb<0.8 confirm=1 guard=15:58 stop=2.0% t1=0.5% t2=1.0%
2026-04-20 13:56:13,616 [INFO] [CONFIRM 1/1] 入场评分=67 逼空=0 失衡=-0.009
2026-04-20 13:56:13,616 [INFO] [下单] 开空 200股 @ 876.0  dry_run=False
2026-04-20 13:56:13,836 [ERROR] [下单失败] 购买力不足，您可以尝试以下方式提升： 请前往: https://api.futunn.com/v2/webview/jump?user_id=17982701&is_visitor=0&clienttype=40&clientver=10.02.6208&clientlang=0&url=202011222&jump_target=1001
2026-04-20 13:57:14,010 [INFO] [CONFIRM 1/1] 入场评分=54 逼空=0 失衡=0.362
2026-04-20 13:57:14,010 [INFO] [下单] 开空 200股 @ 876.0  dry_run=False
2026-04-20 13:57:14,221 [ERROR] [下单失败] 购买力不足，您可以尝试以下方式提升： 请前往: https://api.futunn.com/v2/webview/jump?user_id=17982701&is_visitor=0&clienttype=40&clientver=10.02.6208&clientlang=0&url=202011222&jump_target=1001
2026-04-20 13:58:14,222 [INFO] [配置] entry≥65 sq<20 imb<0.6 confirm=2 guard=15:50 stop=4.0% t1=1.5% t2=3.0%
2026-04-20 15:20:29,134 [INFO] [CONFIRM 1/2] 入场评分=72 逼空=0 失衡=-0.819
2026-04-20 15:21:29,330 [INFO] [信号中断] 重置确认计数（当前 sig_type=CAUTION）
2026-04-20 23:41:52,618 [WARNING] 价格数据未就绪，跳过本轮
2026-04-20 23:46:34,793 [WARNING] 价格数据未就绪，跳过本轮
2026-04-20 23:50:22,922 [WARNING] 价格数据未就绪，跳过本轮
2026-04-20 23:58:11,193 [WARNING] 价格数据未就绪，跳过本轮
2026-04-20 23:59:11,237 [WARNING] 价格数据未就绪，跳过本轮
2026-04-21 00:08:47,614 [WARNING] 价格数据未就绪，跳过本轮
2026-04-21 00:13:47,821 [WARNING] 价格数据未就绪，跳过本轮
2026-04-21 00:16:29,927 [WARNING] 价格数据未就绪，跳过本轮
2026-04-21 00:17:41,978 [WARNING] 价格数据未就绪，跳过本轮
2026-04-21 00:29:54,471 [WARNING] 价格数据未就绪，跳过本轮
2026-04-21 00:33:24,617 [WARNING] 价格数据未就绪，跳过本轮
2026-04-21 00:39:36,883 [WARNING] 价格数据未就绪，跳过本轮
2026-04-21 00:51:13,462 [WARNING] 价格数据未就绪，跳过本轮
2026-04-21 00:57:19,725 [WARNING] 价格数据未就绪，跳过本轮
2026-04-21 00:59:13,799 [WARNING] 价格数据未就绪，跳过本轮
2026-04-21 01:02:01,924 [WARNING] 价格数据未就绪，跳过本轮
2026-04-21 01:07:44,180 [WARNING] 价格数据未就绪，跳过本轮
2026-04-21 01:11:56,371 [WARNING] 价格数据未就绪，跳过本轮
2026-04-21 01:15:26,516 [WARNING] 价格数据未就绪，跳过本轮
2026-04-21 01:20:14,737 [WARNING] 价格数据未就绪，跳过本轮
2026-04-21 01:24:02,901 [WARNING] 价格数据未就绪，跳过本轮
2026-04-21 01:29:09,144 [WARNING] 价格数据未就绪，跳过本轮
2026-04-21 01:38:33,561 [WARNING] 价格数据未就绪，跳过本轮
2026-04-21 01:44:15,813 [WARNING] 价格数据未就绪，跳过本轮
2026-04-21 01:47:57,980 [WARNING] 价格数据未就绪，跳过本轮
2026-04-21 01:54:46,273 [WARNING] 价格数据未就绪，跳过本轮
2026-04-21 01:56:58,364 [WARNING] 价格数据未就绪，跳过本轮
2026-04-21 02:01:34,560 [WARNING] 价格数据未就绪，跳过本轮
2026-04-21 02:03:10,626 [WARNING] 价格数据未就绪，跳过本轮
2026-04-21 02:04:46,689 [WARNING] 价格数据未就绪，跳过本轮
2026-04-21 02:08:04,825 [WARNING] 价格数据未就绪，跳过本轮
2026-04-21 02:11:41,003 [WARNING] 价格数据未就绪，跳过本轮
2026-04-21 02:13:59,121 [WARNING] 价格数据未就绪，跳过本轮
2026-04-21 02:23:23,527 [WARNING] 价格数据未就绪，跳过本轮
2026-04-21 02:45:18,463 [WARNING] 价格数据未就绪，跳过本轮
2026-04-21 02:48:36,606 [WARNING] 价格数据未就绪，跳过本轮
2026-04-21 02:52:00,757 [WARNING] 价格数据未就绪，跳过本轮
2026-04-21 02:56:06,936 [WARNING] 价格数据未就绪，跳过本轮
2026-04-21 02:57:43,003 [WARNING] 价格数据未就绪，跳过本轮
2026-04-21 03:05:55,359 [WARNING] 价格数据未就绪，跳过本轮
2026-04-21 03:11:25,617 [WARNING] 价格数据未就绪，跳过本轮
2026-04-21 03:17:01,872 [WARNING] 价格数据未就绪，跳过本轮
2026-04-21 03:21:26,084 [WARNING] 价格数据未就绪，跳过本轮
2026-04-21 03:28:56,420 [WARNING] 价格数据未就绪，跳过本轮
2026-04-21 03:30:38,490 [WARNING] 价格数据未就绪，跳过本轮
2026-04-21 03:34:14,653 [WARNING] 价格数据未就绪，跳过本轮
2026-04-21 03:35:32,723 [WARNING] 价格数据未就绪，跳过本轮
2026-04-21 03:37:44,820 [WARNING] 价格数据未就绪，跳过本轮
2026-04-21 03:40:44,949 [WARNING] 价格数据未就绪，跳过本轮
2026-04-21 03:54:21,506 [WARNING] 价格数据未就绪，跳过本轮
2026-04-21 04:11:52,297 [WARNING] 价格数据未就绪，跳过本轮
2026-04-21 04:17:40,539 [WARNING] 价格数据未就绪，跳过本轮
2026-04-21 04:18:40,581 [WARNING] 价格数据未就绪，跳过本轮
2026-04-21 04:20:22,654 [WARNING] 价格数据未就绪，跳过本轮
2026-04-21 04:32:17,173 [WARNING] 价格数据未就绪，跳过本轮
2026-04-21 04:36:59,382 [WARNING] 价格数据未就绪，跳过本轮
2026-04-21 05:02:06,497 [WARNING] 价格数据未就绪，跳过本轮
2026-04-21 05:05:12,634 [WARNING] 价格数据未就绪，跳过本轮
2026-04-21 05:10:24,869 [WARNING] 价格数据未就绪，跳过本轮
2026-04-21 05:18:01,199 [WARNING] 价格数据未就绪，跳过本轮
2026-04-21 05:24:19,465 [WARNING] 价格数据未就绪，跳过本轮
2026-04-21 05:25:55,534 [WARNING] 价格数据未就绪，跳过本轮
2026-04-21 05:28:43,663 [WARNING] 价格数据未就绪，跳过本轮
2026-04-21 05:30:31,752 [WARNING] 价格数据未就绪，跳过本轮
2026-04-21 05:32:07,822 [WARNING] 价格数据未就绪，跳过本轮
2026-04-21 05:35:37,980 [WARNING] 价格数据未就绪，跳过本轮
2026-04-21 05:42:26,299 [WARNING] 价格数据未就绪，跳过本轮
2026-04-21 05:45:08,415 [WARNING] 价格数据未就绪，跳过本轮
2026-04-21 05:51:50,729 [WARNING] 价格数据未就绪，跳过本轮
2026-04-21 05:54:02,855 [WARNING] 价格数据未就绪，跳过本轮
2026-04-21 06:00:27,194 [WARNING] 价格数据未就绪，跳过本轮
2026-04-21 06:15:39,897 [WARNING] 价格数据未就绪，跳过本轮
2026-04-21 06:30:22,491 [WARNING] 价格数据未就绪，跳过本轮
2026-04-21 06:33:46,642 [WARNING] 价格数据未就绪，跳过本轮
2026-04-21 06:34:46,685 [WARNING] 价格数据未就绪，跳过本轮
2026-04-21 06:42:29,028 [WARNING] 价格数据未就绪，跳过本轮
2026-04-21 06:45:05,144 [WARNING] 价格数据未就绪，跳过本轮
2026-04-21 06:50:17,370 [WARNING] 价格数据未就绪，跳过本轮
2026-04-21 06:51:17,413 [WARNING] 价格数据未就绪，跳过本轮
2026-04-21 06:58:11,652 [WARNING] 价格数据未就绪，跳过本轮
2026-04-21 07:01:59,795 [WARNING] 价格数据未就绪，跳过本轮
2026-04-21 07:05:41,936 [WARNING] 价格数据未就绪，跳过本轮
2026-04-21 07:11:24,173 [WARNING] 价格数据未就绪，跳过本轮
2026-04-21 07:17:00,398 [WARNING] 价格数据未就绪，跳过本轮
2026-04-21 07:21:18,569 [WARNING] 价格数据未就绪，跳过本轮
2026-04-21 07:22:18,612 [WARNING] 价格数据未就绪，跳过本轮
2026-04-21 07:25:30,753 [WARNING] 价格数据未就绪，跳过本轮
2026-04-21 07:26:48,808 [WARNING] 价格数据未就绪，跳过本轮
2026-04-21 07:32:01,049 [WARNING] 价格数据未就绪，跳过本轮
2026-04-21 07:34:31,161 [WARNING] 价格数据未就绪，跳过本轮
2026-04-21 07:36:01,230 [WARNING] 价格数据未就绪，跳过本轮
2026-04-21 07:37:07,273 [WARNING] 价格数据未就绪，跳过本轮
2026-04-21 07:41:25,436 [WARNING] 价格数据未就绪，跳过本轮
2026-04-21 07:43:19,520 [WARNING] 价格数据未就绪，跳过本轮
2026-04-21 07:44:19,563 [WARNING] 价格数据未就绪，跳过本轮
2026-04-21 07:47:19,705 [WARNING] 价格数据未就绪，跳过本轮
2026-04-21 07:49:43,812 [WARNING] 价格数据未就绪，跳过本轮
2026-04-21 07:51:49,894 [WARNING] 价格数据未就绪，跳过本轮
2026-04-21 07:56:14,084 [WARNING] 价格数据未就绪，跳过本轮
2026-04-21 07:57:56,161 [WARNING] 价格数据未就绪，跳过本轮
2026-04-21 08:01:44,322 [WARNING] 价格数据未就绪，跳过本轮
2026-04-21 08:08:08,585 [WARNING] 价格数据未就绪，跳过本轮
2026-04-21 08:09:08,628 [WARNING] 价格数据未就绪，跳过本轮
2026-04-21 08:10:14,674 [WARNING] 价格数据未就绪，跳过本轮
2026-04-21 08:17:45,007 [WARNING] 价格数据未就绪，跳过本轮
2026-04-21 08:19:57,103 [WARNING] 价格数据未就绪，跳过本轮
2026-04-21 08:21:27,184 [WARNING] 价格数据未就绪，跳过本轮
2026-04-21 08:25:21,355 [WARNING] 价格数据未就绪，跳过本轮
2026-04-21 08:28:15,481 [WARNING] 价格数据未就绪，跳过本轮
2026-04-21 08:31:45,628 [WARNING] 价格数据未就绪，跳过本轮
2026-04-21 08:35:39,817 [WARNING] 价格数据未就绪，跳过本轮
2026-04-21 08:40:04,007 [WARNING] 价格数据未就绪，跳过本轮
2026-04-21 08:44:58,233 [WARNING] 价格数据未就绪，跳过本轮
2026-04-21 08:46:10,285 [WARNING] 价格数据未就绪，跳过本轮
2026-04-21 08:47:28,342 [WARNING] 价格数据未就绪，跳过本轮
2026-04-21 08:48:28,386 [WARNING] 价格数据未就绪，跳过本轮
2026-04-21 08:49:40,435 [WARNING] 价格数据未就绪，跳过本轮
2026-04-21 08:51:22,499 [WARNING] 价格数据未就绪，跳过本轮
2026-04-21 08:54:16,627 [WARNING] 价格数据未就绪，跳过本轮
2026-04-21 08:55:16,670 [WARNING] 价格数据未就绪，跳过本轮
2026-04-21 08:58:16,798 [WARNING] 价格数据未就绪，跳过本轮
2026-04-21 09:02:22,981 [WARNING] 价格数据未就绪，跳过本轮
2026-04-21 09:07:47,215 [WARNING] 价格数据未就绪，跳过本轮
2026-04-21 09:09:29,295 [WARNING] 价格数据未就绪，跳过本轮
2026-04-21 09:14:41,507 [WARNING] 价格数据未就绪，跳过本轮
2026-04-21 09:17:17,622 [WARNING] 价格数据未就绪，跳过本轮
2026-04-21 09:21:47,815 [WARNING] 价格数据未就绪，跳过本轮
2026-04-21 09:24:29,928 [WARNING] 价格数据未就绪，跳过本轮
2026-04-21 09:25:29,972 [WARNING] 价格数据未就绪，跳过本轮
2026-04-21 09:28:36,100 [WARNING] 价格数据未就绪，跳过本轮
