2026-04-20 12:28:00,810 [INFO] 启动监控: HK.00100，实时轮询 60s
2026-04-20 12:28:00,810 [INFO] 提示：启动后输入 'p' 回车可切换持仓状态（标记是否持有空仓）
2026-04-20 12:28:01,480 [INFO] 逼空=10 | 做空=12(HOLD) | 离场紧迫=0 | 持仓=False | 大单净=12411330.0 | 卖深=4320.0 | 失衡=-0.131
2026-04-20 12:29:01,656 [INFO] 逼空=10 | 做空=12(HOLD) | 离场紧迫=0 | 持仓=False | 大单净=12411330.0 | 卖深=4320.0 | 失衡=-0.131
2026-04-20 12:30:01,822 [INFO] 逼空=10 | 做空=12(HOLD) | 离场紧迫=0 | 持仓=False | 大单净=12411330.0 | 卖深=4320.0 | 失衡=-0.134
2026-04-20 12:31:01,996 [INFO] 逼空=10 | 做空=12(HOLD) | 离场紧迫=0 | 持仓=False | 大单净=12411330.0 | 卖深=4320.0 | 失衡=-0.134
2026-04-20 12:31:35,715 [INFO] 启动监控: HK.00100，实时轮询 60s
2026-04-20 12:31:35,715 [INFO] 提示：启动后输入 'p' 回车可切换持仓状态（标记是否持有空仓）
2026-04-20 12:31:36,410 [INFO] 逼空=10 | 做空=12(HOLD) | 离场紧迫=0 | 持仓=False | 大单净=12411330.0 | 卖深=4320.0 | 失衡=-0.134
2026-04-20 12:32:36,585 [INFO] 逼空=10 | 做空=12(HOLD) | 离场紧迫=0 | 持仓=False | 大单净=12411330.0 | 卖深=4320.0 | 失衡=-0.134
2026-04-20 12:33:36,764 [INFO] 逼空=10 | 做空=12(HOLD) | 离场紧迫=0 | 持仓=False | 大单净=12411330.0 | 卖深=4320.0 | 失衡=-0.134
2026-04-20 12:34:36,927 [INFO] 逼空=10 | 做空=12(HOLD) | 离场紧迫=0 | 持仓=False | 大单净=12411330.0 | 卖深=4300.0 | 失衡=-0.150
2026-04-20 12:35:37,133 [INFO] 逼空=10 | 做空=12(HOLD) | 离场紧迫=0 | 持仓=False | 大单净=12411330.0 | 卖深=4300.0 | 失衡=-0.150
2026-04-20 12:36:37,327 [INFO] 逼空=10 | 做空=12(HOLD) | 离场紧迫=0 | 持仓=False | 大单净=12411330.0 | 卖深=4300.0 | 失衡=-0.150
2026-04-20 12:37:37,511 [INFO] 逼空=10 | 做空=12(HOLD) | 离场紧迫=0 | 持仓=False | 大单净=12411330.0 | 卖深=4300.0 | 失衡=-0.150
2026-04-20 12:38:37,728 [INFO] 逼空=10 | 做空=12(HOLD) | 离场紧迫=0 | 持仓=False | 大单净=12411330.0 | 卖深=4300.0 | 失衡=-0.150
2026-04-20 12:39:37,945 [INFO] 逼空=10 | 做空=12(HOLD) | 离场紧迫=0 | 持仓=False | 大单净=12411330.0 | 卖深=4300.0 | 失衡=-0.156
2026-04-20 12:40:38,129 [INFO] 逼空=10 | 做空=12(HOLD) | 离场紧迫=0 | 持仓=False | 大单净=12411330.0 | 卖深=4300.0 | 失衡=-0.156
2026-04-20 12:41:38,322 [INFO] 逼空=10 | 做空=12(HOLD) | 离场紧迫=0 | 持仓=False | 大单净=12411330.0 | 卖深=4300.0 | 失衡=-0.172
2026-04-20 12:42:38,507 [INFO] 逼空=10 | 做空=12(HOLD) | 离场紧迫=0 | 持仓=False | 大单净=12411330.0 | 卖深=4300.0 | 失衡=-0.172
2026-04-20 12:43:38,682 [INFO] 逼空=10 | 做空=12(HOLD) | 离场紧迫=0 | 持仓=False | 大单净=12411330.0 | 卖深=4300.0 | 失衡=-0.172
2026-04-20 12:44:38,868 [INFO] 逼空=10 | 做空=12(HOLD) | 离场紧迫=0 | 持仓=False | 大单净=12411330.0 | 卖深=4300.0 | 失衡=-0.172
2026-04-20 12:45:39,062 [INFO] 逼空=10 | 做空=12(HOLD) | 离场紧迫=0 | 持仓=False | 大单净=12411330.0 | 卖深=4300.0 | 失衡=-0.172
2026-04-20 12:46:39,254 [INFO] 逼空=10 | 做空=12(HOLD) | 离场紧迫=0 | 持仓=False | 大单净=12411330.0 | 卖深=4300.0 | 失衡=-0.172
2026-04-20 12:47:39,479 [INFO] 逼空=10 | 做空=12(HOLD) | 离场紧迫=0 | 持仓=False | 大单净=12411330.0 | 卖深=4300.0 | 失衡=-0.172
2026-04-20 12:48:39,700 [INFO] 逼空=10 | 做空=12(HOLD) | 离场紧迫=0 | 持仓=False | 大单净=12411330.0 | 卖深=4300.0 | 失衡=-0.172
2026-04-20 12:49:39,918 [INFO] 逼空=10 | 做空=12(HOLD) | 离场紧迫=0 | 持仓=False | 大单净=12411330.0 | 卖深=4300.0 | 失衡=-0.188
2026-04-20 12:50:40,129 [INFO] 逼空=10 | 做空=12(HOLD) | 离场紧迫=0 | 持仓=False | 大单净=12411330.0 | 卖深=4300.0 | 失衡=-0.188
2026-04-20 12:51:40,319 [INFO] 逼空=10 | 做空=12(HOLD) | 离场紧迫=0 | 持仓=False | 大单净=12411330.0 | 卖深=4300.0 | 失衡=-0.188
2026-04-20 12:52:40,504 [INFO] 逼空=10 | 做空=12(HOLD) | 离场紧迫=0 | 持仓=False | 大单净=12411330.0 | 卖深=4300.0 | 失衡=-0.188
2026-04-20 12:53:40,694 [INFO] 逼空=10 | 做空=12(HOLD) | 离场紧迫=0 | 持仓=False | 大单净=12411330.0 | 卖深=4300.0 | 失衡=-0.188
2026-04-20 12:54:40,886 [INFO] 逼空=10 | 做空=12(HOLD) | 离场紧迫=0 | 持仓=False | 大单净=12411330.0 | 卖深=4300.0 | 失衡=-0.188
2026-04-20 12:55:41,080 [INFO] 逼空=10 | 做空=12(HOLD) | 离场紧迫=0 | 持仓=False | 大单净=12411330.0 | 卖深=4300.0 | 失衡=-0.188
2026-04-20 12:56:41,273 [INFO] 逼空=10 | 做空=12(HOLD) | 离场紧迫=0 | 持仓=False | 大单净=12411330.0 | 卖深=4300.0 | 失衡=-0.188
2026-04-20 12:57:41,461 [INFO] 逼空=10 | 做空=12(HOLD) | 离场紧迫=0 | 持仓=False | 大单净=12411330.0 | 卖深=4300.0 | 失衡=-0.191
2026-04-20 12:58:41,679 [INFO] 逼空=10 | 做空=12(HOLD) | 离场紧迫=0 | 持仓=False | 大单净=12411330.0 | 卖深=4300.0 | 失衡=-0.194
2026-04-20 12:59:41,890 [INFO] 逼空=10 | 做空=12(HOLD) | 离场紧迫=0 | 持仓=False | 大单净=12411330.0 | 卖深=4300.0 | 失衡=-0.194
2026-04-20 13:00:42,082 [WARNING] [摆盘预警] 卖盘深度骤减 65.6% (当前 1,380 vs 均值 4,008 股) [+25分]
2026-04-20 13:00:42,165 [INFO] 逼空=43 | 做空=12(BLOCKED) | 离场紧迫=0 | 持仓=False | 大单净=7349130.0 | 卖深=1380.0 | 失衡=0.674
2026-04-20 13:01:42,369 [INFO] 逼空=18 | 做空=12(HOLD) | 离场紧迫=0 | 持仓=False | 大单净=7349130.0 | 卖深=4140.0 | 失衡=0.452
2026-04-20 13:02:42,538 [INFO] 逼空=18 | 做空=12(HOLD) | 离场紧迫=0 | 持仓=False | 大单净=7349130.0 | 卖深=4300.0 | 失衡=0.326
2026-04-20 13:03:42,723 [WARNING] [摆盘预警] 卖盘深度骤减 55.7% (当前 1,660 vs 均值 3,744 股) [+25分]
2026-04-20 13:03:42,762 [INFO] 逼空=43 | 做空=12(BLOCKED) | 离场紧迫=0 | 持仓=False | 大单净=8701170.0 | 卖深=1660.0 | 失衡=0.629
2026-04-20 13:04:42,929 [WARNING] [摆盘预警] 卖盘深度骤减 39.9% (当前 2,120 vs 均值 3,526 股) [+25分]
2026-04-20 13:04:42,969 [INFO] 逼空=43 | 做空=12(BLOCKED) | 离场紧迫=0 | 持仓=False | 大单净=8701170.0 | 卖深=2120.0 | 失衡=0.591
2026-04-20 13:05:43,152 [WARNING] [摆盘预警] 卖盘深度骤减 66.9% (当前 1,060 vs 均值 3,202 股) [+25分]
2026-04-20 13:05:43,190 [INFO] 逼空=43 | 做空=12(BLOCKED) | 离场紧迫=0 | 持仓=False | 大单净=8701170.0 | 卖深=1060.0 | 失衡=0.729
2026-04-20 13:06:43,369 [WARNING] [摆盘预警] 卖盘深度骤减 63.8% (当前 1,040 vs 均值 2,876 股) [+25分]
2026-04-20 13:06:43,408 [INFO] 逼空=43 | 做空=12(BLOCKED) | 离场紧迫=0 | 持仓=False | 大单净=8701170.0 | 卖深=1040.0 | 失衡=0.749
2026-04-20 13:07:43,598 [INFO] 逼空=30 | 做空=12(BLOCKED) | 离场紧迫=0 | 持仓=False | 大单净=8701170.0 | 卖深=2080.0 | 失衡=0.621
2026-04-20 13:08:43,783 [INFO] 逼空=30 | 做空=12(BLOCKED) | 离场紧迫=0 | 持仓=False | 大单净=8701170.0 | 卖深=1680.0 | 失衡=0.574
2026-04-20 13:09:43,950 [INFO] 逼空=30 | 做空=12(BLOCKED) | 离场紧迫=0 | 持仓=False | 大单净=8701170.0 | 卖深=1500.0 | 失衡=0.618
2026-04-20 13:10:44,114 [INFO] 逼空=18 | 做空=19(HOLD) | 离场紧迫=0 | 持仓=False | 大单净=8701170.0 | 卖深=2660.0 | 失衡=0.481
2026-04-20 13:11:44,285 [INFO] 逼空=18 | 做空=31(HOLD) | 离场紧迫=0 | 持仓=False | 大单净=8701170.0 | 卖深=3120.0 | 失衡=0.432
2026-04-20 13:12:44,468 [INFO] 逼空=18 | 做空=31(HOLD) | 离场紧迫=0 | 持仓=False | 大单净=8701170.0 | 卖深=2860.0 | 失衡=0.428
2026-04-20 13:16:37,799 [INFO] 启动监控: HK.00100，实时轮询 60s
2026-04-20 13:16:37,799 [INFO] 提示：启动后输入 'p' 回车可切换持仓状态（标记是否持有空仓）
2026-04-20 13:16:38,330 [INFO] 逼空=10 | 做空=24(HOLD) | 离场紧迫=0 | 持仓=False | 大单净=8701170.0 | 卖深=3400.0 | 失衡=-0.079
2026-04-20 13:17:38,633 [INFO] 逼空=10 | 做空=57(ENTRY) | 离场紧迫=0 | 持仓=False | 大单净=8701170.0 | 卖深=16580.0 | 失衡=-0.695
2026-04-20 13:18:38,940 [INFO] 逼空=10 | 做空=57(ENTRY) | 离场紧迫=0 | 持仓=False | 大单净=8701170.0 | 卖深=15820.0 | 失衡=-0.598
2026-04-20 13:19:39,171 [INFO] 逼空=10 | 做空=57(ENTRY) | 离场紧迫=0 | 持仓=False | 大单净=8701170.0 | 卖深=16620.0 | 失衡=-0.753
2026-04-20 13:20:39,380 [INFO] 逼空=10 | 做空=57(ENTRY) | 离场紧迫=0 | 持仓=False | 大单净=8701170.0 | 卖深=15560.0 | 失衡=-0.598
2026-04-20 13:21:39,546 [INFO] 逼空=10 | 做空=44(CAUTION) | 离场紧迫=0 | 持仓=False | 大单净=8701170.0 | 卖深=14380.0 | 失衡=-0.668
2026-04-20 13:22:39,711 [INFO] 逼空=10 | 做空=44(CAUTION) | 离场紧迫=0 | 持仓=False | 大单净=8701170.0 | 卖深=15800.0 | 失衡=-0.746
2026-04-20 13:23:39,876 [INFO] 逼空=10 | 做空=32(HOLD) | 离场紧迫=0 | 持仓=False | 大单净=7587650.0 | 卖深=14860.0 | 失衡=-0.799
2026-04-20 13:26:05,429 [INFO] 启动监控: HK.00100，实时轮询 60s
2026-04-20 13:26:05,429 [INFO] 提示：启动后输入 'p' 回车可切换持仓状态（标记是否持有空仓）
2026-04-20 13:26:05,616 [INFO] 逼空=10 | 做空=32(HOLD) | 离场紧迫=0 | 持仓=False | 大单净=7587650.0 | 卖深=14740.0 | 失衡=-0.609
2026-04-20 13:27:05,790 [INFO] 逼空=10 | 做空=39(CAUTION) | 离场紧迫=0 | 持仓=False | 大单净=7587650.0 | 卖深=14120.0 | 失衡=-0.714
2026-04-20 13:28:05,964 [INFO] 逼空=10 | 做空=42(CAUTION) | 离场紧迫=0 | 持仓=False | 大单净=7587650.0 | 卖深=15460.0 | 失衡=-0.720
2026-04-20 13:29:06,144 [INFO] 逼空=10 | 做空=32(HOLD) | 离场紧迫=0 | 持仓=False | 大单净=7587650.0 | 卖深=15760.0 | 失衡=-0.753
2026-04-20 14:41:11,532 [INFO] 启动监控: HK.00100，实时轮询 60s
2026-04-20 14:41:11,533 [INFO] 提示：启动后输入 'p' 回车可切换持仓状态（标记是否持有空仓）
2026-04-20 14:41:11,750 [INFO] 逼空=8 | 做空=62(ENTRY) | 离场紧迫=0 | 持仓=False | 大单净=-2029250.0 | 卖深=5320.0 | 失衡=0.086
2026-04-20 14:42:11,927 [INFO] 逼空=8 | 做空=49(CAUTION) | 离场紧迫=0 | 持仓=False | 大单净=-2029250.0 | 卖深=5080.0 | 失衡=0.269
2026-04-20 14:43:12,114 [INFO] 逼空=8 | 做空=39(CAUTION) | 离场紧迫=0 | 持仓=False | 大单净=-4664750.0 | 卖深=4940.0 | 失衡=0.290
2026-04-20 14:44:12,295 [INFO] 逼空=8 | 做空=39(CAUTION) | 离场紧迫=0 | 持仓=False | 大单净=-6069550.0 | 卖深=5160.0 | 失衡=0.147
2026-04-20 14:45:12,475 [INFO] 逼空=8 | 做空=27(HOLD) | 离场紧迫=0 | 持仓=False | 大单净=-7123150.0 | 卖深=4820.0 | 失衡=0.237
2026-04-20 14:46:12,652 [INFO] 逼空=8 | 做空=27(HOLD) | 离场紧迫=0 | 持仓=False | 大单净=-7123150.0 | 卖深=4700.0 | 失衡=0.198
2026-04-20 14:47:12,835 [INFO] 逼空=8 | 做空=27(HOLD) | 离场紧迫=0 | 持仓=False | 大单净=-7123150.0 | 卖深=4680.0 | 失衡=0.221
2026-04-20 14:48:13,004 [INFO] 逼空=8 | 做空=27(HOLD) | 离场紧迫=0 | 持仓=False | 大单净=-7123150.0 | 卖深=3620.0 | 失衡=0.285
2026-04-20 14:49:13,188 [WARNING] [摆盘预警] 卖盘深度骤减 39.9% (当前 2,620 vs 均值 4,360 股) [+25分]
2026-04-20 14:49:13,217 [INFO] 逼空=33 | 做空=12(BLOCKED) | 离场紧迫=0 | 持仓=False | 大单净=-7123150.0 | 卖深=2620.0 | 失衡=0.485
2026-04-20 14:50:13,433 [WARNING] [摆盘预警] 卖盘深度骤减 45.7% (当前 2,360 vs 均值 4,346 股) [+25分]
2026-04-20 14:50:13,480 [INFO] 逼空=33 | 做空=12(BLOCKED) | 离场紧迫=0 | 持仓=False | 大单净=-7123150.0 | 卖深=2360.0 | 失衡=0.637
2026-04-20 14:51:13,654 [WARNING] [摆盘预警] 卖盘深度骤减 45.5% (当前 2,280 vs 均值 4,186 股) [+25分]
2026-04-20 14:51:13,683 [INFO] 逼空=33 | 做空=12(BLOCKED) | 离场紧迫=0 | 持仓=False | 大单净=-7123150.0 | 卖深=2280.0 | 失衡=0.504
2026-04-20 14:52:13,862 [INFO] 逼空=8 | 做空=27(HOLD) | 离场紧迫=0 | 持仓=False | 大单净=-7123150.0 | 卖深=3500.0 | 失衡=0.255
2026-04-20 14:53:14,037 [INFO] 逼空=8 | 做空=27(HOLD) | 离场紧迫=0 | 持仓=False | 大单净=-7123150.0 | 卖深=3540.0 | 失衡=0.352
2026-04-20 14:54:14,212 [INFO] 逼空=8 | 做空=37(CAUTION) | 离场紧迫=0 | 持仓=False | 大单净=-7123150.0 | 卖深=5080.0 | 失衡=0.179
2026-04-20 14:55:14,380 [WARNING] [摆盘预警] 卖盘深度骤减 40.2% (当前 2,180 vs 均值 3,644 股) [+25分]
2026-04-20 14:55:14,408 [INFO] 逼空=33 | 做空=12(BLOCKED) | 离场紧迫=0 | 持仓=False | 大单净=-7123150.0 | 卖深=2180.0 | 失衡=0.567
2026-04-20 14:56:14,603 [INFO] 逼空=20 | 做空=34(CAUTION) | 离场紧迫=0 | 持仓=False | 大单净=-7123150.0 | 卖深=2640.0 | 失衡=0.465
2026-04-20 14:57:14,776 [INFO] 逼空=8 | 做空=27(HOLD) | 离场紧迫=0 | 持仓=False | 大单净=-7123150.0 | 卖深=3400.0 | 失衡=0.298
2026-04-20 14:58:14,949 [INFO] 逼空=8 | 做空=27(HOLD) | 离场紧迫=0 | 持仓=False | 大单净=-7123150.0 | 卖深=3180.0 | 失衡=0.307
2026-04-20 14:59:15,157 [INFO] 逼空=8 | 做空=52(CAUTION) | 离场紧迫=0 | 持仓=False | 大单净=-7123150.0 | 卖深=5840.0 | 失衡=-0.079
2026-04-20 15:00:15,364 [INFO] 逼空=0 | 做空=52(CAUTION) | 离场紧迫=0 | 持仓=False | 大单净=-7123150.0 | 卖深=6920.0 | 失衡=-0.140
2026-04-20 15:01:15,540 [INFO] 逼空=0 | 做空=39(CAUTION) | 离场紧迫=0 | 持仓=False | 大单净=-7123150.0 | 卖深=5700.0 | 失衡=0.066
2026-04-20 15:02:15,745 [INFO] 逼空=0 | 做空=52(CAUTION) | 离场紧迫=0 | 持仓=False | 大单净=-7123150.0 | 卖深=7420.0 | 失衡=-0.145
2026-04-20 15:03:15,960 [INFO] 逼空=0 | 做空=52(CAUTION) | 离场紧迫=0 | 持仓=False | 大单净=-7123150.0 | 卖深=8160.0 | 失衡=-0.265
2026-04-20 15:04:16,143 [INFO] 逼空=0 | 做空=59(ENTRY) | 离场紧迫=0 | 持仓=False | 大单净=-7123150.0 | 卖深=7080.0 | 失衡=-0.536
2026-04-20 15:05:16,321 [INFO] 逼空=0 | 做空=44(CAUTION) | 离场紧迫=0 | 持仓=False | 大单净=-7123150.0 | 卖深=7140.0 | 失衡=0.011
2026-04-20 15:06:16,506 [INFO] 逼空=0 | 做空=39(CAUTION) | 离场紧迫=0 | 持仓=False | 大单净=-7123150.0 | 卖深=8180.0 | 失衡=-0.221
2026-04-20 15:07:16,679 [INFO] 逼空=0 | 做空=27(HOLD) | 离场紧迫=0 | 持仓=False | 大单净=-7123150.0 | 卖深=8020.0 | 失衡=-0.202
2026-04-20 15:08:16,862 [INFO] 逼空=0 | 做空=64(ENTRY) | 离场紧迫=0 | 持仓=False | 大单净=-7123150.0 | 卖深=8780.0 | 失衡=-0.349
2026-04-20 15:09:17,038 [WARNING] [摆盘预警] 卖盘深度骤减 47.0% (当前 3,720 vs 均值 7,016 股) [+25分]
2026-04-20 15:09:17,067 [INFO] 逼空=25 | 做空=27(HOLD) | 离场紧迫=0 | 持仓=False | 大单净=-5554350.0 | 卖深=3720.0 | 失衡=0.084
2026-04-20 15:10:17,241 [WARNING] [摆盘预警] 卖盘深度骤减 41.3% (当前 3,960 vs 均值 6,751 股) [+25分]
2026-04-20 15:10:17,269 [INFO] 逼空=25 | 做空=27(HOLD) | 离场紧迫=0 | 持仓=False | 大单净=-5554350.0 | 卖深=3960.0 | 失衡=0.064
2026-04-20 15:11:17,446 [WARNING] [摆盘预警] 卖盘深度骤减 36.1% (当前 4,260 vs 均值 6,671 股) [+25分]
2026-04-20 15:11:17,476 [INFO] 逼空=25 | 做空=27(HOLD) | 离场紧迫=0 | 持仓=False | 大单净=-5554350.0 | 卖深=4260.0 | 失衡=-0.031
2026-04-20 15:12:17,662 [INFO] 逼空=0 | 做空=37(CAUTION) | 离场紧迫=0 | 持仓=False | 大单净=-5554350.0 | 卖深=5460.0 | 失衡=-0.261
2026-04-20 15:13:17,839 [INFO] 逼空=12 | 做空=44(CAUTION) | 离场紧迫=0 | 持仓=False | 大单净=-5554350.0 | 卖深=5060.0 | 失衡=-0.079
2026-04-20 15:14:18,014 [INFO] 逼空=0 | 做空=42(CAUTION) | 离场紧迫=0 | 持仓=False | 大单净=-5554350.0 | 卖深=6180.0 | 失衡=-0.231
2026-04-20 15:15:18,206 [INFO] 逼空=12 | 做空=44(CAUTION) | 离场紧迫=0 | 持仓=False | 大单净=-4491750.0 | 卖深=4740.0 | 失衡=0.174
2026-04-20 15:16:18,382 [INFO] 逼空=0 | 做空=34(CAUTION) | 离场紧迫=0 | 持仓=False | 大单净=-3286110.0 | 卖深=4780.0 | 失衡=0.048
2026-04-20 15:17:18,555 [INFO] 逼空=0 | 做空=27(HOLD) | 离场紧迫=0 | 持仓=False | 大单净=-3286110.0 | 卖深=5740.0 | 失衡=0.057
2026-04-20 15:18:18,731 [INFO] 逼空=0 | 做空=47(CAUTION) | 离场紧迫=0 | 持仓=False | 大单净=-3286110.0 | 卖深=8080.0 | 失衡=-0.626
2026-04-20 15:19:18,902 [INFO] 逼空=0 | 做空=47(CAUTION) | 离场紧迫=0 | 持仓=False | 大单净=-2089490.0 | 卖深=5780.0 | 失衡=-0.505
2026-04-20 15:20:19,094 [INFO] 逼空=0 | 做空=72(ENTRY) | 离场紧迫=0 | 持仓=False | 大单净=-388990.0 | 卖深=25360.0 | 失衡=-0.717
2026-04-20 15:21:19,296 [INFO] 逼空=0 | 做空=72(ENTRY) | 离场紧迫=0 | 持仓=False | 大单净=-388990.0 | 卖深=20500.0 | 失衡=-0.639
2026-04-20 15:22:19,463 [WARNING] [资金反转] 大单净流入反转：连续 2 轮正值 累计 +399.9 万港元 [+25分]
2026-04-20 15:22:19,492 [WARNING] [摆盘预警] 卖盘深度骤减 64.5% (当前 3,240 vs 均值 9,115 股) [+25分]
2026-04-20 15:22:19,522 [INFO] 逼空=50 | 做空=12(BLOCKED) | 离场紧迫=0 | 持仓=False | 大单净=1999690.0 | 卖深=3240.0 | 失衡=-0.038
2026-04-20 15:23:19,710 [WARNING] [资金反转] 大单净流入反转：连续 2 轮正值 累计 +399.9 万港元 [+25分]
2026-04-20 15:23:19,739 [WARNING] [摆盘预警] 卖盘深度骤减 53.4% (当前 4,180 vs 均值 8,967 股) [+25分]
2026-04-20 15:23:19,768 [INFO] 逼空=50 | 做空=12(BLOCKED) | 离场紧迫=0 | 持仓=False | 大单净=1999690.0 | 卖深=4180.0 | 失衡=-0.462
2026-04-20 15:24:19,944 [WARNING] [资金反转] 大单净流入反转：连续 2 轮正值 累计 +399.9 万港元 [+25分]
2026-04-20 15:24:19,973 [WARNING] [摆盘预警] 卖盘深度骤减 51.8% (当前 4,240 vs 均值 8,795 股) [+25分]
2026-04-20 15:24:20,002 [INFO] 逼空=50 | 做空=12(BLOCKED) | 离场紧迫=0 | 持仓=False | 大单净=1999690.0 | 卖深=4240.0 | 失衡=0.088
2026-04-20 15:25:20,175 [WARNING] [资金反转] 大单净流入反转：连续 2 轮正值 累计 +712.7 万港元 [+25分]
2026-04-20 15:25:20,204 [WARNING] [摆盘预警] 卖盘深度骤减 42.7% (当前 5,260 vs 均值 9,186 股) [+25分]
2026-04-20 15:25:20,233 [INFO] 逼空=58 | 做空=12(BLOCKED) | 离场紧迫=0 | 持仓=False | 大单净=5127210.0 | 卖深=5260.0 | 失衡=-0.223
2026-04-20 15:26:20,418 [INFO] 逼空=22 | 做空=19(HOLD) | 离场紧迫=0 | 持仓=False | 大单净=5127210.0 | 卖深=6640.0 | 失衡=-0.289
2026-04-20 15:27:20,593 [INFO] 逼空=10 | 做空=20(HOLD) | 离场紧迫=0 | 持仓=False | 大单净=6728810.0 | 卖深=11120.0 | 失衡=-0.337
2026-04-20 15:28:20,823 [INFO] 逼空=10 | 做空=57(ENTRY) | 离场紧迫=0 | 持仓=False | 大单净=6728810.0 | 卖深=22160.0 | 失衡=-0.692
2026-04-20 15:29:21,026 [INFO] 逼空=10 | 做空=57(ENTRY) | 离场紧迫=0 | 持仓=False | 大单净=8260970.0 | 卖深=29860.0 | 失衡=-0.742
2026-04-20 15:30:21,195 [WARNING] [摆盘预警] 卖盘深度骤减 79.5% (当前 2,640 vs 均值 12,854 股) [+25分]
2026-04-20 15:30:21,224 [INFO] 逼空=35 | 做空=12(BLOCKED) | 离场紧迫=0 | 持仓=False | 大单净=5927410.0 | 卖深=2640.0 | 失衡=-0.056
2026-04-20 15:31:21,398 [WARNING] [摆盘预警] 卖盘深度骤减 45.1% (当前 6,040 vs 均值 10,996 股) [+25分]
2026-04-20 15:31:21,427 [INFO] 逼空=35 | 做空=12(BLOCKED) | 离场紧迫=0 | 持仓=False | 大单净=7125310.0 | 卖深=6040.0 | 失衡=-0.277
2026-04-20 15:32:21,610 [WARNING] [摆盘预警] 卖盘深度骤减 68.8% (当前 3,220 vs 均值 10,312 股) [+25分]
2026-04-20 15:32:21,643 [INFO] 逼空=35 | 做空=12(BLOCKED) | 离场紧迫=0 | 持仓=False | 大单净=7125310.0 | 卖深=3220.0 | 失衡=-0.022
2026-04-20 15:33:21,830 [WARNING] [摆盘预警] 卖盘深度骤减 65.9% (当前 3,500 vs 均值 10,279 股) [+25分]
2026-04-20 15:33:21,859 [INFO] 逼空=35 | 做空=12(BLOCKED) | 离场紧迫=0 | 持仓=False | 大单净=7125310.0 | 卖深=3500.0 | 失衡=0.169
2026-04-20 15:34:22,034 [WARNING] [摆盘预警] 卖盘深度骤减 45.8% (当前 5,620 vs 均值 10,373 股) [+25分]
2026-04-20 15:34:22,062 [INFO] 逼空=35 | 做空=12(BLOCKED) | 离场紧迫=0 | 持仓=False | 大单净=7125310.0 | 卖深=5620.0 | 失衡=-0.183
2026-04-20 15:35:22,254 [WARNING] [摆盘预警] 卖盘深度骤减 52.3% (当前 4,800 vs 均值 10,058 股) [+25分]
2026-04-20 15:35:22,284 [INFO] 逼空=35 | 做空=12(BLOCKED) | 离场紧迫=0 | 持仓=False | 大单净=8643190.0 | 卖深=4800.0 | 失衡=0.010
2026-04-20 15:36:22,453 [WARNING] [摆盘预警] 卖盘深度骤减 38.3% (当前 6,240 vs 均值 10,119 股) [+25分]
2026-04-20 15:36:22,482 [INFO] 逼空=35 | 做空=12(BLOCKED) | 离场紧迫=0 | 持仓=False | 大单净=8643190.0 | 卖深=6240.0 | 失衡=-0.325
2026-04-20 15:37:22,669 [WARNING] [摆盘预警] 卖盘深度骤减 30.1% (当前 6,920 vs 均值 9,902 股) [+25分]
2026-04-20 15:37:22,699 [INFO] 逼空=35 | 做空=12(BLOCKED) | 离场紧迫=0 | 持仓=False | 大单净=8643190.0 | 卖深=6920.0 | 失衡=-0.289
2026-04-20 15:38:22,876 [INFO] 逼空=10 | 做空=37(CAUTION) | 离场紧迫=0 | 持仓=False | 大单净=8643190.0 | 卖深=7180.0 | 失衡=-0.375
2026-04-20 15:39:23,051 [INFO] 逼空=10 | 做空=49(CAUTION) | 离场紧迫=0 | 持仓=False | 大单净=8643190.0 | 卖深=7640.0 | 失衡=-0.389
2026-04-20 15:40:23,225 [INFO] 逼空=10 | 做空=39(CAUTION) | 离场紧迫=0 | 持仓=False | 大单净=8643190.0 | 卖深=7380.0 | 失衡=-0.364
2026-04-20 15:41:23,412 [INFO] 逼空=10 | 做空=29(HOLD) | 离场紧迫=0 | 持仓=False | 大单净=8643190.0 | 卖深=6880.0 | 失衡=-0.226
2026-04-20 15:42:23,597 [INFO] 逼空=10 | 做空=12(HOLD) | 离场紧迫=0 | 持仓=False | 大单净=8643190.0 | 卖深=5660.0 | 失衡=-0.068
2026-04-20 15:43:23,811 [INFO] 逼空=10 | 做空=45(CAUTION) | 离场紧迫=0 | 持仓=False | 大单净=8643190.0 | 卖深=15500.0 | 失衡=-0.399
2026-04-20 15:44:24,013 [INFO] 逼空=10 | 做空=45(CAUTION) | 离场紧迫=0 | 持仓=False | 大单净=8643190.0 | 卖深=14480.0 | 失衡=-0.618
2026-04-20 15:45:24,213 [INFO] 逼空=10 | 做空=57(ENTRY) | 离场紧迫=0 | 持仓=False | 大单净=8643190.0 | 卖深=14820.0 | 失衡=-0.625
2026-04-20 15:46:24,384 [INFO] 逼空=10 | 做空=54(CAUTION) | 离场紧迫=0 | 持仓=False | 大单净=8643190.0 | 卖深=15800.0 | 失衡=-0.654
2026-04-20 15:47:24,589 [INFO] 逼空=10 | 做空=57(ENTRY) | 离场紧迫=0 | 持仓=False | 大单净=8643190.0 | 卖深=18600.0 | 失衡=-0.379
2026-04-20 15:48:24,832 [INFO] 逼空=10 | 做空=24(HOLD) | 离场紧迫=0 | 持仓=False | 大单净=8643190.0 | 卖深=17160.0 | 失衡=-0.259
2026-04-20 15:49:25,008 [INFO] 逼空=10 | 做空=32(HOLD) | 离场紧迫=0 | 持仓=False | 大单净=8643190.0 | 卖深=18080.0 | 失衡=-0.304
2026-04-20 15:50:25,184 [INFO] 逼空=10 | 做空=54(CAUTION) | 离场紧迫=0 | 持仓=False | 大单净=4312510.0 | 卖深=18420.0 | 失衡=-0.613
2026-04-20 15:51:25,350 [INFO] 逼空=10 | 做空=42(CAUTION) | 离场紧迫=0 | 持仓=False | 大单净=4312510.0 | 卖深=18500.0 | 失衡=-0.655
2026-04-20 15:52:25,541 [INFO] 逼空=10 | 做空=32(HOLD) | 离场紧迫=0 | 持仓=False | 大单净=2770610.0 | 卖深=20720.0 | 失衡=-0.638
2026-04-20 15:53:25,716 [INFO] 逼空=10 | 做空=44(CAUTION) | 离场紧迫=0 | 持仓=False | 大单净=2770610.0 | 卖深=26560.0 | 失衡=-0.753
2026-04-20 15:54:25,892 [INFO] 逼空=10 | 做空=32(HOLD) | 离场紧迫=0 | 持仓=False | 大单净=2770610.0 | 卖深=23380.0 | 失衡=-0.709
2026-04-20 15:55:26,074 [INFO] 逼空=10 | 做空=32(HOLD) | 离场紧迫=0 | 持仓=False | 大单净=2770610.0 | 卖深=23280.0 | 失衡=-0.692
2026-04-20 15:56:26,249 [INFO] 逼空=10 | 做空=32(HOLD) | 离场紧迫=0 | 持仓=False | 大单净=2770610.0 | 卖深=24120.0 | 失衡=-0.729
2026-04-20 15:57:26,430 [INFO] 逼空=10 | 做空=32(HOLD) | 离场紧迫=0 | 持仓=False | 大单净=1117140.0 | 卖深=27000.0 | 失衡=-0.724
2026-04-20 15:58:26,613 [INFO] 逼空=10 | 做空=44(CAUTION) | 离场紧迫=0 | 持仓=False | 大单净=1117140.0 | 卖深=33680.0 | 失衡=-0.722
2026-04-20 15:59:26,794 [INFO] 逼空=10 | 做空=32(HOLD) | 离场紧迫=0 | 持仓=False | 大单净=1117140.0 | 卖深=22040.0 | 失衡=-0.779
2026-04-20 16:00:26,972 [INFO] 逼空=22 | 做空=32(HOLD) | 离场紧迫=0 | 持仓=False | 大单净=3082740.0 | 卖深=18660.0 | 失衡=-0.793
2026-04-20 16:01:27,153 [INFO] 逼空=10 | 做空=44(CAUTION) | 离场紧迫=0 | 持仓=False | 大单净=3082740.0 | 卖深=40200.0 | 失衡=-0.443
2026-04-20 16:02:27,323 [INFO] 逼空=10 | 做空=44(CAUTION) | 离场紧迫=0 | 持仓=False | 大单净=3082740.0 | 卖深=41540.0 | 失衡=-0.435
2026-04-20 16:03:27,510 [INFO] 逼空=10 | 做空=44(CAUTION) | 离场紧迫=0 | 持仓=False | 大单净=3082740.0 | 卖深=42940.0 | 失衡=-0.453
2026-04-20 16:04:27,686 [INFO] 逼空=10 | 做空=44(CAUTION) | 离场紧迫=0 | 持仓=False | 大单净=3082740.0 | 卖深=43920.0 | 失衡=-0.459
2026-04-20 16:05:27,853 [INFO] 逼空=10 | 做空=32(HOLD) | 离场紧迫=0 | 持仓=False | 大单净=3082740.0 | 卖深=44580.0 | 失衡=-0.463
2026-04-20 16:06:28,034 [INFO] 逼空=10 | 做空=32(HOLD) | 离场紧迫=0 | 持仓=False | 大单净=3082740.0 | 卖深=46200.0 | 失衡=-0.477
2026-04-20 16:07:28,213 [INFO] 逼空=10 | 做空=32(HOLD) | 离场紧迫=0 | 持仓=False | 大单净=3082740.0 | 卖深=46920.0 | 失衡=-0.478
2026-04-20 16:08:28,388 [INFO] 逼空=10 | 做空=32(HOLD) | 离场紧迫=0 | 持仓=False | 大单净=3082740.0 | 卖深=51160.0 | 失衡=-0.468
2026-04-20 16:09:28,573 [INFO] 逼空=10 | 做空=32(HOLD) | 离场紧迫=0 | 持仓=False | 大单净=3082740.0 | 卖深=34500.0 | 失衡=-0.896
2026-04-20 16:10:28,749 [INFO] 逼空=10 | 做空=32(HOLD) | 离场紧迫=0 | 持仓=False | 大单净=3082740.0 | 卖深=34500.0 | 失衡=-0.896
2026-04-20 16:11:28,950 [INFO] 逼空=10 | 做空=32(HOLD) | 离场紧迫=0 | 持仓=False | 大单净=3082740.0 | 卖深=34500.0 | 失衡=-0.896
2026-04-20 16:12:29,125 [INFO] 逼空=10 | 做空=32(HOLD) | 离场紧迫=0 | 持仓=False | 大单净=3082740.0 | 卖深=34500.0 | 失衡=-0.896
2026-04-20 16:13:29,312 [INFO] 逼空=10 | 做空=32(HOLD) | 离场紧迫=0 | 持仓=False | 大单净=3082740.0 | 卖深=34500.0 | 失衡=-0.896
2026-04-20 16:14:29,488 [INFO] 逼空=10 | 做空=32(HOLD) | 离场紧迫=0 | 持仓=False | 大单净=3082740.0 | 卖深=34500.0 | 失衡=-0.896
2026-04-20 16:15:29,676 [INFO] 逼空=10 | 做空=32(HOLD) | 离场紧迫=0 | 持仓=False | 大单净=3082740.0 | 卖深=34500.0 | 失衡=-0.896
2026-04-20 16:16:29,854 [INFO] 逼空=10 | 做空=32(HOLD) | 离场紧迫=0 | 持仓=False | 大单净=3082740.0 | 卖深=34500.0 | 失衡=-0.896
2026-04-20 16:17:30,027 [INFO] 逼空=10 | 做空=32(HOLD) | 离场紧迫=0 | 持仓=False | 大单净=3082740.0 | 卖深=34500.0 | 失衡=-0.896
2026-04-20 16:18:30,210 [INFO] 逼空=10 | 做空=32(HOLD) | 离场紧迫=0 | 持仓=False | 大单净=3082740.0 | 卖深=34500.0 | 失衡=-0.896
2026-04-20 16:19:30,388 [INFO] 逼空=10 | 做空=32(HOLD) | 离场紧迫=0 | 持仓=False | 大单净=3082740.0 | 卖深=34500.0 | 失衡=-0.896
2026-04-20 16:20:30,577 [INFO] 逼空=10 | 做空=32(HOLD) | 离场紧迫=0 | 持仓=False | 大单净=3082740.0 | 卖深=34500.0 | 失衡=-0.896
2026-04-20 16:21:30,759 [INFO] 逼空=10 | 做空=32(HOLD) | 离场紧迫=0 | 持仓=False | 大单净=3082740.0 | 卖深=34500.0 | 失衡=-0.896
2026-04-20 16:22:30,935 [INFO] 逼空=10 | 做空=32(HOLD) | 离场紧迫=0 | 持仓=False | 大单净=3082740.0 | 卖深=34500.0 | 失衡=-0.896
2026-04-20 16:23:31,147 [INFO] 逼空=10 | 做空=32(HOLD) | 离场紧迫=0 | 持仓=False | 大单净=3082740.0 | 卖深=34500.0 | 失衡=-0.896
2026-04-20 16:24:31,320 [INFO] 逼空=10 | 做空=32(HOLD) | 离场紧迫=0 | 持仓=False | 大单净=3082740.0 | 卖深=34500.0 | 失衡=-0.896
2026-04-20 16:25:31,513 [INFO] 逼空=10 | 做空=32(HOLD) | 离场紧迫=0 | 持仓=False | 大单净=3082740.0 | 卖深=34500.0 | 失衡=-0.896
2026-04-20 16:26:31,688 [INFO] 逼空=10 | 做空=32(HOLD) | 离场紧迫=0 | 持仓=False | 大单净=3082740.0 | 卖深=34500.0 | 失衡=-0.896
2026-04-20 16:27:31,879 [INFO] 逼空=10 | 做空=32(HOLD) | 离场紧迫=0 | 持仓=False | 大单净=3082740.0 | 卖深=34500.0 | 失衡=-0.896
2026-04-20 16:28:32,062 [INFO] 逼空=10 | 做空=32(HOLD) | 离场紧迫=0 | 持仓=False | 大单净=3082740.0 | 卖深=34500.0 | 失衡=-0.896
2026-04-20 16:29:32,235 [INFO] 逼空=10 | 做空=32(HOLD) | 离场紧迫=0 | 持仓=False | 大单净=3082740.0 | 卖深=34500.0 | 失衡=-0.896
2026-04-20 16:30:32,414 [INFO] 逼空=10 | 做空=32(HOLD) | 离场紧迫=0 | 持仓=False | 大单净=3082740.0 | 卖深=34500.0 | 失衡=-0.896
2026-04-20 16:31:32,593 [INFO] 逼空=10 | 做空=32(HOLD) | 离场紧迫=0 | 持仓=False | 大单净=3082740.0 | 卖深=34500.0 | 失衡=-0.896
2026-04-20 16:32:32,763 [INFO] 逼空=10 | 做空=32(HOLD) | 离场紧迫=0 | 持仓=False | 大单净=3082740.0 | 卖深=34500.0 | 失衡=-0.896
2026-04-20 16:33:32,941 [INFO] 逼空=10 | 做空=32(HOLD) | 离场紧迫=0 | 持仓=False | 大单净=3082740.0 | 卖深=34500.0 | 失衡=-0.896
2026-04-20 16:34:33,124 [INFO] 逼空=10 | 做空=32(HOLD) | 离场紧迫=0 | 持仓=False | 大单净=3082740.0 | 卖深=34500.0 | 失衡=-0.896
2026-04-20 16:35:33,311 [INFO] 逼空=10 | 做空=32(HOLD) | 离场紧迫=0 | 持仓=False | 大单净=3082740.0 | 卖深=34500.0 | 失衡=-0.896
2026-04-20 16:36:33,487 [INFO] 逼空=10 | 做空=32(HOLD) | 离场紧迫=0 | 持仓=False | 大单净=3082740.0 | 卖深=34500.0 | 失衡=-0.896
2026-04-20 16:37:33,672 [INFO] 逼空=10 | 做空=32(HOLD) | 离场紧迫=0 | 持仓=False | 大单净=3082740.0 | 卖深=34500.0 | 失衡=-0.896
2026-04-20 16:38:33,853 [INFO] 逼空=10 | 做空=32(HOLD) | 离场紧迫=0 | 持仓=False | 大单净=3082740.0 | 卖深=34500.0 | 失衡=-0.896
2026-04-20 16:39:34,018 [INFO] 逼空=10 | 做空=32(HOLD) | 离场紧迫=0 | 持仓=False | 大单净=3082740.0 | 卖深=34500.0 | 失衡=-0.896
2026-04-20 16:40:34,184 [INFO] 逼空=10 | 做空=32(HOLD) | 离场紧迫=0 | 持仓=False | 大单净=3082740.0 | 卖深=34500.0 | 失衡=-0.896
2026-04-20 16:41:34,355 [INFO] 逼空=10 | 做空=32(HOLD) | 离场紧迫=0 | 持仓=False | 大单净=3082740.0 | 卖深=34500.0 | 失衡=-0.896
2026-04-20 16:42:34,522 [INFO] 逼空=10 | 做空=32(HOLD) | 离场紧迫=0 | 持仓=False | 大单净=3082740.0 | 卖深=34500.0 | 失衡=-0.896
2026-04-20 16:43:34,689 [INFO] 逼空=10 | 做空=32(HOLD) | 离场紧迫=0 | 持仓=False | 大单净=3082740.0 | 卖深=34500.0 | 失衡=-0.896
2026-04-20 16:44:34,855 [INFO] 逼空=10 | 做空=32(HOLD) | 离场紧迫=0 | 持仓=False | 大单净=3082740.0 | 卖深=34500.0 | 失衡=-0.896
2026-04-20 16:45:35,033 [INFO] 逼空=10 | 做空=32(HOLD) | 离场紧迫=0 | 持仓=False | 大单净=3082740.0 | 卖深=34500.0 | 失衡=-0.896
2026-04-20 16:46:35,210 [INFO] 逼空=10 | 做空=32(HOLD) | 离场紧迫=0 | 持仓=False | 大单净=3082740.0 | 卖深=34500.0 | 失衡=-0.896
2026-04-20 16:47:35,389 [INFO] 逼空=10 | 做空=32(HOLD) | 离场紧迫=0 | 持仓=False | 大单净=3082740.0 | 卖深=34500.0 | 失衡=-0.896
2026-04-20 16:48:35,569 [INFO] 逼空=10 | 做空=32(HOLD) | 离场紧迫=0 | 持仓=False | 大单净=3082740.0 | 卖深=34500.0 | 失衡=-0.896
2026-04-20 16:49:35,758 [INFO] 逼空=10 | 做空=32(HOLD) | 离场紧迫=0 | 持仓=False | 大单净=3082740.0 | 卖深=34500.0 | 失衡=-0.896
2026-04-20 16:50:35,933 [INFO] 逼空=10 | 做空=32(HOLD) | 离场紧迫=0 | 持仓=False | 大单净=3082740.0 | 卖深=34500.0 | 失衡=-0.896
2026-04-20 16:51:36,113 [INFO] 逼空=10 | 做空=32(HOLD) | 离场紧迫=0 | 持仓=False | 大单净=3082740.0 | 卖深=34500.0 | 失衡=-0.896
2026-04-20 16:52:36,286 [INFO] 逼空=10 | 做空=32(HOLD) | 离场紧迫=0 | 持仓=False | 大单净=3082740.0 | 卖深=34500.0 | 失衡=-0.896
2026-04-20 16:53:36,454 [INFO] 逼空=10 | 做空=32(HOLD) | 离场紧迫=0 | 持仓=False | 大单净=3082740.0 | 卖深=34500.0 | 失衡=-0.896
2026-04-20 16:54:36,631 [INFO] 逼空=10 | 做空=32(HOLD) | 离场紧迫=0 | 持仓=False | 大单净=3082740.0 | 卖深=34500.0 | 失衡=-0.896
2026-04-20 16:55:36,807 [INFO] 逼空=10 | 做空=32(HOLD) | 离场紧迫=0 | 持仓=False | 大单净=3082740.0 | 卖深=34500.0 | 失衡=-0.896
2026-04-20 16:56:36,982 [INFO] 逼空=10 | 做空=32(HOLD) | 离场紧迫=0 | 持仓=False | 大单净=3082740.0 | 卖深=34500.0 | 失衡=-0.896
2026-04-20 16:57:37,164 [INFO] 逼空=10 | 做空=32(HOLD) | 离场紧迫=0 | 持仓=False | 大单净=3082740.0 | 卖深=34500.0 | 失衡=-0.896
2026-04-20 16:58:37,336 [INFO] 逼空=10 | 做空=32(HOLD) | 离场紧迫=0 | 持仓=False | 大单净=3082740.0 | 卖深=34500.0 | 失衡=-0.896
2026-04-20 16:59:37,531 [INFO] 逼空=10 | 做空=32(HOLD) | 离场紧迫=0 | 持仓=False | 大单净=3082740.0 | 卖深=34500.0 | 失衡=-0.896
2026-04-20 17:00:39,038 [INFO] 逼空=10 | 做空=32(HOLD) | 离场紧迫=0 | 持仓=False | 大单净=3082740.0 | 卖深=34500.0 | 失衡=-0.896
2026-04-20 17:01:40,817 [INFO] 逼空=10 | 做空=32(HOLD) | 离场紧迫=0 | 持仓=False | 大单净=3082740.0 | 卖深=34500.0 | 失衡=-0.896
2026-04-20 17:02:42,544 [INFO] 逼空=10 | 做空=32(HOLD) | 离场紧迫=0 | 持仓=False | 大单净=3082740.0 | 卖深=34500.0 | 失衡=-0.896
2026-04-20 17:03:44,709 [INFO] 逼空=10 | 做空=32(HOLD) | 离场紧迫=0 | 持仓=False | 大单净=3082740.0 | 卖深=34500.0 | 失衡=-0.896
2026-04-20 17:04:46,326 [INFO] 逼空=10 | 做空=32(HOLD) | 离场紧迫=0 | 持仓=False | 大单净=3082740.0 | 卖深=34500.0 | 失衡=-0.896
2026-04-20 17:05:47,864 [INFO] 逼空=10 | 做空=32(HOLD) | 离场紧迫=0 | 持仓=False | 大单净=3082740.0 | 卖深=34500.0 | 失衡=-0.896
2026-04-20 17:06:49,550 [INFO] 逼空=10 | 做空=32(HOLD) | 离场紧迫=0 | 持仓=False | 大单净=3082740.0 | 卖深=34500.0 | 失衡=-0.896
2026-04-20 17:07:50,861 [INFO] 逼空=10 | 做空=32(HOLD) | 离场紧迫=0 | 持仓=False | 大单净=3082740.0 | 卖深=34500.0 | 失衡=-0.896
2026-04-20 17:08:52,421 [INFO] 逼空=10 | 做空=32(HOLD) | 离场紧迫=0 | 持仓=False | 大单净=3082740.0 | 卖深=34500.0 | 失衡=-0.896
2026-04-20 17:09:54,237 [INFO] 逼空=10 | 做空=32(HOLD) | 离场紧迫=0 | 持仓=False | 大单净=3082740.0 | 卖深=34500.0 | 失衡=-0.896
2026-04-20 17:10:56,088 [INFO] 逼空=10 | 做空=32(HOLD) | 离场紧迫=0 | 持仓=False | 大单净=3082740.0 | 卖深=34500.0 | 失衡=-0.896
2026-04-20 17:11:57,932 [INFO] 逼空=10 | 做空=32(HOLD) | 离场紧迫=0 | 持仓=False | 大单净=3082740.0 | 卖深=34500.0 | 失衡=-0.896
2026-04-20 17:12:59,860 [INFO] 逼空=10 | 做空=32(HOLD) | 离场紧迫=0 | 持仓=False | 大单净=3082740.0 | 卖深=34500.0 | 失衡=-0.896
2026-04-20 17:14:01,682 [INFO] 逼空=10 | 做空=32(HOLD) | 离场紧迫=0 | 持仓=False | 大单净=3082740.0 | 卖深=34500.0 | 失衡=-0.896
2026-04-20 17:15:03,462 [INFO] 逼空=10 | 做空=32(HOLD) | 离场紧迫=0 | 持仓=False | 大单净=3082740.0 | 卖深=34500.0 | 失衡=-0.896
2026-04-20 17:16:05,036 [INFO] 逼空=10 | 做空=32(HOLD) | 离场紧迫=0 | 持仓=False | 大单净=3082740.0 | 卖深=34500.0 | 失衡=-0.896
2026-04-20 17:17:06,680 [INFO] 逼空=10 | 做空=32(HOLD) | 离场紧迫=0 | 持仓=False | 大单净=3082740.0 | 卖深=34500.0 | 失衡=-0.896
2026-04-20 17:18:08,057 [INFO] 逼空=10 | 做空=32(HOLD) | 离场紧迫=0 | 持仓=False | 大单净=3082740.0 | 卖深=34500.0 | 失衡=-0.896
2026-04-20 17:19:09,785 [INFO] 逼空=10 | 做空=32(HOLD) | 离场紧迫=0 | 持仓=False | 大单净=3082740.0 | 卖深=34500.0 | 失衡=-0.896
2026-04-20 17:20:11,279 [INFO] 逼空=10 | 做空=32(HOLD) | 离场紧迫=0 | 持仓=False | 大单净=3082740.0 | 卖深=34500.0 | 失衡=-0.896
2026-04-20 17:21:12,644 [INFO] 逼空=10 | 做空=32(HOLD) | 离场紧迫=0 | 持仓=False | 大单净=3082740.0 | 卖深=34500.0 | 失衡=-0.896
2026-04-20 17:22:14,018 [INFO] 逼空=10 | 做空=32(HOLD) | 离场紧迫=0 | 持仓=False | 大单净=3082740.0 | 卖深=34500.0 | 失衡=-0.896
2026-04-20 17:23:15,668 [INFO] 逼空=10 | 做空=32(HOLD) | 离场紧迫=0 | 持仓=False | 大单净=3082740.0 | 卖深=34500.0 | 失衡=-0.896
2026-04-20 17:24:17,099 [INFO] 逼空=10 | 做空=32(HOLD) | 离场紧迫=0 | 持仓=False | 大单净=3082740.0 | 卖深=34500.0 | 失衡=-0.896
2026-04-20 17:25:18,864 [INFO] 逼空=10 | 做空=32(HOLD) | 离场紧迫=0 | 持仓=False | 大单净=3082740.0 | 卖深=34500.0 | 失衡=-0.896
2026-04-20 17:26:20,749 [INFO] 逼空=10 | 做空=32(HOLD) | 离场紧迫=0 | 持仓=False | 大单净=3082740.0 | 卖深=34500.0 | 失衡=-0.896
2026-04-20 17:27:22,406 [INFO] 逼空=10 | 做空=32(HOLD) | 离场紧迫=0 | 持仓=False | 大单净=3082740.0 | 卖深=34500.0 | 失衡=-0.896
2026-04-20 17:28:23,884 [INFO] 逼空=10 | 做空=32(HOLD) | 离场紧迫=0 | 持仓=False | 大单净=3082740.0 | 卖深=34500.0 | 失衡=-0.896
2026-04-20 17:29:25,108 [INFO] 逼空=10 | 做空=32(HOLD) | 离场紧迫=0 | 持仓=False | 大单净=3082740.0 | 卖深=34500.0 | 失衡=-0.896
2026-04-20 17:30:26,742 [INFO] 逼空=10 | 做空=32(HOLD) | 离场紧迫=0 | 持仓=False | 大单净=3082740.0 | 卖深=34500.0 | 失衡=-0.896
2026-04-20 17:31:28,294 [INFO] 逼空=10 | 做空=32(HOLD) | 离场紧迫=0 | 持仓=False | 大单净=3082740.0 | 卖深=34500.0 | 失衡=-0.896
2026-04-20 17:32:29,935 [INFO] 逼空=10 | 做空=32(HOLD) | 离场紧迫=0 | 持仓=False | 大单净=3082740.0 | 卖深=34500.0 | 失衡=-0.896
2026-04-20 17:33:32,367 [INFO] 逼空=10 | 做空=32(HOLD) | 离场紧迫=0 | 持仓=False | 大单净=3082740.0 | 卖深=34500.0 | 失衡=-0.896
2026-04-20 17:34:33,688 [INFO] 逼空=10 | 做空=32(HOLD) | 离场紧迫=0 | 持仓=False | 大单净=3082740.0 | 卖深=34500.0 | 失衡=-0.896
2026-04-20 17:35:35,243 [INFO] 逼空=10 | 做空=32(HOLD) | 离场紧迫=0 | 持仓=False | 大单净=3082740.0 | 卖深=34500.0 | 失衡=-0.896
2026-04-20 17:36:36,604 [INFO] 逼空=10 | 做空=32(HOLD) | 离场紧迫=0 | 持仓=False | 大单净=3082740.0 | 卖深=34500.0 | 失衡=-0.896
2026-04-20 17:37:38,068 [INFO] 逼空=10 | 做空=32(HOLD) | 离场紧迫=0 | 持仓=False | 大单净=3082740.0 | 卖深=34500.0 | 失衡=-0.896
2026-04-20 17:38:39,759 [INFO] 逼空=10 | 做空=32(HOLD) | 离场紧迫=0 | 持仓=False | 大单净=3082740.0 | 卖深=34500.0 | 失衡=-0.896
2026-04-20 17:39:41,407 [INFO] 逼空=10 | 做空=32(HOLD) | 离场紧迫=0 | 持仓=False | 大单净=3082740.0 | 卖深=34500.0 | 失衡=-0.896
2026-04-20 17:40:43,120 [INFO] 逼空=10 | 做空=32(HOLD) | 离场紧迫=0 | 持仓=False | 大单净=3082740.0 | 卖深=34500.0 | 失衡=-0.896
2026-04-20 17:41:44,337 [INFO] 逼空=10 | 做空=32(HOLD) | 离场紧迫=0 | 持仓=False | 大单净=3082740.0 | 卖深=34500.0 | 失衡=-0.896
2026-04-20 17:42:45,611 [INFO] 逼空=10 | 做空=32(HOLD) | 离场紧迫=0 | 持仓=False | 大单净=3082740.0 | 卖深=34500.0 | 失衡=-0.896
2026-04-20 17:43:46,830 [INFO] 逼空=10 | 做空=32(HOLD) | 离场紧迫=0 | 持仓=False | 大单净=3082740.0 | 卖深=34500.0 | 失衡=-0.896
2026-04-20 17:44:48,085 [INFO] 逼空=10 | 做空=32(HOLD) | 离场紧迫=0 | 持仓=False | 大单净=3082740.0 | 卖深=34500.0 | 失衡=-0.896
2026-04-20 17:45:49,361 [INFO] 逼空=10 | 做空=32(HOLD) | 离场紧迫=0 | 持仓=False | 大单净=3082740.0 | 卖深=34500.0 | 失衡=-0.896
2026-04-20 17:46:50,635 [INFO] 逼空=10 | 做空=32(HOLD) | 离场紧迫=0 | 持仓=False | 大单净=3082740.0 | 卖深=34500.0 | 失衡=-0.896
2026-04-20 17:47:52,188 [INFO] 逼空=10 | 做空=32(HOLD) | 离场紧迫=0 | 持仓=False | 大单净=3082740.0 | 卖深=34500.0 | 失衡=-0.896
2026-04-20 17:48:53,491 [INFO] 逼空=10 | 做空=32(HOLD) | 离场紧迫=0 | 持仓=False | 大单净=3082740.0 | 卖深=34500.0 | 失衡=-0.896
2026-04-20 17:49:54,844 [INFO] 逼空=10 | 做空=32(HOLD) | 离场紧迫=0 | 持仓=False | 大单净=3082740.0 | 卖深=34500.0 | 失衡=-0.896
2026-04-20 17:50:56,419 [INFO] 逼空=10 | 做空=32(HOLD) | 离场紧迫=0 | 持仓=False | 大单净=3082740.0 | 卖深=34500.0 | 失衡=-0.896
2026-04-20 17:51:57,670 [INFO] 逼空=10 | 做空=32(HOLD) | 离场紧迫=0 | 持仓=False | 大单净=3082740.0 | 卖深=34500.0 | 失衡=-0.896
2026-04-20 17:52:58,946 [INFO] 逼空=10 | 做空=32(HOLD) | 离场紧迫=0 | 持仓=False | 大单净=3082740.0 | 卖深=34500.0 | 失衡=-0.896
2026-04-20 17:54:00,592 [INFO] 逼空=10 | 做空=32(HOLD) | 离场紧迫=0 | 持仓=False | 大单净=3082740.0 | 卖深=34500.0 | 失衡=-0.896
2026-04-20 17:55:02,242 [INFO] 逼空=10 | 做空=32(HOLD) | 离场紧迫=0 | 持仓=False | 大单净=3082740.0 | 卖深=34500.0 | 失衡=-0.896
2026-04-20 17:56:03,888 [INFO] 逼空=10 | 做空=32(HOLD) | 离场紧迫=0 | 持仓=False | 大单净=3082740.0 | 卖深=34500.0 | 失衡=-0.896
2026-04-20 17:57:05,340 [INFO] 逼空=10 | 做空=32(HOLD) | 离场紧迫=0 | 持仓=False | 大单净=3082740.0 | 卖深=34500.0 | 失衡=-0.896
2026-04-20 17:58:06,888 [INFO] 逼空=10 | 做空=32(HOLD) | 离场紧迫=0 | 持仓=False | 大单净=3082740.0 | 卖深=34500.0 | 失衡=-0.896
2026-04-20 17:59:08,504 [INFO] 逼空=10 | 做空=32(HOLD) | 离场紧迫=0 | 持仓=False | 大单净=3082740.0 | 卖深=34500.0 | 失衡=-0.896
2026-04-20 18:00:10,220 [INFO] 逼空=10 | 做空=32(HOLD) | 离场紧迫=0 | 持仓=False | 大单净=3082740.0 | 卖深=34500.0 | 失衡=-0.896
2026-04-20 18:01:11,460 [INFO] 逼空=10 | 做空=32(HOLD) | 离场紧迫=0 | 持仓=False | 大单净=3082740.0 | 卖深=34500.0 | 失衡=-0.896
2026-04-20 18:02:12,952 [INFO] 逼空=10 | 做空=32(HOLD) | 离场紧迫=0 | 持仓=False | 大单净=3082740.0 | 卖深=34500.0 | 失衡=-0.896
2026-04-20 18:03:14,365 [INFO] 逼空=10 | 做空=32(HOLD) | 离场紧迫=0 | 持仓=False | 大单净=3082740.0 | 卖深=34500.0 | 失衡=-0.896
2026-04-20 18:04:15,651 [INFO] 逼空=10 | 做空=32(HOLD) | 离场紧迫=0 | 持仓=False | 大单净=3082740.0 | 卖深=34500.0 | 失衡=-0.896
2026-04-20 18:05:17,263 [INFO] 逼空=10 | 做空=32(HOLD) | 离场紧迫=0 | 持仓=False | 大单净=3082740.0 | 卖深=34500.0 | 失衡=-0.896
2026-04-20 18:06:18,750 [INFO] 逼空=10 | 做空=32(HOLD) | 离场紧迫=0 | 持仓=False | 大单净=3082740.0 | 卖深=34500.0 | 失衡=-0.896
2026-04-20 18:07:20,654 [INFO] 逼空=10 | 做空=32(HOLD) | 离场紧迫=0 | 持仓=False | 大单净=3082740.0 | 卖深=34500.0 | 失衡=-0.896
2026-04-20 18:08:22,295 [INFO] 逼空=10 | 做空=32(HOLD) | 离场紧迫=0 | 持仓=False | 大单净=3082740.0 | 卖深=34500.0 | 失衡=-0.896
2026-04-20 18:09:23,887 [INFO] 逼空=10 | 做空=32(HOLD) | 离场紧迫=0 | 持仓=False | 大单净=3082740.0 | 卖深=34500.0 | 失衡=-0.896
2026-04-20 18:10:25,180 [INFO] 逼空=10 | 做空=32(HOLD) | 离场紧迫=0 | 持仓=False | 大单净=3082740.0 | 卖深=34500.0 | 失衡=-0.896
2026-04-20 18:11:26,784 [INFO] 逼空=10 | 做空=32(HOLD) | 离场紧迫=0 | 持仓=False | 大单净=3082740.0 | 卖深=34500.0 | 失衡=-0.896
2026-04-20 18:12:28,439 [INFO] 逼空=10 | 做空=32(HOLD) | 离场紧迫=0 | 持仓=False | 大单净=3082740.0 | 卖深=34500.0 | 失衡=-0.896
2026-04-20 18:13:30,085 [INFO] 逼空=10 | 做空=32(HOLD) | 离场紧迫=0 | 持仓=False | 大单净=3082740.0 | 卖深=34500.0 | 失衡=-0.896
2026-04-20 18:14:31,713 [INFO] 逼空=10 | 做空=32(HOLD) | 离场紧迫=0 | 持仓=False | 大单净=3082740.0 | 卖深=34500.0 | 失衡=-0.896
2026-04-20 18:15:33,453 [INFO] 逼空=10 | 做空=32(HOLD) | 离场紧迫=0 | 持仓=False | 大单净=3082740.0 | 卖深=34500.0 | 失衡=-0.896
2026-04-20 18:16:34,721 [INFO] 逼空=10 | 做空=32(HOLD) | 离场紧迫=0 | 持仓=False | 大单净=3082740.0 | 卖深=34500.0 | 失衡=-0.896
2026-04-20 18:17:36,313 [INFO] 逼空=10 | 做空=32(HOLD) | 离场紧迫=0 | 持仓=False | 大单净=3082740.0 | 卖深=34500.0 | 失衡=-0.896
2026-04-20 18:18:37,938 [INFO] 逼空=10 | 做空=32(HOLD) | 离场紧迫=0 | 持仓=False | 大单净=3082740.0 | 卖深=34500.0 | 失衡=-0.896
2026-04-20 18:19:39,339 [INFO] 逼空=10 | 做空=32(HOLD) | 离场紧迫=0 | 持仓=False | 大单净=3082740.0 | 卖深=34500.0 | 失衡=-0.896
2026-04-20 18:20:40,894 [INFO] 逼空=10 | 做空=32(HOLD) | 离场紧迫=0 | 持仓=False | 大单净=3082740.0 | 卖深=34500.0 | 失衡=-0.896
2026-04-20 18:21:42,529 [INFO] 逼空=10 | 做空=32(HOLD) | 离场紧迫=0 | 持仓=False | 大单净=3082740.0 | 卖深=34500.0 | 失衡=-0.896
2026-04-20 18:22:44,096 [INFO] 逼空=10 | 做空=32(HOLD) | 离场紧迫=0 | 持仓=False | 大单净=3082740.0 | 卖深=34500.0 | 失衡=-0.896
2026-04-20 18:23:45,523 [INFO] 逼空=10 | 做空=32(HOLD) | 离场紧迫=0 | 持仓=False | 大单净=3082740.0 | 卖深=34500.0 | 失衡=-0.896
2026-04-20 18:24:47,553 [INFO] 逼空=10 | 做空=32(HOLD) | 离场紧迫=0 | 持仓=False | 大单净=3082740.0 | 卖深=34500.0 | 失衡=-0.896
2026-04-20 18:25:49,011 [INFO] 逼空=10 | 做空=32(HOLD) | 离场紧迫=0 | 持仓=False | 大单净=3082740.0 | 卖深=34500.0 | 失衡=-0.896
2026-04-20 18:26:50,655 [INFO] 逼空=10 | 做空=32(HOLD) | 离场紧迫=0 | 持仓=False | 大单净=3082740.0 | 卖深=34500.0 | 失衡=-0.896
2026-04-20 18:27:52,348 [INFO] 逼空=10 | 做空=32(HOLD) | 离场紧迫=0 | 持仓=False | 大单净=3082740.0 | 卖深=34500.0 | 失衡=-0.896
2026-04-20 18:28:54,069 [INFO] 逼空=10 | 做空=32(HOLD) | 离场紧迫=0 | 持仓=False | 大单净=3082740.0 | 卖深=34500.0 | 失衡=-0.896
2026-04-20 18:29:55,869 [INFO] 逼空=10 | 做空=32(HOLD) | 离场紧迫=0 | 持仓=False | 大单净=3082740.0 | 卖深=34500.0 | 失衡=-0.896
2026-04-20 18:30:59,762 [INFO] 逼空=10 | 做空=32(HOLD) | 离场紧迫=0 | 持仓=False | 大单净=3082740.0 | 卖深=34500.0 | 失衡=-0.896
2026-04-20 18:32:01,557 [INFO] 逼空=10 | 做空=32(HOLD) | 离场紧迫=0 | 持仓=False | 大单净=3082740.0 | 卖深=34500.0 | 失衡=-0.896
2026-04-20 18:33:03,501 [INFO] 逼空=10 | 做空=32(HOLD) | 离场紧迫=0 | 持仓=False | 大单净=3082740.0 | 卖深=34500.0 | 失衡=-0.896
2026-04-20 18:34:05,474 [INFO] 逼空=10 | 做空=32(HOLD) | 离场紧迫=0 | 持仓=False | 大单净=3082740.0 | 卖深=34500.0 | 失衡=-0.896
2026-04-20 18:35:06,817 [INFO] 逼空=10 | 做空=32(HOLD) | 离场紧迫=0 | 持仓=False | 大单净=3082740.0 | 卖深=34500.0 | 失衡=-0.896
2026-04-20 18:36:08,491 [INFO] 逼空=10 | 做空=32(HOLD) | 离场紧迫=0 | 持仓=False | 大单净=3082740.0 | 卖深=34500.0 | 失衡=-0.896
2026-04-20 18:37:09,765 [INFO] 逼空=10 | 做空=32(HOLD) | 离场紧迫=0 | 持仓=False | 大单净=3082740.0 | 卖深=34500.0 | 失衡=-0.896
2026-04-20 18:38:11,384 [INFO] 逼空=10 | 做空=32(HOLD) | 离场紧迫=0 | 持仓=False | 大单净=3082740.0 | 卖深=34500.0 | 失衡=-0.896
2026-04-20 18:39:13,081 [INFO] 逼空=10 | 做空=32(HOLD) | 离场紧迫=0 | 持仓=False | 大单净=3082740.0 | 卖深=34500.0 | 失衡=-0.896
2026-04-20 18:40:14,335 [INFO] 逼空=10 | 做空=32(HOLD) | 离场紧迫=0 | 持仓=False | 大单净=3082740.0 | 卖深=34500.0 | 失衡=-0.896
2026-04-20 18:41:16,007 [INFO] 逼空=10 | 做空=32(HOLD) | 离场紧迫=0 | 持仓=False | 大单净=3082740.0 | 卖深=34500.0 | 失衡=-0.896
2026-04-20 18:42:17,757 [INFO] 逼空=10 | 做空=32(HOLD) | 离场紧迫=0 | 持仓=False | 大单净=3082740.0 | 卖深=34500.0 | 失衡=-0.896
2026-04-20 18:43:19,124 [INFO] 逼空=10 | 做空=32(HOLD) | 离场紧迫=0 | 持仓=False | 大单净=3082740.0 | 卖深=34500.0 | 失衡=-0.896
2026-04-20 18:44:20,756 [INFO] 逼空=10 | 做空=32(HOLD) | 离场紧迫=0 | 持仓=False | 大单净=3082740.0 | 卖深=34500.0 | 失衡=-0.896
2026-04-20 18:45:22,043 [INFO] 逼空=10 | 做空=32(HOLD) | 离场紧迫=0 | 持仓=False | 大单净=3082740.0 | 卖深=34500.0 | 失衡=-0.896
2026-04-20 18:46:23,563 [INFO] 逼空=10 | 做空=32(HOLD) | 离场紧迫=0 | 持仓=False | 大单净=3082740.0 | 卖深=34500.0 | 失衡=-0.896
2026-04-20 18:47:25,301 [INFO] 逼空=10 | 做空=32(HOLD) | 离场紧迫=0 | 持仓=False | 大单净=3082740.0 | 卖深=34500.0 | 失衡=-0.896
2026-04-20 18:48:27,026 [INFO] 逼空=10 | 做空=32(HOLD) | 离场紧迫=0 | 持仓=False | 大单净=3082740.0 | 卖深=34500.0 | 失衡=-0.896
2026-04-20 18:49:28,752 [INFO] 逼空=10 | 做空=32(HOLD) | 离场紧迫=0 | 持仓=False | 大单净=3082740.0 | 卖深=34500.0 | 失衡=-0.896
2026-04-20 18:50:30,032 [INFO] 逼空=10 | 做空=32(HOLD) | 离场紧迫=0 | 持仓=False | 大单净=3082740.0 | 卖深=34500.0 | 失衡=-0.896
2026-04-20 18:51:31,656 [INFO] 逼空=10 | 做空=32(HOLD) | 离场紧迫=0 | 持仓=False | 大单净=3082740.0 | 卖深=34500.0 | 失衡=-0.896
2026-04-20 18:52:33,239 [INFO] 逼空=10 | 做空=32(HOLD) | 离场紧迫=0 | 持仓=False | 大单净=3082740.0 | 卖深=34500.0 | 失衡=-0.896
2026-04-20 18:53:34,980 [INFO] 逼空=10 | 做空=32(HOLD) | 离场紧迫=0 | 持仓=False | 大单净=3082740.0 | 卖深=34500.0 | 失衡=-0.896
2026-04-20 18:54:36,672 [INFO] 逼空=10 | 做空=32(HOLD) | 离场紧迫=0 | 持仓=False | 大单净=3082740.0 | 卖深=34500.0 | 失衡=-0.896
2026-04-20 18:55:38,352 [INFO] 逼空=10 | 做空=32(HOLD) | 离场紧迫=0 | 持仓=False | 大单净=3082740.0 | 卖深=34500.0 | 失衡=-0.896
2026-04-20 18:56:39,847 [INFO] 逼空=10 | 做空=32(HOLD) | 离场紧迫=0 | 持仓=False | 大单净=3082740.0 | 卖深=34500.0 | 失衡=-0.896
2026-04-20 18:57:41,456 [INFO] 逼空=10 | 做空=32(HOLD) | 离场紧迫=0 | 持仓=False | 大单净=3082740.0 | 卖深=34500.0 | 失衡=-0.896
2026-04-20 18:58:42,690 [INFO] 逼空=10 | 做空=32(HOLD) | 离场紧迫=0 | 持仓=False | 大单净=3082740.0 | 卖深=34500.0 | 失衡=-0.896
2026-04-20 18:59:46,017 [INFO] 逼空=10 | 做空=32(HOLD) | 离场紧迫=0 | 持仓=False | 大单净=3082740.0 | 卖深=34500.0 | 失衡=-0.896
2026-04-20 19:00:47,575 [INFO] 逼空=10 | 做空=32(HOLD) | 离场紧迫=0 | 持仓=False | 大单净=3082740.0 | 卖深=34500.0 | 失衡=-0.896
2026-04-20 19:01:49,240 [INFO] 逼空=10 | 做空=32(HOLD) | 离场紧迫=0 | 持仓=False | 大单净=3082740.0 | 卖深=34500.0 | 失衡=-0.896
2026-04-20 19:02:51,478 [INFO] 逼空=10 | 做空=32(HOLD) | 离场紧迫=0 | 持仓=False | 大单净=3082740.0 | 卖深=34500.0 | 失衡=-0.896
2026-04-20 19:03:52,769 [INFO] 逼空=10 | 做空=32(HOLD) | 离场紧迫=0 | 持仓=False | 大单净=3082740.0 | 卖深=34500.0 | 失衡=-0.896
2026-04-20 19:04:54,359 [INFO] 逼空=10 | 做空=32(HOLD) | 离场紧迫=0 | 持仓=False | 大单净=3082740.0 | 卖深=34500.0 | 失衡=-0.896
2026-04-20 19:05:55,984 [INFO] 逼空=10 | 做空=32(HOLD) | 离场紧迫=0 | 持仓=False | 大单净=3082740.0 | 卖深=34500.0 | 失衡=-0.896
2026-04-20 19:06:57,261 [INFO] 逼空=10 | 做空=32(HOLD) | 离场紧迫=0 | 持仓=False | 大单净=3082740.0 | 卖深=34500.0 | 失衡=-0.896
2026-04-20 19:07:58,582 [INFO] 逼空=10 | 做空=32(HOLD) | 离场紧迫=0 | 持仓=False | 大单净=3082740.0 | 卖深=34500.0 | 失衡=-0.896
2026-04-20 19:09:00,309 [INFO] 逼空=10 | 做空=32(HOLD) | 离场紧迫=0 | 持仓=False | 大单净=3082740.0 | 卖深=34500.0 | 失衡=-0.896
2026-04-20 19:10:03,001 [INFO] 逼空=10 | 做空=32(HOLD) | 离场紧迫=0 | 持仓=False | 大单净=3082740.0 | 卖深=34500.0 | 失衡=-0.896
2026-04-20 19:11:04,607 [INFO] 逼空=10 | 做空=32(HOLD) | 离场紧迫=0 | 持仓=False | 大单净=3082740.0 | 卖深=34500.0 | 失衡=-0.896
2026-04-20 19:12:06,569 [INFO] 逼空=10 | 做空=32(HOLD) | 离场紧迫=0 | 持仓=False | 大单净=3082740.0 | 卖深=34500.0 | 失衡=-0.896
2026-04-20 19:13:08,327 [INFO] 逼空=10 | 做空=32(HOLD) | 离场紧迫=0 | 持仓=False | 大单净=3082740.0 | 卖深=34500.0 | 失衡=-0.896
2026-04-20 19:14:09,734 [INFO] 逼空=10 | 做空=32(HOLD) | 离场紧迫=0 | 持仓=False | 大单净=3082740.0 | 卖深=34500.0 | 失衡=-0.896
2026-04-20 19:15:11,378 [INFO] 逼空=10 | 做空=32(HOLD) | 离场紧迫=0 | 持仓=False | 大单净=3082740.0 | 卖深=34500.0 | 失衡=-0.896
2026-04-20 19:16:13,311 [INFO] 逼空=10 | 做空=32(HOLD) | 离场紧迫=0 | 持仓=False | 大单净=3082740.0 | 卖深=34500.0 | 失衡=-0.896
2026-04-20 19:17:14,909 [INFO] 逼空=10 | 做空=32(HOLD) | 离场紧迫=0 | 持仓=False | 大单净=3082740.0 | 卖深=34500.0 | 失衡=-0.896
2026-04-20 19:18:16,675 [INFO] 逼空=10 | 做空=32(HOLD) | 离场紧迫=0 | 持仓=False | 大单净=3082740.0 | 卖深=34500.0 | 失衡=-0.896
2026-04-20 19:19:18,341 [INFO] 逼空=10 | 做空=32(HOLD) | 离场紧迫=0 | 持仓=False | 大单净=3082740.0 | 卖深=34500.0 | 失衡=-0.896
2026-04-20 19:20:19,638 [INFO] 逼空=10 | 做空=32(HOLD) | 离场紧迫=0 | 持仓=False | 大单净=3082740.0 | 卖深=34500.0 | 失衡=-0.896
2026-04-20 19:21:21,286 [INFO] 逼空=10 | 做空=32(HOLD) | 离场紧迫=0 | 持仓=False | 大单净=3082740.0 | 卖深=34500.0 | 失衡=-0.896
2026-04-20 19:22:22,682 [INFO] 逼空=10 | 做空=32(HOLD) | 离场紧迫=0 | 持仓=False | 大单净=3082740.0 | 卖深=34500.0 | 失衡=-0.896
2026-04-20 19:23:24,354 [INFO] 逼空=10 | 做空=32(HOLD) | 离场紧迫=0 | 持仓=False | 大单净=3082740.0 | 卖深=34500.0 | 失衡=-0.896
2026-04-20 19:24:25,838 [INFO] 逼空=10 | 做空=32(HOLD) | 离场紧迫=0 | 持仓=False | 大单净=3082740.0 | 卖深=34500.0 | 失衡=-0.896
2026-04-20 19:25:28,265 [INFO] 逼空=10 | 做空=32(HOLD) | 离场紧迫=0 | 持仓=False | 大单净=3082740.0 | 卖深=34500.0 | 失衡=-0.896
2026-04-20 19:26:30,000 [INFO] 逼空=10 | 做空=32(HOLD) | 离场紧迫=0 | 持仓=False | 大单净=3082740.0 | 卖深=34500.0 | 失衡=-0.896
2026-04-20 19:27:32,019 [INFO] 逼空=10 | 做空=32(HOLD) | 离场紧迫=0 | 持仓=False | 大单净=3082740.0 | 卖深=34500.0 | 失衡=-0.896
2026-04-20 19:28:33,731 [INFO] 逼空=10 | 做空=32(HOLD) | 离场紧迫=0 | 持仓=False | 大单净=3082740.0 | 卖深=34500.0 | 失衡=-0.896
2026-04-20 19:29:35,335 [INFO] 逼空=10 | 做空=32(HOLD) | 离场紧迫=0 | 持仓=False | 大单净=3082740.0 | 卖深=34500.0 | 失衡=-0.896
2026-04-20 19:30:36,462 [INFO] 逼空=10 | 做空=32(HOLD) | 离场紧迫=0 | 持仓=False | 大单净=3082740.0 | 卖深=34500.0 | 失衡=-0.896
2026-04-20 19:31:38,174 [INFO] 逼空=10 | 做空=32(HOLD) | 离场紧迫=0 | 持仓=False | 大单净=3082740.0 | 卖深=34500.0 | 失衡=-0.896
2026-04-20 19:32:39,514 [INFO] 逼空=10 | 做空=32(HOLD) | 离场紧迫=0 | 持仓=False | 大单净=3082740.0 | 卖深=34500.0 | 失衡=-0.896
2026-04-20 19:33:40,809 [INFO] 逼空=10 | 做空=32(HOLD) | 离场紧迫=0 | 持仓=False | 大单净=3082740.0 | 卖深=34500.0 | 失衡=-0.896
2026-04-20 19:34:42,089 [INFO] 逼空=10 | 做空=32(HOLD) | 离场紧迫=0 | 持仓=False | 大单净=3082740.0 | 卖深=34500.0 | 失衡=-0.896
2026-04-20 19:35:43,613 [INFO] 逼空=10 | 做空=32(HOLD) | 离场紧迫=0 | 持仓=False | 大单净=3082740.0 | 卖深=34500.0 | 失衡=-0.896
2026-04-20 19:36:44,966 [INFO] 逼空=10 | 做空=32(HOLD) | 离场紧迫=0 | 持仓=False | 大单净=3082740.0 | 卖深=34500.0 | 失衡=-0.896
2026-04-20 19:37:46,676 [INFO] 逼空=10 | 做空=32(HOLD) | 离场紧迫=0 | 持仓=False | 大单净=3082740.0 | 卖深=34500.0 | 失衡=-0.896
2026-04-20 19:38:48,451 [INFO] 逼空=10 | 做空=32(HOLD) | 离场紧迫=0 | 持仓=False | 大单净=3082740.0 | 卖深=34500.0 | 失衡=-0.896
2026-04-20 19:39:50,084 [INFO] 逼空=10 | 做空=32(HOLD) | 离场紧迫=0 | 持仓=False | 大单净=3082740.0 | 卖深=34500.0 | 失衡=-0.896
2026-04-20 19:40:51,780 [INFO] 逼空=10 | 做空=32(HOLD) | 离场紧迫=0 | 持仓=False | 大单净=3082740.0 | 卖深=34500.0 | 失衡=-0.896
2026-04-20 19:41:53,813 [INFO] 逼空=10 | 做空=32(HOLD) | 离场紧迫=0 | 持仓=False | 大单净=3082740.0 | 卖深=34500.0 | 失衡=-0.896
2026-04-20 19:42:56,791 [INFO] 逼空=10 | 做空=32(HOLD) | 离场紧迫=0 | 持仓=False | 大单净=3082740.0 | 卖深=34500.0 | 失衡=-0.896
2026-04-20 19:43:58,875 [INFO] 逼空=10 | 做空=32(HOLD) | 离场紧迫=0 | 持仓=False | 大单净=3082740.0 | 卖深=34500.0 | 失衡=-0.896
2026-04-20 19:45:00,330 [INFO] 逼空=10 | 做空=32(HOLD) | 离场紧迫=0 | 持仓=False | 大单净=3082740.0 | 卖深=34500.0 | 失衡=-0.896
2026-04-20 19:46:02,085 [INFO] 逼空=10 | 做空=32(HOLD) | 离场紧迫=0 | 持仓=False | 大单净=3082740.0 | 卖深=34500.0 | 失衡=-0.896
2026-04-20 19:47:03,890 [INFO] 逼空=10 | 做空=32(HOLD) | 离场紧迫=0 | 持仓=False | 大单净=3082740.0 | 卖深=34500.0 | 失衡=-0.896
2026-04-20 19:48:05,566 [INFO] 逼空=10 | 做空=32(HOLD) | 离场紧迫=0 | 持仓=False | 大单净=3082740.0 | 卖深=34500.0 | 失衡=-0.896
2026-04-20 19:49:07,125 [INFO] 逼空=10 | 做空=32(HOLD) | 离场紧迫=0 | 持仓=False | 大单净=3082740.0 | 卖深=34500.0 | 失衡=-0.896
2026-04-20 19:50:09,356 [INFO] 逼空=10 | 做空=32(HOLD) | 离场紧迫=0 | 持仓=False | 大单净=3082740.0 | 卖深=34500.0 | 失衡=-0.896
2026-04-20 19:51:11,048 [INFO] 逼空=10 | 做空=32(HOLD) | 离场紧迫=0 | 持仓=False | 大单净=3082740.0 | 卖深=34500.0 | 失衡=-0.896
2026-04-20 19:52:12,678 [INFO] 逼空=10 | 做空=32(HOLD) | 离场紧迫=0 | 持仓=False | 大单净=3082740.0 | 卖深=34500.0 | 失衡=-0.896
2026-04-20 19:53:14,360 [INFO] 逼空=10 | 做空=32(HOLD) | 离场紧迫=0 | 持仓=False | 大单净=3082740.0 | 卖深=34500.0 | 失衡=-0.896
2026-04-20 19:54:16,030 [INFO] 逼空=10 | 做空=32(HOLD) | 离场紧迫=0 | 持仓=False | 大单净=3082740.0 | 卖深=34500.0 | 失衡=-0.896
2026-04-20 19:55:17,711 [INFO] 逼空=10 | 做空=32(HOLD) | 离场紧迫=0 | 持仓=False | 大单净=3082740.0 | 卖深=34500.0 | 失衡=-0.896
2026-04-20 19:56:19,522 [INFO] 逼空=10 | 做空=32(HOLD) | 离场紧迫=0 | 持仓=False | 大单净=3082740.0 | 卖深=34500.0 | 失衡=-0.896
2026-04-20 19:57:21,807 [INFO] 逼空=10 | 做空=32(HOLD) | 离场紧迫=0 | 持仓=False | 大单净=3082740.0 | 卖深=34500.0 | 失衡=-0.896
2026-04-20 19:58:23,440 [INFO] 逼空=10 | 做空=32(HOLD) | 离场紧迫=0 | 持仓=False | 大单净=3082740.0 | 卖深=34500.0 | 失衡=-0.896
2026-04-20 19:59:24,998 [INFO] 逼空=10 | 做空=32(HOLD) | 离场紧迫=0 | 持仓=False | 大单净=3082740.0 | 卖深=34500.0 | 失衡=-0.896
2026-04-20 20:00:26,416 [INFO] 逼空=10 | 做空=32(HOLD) | 离场紧迫=0 | 持仓=False | 大单净=3082740.0 | 卖深=34500.0 | 失衡=-0.896
2026-04-20 20:01:28,582 [INFO] 逼空=10 | 做空=32(HOLD) | 离场紧迫=0 | 持仓=False | 大单净=3082740.0 | 卖深=34500.0 | 失衡=-0.896
2026-04-20 20:02:30,136 [INFO] 逼空=10 | 做空=32(HOLD) | 离场紧迫=0 | 持仓=False | 大单净=3082740.0 | 卖深=34500.0 | 失衡=-0.896
2026-04-20 20:03:32,375 [INFO] 逼空=10 | 做空=32(HOLD) | 离场紧迫=0 | 持仓=False | 大单净=3082740.0 | 卖深=34500.0 | 失衡=-0.896
2026-04-20 20:04:33,819 [INFO] 逼空=10 | 做空=32(HOLD) | 离场紧迫=0 | 持仓=False | 大单净=3082740.0 | 卖深=34500.0 | 失衡=-0.896
2026-04-20 20:05:35,060 [INFO] 逼空=10 | 做空=32(HOLD) | 离场紧迫=0 | 持仓=False | 大单净=3082740.0 | 卖深=34500.0 | 失衡=-0.896
2026-04-20 20:06:36,436 [INFO] 逼空=10 | 做空=32(HOLD) | 离场紧迫=0 | 持仓=False | 大单净=3082740.0 | 卖深=34500.0 | 失衡=-0.896
2026-04-20 20:07:39,236 [INFO] 逼空=10 | 做空=32(HOLD) | 离场紧迫=0 | 持仓=False | 大单净=3082740.0 | 卖深=34500.0 | 失衡=-0.896
2026-04-20 20:08:40,587 [INFO] 逼空=10 | 做空=32(HOLD) | 离场紧迫=0 | 持仓=False | 大单净=3082740.0 | 卖深=34500.0 | 失衡=-0.896
2026-04-20 20:09:41,934 [INFO] 逼空=10 | 做空=32(HOLD) | 离场紧迫=0 | 持仓=False | 大单净=3082740.0 | 卖深=34500.0 | 失衡=-0.896
2026-04-20 20:10:43,204 [INFO] 逼空=10 | 做空=32(HOLD) | 离场紧迫=0 | 持仓=False | 大单净=3082740.0 | 卖深=34500.0 | 失衡=-0.896
2026-04-20 20:11:44,553 [INFO] 逼空=10 | 做空=32(HOLD) | 离场紧迫=0 | 持仓=False | 大单净=3082740.0 | 卖深=34500.0 | 失衡=-0.896
2026-04-20 20:12:45,904 [INFO] 逼空=10 | 做空=32(HOLD) | 离场紧迫=0 | 持仓=False | 大单净=3082740.0 | 卖深=34500.0 | 失衡=-0.896
2026-04-20 20:13:47,157 [INFO] 逼空=10 | 做空=32(HOLD) | 离场紧迫=0 | 持仓=False | 大单净=3082740.0 | 卖深=34500.0 | 失衡=-0.896
2026-04-20 20:14:48,609 [INFO] 逼空=10 | 做空=32(HOLD) | 离场紧迫=0 | 持仓=False | 大单净=3082740.0 | 卖深=34500.0 | 失衡=-0.896
2026-04-20 20:15:50,211 [INFO] 逼空=10 | 做空=32(HOLD) | 离场紧迫=0 | 持仓=False | 大单净=3082740.0 | 卖深=34500.0 | 失衡=-0.896
2026-04-20 20:16:52,768 [INFO] 逼空=10 | 做空=32(HOLD) | 离场紧迫=0 | 持仓=False | 大单净=3082740.0 | 卖深=34500.0 | 失衡=-0.896
2026-04-20 20:17:54,254 [INFO] 逼空=10 | 做空=32(HOLD) | 离场紧迫=0 | 持仓=False | 大单净=3082740.0 | 卖深=34500.0 | 失衡=-0.896
2026-04-20 20:18:56,546 [INFO] 逼空=10 | 做空=32(HOLD) | 离场紧迫=0 | 持仓=False | 大单净=3082740.0 | 卖深=34500.0 | 失衡=-0.896
2026-04-20 20:19:59,030 [INFO] 逼空=10 | 做空=32(HOLD) | 离场紧迫=0 | 持仓=False | 大单净=3082740.0 | 卖深=34500.0 | 失衡=-0.896
2026-04-20 20:21:00,761 [INFO] 逼空=10 | 做空=32(HOLD) | 离场紧迫=0 | 持仓=False | 大单净=3082740.0 | 卖深=34500.0 | 失衡=-0.896
2026-04-20 20:22:03,240 [INFO] 逼空=10 | 做空=32(HOLD) | 离场紧迫=0 | 持仓=False | 大单净=3082740.0 | 卖深=34500.0 | 失衡=-0.896
2026-04-20 20:23:05,644 [INFO] 逼空=10 | 做空=32(HOLD) | 离场紧迫=0 | 持仓=False | 大单净=3082740.0 | 卖深=34500.0 | 失衡=-0.896
2026-04-20 20:24:07,298 [INFO] 逼空=10 | 做空=32(HOLD) | 离场紧迫=0 | 持仓=False | 大单净=3082740.0 | 卖深=34500.0 | 失衡=-0.896
2026-04-20 20:25:08,709 [INFO] 逼空=10 | 做空=32(HOLD) | 离场紧迫=0 | 持仓=False | 大单净=3082740.0 | 卖深=34500.0 | 失衡=-0.896
2026-04-20 20:26:10,073 [INFO] 逼空=10 | 做空=32(HOLD) | 离场紧迫=0 | 持仓=False | 大单净=3082740.0 | 卖深=34500.0 | 失衡=-0.896
2026-04-20 20:27:11,470 [INFO] 逼空=10 | 做空=32(HOLD) | 离场紧迫=0 | 持仓=False | 大单净=3082740.0 | 卖深=34500.0 | 失衡=-0.896
2026-04-20 20:28:12,800 [INFO] 逼空=10 | 做空=32(HOLD) | 离场紧迫=0 | 持仓=False | 大单净=3082740.0 | 卖深=34500.0 | 失衡=-0.896
2026-04-20 20:29:14,171 [INFO] 逼空=10 | 做空=32(HOLD) | 离场紧迫=0 | 持仓=False | 大单净=3082740.0 | 卖深=34500.0 | 失衡=-0.896
2026-04-20 20:30:15,456 [INFO] 逼空=10 | 做空=32(HOLD) | 离场紧迫=0 | 持仓=False | 大单净=3082740.0 | 卖深=34500.0 | 失衡=-0.896
2026-04-20 20:31:16,802 [INFO] 逼空=10 | 做空=32(HOLD) | 离场紧迫=0 | 持仓=False | 大单净=3082740.0 | 卖深=34500.0 | 失衡=-0.896
2026-04-20 20:32:18,272 [INFO] 逼空=10 | 做空=32(HOLD) | 离场紧迫=0 | 持仓=False | 大单净=3082740.0 | 卖深=34500.0 | 失衡=-0.896
2026-04-20 20:33:19,586 [INFO] 逼空=10 | 做空=32(HOLD) | 离场紧迫=0 | 持仓=False | 大单净=3082740.0 | 卖深=34500.0 | 失衡=-0.896
2026-04-20 20:34:20,992 [INFO] 逼空=10 | 做空=32(HOLD) | 离场紧迫=0 | 持仓=False | 大单净=3082740.0 | 卖深=34500.0 | 失衡=-0.896
2026-04-20 20:35:22,909 [INFO] 逼空=10 | 做空=32(HOLD) | 离场紧迫=0 | 持仓=False | 大单净=3082740.0 | 卖深=34500.0 | 失衡=-0.896
2026-04-20 20:36:24,472 [INFO] 逼空=10 | 做空=32(HOLD) | 离场紧迫=0 | 持仓=False | 大单净=3082740.0 | 卖深=34500.0 | 失衡=-0.896
2026-04-20 20:37:25,782 [INFO] 逼空=10 | 做空=32(HOLD) | 离场紧迫=0 | 持仓=False | 大单净=3082740.0 | 卖深=34500.0 | 失衡=-0.896
2026-04-20 20:38:27,276 [INFO] 逼空=10 | 做空=32(HOLD) | 离场紧迫=0 | 持仓=False | 大单净=3082740.0 | 卖深=34500.0 | 失衡=-0.896
2026-04-20 20:39:28,605 [INFO] 逼空=10 | 做空=32(HOLD) | 离场紧迫=0 | 持仓=False | 大单净=3082740.0 | 卖深=34500.0 | 失衡=-0.896
2026-04-20 20:40:29,906 [INFO] 逼空=10 | 做空=32(HOLD) | 离场紧迫=0 | 持仓=False | 大单净=3082740.0 | 卖深=34500.0 | 失衡=-0.896
2026-04-20 20:41:31,972 [INFO] 逼空=10 | 做空=32(HOLD) | 离场紧迫=0 | 持仓=False | 大单净=3082740.0 | 卖深=34500.0 | 失衡=-0.896
2026-04-20 20:42:34,154 [INFO] 逼空=10 | 做空=32(HOLD) | 离场紧迫=0 | 持仓=False | 大单净=3082740.0 | 卖深=34500.0 | 失衡=-0.896
2026-04-20 20:43:35,615 [INFO] 逼空=10 | 做空=32(HOLD) | 离场紧迫=0 | 持仓=False | 大单净=3082740.0 | 卖深=34500.0 | 失衡=-0.896
2026-04-20 20:44:37,596 [INFO] 逼空=10 | 做空=32(HOLD) | 离场紧迫=0 | 持仓=False | 大单净=3082740.0 | 卖深=34500.0 | 失衡=-0.896
2026-04-20 20:45:39,054 [INFO] 逼空=10 | 做空=32(HOLD) | 离场紧迫=0 | 持仓=False | 大单净=3082740.0 | 卖深=34500.0 | 失衡=-0.896
2026-04-20 20:46:40,416 [INFO] 逼空=10 | 做空=32(HOLD) | 离场紧迫=0 | 持仓=False | 大单净=3082740.0 | 卖深=34500.0 | 失衡=-0.896
2026-04-20 20:47:41,839 [INFO] 逼空=10 | 做空=32(HOLD) | 离场紧迫=0 | 持仓=False | 大单净=3082740.0 | 卖深=34500.0 | 失衡=-0.896
2026-04-20 20:48:43,186 [INFO] 逼空=10 | 做空=32(HOLD) | 离场紧迫=0 | 持仓=False | 大单净=3082740.0 | 卖深=34500.0 | 失衡=-0.896
2026-04-20 20:49:44,506 [INFO] 逼空=10 | 做空=32(HOLD) | 离场紧迫=0 | 持仓=False | 大单净=3082740.0 | 卖深=34500.0 | 失衡=-0.896
2026-04-20 20:50:45,880 [INFO] 逼空=10 | 做空=32(HOLD) | 离场紧迫=0 | 持仓=False | 大单净=3082740.0 | 卖深=34500.0 | 失衡=-0.896
2026-04-20 20:51:47,215 [INFO] 逼空=10 | 做空=32(HOLD) | 离场紧迫=0 | 持仓=False | 大单净=3082740.0 | 卖深=34500.0 | 失衡=-0.896
2026-04-20 20:52:48,536 [INFO] 逼空=10 | 做空=32(HOLD) | 离场紧迫=0 | 持仓=False | 大单净=3082740.0 | 卖深=34500.0 | 失衡=-0.896
2026-04-20 20:53:49,875 [INFO] 逼空=10 | 做空=32(HOLD) | 离场紧迫=0 | 持仓=False | 大单净=3082740.0 | 卖深=34500.0 | 失衡=-0.896
2026-04-20 20:54:51,264 [INFO] 逼空=10 | 做空=32(HOLD) | 离场紧迫=0 | 持仓=False | 大单净=3082740.0 | 卖深=34500.0 | 失衡=-0.896
2026-04-20 20:55:52,618 [INFO] 逼空=10 | 做空=32(HOLD) | 离场紧迫=0 | 持仓=False | 大单净=3082740.0 | 卖深=34500.0 | 失衡=-0.896
2026-04-20 20:56:53,890 [INFO] 逼空=10 | 做空=32(HOLD) | 离场紧迫=0 | 持仓=False | 大单净=3082740.0 | 卖深=34500.0 | 失衡=-0.896
2026-04-20 20:57:56,355 [INFO] 逼空=10 | 做空=32(HOLD) | 离场紧迫=0 | 持仓=False | 大单净=3082740.0 | 卖深=34500.0 | 失衡=-0.896
2026-04-20 20:58:57,667 [INFO] 逼空=10 | 做空=32(HOLD) | 离场紧迫=0 | 持仓=False | 大单净=3082740.0 | 卖深=34500.0 | 失衡=-0.896
2026-04-20 20:59:59,245 [INFO] 逼空=10 | 做空=32(HOLD) | 离场紧迫=0 | 持仓=False | 大单净=3082740.0 | 卖深=34500.0 | 失衡=-0.896
2026-04-20 21:01:02,538 [INFO] HKEX 2026-04-20: 卖空量=91,380 卖空额=81,617,010 总量=1,463,660 占比=6.24%
2026-04-20 21:01:02,703 [INFO] 逼空=20 | 做空=20(HOLD) | 离场紧迫=0 | 持仓=False | 大单净=3082740.0 | 卖深=34500.0 | 失衡=-0.896
2026-04-20 21:02:02,879 [INFO] 逼空=20 | 做空=20(HOLD) | 离场紧迫=0 | 持仓=False | 大单净=3082740.0 | 卖深=34500.0 | 失衡=-0.896
2026-04-20 21:03:03,051 [INFO] 逼空=20 | 做空=20(HOLD) | 离场紧迫=0 | 持仓=False | 大单净=3082740.0 | 卖深=34500.0 | 失衡=-0.896
2026-04-20 21:04:03,234 [INFO] 逼空=20 | 做空=20(HOLD) | 离场紧迫=0 | 持仓=False | 大单净=3082740.0 | 卖深=34500.0 | 失衡=-0.896
2026-04-20 21:05:03,411 [INFO] 逼空=20 | 做空=20(HOLD) | 离场紧迫=0 | 持仓=False | 大单净=3082740.0 | 卖深=34500.0 | 失衡=-0.896
2026-04-20 21:06:03,597 [INFO] 逼空=20 | 做空=20(HOLD) | 离场紧迫=0 | 持仓=False | 大单净=3082740.0 | 卖深=34500.0 | 失衡=-0.896
2026-04-20 21:07:03,782 [INFO] 逼空=20 | 做空=20(HOLD) | 离场紧迫=0 | 持仓=False | 大单净=3082740.0 | 卖深=34500.0 | 失衡=-0.896
2026-04-20 21:08:03,960 [INFO] 逼空=20 | 做空=20(HOLD) | 离场紧迫=0 | 持仓=False | 大单净=3082740.0 | 卖深=34500.0 | 失衡=-0.896
2026-04-20 21:09:04,137 [INFO] 逼空=20 | 做空=20(HOLD) | 离场紧迫=0 | 持仓=False | 大单净=3082740.0 | 卖深=34500.0 | 失衡=-0.896
2026-04-20 21:10:04,311 [INFO] 逼空=20 | 做空=20(HOLD) | 离场紧迫=0 | 持仓=False | 大单净=3082740.0 | 卖深=34500.0 | 失衡=-0.896
2026-04-20 21:11:04,489 [INFO] 逼空=20 | 做空=20(HOLD) | 离场紧迫=0 | 持仓=False | 大单净=3082740.0 | 卖深=34500.0 | 失衡=-0.896
2026-04-20 21:12:04,672 [INFO] 逼空=20 | 做空=20(HOLD) | 离场紧迫=0 | 持仓=False | 大单净=3082740.0 | 卖深=34500.0 | 失衡=-0.896
2026-04-20 21:13:04,854 [INFO] 逼空=20 | 做空=20(HOLD) | 离场紧迫=0 | 持仓=False | 大单净=3082740.0 | 卖深=34500.0 | 失衡=-0.896
2026-04-20 21:14:05,052 [INFO] 逼空=20 | 做空=20(HOLD) | 离场紧迫=0 | 持仓=False | 大单净=3082740.0 | 卖深=34500.0 | 失衡=-0.896
2026-04-20 21:15:05,229 [INFO] 逼空=20 | 做空=20(HOLD) | 离场紧迫=0 | 持仓=False | 大单净=3082740.0 | 卖深=34500.0 | 失衡=-0.896
2026-04-20 21:16:05,406 [INFO] 逼空=20 | 做空=20(HOLD) | 离场紧迫=0 | 持仓=False | 大单净=3082740.0 | 卖深=34500.0 | 失衡=-0.896
2026-04-20 21:17:05,581 [INFO] 逼空=20 | 做空=20(HOLD) | 离场紧迫=0 | 持仓=False | 大单净=3082740.0 | 卖深=34500.0 | 失衡=-0.896
2026-04-20 21:18:05,757 [INFO] 逼空=20 | 做空=20(HOLD) | 离场紧迫=0 | 持仓=False | 大单净=3082740.0 | 卖深=34500.0 | 失衡=-0.896
2026-04-20 21:19:05,940 [INFO] 逼空=20 | 做空=20(HOLD) | 离场紧迫=0 | 持仓=False | 大单净=3082740.0 | 卖深=34500.0 | 失衡=-0.896
2026-04-20 21:20:06,106 [INFO] 逼空=20 | 做空=20(HOLD) | 离场紧迫=0 | 持仓=False | 大单净=3082740.0 | 卖深=34500.0 | 失衡=-0.896
2026-04-20 21:21:06,280 [INFO] 逼空=20 | 做空=20(HOLD) | 离场紧迫=0 | 持仓=False | 大单净=3082740.0 | 卖深=34500.0 | 失衡=-0.896
2026-04-20 21:22:06,451 [INFO] 逼空=20 | 做空=20(HOLD) | 离场紧迫=0 | 持仓=False | 大单净=3082740.0 | 卖深=34500.0 | 失衡=-0.896
2026-04-20 21:23:06,627 [INFO] 逼空=20 | 做空=20(HOLD) | 离场紧迫=0 | 持仓=False | 大单净=3082740.0 | 卖深=34500.0 | 失衡=-0.896
2026-04-20 21:24:06,799 [INFO] 逼空=20 | 做空=20(HOLD) | 离场紧迫=0 | 持仓=False | 大单净=3082740.0 | 卖深=34500.0 | 失衡=-0.896
2026-04-20 21:25:06,976 [INFO] 逼空=20 | 做空=20(HOLD) | 离场紧迫=0 | 持仓=False | 大单净=3082740.0 | 卖深=34500.0 | 失衡=-0.896
2026-04-20 21:26:07,140 [INFO] 逼空=20 | 做空=20(HOLD) | 离场紧迫=0 | 持仓=False | 大单净=3082740.0 | 卖深=34500.0 | 失衡=-0.896
2026-04-20 21:27:07,330 [INFO] 逼空=20 | 做空=20(HOLD) | 离场紧迫=0 | 持仓=False | 大单净=3082740.0 | 卖深=34500.0 | 失衡=-0.896
2026-04-20 21:28:07,507 [INFO] 逼空=20 | 做空=20(HOLD) | 离场紧迫=0 | 持仓=False | 大单净=3082740.0 | 卖深=34500.0 | 失衡=-0.896
2026-04-20 21:29:07,680 [INFO] 逼空=20 | 做空=20(HOLD) | 离场紧迫=0 | 持仓=False | 大单净=3082740.0 | 卖深=34500.0 | 失衡=-0.896
2026-04-20 21:30:07,852 [INFO] 逼空=20 | 做空=20(HOLD) | 离场紧迫=0 | 持仓=False | 大单净=3082740.0 | 卖深=34500.0 | 失衡=-0.896
2026-04-20 21:31:08,078 [INFO] 逼空=20 | 做空=20(HOLD) | 离场紧迫=0 | 持仓=False | 大单净=3082740.0 | 卖深=34500.0 | 失衡=-0.896
2026-04-20 21:32:08,253 [INFO] 逼空=20 | 做空=20(HOLD) | 离场紧迫=0 | 持仓=False | 大单净=3082740.0 | 卖深=34500.0 | 失衡=-0.896
2026-04-20 21:33:08,434 [INFO] 逼空=20 | 做空=20(HOLD) | 离场紧迫=0 | 持仓=False | 大单净=3082740.0 | 卖深=34500.0 | 失衡=-0.896
2026-04-20 21:34:08,610 [INFO] 逼空=20 | 做空=20(HOLD) | 离场紧迫=0 | 持仓=False | 大单净=3082740.0 | 卖深=34500.0 | 失衡=-0.896
2026-04-20 21:35:08,794 [INFO] 逼空=20 | 做空=20(HOLD) | 离场紧迫=0 | 持仓=False | 大单净=3082740.0 | 卖深=34500.0 | 失衡=-0.896
2026-04-20 21:36:08,971 [INFO] 逼空=20 | 做空=20(HOLD) | 离场紧迫=0 | 持仓=False | 大单净=3082740.0 | 卖深=34500.0 | 失衡=-0.896
2026-04-20 21:37:09,148 [INFO] 逼空=20 | 做空=20(HOLD) | 离场紧迫=0 | 持仓=False | 大单净=3082740.0 | 卖深=34500.0 | 失衡=-0.896
2026-04-20 21:38:09,324 [INFO] 逼空=20 | 做空=20(HOLD) | 离场紧迫=0 | 持仓=False | 大单净=3082740.0 | 卖深=34500.0 | 失衡=-0.896
2026-04-20 21:39:09,500 [INFO] 逼空=20 | 做空=20(HOLD) | 离场紧迫=0 | 持仓=False | 大单净=3082740.0 | 卖深=34500.0 | 失衡=-0.896
2026-04-20 21:40:09,685 [INFO] 逼空=20 | 做空=20(HOLD) | 离场紧迫=0 | 持仓=False | 大单净=3082740.0 | 卖深=34500.0 | 失衡=-0.896
2026-04-20 21:41:09,868 [INFO] 逼空=20 | 做空=20(HOLD) | 离场紧迫=0 | 持仓=False | 大单净=3082740.0 | 卖深=34500.0 | 失衡=-0.896
2026-04-20 21:42:10,045 [INFO] 逼空=20 | 做空=20(HOLD) | 离场紧迫=0 | 持仓=False | 大单净=3082740.0 | 卖深=34500.0 | 失衡=-0.896
2026-04-20 21:43:10,226 [INFO] 逼空=20 | 做空=20(HOLD) | 离场紧迫=0 | 持仓=False | 大单净=3082740.0 | 卖深=34500.0 | 失衡=-0.896
2026-04-20 21:44:10,407 [INFO] 逼空=20 | 做空=20(HOLD) | 离场紧迫=0 | 持仓=False | 大单净=3082740.0 | 卖深=34500.0 | 失衡=-0.896
2026-04-20 21:45:10,611 [INFO] 逼空=20 | 做空=20(HOLD) | 离场紧迫=0 | 持仓=False | 大单净=3082740.0 | 卖深=34500.0 | 失衡=-0.896
2026-04-20 21:46:10,785 [INFO] 逼空=20 | 做空=20(HOLD) | 离场紧迫=0 | 持仓=False | 大单净=3082740.0 | 卖深=34500.0 | 失衡=-0.896
2026-04-20 21:47:10,967 [INFO] 逼空=20 | 做空=20(HOLD) | 离场紧迫=0 | 持仓=False | 大单净=3082740.0 | 卖深=34500.0 | 失衡=-0.896
2026-04-20 21:48:11,144 [INFO] 逼空=20 | 做空=20(HOLD) | 离场紧迫=0 | 持仓=False | 大单净=3082740.0 | 卖深=34500.0 | 失衡=-0.896
2026-04-20 21:49:11,317 [INFO] 逼空=20 | 做空=20(HOLD) | 离场紧迫=0 | 持仓=False | 大单净=3082740.0 | 卖深=34500.0 | 失衡=-0.896
2026-04-20 21:50:11,492 [INFO] 逼空=20 | 做空=20(HOLD) | 离场紧迫=0 | 持仓=False | 大单净=3082740.0 | 卖深=34500.0 | 失衡=-0.896
2026-04-20 21:51:11,664 [INFO] 逼空=20 | 做空=20(HOLD) | 离场紧迫=0 | 持仓=False | 大单净=3082740.0 | 卖深=34500.0 | 失衡=-0.896
2026-04-20 21:52:11,835 [INFO] 逼空=20 | 做空=20(HOLD) | 离场紧迫=0 | 持仓=False | 大单净=3082740.0 | 卖深=34500.0 | 失衡=-0.896
2026-04-20 21:53:12,021 [INFO] 逼空=20 | 做空=20(HOLD) | 离场紧迫=0 | 持仓=False | 大单净=3082740.0 | 卖深=34500.0 | 失衡=-0.896
2026-04-20 21:54:12,199 [INFO] 逼空=20 | 做空=20(HOLD) | 离场紧迫=0 | 持仓=False | 大单净=3082740.0 | 卖深=34500.0 | 失衡=-0.896
2026-04-20 21:55:12,380 [INFO] 逼空=20 | 做空=20(HOLD) | 离场紧迫=0 | 持仓=False | 大单净=3082740.0 | 卖深=34500.0 | 失衡=-0.896
2026-04-20 21:56:12,555 [INFO] 逼空=20 | 做空=20(HOLD) | 离场紧迫=0 | 持仓=False | 大单净=3082740.0 | 卖深=34500.0 | 失衡=-0.896
2026-04-20 21:57:12,723 [INFO] 逼空=20 | 做空=20(HOLD) | 离场紧迫=0 | 持仓=False | 大单净=3082740.0 | 卖深=34500.0 | 失衡=-0.896
2026-04-20 21:58:12,894 [INFO] 逼空=20 | 做空=20(HOLD) | 离场紧迫=0 | 持仓=False | 大单净=3082740.0 | 卖深=34500.0 | 失衡=-0.896
2026-04-20 21:59:13,073 [INFO] 逼空=20 | 做空=20(HOLD) | 离场紧迫=0 | 持仓=False | 大单净=3082740.0 | 卖深=34500.0 | 失衡=-0.896
2026-04-20 22:00:13,253 [INFO] 逼空=20 | 做空=20(HOLD) | 离场紧迫=0 | 持仓=False | 大单净=3082740.0 | 卖深=34500.0 | 失衡=-0.896
2026-04-20 22:01:13,414 [INFO] 逼空=20 | 做空=20(HOLD) | 离场紧迫=0 | 持仓=False | 大单净=3082740.0 | 卖深=34500.0 | 失衡=-0.896
2026-04-20 22:02:13,591 [INFO] 逼空=20 | 做空=20(HOLD) | 离场紧迫=0 | 持仓=False | 大单净=3082740.0 | 卖深=34500.0 | 失衡=-0.896
2026-04-20 22:03:13,765 [INFO] 逼空=20 | 做空=20(HOLD) | 离场紧迫=0 | 持仓=False | 大单净=3082740.0 | 卖深=34500.0 | 失衡=-0.896
2026-04-20 22:04:13,942 [INFO] 逼空=20 | 做空=20(HOLD) | 离场紧迫=0 | 持仓=False | 大单净=3082740.0 | 卖深=34500.0 | 失衡=-0.896
2026-04-20 22:05:14,117 [INFO] 逼空=20 | 做空=20(HOLD) | 离场紧迫=0 | 持仓=False | 大单净=3082740.0 | 卖深=34500.0 | 失衡=-0.896
2026-04-20 22:06:14,296 [INFO] 逼空=20 | 做空=20(HOLD) | 离场紧迫=0 | 持仓=False | 大单净=3082740.0 | 卖深=34500.0 | 失衡=-0.896
2026-04-20 22:07:14,474 [INFO] 逼空=20 | 做空=20(HOLD) | 离场紧迫=0 | 持仓=False | 大单净=3082740.0 | 卖深=34500.0 | 失衡=-0.896
2026-04-20 22:08:14,662 [INFO] 逼空=20 | 做空=20(HOLD) | 离场紧迫=0 | 持仓=False | 大单净=3082740.0 | 卖深=34500.0 | 失衡=-0.896
2026-04-20 22:09:14,847 [INFO] 逼空=20 | 做空=20(HOLD) | 离场紧迫=0 | 持仓=False | 大单净=3082740.0 | 卖深=34500.0 | 失衡=-0.896
2026-04-20 22:10:15,023 [INFO] 逼空=20 | 做空=20(HOLD) | 离场紧迫=0 | 持仓=False | 大单净=3082740.0 | 卖深=34500.0 | 失衡=-0.896
2026-04-20 22:11:15,199 [INFO] 逼空=20 | 做空=20(HOLD) | 离场紧迫=0 | 持仓=False | 大单净=3082740.0 | 卖深=34500.0 | 失衡=-0.896
2026-04-20 22:12:15,371 [INFO] 逼空=20 | 做空=20(HOLD) | 离场紧迫=0 | 持仓=False | 大单净=3082740.0 | 卖深=34500.0 | 失衡=-0.896
2026-04-20 22:13:15,548 [INFO] 逼空=20 | 做空=20(HOLD) | 离场紧迫=0 | 持仓=False | 大单净=3082740.0 | 卖深=34500.0 | 失衡=-0.896
2026-04-20 22:14:15,727 [INFO] 逼空=20 | 做空=20(HOLD) | 离场紧迫=0 | 持仓=False | 大单净=3082740.0 | 卖深=34500.0 | 失衡=-0.896
2026-04-20 22:15:15,897 [INFO] 逼空=20 | 做空=20(HOLD) | 离场紧迫=0 | 持仓=False | 大单净=3082740.0 | 卖深=34500.0 | 失衡=-0.896
2026-04-20 22:16:16,071 [INFO] 逼空=20 | 做空=20(HOLD) | 离场紧迫=0 | 持仓=False | 大单净=3082740.0 | 卖深=34500.0 | 失衡=-0.896
2026-04-20 22:17:16,239 [INFO] 逼空=20 | 做空=20(HOLD) | 离场紧迫=0 | 持仓=False | 大单净=3082740.0 | 卖深=34500.0 | 失衡=-0.896
2026-04-20 22:18:16,420 [INFO] 逼空=20 | 做空=20(HOLD) | 离场紧迫=0 | 持仓=False | 大单净=3082740.0 | 卖深=34500.0 | 失衡=-0.896
2026-04-20 22:19:16,618 [INFO] 逼空=20 | 做空=20(HOLD) | 离场紧迫=0 | 持仓=False | 大单净=3082740.0 | 卖深=34500.0 | 失衡=-0.896
2026-04-20 22:20:16,795 [INFO] 逼空=20 | 做空=20(HOLD) | 离场紧迫=0 | 持仓=False | 大单净=3082740.0 | 卖深=34500.0 | 失衡=-0.896
2026-04-20 22:21:16,973 [INFO] 逼空=20 | 做空=20(HOLD) | 离场紧迫=0 | 持仓=False | 大单净=3082740.0 | 卖深=34500.0 | 失衡=-0.896
2026-04-20 22:22:17,148 [INFO] 逼空=20 | 做空=20(HOLD) | 离场紧迫=0 | 持仓=False | 大单净=3082740.0 | 卖深=34500.0 | 失衡=-0.896
2026-04-20 22:23:17,325 [INFO] 逼空=20 | 做空=20(HOLD) | 离场紧迫=0 | 持仓=False | 大单净=3082740.0 | 卖深=34500.0 | 失衡=-0.896
2026-04-20 22:24:17,502 [INFO] 逼空=20 | 做空=20(HOLD) | 离场紧迫=0 | 持仓=False | 大单净=3082740.0 | 卖深=34500.0 | 失衡=-0.896
2026-04-20 22:25:17,679 [INFO] 逼空=20 | 做空=20(HOLD) | 离场紧迫=0 | 持仓=False | 大单净=3082740.0 | 卖深=34500.0 | 失衡=-0.896
2026-04-20 22:26:17,857 [INFO] 逼空=20 | 做空=20(HOLD) | 离场紧迫=0 | 持仓=False | 大单净=3082740.0 | 卖深=34500.0 | 失衡=-0.896
2026-04-20 22:27:18,034 [INFO] 逼空=20 | 做空=20(HOLD) | 离场紧迫=0 | 持仓=False | 大单净=3082740.0 | 卖深=34500.0 | 失衡=-0.896
2026-04-20 22:28:18,208 [INFO] 逼空=20 | 做空=20(HOLD) | 离场紧迫=0 | 持仓=False | 大单净=3082740.0 | 卖深=34500.0 | 失衡=-0.896
2026-04-20 22:29:18,393 [INFO] 逼空=20 | 做空=20(HOLD) | 离场紧迫=0 | 持仓=False | 大单净=3082740.0 | 卖深=34500.0 | 失衡=-0.896
2026-04-20 22:30:18,571 [INFO] 逼空=20 | 做空=20(HOLD) | 离场紧迫=0 | 持仓=False | 大单净=3082740.0 | 卖深=34500.0 | 失衡=-0.896
2026-04-20 22:31:18,751 [INFO] 逼空=20 | 做空=20(HOLD) | 离场紧迫=0 | 持仓=False | 大单净=3082740.0 | 卖深=34500.0 | 失衡=-0.896
2026-04-20 22:32:18,927 [INFO] 逼空=20 | 做空=20(HOLD) | 离场紧迫=0 | 持仓=False | 大单净=3082740.0 | 卖深=34500.0 | 失衡=-0.896
2026-04-20 22:33:19,100 [INFO] 逼空=20 | 做空=20(HOLD) | 离场紧迫=0 | 持仓=False | 大单净=3082740.0 | 卖深=34500.0 | 失衡=-0.896
2026-04-20 22:34:19,278 [INFO] 逼空=20 | 做空=20(HOLD) | 离场紧迫=0 | 持仓=False | 大单净=3082740.0 | 卖深=34500.0 | 失衡=-0.896
2026-04-20 22:35:19,460 [INFO] 逼空=20 | 做空=20(HOLD) | 离场紧迫=0 | 持仓=False | 大单净=3082740.0 | 卖深=34500.0 | 失衡=-0.896
2026-04-20 22:36:19,638 [INFO] 逼空=20 | 做空=20(HOLD) | 离场紧迫=0 | 持仓=False | 大单净=3082740.0 | 卖深=34500.0 | 失衡=-0.896
2026-04-20 22:37:19,825 [INFO] 逼空=20 | 做空=20(HOLD) | 离场紧迫=0 | 持仓=False | 大单净=3082740.0 | 卖深=34500.0 | 失衡=-0.896
2026-04-20 22:38:20,007 [INFO] 逼空=20 | 做空=20(HOLD) | 离场紧迫=0 | 持仓=False | 大单净=3082740.0 | 卖深=34500.0 | 失衡=-0.896
2026-04-20 22:39:20,187 [INFO] 逼空=20 | 做空=20(HOLD) | 离场紧迫=0 | 持仓=False | 大单净=3082740.0 | 卖深=34500.0 | 失衡=-0.896
2026-04-20 22:40:20,371 [INFO] 逼空=20 | 做空=20(HOLD) | 离场紧迫=0 | 持仓=False | 大单净=3082740.0 | 卖深=34500.0 | 失衡=-0.896
2026-04-20 22:41:20,547 [INFO] 逼空=20 | 做空=20(HOLD) | 离场紧迫=0 | 持仓=False | 大单净=3082740.0 | 卖深=34500.0 | 失衡=-0.896
2026-04-20 22:42:20,723 [INFO] 逼空=20 | 做空=20(HOLD) | 离场紧迫=0 | 持仓=False | 大单净=3082740.0 | 卖深=34500.0 | 失衡=-0.896
2026-04-20 22:43:20,902 [INFO] 逼空=20 | 做空=20(HOLD) | 离场紧迫=0 | 持仓=False | 大单净=3082740.0 | 卖深=34500.0 | 失衡=-0.896
2026-04-20 22:44:21,079 [INFO] 逼空=20 | 做空=20(HOLD) | 离场紧迫=0 | 持仓=False | 大单净=3082740.0 | 卖深=34500.0 | 失衡=-0.896
2026-04-20 22:45:21,251 [INFO] 逼空=20 | 做空=20(HOLD) | 离场紧迫=0 | 持仓=False | 大单净=3082740.0 | 卖深=34500.0 | 失衡=-0.896
2026-04-20 22:46:21,423 [INFO] 逼空=20 | 做空=20(HOLD) | 离场紧迫=0 | 持仓=False | 大单净=3082740.0 | 卖深=34500.0 | 失衡=-0.896
2026-04-20 22:47:21,601 [INFO] 逼空=20 | 做空=20(HOLD) | 离场紧迫=0 | 持仓=False | 大单净=3082740.0 | 卖深=34500.0 | 失衡=-0.896
2026-04-20 22:48:21,790 [INFO] 逼空=20 | 做空=20(HOLD) | 离场紧迫=0 | 持仓=False | 大单净=3082740.0 | 卖深=34500.0 | 失衡=-0.896
2026-04-20 22:49:21,968 [INFO] 逼空=20 | 做空=20(HOLD) | 离场紧迫=0 | 持仓=False | 大单净=3082740.0 | 卖深=34500.0 | 失衡=-0.896
2026-04-20 22:50:22,191 [INFO] 逼空=20 | 做空=20(HOLD) | 离场紧迫=0 | 持仓=False | 大单净=3082740.0 | 卖深=34500.0 | 失衡=-0.896
2026-04-20 22:51:22,419 [INFO] 逼空=20 | 做空=20(HOLD) | 离场紧迫=0 | 持仓=False | 大单净=3082740.0 | 卖深=34500.0 | 失衡=-0.896
2026-04-20 22:52:22,660 [INFO] 逼空=20 | 做空=20(HOLD) | 离场紧迫=0 | 持仓=False | 大单净=3082740.0 | 卖深=34500.0 | 失衡=-0.896
2026-04-20 22:53:22,879 [INFO] 逼空=20 | 做空=20(HOLD) | 离场紧迫=0 | 持仓=False | 大单净=3082740.0 | 卖深=34500.0 | 失衡=-0.896
2026-04-20 22:54:23,112 [INFO] 逼空=20 | 做空=20(HOLD) | 离场紧迫=0 | 持仓=False | 大单净=3082740.0 | 卖深=34500.0 | 失衡=-0.896
2026-04-20 22:55:23,345 [INFO] 逼空=20 | 做空=20(HOLD) | 离场紧迫=0 | 持仓=False | 大单净=3082740.0 | 卖深=34500.0 | 失衡=-0.896
2026-04-20 22:56:23,571 [INFO] 逼空=20 | 做空=20(HOLD) | 离场紧迫=0 | 持仓=False | 大单净=3082740.0 | 卖深=34500.0 | 失衡=-0.896
2026-04-20 22:57:23,796 [INFO] 逼空=20 | 做空=20(HOLD) | 离场紧迫=0 | 持仓=False | 大单净=3082740.0 | 卖深=34500.0 | 失衡=-0.896
2026-04-20 22:58:24,014 [INFO] 逼空=20 | 做空=20(HOLD) | 离场紧迫=0 | 持仓=False | 大单净=3082740.0 | 卖深=34500.0 | 失衡=-0.896
2026-04-20 22:59:24,237 [INFO] 逼空=20 | 做空=20(HOLD) | 离场紧迫=0 | 持仓=False | 大单净=3082740.0 | 卖深=34500.0 | 失衡=-0.896
2026-04-20 23:00:24,455 [INFO] 逼空=20 | 做空=20(HOLD) | 离场紧迫=0 | 持仓=False | 大单净=3082740.0 | 卖深=34500.0 | 失衡=-0.896
2026-04-20 23:01:24,678 [INFO] 逼空=20 | 做空=20(HOLD) | 离场紧迫=0 | 持仓=False | 大单净=3082740.0 | 卖深=34500.0 | 失衡=-0.896
2026-04-20 23:02:24,901 [INFO] 逼空=20 | 做空=20(HOLD) | 离场紧迫=0 | 持仓=False | 大单净=3082740.0 | 卖深=34500.0 | 失衡=-0.896
2026-04-20 23:03:25,126 [INFO] 逼空=20 | 做空=20(HOLD) | 离场紧迫=0 | 持仓=False | 大单净=3082740.0 | 卖深=34500.0 | 失衡=-0.896
2026-04-20 23:04:25,293 [INFO] 逼空=20 | 做空=20(HOLD) | 离场紧迫=0 | 持仓=False | 大单净=3082740.0 | 卖深=34500.0 | 失衡=-0.896
2026-04-20 23:05:25,465 [INFO] 逼空=20 | 做空=20(HOLD) | 离场紧迫=0 | 持仓=False | 大单净=3082740.0 | 卖深=34500.0 | 失衡=-0.896
2026-04-20 23:06:25,642 [INFO] 逼空=20 | 做空=20(HOLD) | 离场紧迫=0 | 持仓=False | 大单净=3082740.0 | 卖深=34500.0 | 失衡=-0.896
2026-04-20 23:07:25,817 [INFO] 逼空=20 | 做空=20(HOLD) | 离场紧迫=0 | 持仓=False | 大单净=3082740.0 | 卖深=34500.0 | 失衡=-0.896
2026-04-20 23:08:25,994 [INFO] 逼空=20 | 做空=20(HOLD) | 离场紧迫=0 | 持仓=False | 大单净=3082740.0 | 卖深=34500.0 | 失衡=-0.896
2026-04-20 23:09:26,170 [INFO] 逼空=20 | 做空=20(HOLD) | 离场紧迫=0 | 持仓=False | 大单净=3082740.0 | 卖深=34500.0 | 失衡=-0.896
2026-04-20 23:10:26,348 [INFO] 逼空=20 | 做空=20(HOLD) | 离场紧迫=0 | 持仓=False | 大单净=3082740.0 | 卖深=34500.0 | 失衡=-0.896
2026-04-20 23:11:26,527 [INFO] 逼空=20 | 做空=20(HOLD) | 离场紧迫=0 | 持仓=False | 大单净=3082740.0 | 卖深=34500.0 | 失衡=-0.896
2026-04-20 23:12:26,704 [INFO] 逼空=20 | 做空=20(HOLD) | 离场紧迫=0 | 持仓=False | 大单净=3082740.0 | 卖深=34500.0 | 失衡=-0.896
2026-04-20 23:13:26,867 [INFO] 逼空=20 | 做空=20(HOLD) | 离场紧迫=0 | 持仓=False | 大单净=3082740.0 | 卖深=34500.0 | 失衡=-0.896
2026-04-20 23:14:27,042 [INFO] 逼空=20 | 做空=20(HOLD) | 离场紧迫=0 | 持仓=False | 大单净=3082740.0 | 卖深=34500.0 | 失衡=-0.896
2026-04-20 23:15:27,212 [INFO] 逼空=20 | 做空=20(HOLD) | 离场紧迫=0 | 持仓=False | 大单净=3082740.0 | 卖深=34500.0 | 失衡=-0.896
2026-04-20 23:16:27,388 [INFO] 逼空=20 | 做空=20(HOLD) | 离场紧迫=0 | 持仓=False | 大单净=3082740.0 | 卖深=34500.0 | 失衡=-0.896
2026-04-20 23:17:27,562 [INFO] 逼空=20 | 做空=20(HOLD) | 离场紧迫=0 | 持仓=False | 大单净=3082740.0 | 卖深=34500.0 | 失衡=-0.896
2026-04-20 23:18:27,734 [INFO] 逼空=20 | 做空=20(HOLD) | 离场紧迫=0 | 持仓=False | 大单净=3082740.0 | 卖深=34500.0 | 失衡=-0.896
2026-04-20 23:19:27,898 [INFO] 逼空=20 | 做空=20(HOLD) | 离场紧迫=0 | 持仓=False | 大单净=3082740.0 | 卖深=34500.0 | 失衡=-0.896
2026-04-20 23:20:28,066 [INFO] 逼空=20 | 做空=20(HOLD) | 离场紧迫=0 | 持仓=False | 大单净=3082740.0 | 卖深=34500.0 | 失衡=-0.896
2026-04-20 23:21:28,245 [INFO] 逼空=20 | 做空=20(HOLD) | 离场紧迫=0 | 持仓=False | 大单净=3082740.0 | 卖深=34500.0 | 失衡=-0.896
2026-04-20 23:22:28,421 [INFO] 逼空=20 | 做空=20(HOLD) | 离场紧迫=0 | 持仓=False | 大单净=3082740.0 | 卖深=34500.0 | 失衡=-0.896
2026-04-20 23:23:28,603 [INFO] 逼空=20 | 做空=20(HOLD) | 离场紧迫=0 | 持仓=False | 大单净=3082740.0 | 卖深=34500.0 | 失衡=-0.896
2026-04-20 23:24:28,779 [INFO] 逼空=20 | 做空=20(HOLD) | 离场紧迫=0 | 持仓=False | 大单净=3082740.0 | 卖深=34500.0 | 失衡=-0.896
2026-04-20 23:25:28,952 [INFO] 逼空=20 | 做空=20(HOLD) | 离场紧迫=0 | 持仓=False | 大单净=3082740.0 | 卖深=34500.0 | 失衡=-0.896
2026-04-20 23:26:29,139 [INFO] 逼空=20 | 做空=20(HOLD) | 离场紧迫=0 | 持仓=False | 大单净=3082740.0 | 卖深=34500.0 | 失衡=-0.896
2026-04-20 23:27:29,315 [INFO] 逼空=20 | 做空=20(HOLD) | 离场紧迫=0 | 持仓=False | 大单净=3082740.0 | 卖深=34500.0 | 失衡=-0.896
2026-04-20 23:28:29,491 [INFO] 逼空=20 | 做空=20(HOLD) | 离场紧迫=0 | 持仓=False | 大单净=3082740.0 | 卖深=34500.0 | 失衡=-0.896
2026-04-20 23:29:29,676 [INFO] 逼空=20 | 做空=20(HOLD) | 离场紧迫=0 | 持仓=False | 大单净=3082740.0 | 卖深=34500.0 | 失衡=-0.896
2026-04-20 23:30:29,844 [INFO] 逼空=20 | 做空=20(HOLD) | 离场紧迫=0 | 持仓=False | 大单净=3082740.0 | 卖深=34500.0 | 失衡=-0.896
2026-04-20 23:31:30,019 [INFO] 逼空=20 | 做空=20(HOLD) | 离场紧迫=0 | 持仓=False | 大单净=3082740.0 | 卖深=34500.0 | 失衡=-0.896
2026-04-20 23:32:30,201 [INFO] 逼空=20 | 做空=20(HOLD) | 离场紧迫=0 | 持仓=False | 大单净=3082740.0 | 卖深=34500.0 | 失衡=-0.896
2026-04-20 23:33:30,379 [INFO] 逼空=20 | 做空=20(HOLD) | 离场紧迫=0 | 持仓=False | 大单净=3082740.0 | 卖深=34500.0 | 失衡=-0.896
2026-04-20 23:34:30,555 [INFO] 逼空=20 | 做空=20(HOLD) | 离场紧迫=0 | 持仓=False | 大单净=3082740.0 | 卖深=34500.0 | 失衡=-0.896
2026-04-20 23:35:30,725 [INFO] 逼空=20 | 做空=20(HOLD) | 离场紧迫=0 | 持仓=False | 大单净=3082740.0 | 卖深=34500.0 | 失衡=-0.896
2026-04-20 23:36:30,893 [INFO] 逼空=20 | 做空=20(HOLD) | 离场紧迫=0 | 持仓=False | 大单净=3082740.0 | 卖深=34500.0 | 失衡=-0.896
2026-04-20 23:37:31,069 [INFO] 逼空=20 | 做空=20(HOLD) | 离场紧迫=0 | 持仓=False | 大单净=3082740.0 | 卖深=34500.0 | 失衡=-0.896
2026-04-20 23:38:31,258 [INFO] 逼空=20 | 做空=20(HOLD) | 离场紧迫=0 | 持仓=False | 大单净=3082740.0 | 卖深=34500.0 | 失衡=-0.896
2026-04-20 23:39:31,459 [INFO] 逼空=20 | 做空=20(HOLD) | 离场紧迫=0 | 持仓=False | 大单净=3082740.0 | 卖深=34500.0 | 失衡=-0.896
2026-04-20 23:40:31,664 [INFO] 逼空=20 | 做空=20(HOLD) | 离场紧迫=0 | 持仓=False | 大单净=3082740.0 | 卖深=34500.0 | 失衡=-0.896
2026-04-20 23:49:52,842 [WARNING] get_capital_distribution 失败: Connection closed
2026-04-20 23:49:52,843 [WARNING] get_order_book 失败: Connection closed
2026-04-20 23:49:52,846 [INFO] 逼空=20 | 做空=20(HOLD) | 离场紧迫=0 | 持仓=False | 大单净=3082740.0 | 卖深=34500.0 | 失衡=-0.896
2026-04-21 00:02:11,240 [WARNING] get_capital_distribution 失败: Connection closed
2026-04-21 00:02:11,240 [WARNING] get_order_book 失败: Connection closed
2026-04-21 00:02:11,243 [INFO] 逼空=20 | 做空=20(HOLD) | 离场紧迫=0 | 持仓=False | 大单净=3082740.0 | 卖深=34500.0 | 失衡=-0.896
2026-04-21 00:06:17,358 [WARNING] get_capital_distribution 失败: Connection closed
2026-04-21 00:06:17,359 [WARNING] get_order_book 失败: Connection closed
2026-04-21 00:06:17,362 [INFO] 逼空=20 | 做空=20(HOLD) | 离场紧迫=0 | 持仓=False | 大单净=3082740.0 | 卖深=34500.0 | 失衡=-0.896
2026-04-21 00:09:47,461 [WARNING] get_capital_distribution 失败: Connection closed
2026-04-21 00:12:23,536 [WARNING] get_order_book 失败: Connection closed
2026-04-21 00:12:23,539 [INFO] 逼空=20 | 做空=20(HOLD) | 离场紧迫=0 | 持仓=False | 大单净=3082740.0 | 卖深=34500.0 | 失衡=-0.896
2026-04-21 00:19:05,729 [WARNING] get_capital_distribution 失败: Connection closed
2026-04-21 00:19:05,729 [WARNING] get_order_book 失败: Connection closed
2026-04-21 00:19:05,732 [INFO] 逼空=20 | 做空=20(HOLD) | 离场紧迫=0 | 持仓=False | 大单净=3082740.0 | 卖深=34500.0 | 失衡=-0.896
2026-04-21 00:25:53,925 [WARNING] get_capital_distribution 失败: Connection closed
2026-04-21 00:27:29,970 [WARNING] get_order_book 失败: Connection closed
2026-04-21 00:27:29,973 [INFO] 逼空=20 | 做空=20(HOLD) | 离场紧迫=0 | 持仓=False | 大单净=3082740.0 | 卖深=34500.0 | 失衡=-0.896
2026-04-21 00:31:12,077 [WARNING] get_capital_distribution 失败: Connection closed
2026-04-21 00:31:12,078 [WARNING] get_order_book 失败: Connection closed
2026-04-21 00:31:12,081 [INFO] 逼空=20 | 做空=20(HOLD) | 离场紧迫=0 | 持仓=False | 大单净=3082740.0 | 卖深=34500.0 | 失衡=-0.896
2026-04-21 00:40:48,352 [WARNING] get_capital_distribution 失败: Connection closed
2026-04-21 00:43:06,424 [WARNING] get_order_book 失败: Connection closed
2026-04-21 00:43:06,427 [INFO] 逼空=20 | 做空=20(HOLD) | 离场紧迫=0 | 持仓=False | 大单净=3082740.0 | 卖深=34500.0 | 失衡=-0.896
2026-04-21 00:44:24,459 [WARNING] get_capital_distribution 失败: Connection closed
2026-04-21 00:44:24,460 [WARNING] get_order_book 失败: Connection closed
2026-04-21 00:44:24,463 [INFO] 逼空=20 | 做空=20(HOLD) | 离场紧迫=0 | 持仓=False | 大单净=3082740.0 | 卖深=34500.0 | 失衡=-0.896
2026-04-21 00:49:18,606 [WARNING] get_capital_distribution 失败: Connection closed
2026-04-21 00:49:18,607 [WARNING] get_order_book 失败: Connection closed
2026-04-21 00:49:18,609 [INFO] 逼空=20 | 做空=20(HOLD) | 离场紧迫=0 | 持仓=False | 大单净=3082740.0 | 卖深=34500.0 | 失衡=-0.896
2026-04-21 01:00:12,926 [WARNING] get_capital_distribution 失败: Connection closed
2026-04-21 01:04:13,041 [WARNING] get_order_book 失败: Connection closed
2026-04-21 01:04:13,044 [INFO] 逼空=20 | 做空=20(HOLD) | 离场紧迫=0 | 持仓=False | 大单净=3082740.0 | 卖深=34500.0 | 失衡=-0.896
2026-04-21 01:07:49,154 [WARNING] get_capital_distribution 失败: Connection closed
2026-04-21 01:10:07,226 [WARNING] get_order_book 失败: Connection closed
2026-04-21 01:10:07,229 [INFO] 逼空=20 | 做空=20(HOLD) | 离场紧迫=0 | 持仓=False | 大单净=3082740.0 | 卖深=34500.0 | 失衡=-0.896
2026-04-21 01:12:01,286 [WARNING] get_capital_distribution 失败: Connection closed
2026-04-21 01:12:01,288 [WARNING] get_order_book 失败: Connection closed
2026-04-21 01:12:01,291 [INFO] 逼空=20 | 做空=20(HOLD) | 离场紧迫=0 | 持仓=False | 大单净=3082740.0 | 卖深=34500.0 | 失衡=-0.896
2026-04-21 01:13:25,329 [WARNING] get_capital_distribution 失败: Connection closed
2026-04-21 01:13:25,330 [WARNING] get_order_book 失败: Connection closed
2026-04-21 01:13:25,333 [INFO] 逼空=20 | 做空=20(HOLD) | 离场紧迫=0 | 持仓=False | 大单净=3082740.0 | 卖深=34500.0 | 失衡=-0.896
2026-04-21 01:23:43,701 [WARNING] get_capital_distribution 失败: Connection closed
2026-04-21 01:30:25,926 [WARNING] get_order_book 失败: Connection closed
2026-04-21 01:30:25,929 [INFO] 逼空=20 | 做空=20(HOLD) | 离场紧迫=0 | 持仓=False | 大单净=3082740.0 | 卖深=34500.0 | 失衡=-0.896
2026-04-21 01:32:07,976 [WARNING] get_capital_distribution 失败: Connection closed
2026-04-21 01:32:07,976 [WARNING] get_order_book 失败: Connection closed
2026-04-21 01:32:07,979 [INFO] 逼空=20 | 做空=20(HOLD) | 离场紧迫=0 | 持仓=False | 大单净=3082740.0 | 卖深=34500.0 | 失衡=-0.896
2026-04-21 01:33:32,016 [WARNING] get_capital_distribution 失败: Connection closed
2026-04-21 01:33:32,017 [WARNING] get_order_book 失败: Connection closed
2026-04-21 01:33:32,020 [INFO] 逼空=20 | 做空=20(HOLD) | 离场紧迫=0 | 持仓=False | 大单净=3082740.0 | 卖深=34500.0 | 失衡=-0.896
2026-04-21 01:47:50,423 [WARNING] get_capital_distribution 失败: Connection closed
2026-04-21 01:51:14,519 [WARNING] get_order_book 失败: Connection closed
2026-04-21 01:51:14,522 [INFO] 逼空=20 | 做空=20(HOLD) | 离场紧迫=0 | 持仓=False | 大单净=3082740.0 | 卖深=34500.0 | 失衡=-0.896
2026-04-21 01:58:02,719 [WARNING] get_capital_distribution 失败: Connection closed
2026-04-21 01:58:20,728 [WARNING] get_order_book 失败: Connection closed
2026-04-21 01:58:20,731 [INFO] 逼空=20 | 做空=20(HOLD) | 离场紧迫=0 | 持仓=False | 大单净=3082740.0 | 卖深=34500.0 | 失衡=-0.896
2026-04-21 02:00:14,782 [WARNING] get_capital_distribution 失败: Connection closed
2026-04-21 02:08:21,013 [WARNING] get_order_book 失败: Connection closed
2026-04-21 02:08:21,016 [INFO] 逼空=20 | 做空=20(HOLD) | 离场紧迫=0 | 持仓=False | 大单净=3082740.0 | 卖深=34500.0 | 失衡=-0.896
2026-04-21 02:09:45,054 [WARNING] get_capital_distribution 失败: Connection closed
2026-04-21 02:09:45,055 [WARNING] get_order_book 失败: Connection closed
2026-04-21 02:09:45,058 [INFO] 逼空=20 | 做空=20(HOLD) | 离场紧迫=0 | 持仓=False | 大单净=3082740.0 | 卖深=34500.0 | 失衡=-0.896
2026-04-21 02:17:45,291 [WARNING] get_capital_distribution 失败: Connection closed
2026-04-21 02:21:33,399 [WARNING] get_order_book 失败: Connection closed
2026-04-21 02:21:33,402 [INFO] 逼空=20 | 做空=20(HOLD) | 离场紧迫=0 | 持仓=False | 大单净=3082740.0 | 卖深=34500.0 | 失衡=-0.896
2026-04-21 02:29:39,628 [WARNING] get_capital_distribution 失败: Connection closed
2026-04-21 02:35:15,788 [WARNING] get_order_book 失败: Connection closed
2026-04-21 02:35:15,792 [INFO] 逼空=20 | 做空=20(HOLD) | 离场紧迫=0 | 持仓=False | 大单净=3082740.0 | 卖深=34500.0 | 失衡=-0.896
2026-04-21 02:36:51,835 [WARNING] get_capital_distribution 失败: Connection closed
2026-04-21 02:36:51,836 [WARNING] get_order_book 失败: Connection closed
2026-04-21 02:36:51,839 [INFO] 逼空=20 | 做空=20(HOLD) | 离场紧迫=0 | 持仓=False | 大单净=3082740.0 | 卖深=34500.0 | 失衡=-0.896
2026-04-21 02:38:39,888 [WARNING] get_capital_distribution 失败: Connection closed
2026-04-21 02:44:16,055 [WARNING] get_order_book 失败: Connection closed
2026-04-21 02:44:16,058 [INFO] 逼空=20 | 做空=20(HOLD) | 离场紧迫=0 | 持仓=False | 大单净=3082740.0 | 卖深=34500.0 | 失衡=-0.896
2026-04-21 02:47:58,163 [WARNING] get_capital_distribution 失败: Connection closed
2026-04-21 02:56:52,424 [WARNING] get_order_book 失败: Connection closed
2026-04-21 02:56:52,427 [INFO] 逼空=20 | 做空=20(HOLD) | 离场紧迫=0 | 持仓=False | 大单净=3082740.0 | 卖深=34500.0 | 失衡=-0.896
2026-04-21 03:10:46,821 [WARNING] get_capital_distribution 失败: Connection closed
2026-04-21 03:22:35,167 [WARNING] get_order_book 失败: Connection closed
2026-04-21 03:22:35,170 [INFO] 逼空=20 | 做空=20(HOLD) | 离场紧迫=0 | 持仓=False | 大单净=3082740.0 | 卖深=34500.0 | 失衡=-0.896
2026-04-21 03:26:35,307 [WARNING] get_capital_distribution 失败: Connection closed
2026-04-21 03:26:35,308 [WARNING] get_order_book 失败: Connection closed
2026-04-21 03:26:35,310 [INFO] 逼空=20 | 做空=20(HOLD) | 离场紧迫=0 | 持仓=False | 大单净=3082740.0 | 卖深=34500.0 | 失衡=-0.896
2026-04-21 03:27:41,356 [WARNING] get_capital_distribution 失败: Connection closed
2026-04-21 03:27:41,356 [WARNING] get_order_book 失败: Connection closed
2026-04-21 03:27:41,359 [INFO] 逼空=20 | 做空=20(HOLD) | 离场紧迫=0 | 持仓=False | 大单净=3082740.0 | 卖深=34500.0 | 失衡=-0.896
2026-04-21 03:31:23,481 [WARNING] get_capital_distribution 失败: Connection closed
2026-04-21 03:42:23,793 [WARNING] get_order_book 失败: Connection closed
2026-04-21 03:42:23,796 [INFO] 逼空=20 | 做空=20(HOLD) | 离场紧迫=0 | 持仓=False | 大单净=3082740.0 | 卖深=34500.0 | 失衡=-0.896
2026-04-21 03:44:29,887 [WARNING] get_capital_distribution 失败: Connection closed
2026-04-21 03:44:29,892 [WARNING] get_order_book 失败: Connection closed
2026-04-21 03:44:29,895 [INFO] 逼空=20 | 做空=20(HOLD) | 离场紧迫=0 | 持仓=False | 大单净=3082740.0 | 卖深=34500.0 | 失衡=-0.896
2026-04-21 03:45:41,944 [WARNING] get_capital_distribution 失败: Connection closed
2026-04-21 03:47:54,016 [WARNING] get_order_book 失败: Connection closed
2026-04-21 03:47:54,019 [INFO] 逼空=20 | 做空=20(HOLD) | 离场紧迫=0 | 持仓=False | 大单净=3082740.0 | 卖深=34500.0 | 失衡=-0.896
2026-04-21 03:49:00,065 [WARNING] get_capital_distribution 失败: Connection closed
2026-04-21 03:50:06,096 [WARNING] get_order_book 失败: Connection closed
2026-04-21 03:50:06,099 [INFO] 逼空=20 | 做空=20(HOLD) | 离场紧迫=0 | 持仓=False | 大单净=3082740.0 | 卖深=34500.0 | 失衡=-0.896
2026-04-21 03:58:12,344 [WARNING] get_capital_distribution 失败: Connection closed
2026-04-21 03:58:12,345 [WARNING] get_order_book 失败: Connection closed
2026-04-21 03:58:12,348 [INFO] 逼空=20 | 做空=20(HOLD) | 离场紧迫=0 | 持仓=False | 大单净=3082740.0 | 卖深=34500.0 | 失衡=-0.896
2026-04-21 03:59:30,382 [WARNING] get_capital_distribution 失败: Connection closed
2026-04-21 04:06:54,584 [WARNING] get_order_book 失败: Connection closed
2026-04-21 04:06:54,587 [INFO] 逼空=20 | 做空=20(HOLD) | 离场紧迫=0 | 持仓=False | 大单净=3082740.0 | 卖深=34500.0 | 失衡=-0.896
2026-04-21 04:08:36,633 [WARNING] get_capital_distribution 失败: Connection closed
2026-04-21 04:16:06,847 [WARNING] get_order_book 失败: Connection closed
2026-04-21 04:16:06,850 [INFO] 逼空=20 | 做空=20(HOLD) | 离场紧迫=0 | 持仓=False | 大单净=3082740.0 | 卖深=34500.0 | 失衡=-0.896
2026-04-21 04:22:49,051 [WARNING] get_capital_distribution 失败: Connection closed
2026-04-21 04:22:49,051 [WARNING] get_order_book 失败: Connection closed
2026-04-21 04:22:49,054 [INFO] 逼空=20 | 做空=20(HOLD) | 离场紧迫=0 | 持仓=False | 大单净=3082740.0 | 卖深=34500.0 | 失衡=-0.896
2026-04-21 04:31:31,302 [WARNING] get_capital_distribution 失败: Connection closed
2026-04-21 04:40:13,543 [WARNING] get_order_book 失败: Connection closed
2026-04-21 04:40:13,546 [INFO] 逼空=20 | 做空=20(HOLD) | 离场紧迫=0 | 持仓=False | 大单净=3082740.0 | 卖深=34500.0 | 失衡=-0.896
2026-04-21 04:51:07,894 [WARNING] get_capital_distribution 失败: Connection closed
2026-04-21 04:55:32,039 [WARNING] get_order_book 失败: Connection closed
2026-04-21 04:55:32,042 [INFO] 逼空=20 | 做空=20(HOLD) | 离场紧迫=0 | 持仓=False | 大单净=3082740.0 | 卖深=34500.0 | 失衡=-0.896
2026-04-21 04:57:08,086 [WARNING] get_capital_distribution 失败: Connection closed
2026-04-21 05:05:56,357 [WARNING] get_order_book 失败: Connection closed
2026-04-21 05:05:56,360 [INFO] 逼空=20 | 做空=20(HOLD) | 离场紧迫=0 | 持仓=False | 大单净=3082740.0 | 卖深=34500.0 | 失衡=-0.896
2026-04-21 05:14:02,588 [WARNING] get_capital_distribution 失败: Connection closed
2026-04-21 05:16:56,682 [WARNING] get_order_book 失败: Connection closed
2026-04-21 05:16:56,686 [INFO] 逼空=20 | 做空=20(HOLD) | 离场紧迫=0 | 持仓=False | 大单净=3082740.0 | 卖深=34500.0 | 失衡=-0.896
2026-04-21 05:18:50,746 [WARNING] get_capital_distribution 失败: Connection closed
2026-04-21 05:33:09,192 [WARNING] get_order_book 失败: Connection closed
2026-04-21 05:33:09,194 [INFO] 逼空=20 | 做空=20(HOLD) | 离场紧迫=0 | 持仓=False | 大单净=3082740.0 | 卖深=34500.0 | 失衡=-0.896
2026-04-21 05:44:45,519 [WARNING] get_capital_distribution 失败: Connection closed
2026-04-21 05:49:09,655 [WARNING] get_order_book 失败: Connection closed
2026-04-21 05:49:09,658 [INFO] 逼空=20 | 做空=20(HOLD) | 离场紧迫=0 | 持仓=False | 大单净=3082740.0 | 卖深=34500.0 | 失衡=-0.896
2026-04-21 05:52:09,740 [WARNING] get_capital_distribution 失败: Connection closed
2026-04-21 05:52:09,741 [WARNING] get_order_book 失败: Connection closed
2026-04-21 05:52:09,744 [INFO] 逼空=20 | 做空=20(HOLD) | 离场紧迫=0 | 持仓=False | 大单净=3082740.0 | 卖深=34500.0 | 失衡=-0.896
2026-04-21 05:55:57,850 [WARNING] get_capital_distribution 失败: Connection closed
2026-04-21 05:55:57,851 [WARNING] get_order_book 失败: Connection closed
2026-04-21 05:55:57,853 [INFO] 逼空=20 | 做空=20(HOLD) | 离场紧迫=0 | 持仓=False | 大单净=3082740.0 | 卖深=34500.0 | 失衡=-0.896
2026-04-21 06:08:28,224 [WARNING] get_capital_distribution 失败: Connection closed
2026-04-21 06:08:28,224 [WARNING] get_order_book 失败: Connection closed
2026-04-21 06:08:28,227 [INFO] 逼空=20 | 做空=20(HOLD) | 离场紧迫=0 | 持仓=False | 大单净=3082740.0 | 卖深=34500.0 | 失衡=-0.896
2026-04-21 06:13:04,355 [WARNING] get_capital_distribution 失败: Connection closed
2026-04-21 06:13:16,361 [WARNING] get_order_book 失败: Connection closed
2026-04-21 06:13:16,364 [INFO] 逼空=20 | 做空=20(HOLD) | 离场紧迫=0 | 持仓=False | 大单净=3082740.0 | 卖深=34500.0 | 失衡=-0.896
2026-04-21 06:16:22,444 [WARNING] get_capital_distribution 失败: Connection closed
2026-04-21 06:18:22,499 [WARNING] get_order_book 失败: Connection closed
2026-04-21 06:18:22,503 [INFO] 逼空=20 | 做空=20(HOLD) | 离场紧迫=0 | 持仓=False | 大单净=3082740.0 | 卖深=34500.0 | 失衡=-0.896
2026-04-21 06:19:46,541 [WARNING] get_capital_distribution 失败: Connection closed
2026-04-21 06:19:46,541 [WARNING] get_order_book 失败: Connection closed
2026-04-21 06:19:46,544 [INFO] 逼空=20 | 做空=20(HOLD) | 离场紧迫=0 | 持仓=False | 大单净=3082740.0 | 卖深=34500.0 | 失衡=-0.896
2026-04-21 06:31:28,876 [WARNING] get_capital_distribution 失败: Connection closed
2026-04-21 06:49:29,389 [WARNING] get_order_book 失败: Connection closed
2026-04-21 06:49:29,392 [INFO] 逼空=20 | 做空=20(HOLD) | 离场紧迫=0 | 持仓=False | 大单净=3082740.0 | 卖深=34500.0 | 失衡=-0.896
2026-04-21 06:57:05,604 [WARNING] get_capital_distribution 失败: Connection closed
2026-04-21 06:57:05,605 [WARNING] get_order_book 失败: Connection closed
2026-04-21 06:57:05,607 [INFO] 逼空=20 | 做空=20(HOLD) | 离场紧迫=0 | 持仓=False | 大单净=3082740.0 | 卖深=34500.0 | 失衡=-0.896
2026-04-21 07:11:48,029 [WARNING] get_capital_distribution 失败: Connection closed
2026-04-21 07:11:48,030 [WARNING] get_order_book 失败: Connection closed
2026-04-21 07:11:48,033 [INFO] 逼空=20 | 做空=20(HOLD) | 离场紧迫=0 | 持仓=False | 大单净=3082740.0 | 卖深=34500.0 | 失衡=-0.896
2026-04-21 07:23:18,369 [WARNING] get_capital_distribution 失败: Connection closed
2026-04-21 07:28:48,539 [WARNING] get_order_book 失败: Connection closed
2026-04-21 07:28:48,542 [INFO] 逼空=20 | 做空=20(HOLD) | 离场紧迫=0 | 持仓=False | 大单净=3082740.0 | 卖深=34500.0 | 失衡=-0.896
2026-04-21 07:30:18,582 [WARNING] get_capital_distribution 失败: Connection closed
2026-04-21 07:30:18,583 [WARNING] get_order_book 失败: Connection closed
2026-04-21 07:30:18,586 [INFO] 逼空=20 | 做空=20(HOLD) | 离场紧迫=0 | 持仓=False | 大单净=3082740.0 | 卖深=34500.0 | 失衡=-0.896
2026-04-21 07:31:36,620 [WARNING] get_capital_distribution 失败: Connection closed
2026-04-21 07:31:36,621 [WARNING] get_order_book 失败: Connection closed
2026-04-21 07:31:36,624 [INFO] 逼空=20 | 做空=20(HOLD) | 离场紧迫=0 | 持仓=False | 大单净=3082740.0 | 卖深=34500.0 | 失衡=-0.896
2026-04-21 07:33:00,660 [WARNING] get_capital_distribution 失败: Connection closed
2026-04-21 07:33:00,661 [WARNING] get_order_book 失败: Connection closed
2026-04-21 07:33:00,664 [INFO] 逼空=20 | 做空=20(HOLD) | 离场紧迫=0 | 持仓=False | 大单净=3082740.0 | 卖深=34500.0 | 失衡=-0.896
2026-04-21 07:38:12,816 [WARNING] get_capital_distribution 失败: Connection closed
2026-04-21 07:38:12,817 [WARNING] get_order_book 失败: Connection closed
2026-04-21 07:38:12,819 [INFO] 逼空=20 | 做空=20(HOLD) | 离场紧迫=0 | 持仓=False | 大单净=3082740.0 | 卖深=34500.0 | 失衡=-0.896
2026-04-21 07:52:19,234 [WARNING] get_capital_distribution 失败: Connection closed
2026-04-21 07:54:25,294 [WARNING] get_order_book 失败: Connection closed
2026-04-21 07:54:25,297 [INFO] 逼空=20 | 做空=20(HOLD) | 离场紧迫=0 | 持仓=False | 大单净=3082740.0 | 卖深=34500.0 | 失衡=-0.896
2026-04-21 08:02:07,507 [WARNING] get_capital_distribution 失败: Connection closed
2026-04-21 08:02:07,508 [WARNING] get_order_book 失败: Connection closed
2026-04-21 08:02:07,511 [INFO] 逼空=20 | 做空=20(HOLD) | 离场紧迫=0 | 持仓=False | 大单净=3082740.0 | 卖深=34500.0 | 失衡=-0.896
2026-04-21 08:04:07,564 [WARNING] get_capital_distribution 失败: Connection closed
2026-04-21 08:14:19,872 [WARNING] get_order_book 失败: Connection closed
2026-04-21 08:14:19,875 [INFO] 逼空=20 | 做空=20(HOLD) | 离场紧迫=0 | 持仓=False | 大单净=3082740.0 | 卖深=34500.0 | 失衡=-0.896
2026-04-21 08:16:07,925 [WARNING] get_capital_distribution 失败: Connection closed
2026-04-21 08:16:07,926 [WARNING] get_order_book 失败: Connection closed
2026-04-21 08:16:07,929 [INFO] 逼空=20 | 做空=20(HOLD) | 离场紧迫=0 | 持仓=False | 大单净=3082740.0 | 卖深=34500.0 | 失衡=-0.896
2026-04-21 08:17:43,973 [WARNING] get_capital_distribution 失败: Connection closed
2026-04-21 08:17:43,973 [WARNING] get_order_book 失败: Connection closed
2026-04-21 08:17:43,976 [INFO] 逼空=20 | 做空=20(HOLD) | 离场紧迫=0 | 持仓=False | 大单净=3082740.0 | 卖深=34500.0 | 失衡=-0.896
2026-04-21 08:21:44,088 [WARNING] get_capital_distribution 失败: Connection closed
2026-04-21 08:21:44,089 [WARNING] get_order_book 失败: Connection closed
2026-04-21 08:21:44,092 [INFO] 逼空=20 | 做空=20(HOLD) | 离场紧迫=0 | 持仓=False | 大单净=3082740.0 | 卖深=34500.0 | 失衡=-0.896
2026-04-21 08:28:02,277 [WARNING] get_capital_distribution 失败: Connection closed
2026-04-21 08:28:02,278 [WARNING] get_order_book 失败: Connection closed
2026-04-21 08:28:02,281 [INFO] 逼空=20 | 做空=20(HOLD) | 离场紧迫=0 | 持仓=False | 大单净=3082740.0 | 卖深=34500.0 | 失衡=-0.896
2026-04-21 08:30:08,338 [WARNING] get_capital_distribution 失败: Connection closed
2026-04-21 08:30:08,339 [WARNING] get_order_book 失败: Connection closed
2026-04-21 08:30:08,342 [INFO] 逼空=20 | 做空=20(HOLD) | 离场紧迫=0 | 持仓=False | 大单净=3082740.0 | 卖深=34500.0 | 失衡=-0.896
2026-04-21 08:49:56,904 [WARNING] get_capital_distribution 失败: Connection closed
2026-04-21 08:54:15,027 [WARNING] get_order_book 失败: Connection closed
2026-04-21 08:54:15,030 [INFO] 逼空=20 | 做空=20(HOLD) | 离场紧迫=0 | 持仓=False | 大单净=3082740.0 | 卖深=34500.0 | 失衡=-0.896
2026-04-21 09:04:09,312 [WARNING] get_capital_distribution 失败: Connection closed
2026-04-21 09:04:09,313 [WARNING] get_order_book 失败: Connection closed
2026-04-21 09:04:09,316 [INFO] 逼空=20 | 做空=20(HOLD) | 离场紧迫=0 | 持仓=False | 大单净=3082740.0 | 卖深=34500.0 | 失衡=-0.896
2026-04-21 09:10:57,504 [WARNING] get_capital_distribution 失败: Connection closed
2026-04-21 09:10:57,505 [WARNING] get_order_book 失败: Connection closed
2026-04-21 09:10:57,508 [INFO] 逼空=20 | 做空=20(HOLD) | 离场紧迫=0 | 持仓=False | 大单净=3082740.0 | 卖深=34500.0 | 失衡=-0.896
2026-04-21 09:12:57,562 [WARNING] get_capital_distribution 失败: Connection closed
2026-04-21 09:12:57,562 [WARNING] get_order_book 失败: Connection closed
2026-04-21 09:12:57,565 [INFO] 逼空=20 | 做空=20(HOLD) | 离场紧迫=0 | 持仓=False | 大单净=3082740.0 | 卖深=34500.0 | 失衡=-0.896
2026-04-21 09:21:21,806 [WARNING] get_capital_distribution 失败: Connection closed
2026-04-21 09:22:57,852 [WARNING] get_order_book 失败: Connection closed
2026-04-21 09:22:57,855 [INFO] 逼空=20 | 做空=20(HOLD) | 离场紧迫=0 | 持仓=False | 大单净=3082740.0 | 卖深=34500.0 | 失衡=-0.896
2026-04-21 09:29:52,285 [WARNING] [摆盘预警] 卖盘深度骤减 90.7% (当前 2,900 vs 均值 31,340 股) [+25分]
2026-04-21 09:29:52,332 [INFO] 逼空=35 | 做空=0(BLOCKED) | 离场紧迫=0 | 持仓=False | 大单净=0.0 | 卖深=2900.0 | 失衡=-0.629
2026-04-21 09:30:52,556 [WARNING] [摆盘预警] 卖盘深度骤减 74.6% (当前 7,280 vs 均值 28,608 股) [+25分]
2026-04-21 09:30:52,605 [INFO] 逼空=35 | 做空=0(BLOCKED) | 离场紧迫=0 | 持仓=False | 大单净=0.0 | 卖深=7280.0 | 失衡=0.502
2026-04-21 09:31:52,839 [WARNING] [摆盘预警] 卖盘深度骤减 75.1% (当前 6,420 vs 均值 25,799 股) [+25分]
2026-04-21 09:31:52,894 [INFO] 逼空=43 | 做空=0(BLOCKED) | 离场紧迫=0 | 持仓=False | 大单净=-1832520.0 | 卖深=6420.0 | 失衡=0.524
2026-04-21 09:32:53,117 [WARNING] [摆盘预警] 卖盘深度骤减 71.4% (当前 6,580 vs 均值 23,019 股) [+25分]
2026-04-21 09:32:53,165 [INFO] 逼空=43 | 做空=0(BLOCKED) | 离场紧迫=0 | 持仓=False | 大单净=-1832520.0 | 卖深=6580.0 | 失衡=0.210
2026-04-21 09:33:53,389 [INFO] 逼空=10 | 做空=52(CAUTION) | 离场紧迫=0 | 持仓=False | 大单净=-1832520.0 | 卖深=19300.0 | 失衡=-0.482
2026-04-21 09:34:53,625 [WARNING] [摆盘预警] 卖盘深度骤减 31.3% (当前 13,580 vs 均值 19,762 股) [+25分]
2026-04-21 09:34:53,682 [INFO] 逼空=35 | 做空=0(BLOCKED) | 离场紧迫=0 | 持仓=False | 大单净=-1832520.0 | 卖深=13580.0 | 失衡=-0.889
2026-04-21 09:35:53,897 [WARNING] [摆盘预警] 卖盘深度骤减 71.1% (当前 4,840 vs 均值 16,749 股) [+25分]
2026-04-21 09:35:53,951 [INFO] 逼空=35 | 做空=0(BLOCKED) | 离场紧迫=0 | 持仓=False | 大单净=-1832520.0 | 卖深=4840.0 | 失衡=-0.260
2026-04-21 09:36:54,201 [WARNING] [摆盘预警] 卖盘深度骤减 66.1% (当前 4,660 vs 均值 13,764 股) [+25分]
2026-04-21 09:36:54,267 [INFO] 逼空=35 | 做空=0(BLOCKED) | 离场紧迫=0 | 持仓=False | 大单净=-508770.0 | 卖深=4660.0 | 失衡=-0.601
2026-04-21 09:37:54,514 [WARNING] [资金反转] 大单净流入反转：连续 2 轮正值 累计 +243.2 万港元 [+25分]
2026-04-21 09:37:54,560 [WARNING] [摆盘预警] 卖盘深度骤减 90.0% (当前 1,040 vs 均值 10,420 股) [+25分]
2026-04-21 09:37:54,617 [INFO] 逼空=68 | 做空=0(BLOCKED) | 离场紧迫=0 | 持仓=False | 大单净=1216030.0 | 卖深=1040.0 | 失衡=0.579
2026-04-21 09:38:54,866 [WARNING] [资金反转] 大单净流入反转：连续 2 轮正值 累计 +243.2 万港元 [+25分]
2026-04-21 09:38:54,916 [WARNING] [摆盘预警] 卖盘深度骤减 63.7% (当前 2,620 vs 均值 7,217 股) [+25分]
2026-04-21 09:38:54,973 [INFO] 逼空=68 | 做空=0(BLOCKED) | 离场紧迫=0 | 持仓=False | 大单净=1216030.0 | 卖深=2620.0 | 失衡=0.158
2026-04-21 09:39:55,199 [WARNING] [资金反转] 大单净流入反转：连续 2 轮正值 累计 +243.2 万港元 [+25分]
2026-04-21 09:39:55,249 [WARNING] [摆盘预警] 卖盘深度骤减 70.6% (当前 2,100 vs 均值 7,137 股) [+25分]
2026-04-21 09:39:55,309 [INFO] 逼空=68 | 做空=0(BLOCKED) | 离场紧迫=0 | 持仓=False | 大单净=1216030.0 | 卖深=2100.0 | 失衡=0.489
2026-04-21 09:40:55,524 [WARNING] [资金反转] 大单净流入反转：连续 2 轮正值 累计 +243.2 万港元 [+25分]
2026-04-21 09:40:55,582 [WARNING] [摆盘预警] 卖盘深度骤减 47.3% (当前 3,580 vs 均值 6,792 股) [+25分]
2026-04-21 09:40:55,631 [INFO] 逼空=68 | 做空=0(BLOCKED) | 离场紧迫=0 | 持仓=False | 大单净=1216030.0 | 卖深=3580.0 | 失衡=0.230
2026-04-21 09:41:55,855 [WARNING] [摆盘预警] 卖盘深度骤减 80.3% (当前 1,240 vs 均值 6,296 股) [+25分]
2026-04-21 09:41:55,903 [INFO] 逼空=53 | 做空=0(BLOCKED) | 离场紧迫=0 | 持仓=False | 大单净=4512840.0 | 卖深=1240.0 | 失衡=0.765
2026-04-21 09:42:56,143 [WARNING] [摆盘预警] 卖盘深度骤减 71.3% (当前 1,660 vs 均值 5,790 股) [+25分]
2026-04-21 09:42:56,196 [INFO] 逼空=53 | 做空=0(BLOCKED) | 离场紧迫=0 | 持仓=False | 大单净=9061380.0 | 卖深=1660.0 | 失衡=0.598
2026-04-21 09:43:56,459 [INFO] 逼空=28 | 做空=0(BLOCKED) | 离场紧迫=0 | 持仓=False | 大单净=7937540.0 | 卖深=3620.0 | 失衡=0.074
2026-04-21 09:44:56,690 [INFO] 逼空=20 | 做空=7(HOLD) | 离场紧迫=0 | 持仓=False | 大单净=7937540.0 | 卖深=2440.0 | 失衡=-0.264
2026-04-21 09:45:56,945 [WARNING] [摆盘预警] 卖盘深度骤减 51.3% (当前 1,180 vs 均值 2,425 股) [+25分]
2026-04-21 09:45:56,995 [INFO] 逼空=53 | 做空=0(BLOCKED) | 离场紧迫=0 | 持仓=False | 大单净=7062840.0 | 卖深=1180.0 | 失衡=0.466
2026-04-21 09:46:57,226 [INFO] 逼空=28 | 做空=0(BLOCKED) | 离场紧迫=0 | 持仓=False | 大单净=7062840.0 | 卖深=2220.0 | 失衡=-0.194
2026-04-21 09:47:57,452 [WARNING] [摆盘预警] 卖盘深度骤减 40.9% (当前 1,280 vs 均值 2,165 股) [+25分]
2026-04-21 09:47:57,504 [INFO] 逼空=53 | 做空=0(BLOCKED) | 离场紧迫=0 | 持仓=False | 大单净=7062840.0 | 卖深=1280.0 | 失衡=0.393
2026-04-21 09:48:57,735 [INFO] 逼空=28 | 做空=0(BLOCKED) | 离场紧迫=0 | 持仓=False | 大单净=7062840.0 | 卖深=1860.0 | 失衡=0.276
2026-04-21 09:49:57,964 [INFO] 逼空=28 | 做空=0(BLOCKED) | 离场紧迫=0 | 持仓=False | 大单净=7062840.0 | 卖深=2000.0 | 失衡=0.142
2026-04-21 09:50:58,195 [INFO] 逼空=28 | 做空=0(BLOCKED) | 离场紧迫=0 | 持仓=False | 大单净=7062840.0 | 卖深=3220.0 | 失衡=0.150
2026-04-21 09:51:58,470 [INFO] 逼空=20 | 做空=62(ENTRY) | 离场紧迫=0 | 持仓=False | 大单净=5662170.0 | 卖深=7960.0 | 失衡=-0.384
