2026-04-21 09:31:29,110 [INFO] HKEX 2026-04-20 数据已在库中，跳过爬取
2026-04-21 09:31:30,111 [INFO] HKEX 2026-04-17 数据已在库中，跳过爬取
2026-04-21 09:31:31,111 [INFO] HKEX 2026-04-16 数据已在库中，跳过爬取
2026-04-21 09:31:32,112 [INFO] HKEX 2026-04-15 数据已在库中，跳过爬取
2026-04-21 09:31:33,112 [INFO] HKEX 2026-04-14 数据已在库中，跳过爬取
2026-04-21 09:31:34,113 [INFO] HKEX 2026-04-13 数据已在库中，跳过爬取
2026-04-21 09:31:35,113 [INFO] 补抓完成，共获取 6 个交易日数据
2026-04-21 09:52:52,384 [INFO] 启动监控: HK.00100，实时轮询 60s
2026-04-21 09:52:52,384 [INFO] 提示：启动后输入 'p' 回车可切换持仓状态（标记是否持有空仓）
2026-04-21 09:52:53,574 [INFO] 逼空=20 | 做空=45(CAUTION) | 离场紧迫=0 | 持仓=False | 大单净=5662170.0 | 卖深=23820.0 | 失衡=-0.753
2026-04-21 09:53:53,855 [INFO] 逼空=20 | 做空=45(CAUTION) | 离场紧迫=0 | 持仓=False | 大单净=5662170.0 | 卖深=24140.0 | 失衡=-0.690
2026-04-21 09:54:54,153 [INFO] 逼空=20 | 做空=52(CAUTION) | 离场紧迫=0 | 持仓=False | 大单净=5662170.0 | 卖深=28360.0 | 失衡=-0.813
2026-04-21 09:55:54,373 [WARNING] [摆盘预警] 卖盘深度骤减 59.0% (当前 4,160 vs 均值 10,143 股) [+25分]
2026-04-21 09:55:54,428 [INFO] 逼空=45 | 做空=0(BLOCKED) | 离场紧迫=0 | 持仓=False | 大单净=5662170.0 | 卖深=4160.0 | 失衡=0.014
2026-04-21 09:56:54,653 [WARNING] [摆盘预警] 卖盘深度骤减 39.1% (当前 6,400 vs 均值 10,506 股) [+25分]
2026-04-21 09:56:54,654 [INFO] 逼空=45 | 做空=0(BLOCKED) | 离场紧迫=0 | 持仓=False | 大单净=5662170.0 | 卖深=6400.0 | 失衡=0.121
2026-04-21 09:57:54,893 [WARNING] [摆盘预警] 卖盘深度骤减 31.8% (当前 7,580 vs 均值 11,107 股) [+25分]
2026-04-21 09:57:54,894 [INFO] 逼空=45 | 做空=0(BLOCKED) | 离场紧迫=0 | 持仓=False | 大单净=7617990.0 | 卖深=7580.0 | 失衡=0.069
2026-04-21 09:58:55,113 [WARNING] [摆盘预警] 卖盘深度骤减 90.9% (当前 1,040 vs 均值 11,376 股) [+25分]
2026-04-21 09:58:55,114 [INFO] 逼空=53 | 做空=0(BLOCKED) | 离场紧迫=0 | 持仓=False | 大单净=9536390.0 | 卖深=1040.0 | 失衡=0.769
2026-04-21 09:59:55,351 [WARNING] [摆盘预警] 卖盘深度骤减 86.5% (当前 1,520 vs 均值 11,298 股) [+25分]
2026-04-21 09:59:55,352 [INFO] 逼空=53 | 做空=0(BLOCKED) | 离场紧迫=0 | 持仓=False | 大单净=9536390.0 | 卖深=1520.0 | 失衡=0.704
2026-04-21 10:00:55,645 [WARNING] [摆盘预警] 卖盘深度骤减 76.2% (当前 2,660 vs 均值 11,182 股) [+25分]
2026-04-21 10:00:55,702 [INFO] 逼空=53 | 做空=0(BLOCKED) | 离场紧迫=0 | 持仓=False | 大单净=9536390.0 | 卖深=2660.0 | 失衡=0.452
2026-04-21 10:01:55,975 [WARNING] [摆盘预警] 卖盘深度骤减 86.0% (当前 1,480 vs 均值 10,563 股) [+25分]
2026-04-21 10:01:55,976 [INFO] 逼空=53 | 做空=0(BLOCKED) | 离场紧迫=0 | 持仓=False | 大单净=9536390.0 | 卖深=1480.0 | 失衡=0.629
2026-04-21 10:02:56,229 [WARNING] [摆盘预警] 卖盘深度骤减 82.5% (当前 1,440 vs 均值 8,209 股) [+25分]
2026-04-21 10:02:56,230 [INFO] 逼空=53 | 做空=0(BLOCKED) | 离场紧迫=0 | 持仓=False | 大单净=9536390.0 | 卖深=1440.0 | 失衡=0.646
2026-04-21 10:03:56,439 [WARNING] [摆盘预警] 卖盘深度骤减 73.2% (当前 1,560 vs 均值 5,826 股) [+25分]
2026-04-21 10:03:56,440 [INFO] 逼空=53 | 做空=0(BLOCKED) | 离场紧迫=0 | 持仓=False | 大单净=9536390.0 | 卖深=1560.0 | 失衡=0.649
2026-04-21 10:04:56,695 [WARNING] [摆盘预警] 卖盘深度骤减 54.0% (当前 1,380 vs 均值 3,003 股) [+25分]
2026-04-21 10:04:56,696 [INFO] 逼空=53 | 做空=0(BLOCKED) | 离场紧迫=0 | 持仓=False | 大单净=9536390.0 | 卖深=1380.0 | 失衡=0.662
2026-04-21 10:05:56,939 [INFO] 逼空=28 | 做空=0(BLOCKED) | 离场紧迫=0 | 持仓=False | 大单净=9536390.0 | 卖深=3820.0 | 失衡=0.090
2026-04-21 10:06:57,262 [INFO] 逼空=20 | 做空=45(CAUTION) | 离场紧迫=0 | 持仓=False | 大单净=9536390.0 | 卖深=25780.0 | 失衡=-0.681
2026-04-21 10:07:57,557 [INFO] 逼空=20 | 做空=45(CAUTION) | 离场紧迫=0 | 持仓=False | 大单净=9536390.0 | 卖深=28200.0 | 失衡=-0.725
2026-04-21 10:08:57,833 [INFO] 逼空=20 | 做空=45(CAUTION) | 离场紧迫=0 | 持仓=False | 大单净=9536390.0 | 卖深=27900.0 | 失衡=-0.737
2026-04-21 10:09:58,075 [WARNING] [摆盘预警] 卖盘深度骤减 34.8% (当前 6,700 vs 均值 10,273 股) [+25分]
2026-04-21 10:09:58,121 [INFO] 逼空=45 | 做空=0(BLOCKED) | 离场紧迫=0 | 持仓=False | 大单净=9536390.0 | 卖深=6700.0 | 失衡=0.078
2026-04-21 10:10:58,363 [INFO] 逼空=32 | 做空=0(BLOCKED) | 离场紧迫=0 | 持仓=False | 大单净=9536390.0 | 卖深=7600.0 | 失衡=-0.250
2026-04-21 10:11:58,600 [WARNING] [摆盘预警] 卖盘深度骤减 71.5% (当前 3,180 vs 均值 11,157 股) [+25分]
2026-04-21 10:11:58,601 [INFO] 逼空=45 | 做空=0(BLOCKED) | 离场紧迫=0 | 持仓=False | 大单净=6532600.0 | 卖深=3180.0 | 失衡=0.264
2026-04-21 10:12:58,835 [WARNING] [摆盘预警] 卖盘深度骤减 78.2% (当前 2,460 vs 均值 11,302 股) [+25分]
2026-04-21 10:12:58,836 [INFO] 逼空=53 | 做空=0(BLOCKED) | 离场紧迫=0 | 持仓=False | 大单净=6532600.0 | 卖深=2460.0 | 失衡=0.484
2026-04-21 10:13:59,073 [WARNING] [摆盘预警] 卖盘深度骤减 61.9% (当前 4,380 vs 均值 11,498 股) [+25分]
2026-04-21 10:13:59,074 [INFO] 逼空=53 | 做空=0(BLOCKED) | 离场紧迫=0 | 持仓=False | 大单净=6532600.0 | 卖深=4380.0 | 失衡=0.232
2026-04-21 10:14:59,301 [WARNING] [摆盘预警] 卖盘深度骤减 72.9% (当前 3,180 vs 均值 11,751 股) [+25分]
2026-04-21 10:14:59,348 [INFO] 逼空=53 | 做空=0(BLOCKED) | 离场紧迫=0 | 持仓=False | 大单净=6532600.0 | 卖深=3180.0 | 失衡=0.360
2026-04-21 10:15:59,606 [WARNING] [摆盘预警] 卖盘深度骤减 78.2% (当前 2,540 vs 均值 11,649 股) [+25分]
2026-04-21 10:15:59,607 [INFO] 逼空=53 | 做空=0(BLOCKED) | 离场紧迫=0 | 持仓=False | 大单净=6532600.0 | 卖深=2540.0 | 失衡=0.473
2026-04-21 10:16:59,868 [WARNING] [摆盘预警] 卖盘深度骤减 71.5% (当前 2,620 vs 均值 9,206 股) [+25分]
2026-04-21 10:16:59,869 [INFO] 逼空=53 | 做空=0(BLOCKED) | 离场紧迫=0 | 持仓=False | 大单净=6532600.0 | 卖深=2620.0 | 失衡=0.369
2026-04-21 10:18:00,100 [WARNING] [摆盘预警] 卖盘深度骤减 59.2% (当前 2,660 vs 均值 6,514 股) [+25分]
2026-04-21 10:18:00,101 [INFO] 逼空=53 | 做空=0(BLOCKED) | 离场紧迫=0 | 持仓=False | 大单净=6532600.0 | 卖深=2660.0 | 失衡=0.404
2026-04-21 10:19:00,312 [WARNING] [摆盘预警] 卖盘深度骤减 50.2% (当前 1,900 vs 均值 3,818 股) [+25分]
2026-04-21 10:19:00,313 [INFO] 逼空=53 | 做空=0(BLOCKED) | 离场紧迫=0 | 持仓=False | 大单净=6532600.0 | 卖深=1900.0 | 失衡=0.600
2026-04-21 10:20:00,546 [INFO] 逼空=40 | 做空=0(BLOCKED) | 离场紧迫=0 | 持仓=False | 大单净=6532600.0 | 卖深=2580.0 | 失衡=0.456
2026-04-21 10:21:00,893 [INFO] 逼空=28 | 做空=0(BLOCKED) | 离场紧迫=0 | 持仓=False | 大单净=6532600.0 | 卖深=2520.0 | 失衡=0.468
2026-04-21 10:22:01,110 [INFO] 逼空=28 | 做空=0(BLOCKED) | 离场紧迫=0 | 持仓=False | 大单净=6532600.0 | 卖深=3760.0 | 失衡=0.332
2026-04-21 10:23:01,332 [INFO] 逼空=28 | 做空=0(BLOCKED) | 离场紧迫=0 | 持仓=False | 大单净=6532600.0 | 卖深=4540.0 | 失衡=0.407
2026-04-21 10:24:01,557 [INFO] 逼空=28 | 做空=0(BLOCKED) | 离场紧迫=0 | 持仓=False | 大单净=4275100.0 | 卖深=3020.0 | 失衡=0.719
2026-04-21 10:25:01,784 [WARNING] [摆盘预警] 卖盘深度骤减 43.5% (当前 1,600 vs 均值 2,829 股) [+25分]
2026-04-21 10:25:01,833 [INFO] 逼空=53 | 做空=0(BLOCKED) | 离场紧迫=0 | 持仓=False | 大单净=4311160.0 | 卖深=1600.0 | 失衡=0.824
2026-04-21 10:26:02,067 [WARNING] [摆盘预警] 卖盘深度骤减 48.5% (当前 1,400 vs 均值 2,720 股) [+25分]
2026-04-21 10:26:02,067 [INFO] 逼空=53 | 做空=0(BLOCKED) | 离场紧迫=0 | 持仓=False | 大单净=4311160.0 | 卖深=1400.0 | 失衡=0.850
2026-04-21 10:27:02,300 [WARNING] [摆盘预警] 卖盘深度骤减 31.8% (当前 1,780 vs 均值 2,609 股) [+25分]
2026-04-21 10:27:02,301 [INFO] 逼空=53 | 做空=0(BLOCKED) | 离场紧迫=0 | 持仓=False | 大单净=5638120.0 | 卖深=1780.0 | 失衡=0.808
2026-04-21 10:28:02,528 [WARNING] [摆盘预警] 卖盘深度骤减 34.6% (当前 1,640 vs 均值 2,509 股) [+25分]
2026-04-21 10:28:02,529 [INFO] 逼空=53 | 做空=0(BLOCKED) | 离场紧迫=0 | 持仓=False | 大单净=5638120.0 | 卖深=1640.0 | 失衡=0.829
2026-04-21 10:29:02,767 [WARNING] [摆盘预警] 卖盘深度骤减 39.4% (当前 1,500 vs 均值 2,475 股) [+25分]
2026-04-21 10:29:02,768 [INFO] 逼空=53 | 做空=0(BLOCKED) | 离场紧迫=0 | 持仓=False | 大单净=5638120.0 | 卖深=1500.0 | 失衡=0.416
2026-04-21 10:30:02,994 [INFO] 逼空=28 | 做空=0(BLOCKED) | 离场紧迫=0 | 持仓=False | 大单净=5638120.0 | 卖深=2900.0 | 失衡=0.055
2026-04-21 10:31:03,220 [WARNING] [摆盘预警] 卖盘深度骤减 45.6% (当前 1,300 vs 均值 2,391 股) [+25分]
2026-04-21 10:31:03,269 [INFO] 逼空=53 | 做空=0(BLOCKED) | 离场紧迫=0 | 持仓=False | 大单净=5638120.0 | 卖深=1300.0 | 失衡=0.631
2026-04-21 10:32:03,498 [INFO] 逼空=28 | 做空=0(BLOCKED) | 离场紧迫=0 | 持仓=False | 大单净=5638120.0 | 卖深=4040.0 | 失衡=0.562
2026-04-21 10:33:03,739 [INFO] 逼空=40 | 做空=0(BLOCKED) | 离场紧迫=0 | 持仓=False | 大单净=7440620.0 | 卖深=1580.0 | 失衡=0.647
2026-04-21 10:34:03,973 [INFO] 逼空=28 | 做空=0(BLOCKED) | 离场紧迫=0 | 持仓=False | 大单净=7440620.0 | 卖深=2520.0 | 失衡=0.480
2026-04-21 10:35:04,200 [INFO] 逼空=28 | 做空=0(BLOCKED) | 离场紧迫=0 | 持仓=False | 大单净=7440620.0 | 卖深=3080.0 | 失衡=0.397
2026-04-21 10:36:04,410 [INFO] 逼空=28 | 做空=0(BLOCKED) | 离场紧迫=0 | 持仓=False | 大单净=7440620.0 | 卖深=2780.0 | 失衡=0.484
2026-04-21 10:37:04,632 [INFO] 逼空=28 | 做空=0(BLOCKED) | 离场紧迫=0 | 持仓=False | 大单净=7440620.0 | 卖深=2520.0 | 失衡=0.532
2026-04-21 10:38:04,879 [INFO] 逼空=28 | 做空=0(BLOCKED) | 离场紧迫=0 | 持仓=False | 大单净=7440620.0 | 卖深=2040.0 | 失衡=0.449
2026-04-21 10:39:05,116 [WARNING] [摆盘预警] 卖盘深度骤减 55.9% (当前 1,080 vs 均值 2,452 股) [+25分]
2026-04-21 10:39:05,163 [INFO] 逼空=53 | 做空=0(BLOCKED) | 离场紧迫=0 | 持仓=False | 大单净=7440620.0 | 卖深=1080.0 | 失衡=0.617
2026-04-21 10:40:05,399 [WARNING] [摆盘预警] 卖盘深度骤减 64.4% (当前 800 vs 均值 2,248 股) [+25分]
2026-04-21 10:40:05,400 [INFO] 逼空=53 | 做空=0(BLOCKED) | 离场紧迫=0 | 持仓=False | 大单净=7440620.0 | 卖深=800.0 | 失衡=0.707
2026-04-21 10:41:05,629 [INFO] 逼空=28 | 做空=0(BLOCKED) | 离场紧迫=0 | 持仓=False | 大单净=7440620.0 | 卖深=3220.0 | 失衡=0.064
2026-04-21 10:42:05,858 [INFO] 逼空=20 | 做空=12(HOLD) | 离场紧迫=0 | 持仓=False | 大单净=7440620.0 | 卖深=3740.0 | 失衡=0.031
2026-04-21 10:43:06,096 [INFO] 逼空=20 | 做空=12(HOLD) | 离场紧迫=0 | 持仓=False | 大单净=7440620.0 | 卖深=3700.0 | 失衡=0.063
2026-04-21 10:44:06,330 [INFO] 逼空=20 | 做空=12(HOLD) | 离场紧迫=0 | 持仓=False | 大单净=7440620.0 | 卖深=3920.0 | 失衡=-0.005
2026-04-21 10:45:06,562 [INFO] 逼空=20 | 做空=10(HOLD) | 离场紧迫=0 | 持仓=False | 大单净=7440620.0 | 卖深=3740.0 | 失衡=0.065
2026-04-21 10:46:06,793 [INFO] 逼空=28 | 做空=0(BLOCKED) | 离场紧迫=0 | 持仓=False | 大单净=7440620.0 | 卖深=3540.0 | 失衡=0.261
2026-04-21 10:47:07,013 [INFO] 逼空=20 | 做空=45(CAUTION) | 离场紧迫=0 | 持仓=False | 大单净=7440620.0 | 卖深=32720.0 | 失衡=-0.742
2026-04-21 10:48:07,240 [INFO] 逼空=20 | 做空=45(CAUTION) | 离场紧迫=0 | 持仓=False | 大单净=7440620.0 | 卖深=30360.0 | 失衡=-0.776
2026-04-21 10:49:07,470 [INFO] 逼空=20 | 做空=45(CAUTION) | 离场紧迫=0 | 持仓=False | 大单净=7440620.0 | 卖深=30540.0 | 失衡=-0.740
2026-04-21 10:50:07,708 [INFO] 逼空=20 | 做空=45(CAUTION) | 离场紧迫=0 | 持仓=False | 大单净=7440620.0 | 卖深=30920.0 | 失衡=-0.792
2026-04-21 10:51:07,956 [INFO] 逼空=20 | 做空=32(HOLD) | 离场紧迫=0 | 持仓=False | 大单净=7440620.0 | 卖深=26460.0 | 失衡=-0.719
2026-04-21 10:52:08,185 [INFO] 逼空=20 | 做空=32(HOLD) | 离场紧迫=0 | 持仓=False | 大单净=7440620.0 | 卖深=26440.0 | 失衡=-0.701
2026-04-21 10:53:08,425 [INFO] 逼空=20 | 做空=20(HOLD) | 离场紧迫=0 | 持仓=False | 大单净=7440620.0 | 卖深=25500.0 | 失衡=-0.698
2026-04-21 10:54:08,644 [INFO] 逼空=20 | 做空=20(HOLD) | 离场紧迫=0 | 持仓=False | 大单净=7440620.0 | 卖深=26320.0 | 失衡=-0.701
2026-04-21 10:55:08,852 [WARNING] [摆盘预警] 卖盘深度骤减 95.5% (当前 1,100 vs 均值 24,564 股) [+25分]
2026-04-21 10:55:08,910 [INFO] 逼空=53 | 做空=0(BLOCKED) | 离场紧迫=0 | 持仓=False | 大单净=11152940.0 | 卖深=1100.0 | 失衡=0.630
2026-04-21 10:56:09,145 [WARNING] [摆盘预警] 卖盘深度骤减 92.2% (当前 1,900 vs 均值 24,349 股) [+25分]
2026-04-21 10:56:09,146 [INFO] 逼空=53 | 做空=0(BLOCKED) | 离场紧迫=0 | 持仓=False | 大单净=11152940.0 | 卖深=1900.0 | 失衡=0.255
2026-04-21 10:57:09,377 [WARNING] [摆盘预警] 卖盘深度骤减 88.8% (当前 2,360 vs 均值 21,129 股) [+25分]
2026-04-21 10:57:09,378 [INFO] 逼空=53 | 做空=0(BLOCKED) | 离场紧迫=0 | 持仓=False | 大单净=11152940.0 | 卖深=2360.0 | 失衡=0.103
2026-04-21 10:58:09,607 [WARNING] [摆盘预警] 卖盘深度骤减 70.9% (当前 5,340 vs 均值 18,339 股) [+25分]
2026-04-21 10:58:09,608 [INFO] 逼空=45 | 做空=0(BLOCKED) | 离场紧迫=0 | 持仓=False | 大单净=11152940.0 | 卖深=5340.0 | 失衡=-0.281
2026-04-21 10:59:09,847 [WARNING] [摆盘预警] 卖盘深度骤减 58.1% (当前 6,600 vs 均值 15,753 股) [+25分]
2026-04-21 10:59:09,848 [INFO] 逼空=45 | 做空=0(BLOCKED) | 离场紧迫=0 | 持仓=False | 大单净=11152940.0 | 卖深=6600.0 | 失衡=-0.317
2026-04-21 11:00:10,064 [WARNING] [摆盘预警] 卖盘深度骤减 67.1% (当前 4,300 vs 均值 13,072 股) [+25分]
2026-04-21 11:00:10,112 [INFO] 逼空=45 | 做空=0(BLOCKED) | 离场紧迫=0 | 持仓=False | 大单净=11152940.0 | 卖深=4300.0 | 失衡=-0.150
2026-04-21 11:01:10,339 [WARNING] [摆盘预警] 卖盘深度骤减 52.7% (当前 5,100 vs 均值 10,781 股) [+25分]
2026-04-21 11:01:10,340 [INFO] 逼空=45 | 做空=0(BLOCKED) | 离场紧迫=0 | 持仓=False | 大单净=11152940.0 | 卖深=5100.0 | 失衡=-0.288
2026-04-21 11:02:10,574 [WARNING] [摆盘预警] 卖盘深度骤减 41.6% (当前 4,980 vs 均值 8,528 股) [+25分]
2026-04-21 11:02:10,574 [INFO] 逼空=45 | 做空=0(BLOCKED) | 离场紧迫=0 | 持仓=False | 大单净=11152940.0 | 卖深=4980.0 | 失衡=-0.186
2026-04-21 11:03:10,821 [WARNING] [摆盘预警] 卖盘深度骤减 43.1% (当前 3,580 vs 均值 6,295 股) [+25分]
2026-04-21 11:03:10,822 [INFO] 逼空=45 | 做空=0(BLOCKED) | 离场紧迫=0 | 持仓=False | 大单净=11152940.0 | 卖深=3580.0 | 失衡=-0.126
2026-04-21 11:04:11,038 [INFO] 逼空=20 | 做空=20(HOLD) | 离场紧迫=0 | 持仓=False | 大单净=11152940.0 | 卖深=4480.0 | 失衡=-0.306
2026-04-21 11:05:11,279 [INFO] 逼空=20 | 做空=10(HOLD) | 离场紧迫=0 | 持仓=False | 大单净=11152940.0 | 卖深=3920.0 | 失衡=-0.156
2026-04-21 11:06:11,514 [INFO] 逼空=20 | 做空=10(HOLD) | 离场紧迫=0 | 持仓=False | 大单净=11152940.0 | 卖深=3820.0 | 失衡=-0.168
2026-04-21 11:07:11,749 [INFO] 逼空=20 | 做空=0(HOLD) | 离场紧迫=0 | 持仓=False | 大单净=11152940.0 | 卖深=4120.0 | 失衡=-0.208
2026-04-21 11:08:12,003 [INFO] 逼空=32 | 做空=0(BLOCKED) | 离场紧迫=0 | 持仓=False | 大单净=11152940.0 | 卖深=3380.0 | 失衡=0.048
2026-04-21 11:09:12,231 [WARNING] [摆盘预警] 卖盘深度骤减 55.2% (当前 1,820 vs 均值 4,062 股) [+25分]
2026-04-21 11:09:12,278 [INFO] 逼空=53 | 做空=0(BLOCKED) | 离场紧迫=0 | 持仓=False | 大单净=11152940.0 | 卖深=1820.0 | 失衡=0.352
2026-04-21 11:10:12,527 [WARNING] [摆盘预警] 卖盘深度骤减 44.3% (当前 2,120 vs 均值 3,803 股) [+25分]
2026-04-21 11:10:12,528 [INFO] 逼空=53 | 做空=0(BLOCKED) | 离场紧迫=0 | 持仓=False | 大单净=11152940.0 | 卖深=2120.0 | 失衡=0.188
2026-04-21 11:11:12,757 [WARNING] [摆盘预警] 卖盘深度骤减 51.5% (当前 1,680 vs 均值 3,466 股) [+25分]
2026-04-21 11:11:12,758 [INFO] 逼空=53 | 做空=0(BLOCKED) | 离场紧迫=0 | 持仓=False | 大单净=9675540.0 | 卖深=1680.0 | 失衡=0.361
2026-04-21 11:12:12,980 [WARNING] [摆盘预警] 卖盘深度骤减 54.9% (当前 1,400 vs 均值 3,104 股) [+25分]
2026-04-21 11:12:12,980 [INFO] 逼空=53 | 做空=0(BLOCKED) | 离场紧迫=0 | 持仓=False | 大单净=10739940.0 | 卖深=1400.0 | 失衡=0.447
2026-04-21 11:13:13,207 [INFO] 逼空=28 | 做空=0(BLOCKED) | 离场紧迫=0 | 持仓=False | 大单净=10739940.0 | 卖深=4740.0 | 失衡=0.080
2026-04-21 11:14:13,447 [WARNING] [摆盘预警] 卖盘深度骤减 50.4% (当前 1,440 vs 均值 2,904 股) [+25分]
2026-04-21 11:14:13,497 [INFO] 逼空=53 | 做空=0(BLOCKED) | 离场紧迫=0 | 持仓=False | 大单净=10739940.0 | 卖深=1440.0 | 失衡=0.639
2026-04-21 11:15:13,717 [WARNING] [摆盘预警] 卖盘深度骤减 68.7% (当前 820 vs 均值 2,616 股) [+25分]
2026-04-21 11:15:13,718 [INFO] 逼空=53 | 做空=0(BLOCKED) | 离场紧迫=0 | 持仓=False | 大单净=10739940.0 | 卖深=820.0 | 失衡=0.721
2026-04-21 11:16:13,946 [WARNING] [摆盘预警] 卖盘深度骤减 81.6% (当前 420 vs 均值 2,279 股) [+25分]
2026-04-21 11:16:13,947 [INFO] 逼空=53 | 做空=0(BLOCKED) | 离场紧迫=0 | 持仓=False | 大单净=13997790.0 | 卖深=420.0 | 失衡=0.876
2026-04-21 11:17:14,157 [WARNING] [摆盘预警] 卖盘深度骤减 58.1% (当前 800 vs 均值 1,909 股) [+25分]
2026-04-21 11:17:14,158 [INFO] 逼空=53 | 做空=0(BLOCKED) | 离场紧迫=0 | 持仓=False | 大单净=13997790.0 | 卖深=800.0 | 失衡=0.858
2026-04-21 11:18:14,396 [INFO] 逼空=28 | 做空=0(BLOCKED) | 离场紧迫=0 | 持仓=False | 大单净=13997790.0 | 卖深=2020.0 | 失衡=0.155
2026-04-21 11:19:14,619 [INFO] 逼空=20 | 做空=12(HOLD) | 离场紧迫=0 | 持仓=False | 大单净=12895430.0 | 卖深=3060.0 | 失衡=0.081
2026-04-21 11:20:14,863 [INFO] 逼空=28 | 做空=0(BLOCKED) | 离场紧迫=0 | 持仓=False | 大单净=12895430.0 | 卖深=1560.0 | 失衡=0.366
2026-04-21 11:21:15,110 [WARNING] [摆盘预警] 卖盘深度骤减 49.9% (当前 880 vs 均值 1,758 股) [+25分]
2026-04-21 11:21:15,161 [INFO] 逼空=53 | 做空=0(BLOCKED) | 离场紧迫=0 | 持仓=False | 大单净=11638730.0 | 卖深=880.0 | 失衡=0.834
2026-04-21 11:22:15,397 [INFO] 逼空=28 | 做空=0(BLOCKED) | 离场紧迫=0 | 持仓=False | 大单净=11638730.0 | 卖深=1680.0 | 失衡=0.328
2026-04-21 11:23:15,643 [INFO] 逼空=28 | 做空=0(BLOCKED) | 离场紧迫=0 | 持仓=False | 大单净=11638730.0 | 卖深=1160.0 | 失衡=0.557
2026-04-21 11:24:15,879 [INFO] 逼空=28 | 做空=0(BLOCKED) | 离场紧迫=0 | 持仓=False | 大单净=11638730.0 | 卖深=1460.0 | 失衡=0.354
2026-04-21 11:25:16,124 [INFO] 逼空=28 | 做空=0(BLOCKED) | 离场紧迫=0 | 持仓=False | 大单净=11638730.0 | 卖深=1560.0 | 失衡=0.228
2026-04-21 11:26:16,351 [WARNING] [摆盘预警] 卖盘深度骤减 32.6% (当前 1,040 vs 均值 1,542 股) [+25分]
2026-04-21 11:26:16,397 [INFO] 逼空=53 | 做空=0(BLOCKED) | 离场紧迫=0 | 持仓=False | 大单净=11638730.0 | 卖深=1040.0 | 失衡=0.490
2026-04-21 11:27:16,630 [INFO] 逼空=40 | 做空=0(BLOCKED) | 离场紧迫=0 | 持仓=False | 大单净=11638730.0 | 卖深=1220.0 | 失衡=0.430
2026-04-21 11:28:16,856 [INFO] 逼空=40 | 做空=0(BLOCKED) | 离场紧迫=0 | 持仓=False | 大单净=11638730.0 | 卖深=1100.0 | 失衡=0.474
2026-04-21 11:29:17,095 [INFO] 逼空=28 | 做空=0(BLOCKED) | 离场紧迫=0 | 持仓=False | 大单净=11638730.0 | 卖深=2060.0 | 失衡=0.198
2026-04-21 11:30:17,319 [INFO] 逼空=28 | 做空=0(BLOCKED) | 离场紧迫=0 | 持仓=False | 大单净=11638730.0 | 卖深=2120.0 | 失衡=0.206
2026-04-21 11:31:17,559 [INFO] 逼空=28 | 做空=0(BLOCKED) | 离场紧迫=0 | 持仓=False | 大单净=11638730.0 | 卖深=1940.0 | 失衡=0.233
2026-04-21 11:32:17,780 [INFO] 逼空=20 | 做空=0(HOLD) | 离场紧迫=0 | 持仓=False | 大单净=11638730.0 | 卖深=2140.0 | 失衡=0.078
2026-04-21 11:33:18,007 [INFO] 逼空=20 | 做空=0(HOLD) | 离场紧迫=0 | 持仓=False | 大单净=11638730.0 | 卖深=2080.0 | 失衡=0.088
2026-04-21 11:34:18,219 [INFO] 逼空=20 | 做空=0(HOLD) | 离场紧迫=0 | 持仓=False | 大单净=11638730.0 | 卖深=1900.0 | 失衡=0.163
2026-04-21 11:35:18,437 [INFO] 逼空=28 | 做空=0(BLOCKED) | 离场紧迫=0 | 持仓=False | 大单净=11638730.0 | 卖深=1880.0 | 失衡=0.183
2026-04-21 11:36:18,677 [INFO] 逼空=20 | 做空=12(HOLD) | 离场紧迫=0 | 持仓=False | 大单净=13224710.0 | 卖深=2780.0 | 失衡=-0.026
2026-04-21 11:37:18,912 [INFO] 逼空=20 | 做空=45(CAUTION) | 离场紧迫=0 | 持仓=False | 大单净=13224710.0 | 卖深=5920.0 | 失衡=-0.451
2026-04-21 11:38:19,135 [INFO] 逼空=20 | 做空=45(CAUTION) | 离场紧迫=0 | 持仓=False | 大单净=13224710.0 | 卖深=6440.0 | 失衡=-0.477
2026-04-21 11:39:19,369 [INFO] 逼空=20 | 做空=17(HOLD) | 离场紧迫=0 | 持仓=False | 大单净=13224710.0 | 卖深=3440.0 | 失衡=-0.293
2026-04-21 11:40:19,605 [WARNING] [摆盘预警] 卖盘深度骤减 32.9% (当前 2,220 vs 均值 3,308 股) [+25分]
2026-04-21 11:40:19,663 [INFO] 逼空=45 | 做空=0(BLOCKED) | 离场紧迫=0 | 持仓=False | 大单净=13224710.0 | 卖深=2220.0 | 失衡=-0.207
2026-04-21 11:41:19,889 [WARNING] [摆盘预警] 卖盘深度骤减 58.1% (当前 1,380 vs 均值 3,294 股) [+25分]
2026-04-21 11:41:19,890 [INFO] 逼空=45 | 做空=0(BLOCKED) | 离场紧迫=0 | 持仓=False | 大单净=13224710.0 | 卖深=1380.0 | 失衡=0.320
2026-04-21 11:42:20,118 [WARNING] [摆盘预警] 卖盘深度骤减 66.8% (当前 1,060 vs 均值 3,196 股) [+25分]
2026-04-21 11:42:20,119 [INFO] 逼空=53 | 做空=0(BLOCKED) | 离场紧迫=0 | 持仓=False | 大单净=13224710.0 | 卖深=1060.0 | 失衡=0.369
2026-04-21 11:43:20,350 [WARNING] [摆盘预警] 卖盘深度骤减 58.7% (当前 1,280 vs 均值 3,100 股) [+25分]
2026-04-21 11:43:20,351 [INFO] 逼空=53 | 做空=0(BLOCKED) | 离场紧迫=0 | 持仓=False | 大单净=13224710.0 | 卖深=1280.0 | 失衡=0.256
2026-04-21 11:44:20,588 [WARNING] [摆盘预警] 卖盘深度骤减 46.3% (当前 1,640 vs 均值 3,055 股) [+25分]
2026-04-21 11:44:20,589 [INFO] 逼空=53 | 做空=0(BLOCKED) | 离场紧迫=0 | 持仓=False | 大单净=13224710.0 | 卖深=1640.0 | 失衡=0.265
2026-04-21 11:45:20,814 [WARNING] [摆盘预警] 卖盘深度骤减 53.6% (当前 1,400 vs 均值 3,017 股) [+25分]
2026-04-21 11:45:20,871 [INFO] 逼空=53 | 做空=0(BLOCKED) | 离场紧迫=0 | 持仓=False | 大单净=13224710.0 | 卖深=1400.0 | 失衡=0.289
2026-04-21 11:46:21,093 [WARNING] [摆盘预警] 卖盘深度骤减 54.6% (当前 1,300 vs 均值 2,866 股) [+25分]
2026-04-21 11:46:21,094 [INFO] 逼空=53 | 做空=0(BLOCKED) | 离场紧迫=0 | 持仓=False | 大单净=13224710.0 | 卖深=1300.0 | 失衡=0.340
2026-04-21 11:47:21,322 [WARNING] [摆盘预警] 卖盘深度骤减 47.8% (当前 1,240 vs 均值 2,377 股) [+25分]
2026-04-21 11:47:21,323 [INFO] 逼空=53 | 做空=0(BLOCKED) | 离场紧迫=0 | 持仓=False | 大单净=13224710.0 | 卖深=1240.0 | 失衡=0.386
2026-04-21 11:48:21,548 [WARNING] [摆盘预警] 卖盘深度骤减 34.3% (当前 1,200 vs 均值 1,827 股) [+25分]
2026-04-21 11:48:21,549 [INFO] 逼空=53 | 做空=0(BLOCKED) | 离场紧迫=0 | 持仓=False | 大单净=13224710.0 | 卖深=1200.0 | 失衡=0.362
2026-04-21 11:49:21,777 [INFO] 逼空=40 | 做空=0(BLOCKED) | 离场紧迫=0 | 持仓=False | 大单净=13224710.0 | 卖深=1100.0 | 失衡=0.479
2026-04-21 11:50:22,007 [INFO] 逼空=40 | 做空=0(BLOCKED) | 离场紧迫=0 | 持仓=False | 大单净=13224710.0 | 卖深=1040.0 | 失衡=0.416
2026-04-21 11:51:22,233 [WARNING] [摆盘预警] 卖盘深度骤减 36.4% (当前 780 vs 均值 1,227 股) [+25分]
2026-04-21 11:51:22,281 [INFO] 逼空=53 | 做空=0(BLOCKED) | 离场紧迫=0 | 持仓=False | 大单净=13224710.0 | 卖深=780.0 | 失衡=0.674
2026-04-21 11:52:22,515 [INFO] 逼空=28 | 做空=0(BLOCKED) | 离场紧迫=0 | 持仓=False | 大单净=13224710.0 | 卖深=1300.0 | 失衡=0.449
2026-04-21 11:53:22,754 [INFO] 逼空=20 | 做空=12(HOLD) | 离场紧迫=0 | 持仓=False | 大单净=13224710.0 | 卖深=1860.0 | 失衡=-0.045
2026-04-21 11:54:23,005 [INFO] 逼空=20 | 做空=12(HOLD) | 离场紧迫=0 | 持仓=False | 大单净=13224710.0 | 卖深=2140.0 | 失衡=-0.169
2026-04-21 11:55:23,230 [INFO] 逼空=20 | 做空=12(HOLD) | 离场紧迫=0 | 持仓=False | 大单净=13224710.0 | 卖深=2280.0 | 失衡=-0.112
2026-04-21 11:56:23,465 [INFO] 逼空=20 | 做空=12(HOLD) | 离场紧迫=0 | 持仓=False | 大单净=13224710.0 | 卖深=2220.0 | 失衡=-0.047
2026-04-21 11:57:23,686 [INFO] 逼空=28 | 做空=0(BLOCKED) | 离场紧迫=0 | 持仓=False | 大单净=13224710.0 | 卖深=1380.0 | 失衡=0.408
2026-04-21 11:58:23,899 [INFO] 逼空=28 | 做空=0(BLOCKED) | 离场紧迫=0 | 持仓=False | 大单净=13224710.0 | 卖深=1500.0 | 失衡=0.383
2026-04-21 11:59:24,123 [INFO] 逼空=40 | 做空=0(BLOCKED) | 离场紧迫=0 | 持仓=False | 大单净=13224710.0 | 卖深=1260.0 | 失衡=0.455
2026-04-21 12:00:24,380 [WARNING] [摆盘预警] 卖盘深度骤减 38.8% (当前 980 vs 均值 1,601 股) [+25分]
2026-04-21 12:00:24,424 [INFO] 逼空=53 | 做空=0(BLOCKED) | 离场紧迫=0 | 持仓=False | 大单净=13224710.0 | 卖深=980.0 | 失衡=0.183
2026-04-21 12:01:24,646 [WARNING] [摆盘预警] 卖盘深度骤减 39.6% (当前 980 vs 均值 1,622 股) [+25分]
2026-04-21 12:01:24,647 [INFO] 逼空=53 | 做空=0(BLOCKED) | 离场紧迫=0 | 持仓=False | 大单净=13224710.0 | 卖深=980.0 | 失衡=0.183
2026-04-21 12:02:24,893 [WARNING] [摆盘预警] 卖盘深度骤减 38.3% (当前 980 vs 均值 1,588 股) [+25分]
2026-04-21 12:02:24,894 [INFO] 逼空=53 | 做空=0(BLOCKED) | 离场紧迫=0 | 持仓=False | 大单净=13224710.0 | 卖深=980.0 | 失衡=0.183
2026-04-21 12:03:25,105 [WARNING] [摆盘预警] 卖盘深度骤减 34.5% (当前 980 vs 均值 1,496 股) [+25分]
2026-04-21 12:03:25,106 [INFO] 逼空=53 | 做空=0(BLOCKED) | 离场紧迫=0 | 持仓=False | 大单净=13224710.0 | 卖深=980.0 | 失衡=0.183
2026-04-21 12:04:25,338 [INFO] 逼空=40 | 做空=0(BLOCKED) | 离场紧迫=0 | 持仓=False | 大单净=13224710.0 | 卖深=980.0 | 失衡=0.183
2026-04-21 12:05:25,569 [INFO] 逼空=40 | 做空=0(BLOCKED) | 离场紧迫=0 | 持仓=False | 大单净=13224710.0 | 卖深=980.0 | 失衡=0.183
2026-04-21 12:06:25,799 [INFO] 逼空=28 | 做空=0(BLOCKED) | 离场紧迫=0 | 持仓=False | 大单净=13224710.0 | 卖深=980.0 | 失衡=0.183
2026-04-21 12:07:26,034 [INFO] 逼空=28 | 做空=0(BLOCKED) | 离场紧迫=0 | 持仓=False | 大单净=13224710.0 | 卖深=980.0 | 失衡=0.183
2026-04-21 12:08:26,262 [INFO] 逼空=28 | 做空=0(BLOCKED) | 离场紧迫=0 | 持仓=False | 大单净=13224710.0 | 卖深=980.0 | 失衡=0.183
2026-04-21 12:09:26,494 [INFO] 逼空=28 | 做空=0(BLOCKED) | 离场紧迫=0 | 持仓=False | 大单净=13224710.0 | 卖深=980.0 | 失衡=0.183
2026-04-21 12:10:26,715 [INFO] 逼空=28 | 做空=0(BLOCKED) | 离场紧迫=0 | 持仓=False | 大单净=13224710.0 | 卖深=980.0 | 失衡=0.183
2026-04-21 12:11:26,944 [INFO] 逼空=28 | 做空=0(BLOCKED) | 离场紧迫=0 | 持仓=False | 大单净=13224710.0 | 卖深=980.0 | 失衡=0.183
2026-04-21 12:12:27,130 [INFO] 逼空=28 | 做空=0(BLOCKED) | 离场紧迫=0 | 持仓=False | 大单净=13224710.0 | 卖深=980.0 | 失衡=0.183
2026-04-21 12:13:27,297 [INFO] 逼空=28 | 做空=0(BLOCKED) | 离场紧迫=0 | 持仓=False | 大单净=13224710.0 | 卖深=980.0 | 失衡=0.183
2026-04-21 12:14:27,474 [INFO] 逼空=28 | 做空=0(BLOCKED) | 离场紧迫=0 | 持仓=False | 大单净=13224710.0 | 卖深=980.0 | 失衡=0.183
2026-04-21 12:15:27,649 [INFO] 逼空=28 | 做空=0(BLOCKED) | 离场紧迫=0 | 持仓=False | 大单净=13224710.0 | 卖深=980.0 | 失衡=0.183
2026-04-21 12:16:27,824 [INFO] 逼空=28 | 做空=0(BLOCKED) | 离场紧迫=0 | 持仓=False | 大单净=13224710.0 | 卖深=980.0 | 失衡=0.183
2026-04-21 12:17:28,012 [INFO] 逼空=28 | 做空=0(BLOCKED) | 离场紧迫=0 | 持仓=False | 大单净=13224710.0 | 卖深=980.0 | 失衡=0.183
2026-04-21 12:18:28,191 [INFO] 逼空=28 | 做空=0(BLOCKED) | 离场紧迫=0 | 持仓=False | 大单净=13224710.0 | 卖深=980.0 | 失衡=0.183
2026-04-21 12:19:28,365 [INFO] 逼空=28 | 做空=0(BLOCKED) | 离场紧迫=0 | 持仓=False | 大单净=13224710.0 | 卖深=980.0 | 失衡=0.183
2026-04-21 12:20:28,542 [INFO] 逼空=28 | 做空=0(BLOCKED) | 离场紧迫=0 | 持仓=False | 大单净=13224710.0 | 卖深=980.0 | 失衡=0.183
2026-04-21 12:21:28,721 [INFO] 逼空=28 | 做空=0(BLOCKED) | 离场紧迫=0 | 持仓=False | 大单净=13224710.0 | 卖深=980.0 | 失衡=0.183
2026-04-21 12:22:28,898 [INFO] 逼空=28 | 做空=0(BLOCKED) | 离场紧迫=0 | 持仓=False | 大单净=13224710.0 | 卖深=980.0 | 失衡=0.183
2026-04-21 12:23:29,074 [INFO] 逼空=28 | 做空=0(BLOCKED) | 离场紧迫=0 | 持仓=False | 大单净=13224710.0 | 卖深=980.0 | 失衡=0.183
2026-04-21 12:24:29,257 [INFO] 逼空=28 | 做空=0(BLOCKED) | 离场紧迫=0 | 持仓=False | 大单净=13224710.0 | 卖深=980.0 | 失衡=0.183
2026-04-21 12:25:29,435 [INFO] 逼空=28 | 做空=0(BLOCKED) | 离场紧迫=0 | 持仓=False | 大单净=13224710.0 | 卖深=980.0 | 失衡=0.183
2026-04-21 12:26:29,609 [INFO] 逼空=28 | 做空=0(BLOCKED) | 离场紧迫=0 | 持仓=False | 大单净=13224710.0 | 卖深=980.0 | 失衡=0.183
2026-04-21 12:27:29,789 [INFO] 逼空=28 | 做空=0(BLOCKED) | 离场紧迫=0 | 持仓=False | 大单净=13224710.0 | 卖深=980.0 | 失衡=0.183
2026-04-21 12:28:29,966 [INFO] 逼空=28 | 做空=0(BLOCKED) | 离场紧迫=0 | 持仓=False | 大单净=13224710.0 | 卖深=980.0 | 失衡=0.183
2026-04-21 12:29:30,202 [INFO] 逼空=28 | 做空=0(BLOCKED) | 离场紧迫=0 | 持仓=False | 大单净=13224710.0 | 卖深=980.0 | 失衡=0.183
2026-04-21 12:30:30,429 [INFO] 逼空=40 | 做空=0(BLOCKED) | 离场紧迫=0 | 持仓=False | 大单净=13224710.0 | 卖深=700.0 | 失衡=0.255
2026-04-21 12:31:30,661 [INFO] 逼空=40 | 做空=0(BLOCKED) | 离场紧迫=0 | 持仓=False | 大单净=13224710.0 | 卖深=700.0 | 失衡=0.255
2026-04-21 12:32:30,888 [INFO] 逼空=40 | 做空=0(BLOCKED) | 离场紧迫=0 | 持仓=False | 大单净=13224710.0 | 卖深=700.0 | 失衡=0.255
2026-04-21 12:33:31,117 [INFO] 逼空=40 | 做空=0(BLOCKED) | 离场紧迫=0 | 持仓=False | 大单净=13224710.0 | 卖深=700.0 | 失衡=0.255
2026-04-21 12:34:31,336 [INFO] 逼空=28 | 做空=0(BLOCKED) | 离场紧迫=0 | 持仓=False | 大单净=13224710.0 | 卖深=700.0 | 失衡=0.255
2026-04-21 12:35:31,567 [INFO] 逼空=28 | 做空=0(BLOCKED) | 离场紧迫=0 | 持仓=False | 大单净=13224710.0 | 卖深=700.0 | 失衡=0.255
2026-04-21 12:36:31,803 [INFO] 逼空=28 | 做空=0(BLOCKED) | 离场紧迫=0 | 持仓=False | 大单净=13224710.0 | 卖深=700.0 | 失衡=0.255
2026-04-21 12:37:32,043 [INFO] 逼空=28 | 做空=0(BLOCKED) | 离场紧迫=0 | 持仓=False | 大单净=13224710.0 | 卖深=660.0 | 失衡=0.275
2026-04-21 12:38:32,269 [INFO] 逼空=28 | 做空=0(BLOCKED) | 离场紧迫=0 | 持仓=False | 大单净=13224710.0 | 卖深=660.0 | 失衡=0.275
2026-04-21 12:39:32,495 [INFO] 逼空=28 | 做空=0(BLOCKED) | 离场紧迫=0 | 持仓=False | 大单净=13224710.0 | 卖深=660.0 | 失衡=0.275
2026-04-21 12:40:32,739 [INFO] 逼空=28 | 做空=0(BLOCKED) | 离场紧迫=0 | 持仓=False | 大单净=13224710.0 | 卖深=660.0 | 失衡=0.275
2026-04-21 12:41:32,978 [INFO] 逼空=28 | 做空=0(BLOCKED) | 离场紧迫=0 | 持仓=False | 大单净=13224710.0 | 卖深=660.0 | 失衡=0.275
2026-04-21 12:42:33,223 [INFO] 逼空=28 | 做空=0(BLOCKED) | 离场紧迫=0 | 持仓=False | 大单净=13224710.0 | 卖深=660.0 | 失衡=0.275
2026-04-21 12:43:33,452 [INFO] 逼空=28 | 做空=0(BLOCKED) | 离场紧迫=0 | 持仓=False | 大单净=13224710.0 | 卖深=660.0 | 失衡=0.275
2026-04-21 12:44:33,632 [INFO] 逼空=28 | 做空=0(BLOCKED) | 离场紧迫=0 | 持仓=False | 大单净=13224710.0 | 卖深=660.0 | 失衡=0.275
2026-04-21 12:45:33,811 [INFO] 逼空=28 | 做空=0(BLOCKED) | 离场紧迫=0 | 持仓=False | 大单净=13224710.0 | 卖深=660.0 | 失衡=0.275
2026-04-21 12:46:33,987 [INFO] 逼空=28 | 做空=0(BLOCKED) | 离场紧迫=0 | 持仓=False | 大单净=13224710.0 | 卖深=660.0 | 失衡=0.275
2026-04-21 12:47:34,156 [INFO] 逼空=28 | 做空=0(BLOCKED) | 离场紧迫=0 | 持仓=False | 大单净=13224710.0 | 卖深=660.0 | 失衡=0.275
2026-04-21 12:48:34,334 [INFO] 逼空=28 | 做空=0(BLOCKED) | 离场紧迫=0 | 持仓=False | 大单净=13224710.0 | 卖深=660.0 | 失衡=0.275
2026-04-21 12:49:34,512 [INFO] 逼空=28 | 做空=0(BLOCKED) | 离场紧迫=0 | 持仓=False | 大单净=13224710.0 | 卖深=660.0 | 失衡=0.275
2026-04-21 12:50:34,698 [INFO] 逼空=28 | 做空=0(BLOCKED) | 离场紧迫=0 | 持仓=False | 大单净=13224710.0 | 卖深=660.0 | 失衡=0.275
2026-04-21 12:51:34,871 [INFO] 逼空=28 | 做空=0(BLOCKED) | 离场紧迫=0 | 持仓=False | 大单净=13224710.0 | 卖深=660.0 | 失衡=0.275
2026-04-21 12:52:35,047 [INFO] 逼空=28 | 做空=0(BLOCKED) | 离场紧迫=0 | 持仓=False | 大单净=13224710.0 | 卖深=660.0 | 失衡=0.275
2026-04-21 12:53:35,223 [INFO] 逼空=28 | 做空=0(BLOCKED) | 离场紧迫=0 | 持仓=False | 大单净=13224710.0 | 卖深=660.0 | 失衡=0.241
2026-04-21 12:54:35,401 [INFO] 逼空=28 | 做空=0(BLOCKED) | 离场紧迫=0 | 持仓=False | 大单净=13224710.0 | 卖深=660.0 | 失衡=0.241
2026-04-21 12:55:35,578 [INFO] 逼空=28 | 做空=0(BLOCKED) | 离场紧迫=0 | 持仓=False | 大单净=13224710.0 | 卖深=660.0 | 失衡=0.241
2026-04-21 12:56:35,744 [INFO] 逼空=28 | 做空=0(BLOCKED) | 离场紧迫=0 | 持仓=False | 大单净=13224710.0 | 卖深=660.0 | 失衡=0.241
2026-04-21 12:57:35,910 [INFO] 逼空=28 | 做空=0(BLOCKED) | 离场紧迫=0 | 持仓=False | 大单净=13224710.0 | 卖深=660.0 | 失衡=0.241
2026-04-21 12:58:36,097 [INFO] 逼空=28 | 做空=0(BLOCKED) | 离场紧迫=0 | 持仓=False | 大单净=13224710.0 | 卖深=660.0 | 失衡=0.241
2026-04-21 12:59:36,271 [INFO] 逼空=28 | 做空=0(BLOCKED) | 离场紧迫=0 | 持仓=False | 大单净=13224710.0 | 卖深=660.0 | 失衡=0.241
2026-04-21 13:00:36,445 [INFO] 逼空=20 | 做空=25(HOLD) | 离场紧迫=0 | 持仓=False | 大单净=13224710.0 | 卖深=3360.0 | 失衡=-0.040
2026-04-21 13:01:36,625 [INFO] 逼空=20 | 做空=40(CAUTION) | 离场紧迫=0 | 持仓=False | 大单净=13224710.0 | 卖深=1880.0 | 失衡=0.153
2026-04-21 13:02:36,812 [INFO] 逼空=28 | 做空=0(BLOCKED) | 离场紧迫=0 | 持仓=False | 大单净=13224710.0 | 卖深=1460.0 | 失衡=0.318
2026-04-21 13:03:36,991 [INFO] 逼空=28 | 做空=0(BLOCKED) | 离场紧迫=0 | 持仓=False | 大单净=13224710.0 | 卖深=1360.0 | 失衡=0.261
2026-04-21 13:04:37,151 [INFO] 逼空=28 | 做空=0(BLOCKED) | 离场紧迫=0 | 持仓=False | 大单净=13224710.0 | 卖深=1100.0 | 失衡=0.495
2026-04-21 13:05:37,382 [INFO] 逼空=28 | 做空=0(BLOCKED) | 离场紧迫=0 | 持仓=False | 大单净=13224710.0 | 卖深=1280.0 | 失衡=0.443
2026-04-21 13:06:37,615 [WARNING] [摆盘预警] 卖盘深度骤减 37.7% (当前 840 vs 均值 1,347 股) [+25分]
2026-04-21 13:06:37,670 [INFO] 逼空=53 | 做空=0(BLOCKED) | 离场紧迫=0 | 持仓=False | 大单净=13224710.0 | 卖深=840.0 | 失衡=0.594
2026-04-21 13:07:37,894 [INFO] 逼空=28 | 做空=0(BLOCKED) | 离场紧迫=0 | 持仓=False | 大单净=13224710.0 | 卖深=1240.0 | 失衡=0.395
2026-04-21 13:08:38,117 [INFO] 逼空=40 | 做空=0(BLOCKED) | 离场紧迫=0 | 持仓=False | 大单净=13224710.0 | 卖深=1140.0 | 失衡=0.498
2026-04-21 13:09:38,342 [INFO] 逼空=28 | 做空=0(BLOCKED) | 离场紧迫=0 | 持仓=False | 大单净=13224710.0 | 卖深=2460.0 | 失衡=0.061
2026-04-21 13:10:38,570 [WARNING] [摆盘预警] 卖盘深度骤减 63.6% (当前 500 vs 均值 1,374 股) [+25分]
2026-04-21 13:10:38,571 [INFO] 逼空=53 | 做空=0(BLOCKED) | 离场紧迫=0 | 持仓=False | 大单净=13224710.0 | 卖深=500.0 | 失衡=0.779
2026-04-21 13:11:38,800 [INFO] 逼空=40 | 做空=0(BLOCKED) | 离场紧迫=0 | 持仓=False | 大单净=13224710.0 | 卖深=1000.0 | 失衡=0.545
2026-04-21 13:12:39,034 [INFO] 逼空=28 | 做空=0(BLOCKED) | 离场紧迫=0 | 持仓=False | 大单净=13224710.0 | 卖深=2220.0 | 失衡=0.190
2026-04-21 13:13:39,254 [INFO] 逼空=28 | 做空=0(BLOCKED) | 离场紧迫=0 | 持仓=False | 大单净=13224710.0 | 卖深=1660.0 | 失衡=0.231
2026-04-21 13:14:39,497 [INFO] 逼空=28 | 做空=0(BLOCKED) | 离场紧迫=0 | 持仓=False | 大单净=13224710.0 | 卖深=2060.0 | 失衡=0.163
2026-04-21 13:15:39,717 [INFO] 逼空=40 | 做空=0(BLOCKED) | 离场紧迫=0 | 持仓=False | 大单净=13224710.0 | 卖深=1080.0 | 失衡=0.455
2026-04-21 13:16:39,940 [WARNING] [摆盘预警] 卖盘深度骤减 46.6% (当前 780 vs 均值 1,461 股) [+25分]
2026-04-21 13:16:39,993 [INFO] 逼空=53 | 做空=0(BLOCKED) | 离场紧迫=0 | 持仓=False | 大单净=13224710.0 | 卖深=780.0 | 失衡=0.581
2026-04-21 13:17:40,225 [WARNING] [摆盘预警] 卖盘深度骤减 53.1% (当前 660 vs 均值 1,406 股) [+25分]
2026-04-21 13:17:40,226 [INFO] 逼空=53 | 做空=0(BLOCKED) | 离场紧迫=0 | 持仓=False | 大单净=13224710.0 | 卖深=660.0 | 失衡=0.680
2026-04-21 13:18:40,461 [INFO] 逼空=28 | 做空=0(BLOCKED) | 离场紧迫=0 | 持仓=False | 大单净=13224710.0 | 卖深=2840.0 | 失衡=0.090
2026-04-21 13:19:40,698 [INFO] 逼空=20 | 做空=25(HOLD) | 离场紧迫=0 | 持仓=False | 大单净=13224710.0 | 卖深=4220.0 | 失衡=-0.223
2026-04-21 13:20:40,954 [INFO] 逼空=28 | 做空=0(BLOCKED) | 离场紧迫=0 | 持仓=False | 大单净=13224710.0 | 卖深=2900.0 | 失衡=0.548
2026-04-21 13:21:41,176 [INFO] 逼空=28 | 做空=0(BLOCKED) | 离场紧迫=0 | 持仓=False | 大单净=13224710.0 | 卖深=3280.0 | 失衡=0.516
2026-04-21 13:22:41,387 [INFO] 逼空=28 | 做空=0(BLOCKED) | 离场紧迫=0 | 持仓=False | 大单净=13224710.0 | 卖深=2560.0 | 失衡=0.590
2026-04-21 13:23:41,625 [INFO] 逼空=28 | 做空=0(BLOCKED) | 离场紧迫=0 | 持仓=False | 大单净=13224710.0 | 卖深=2640.0 | 失衡=0.557
2026-04-21 13:24:41,851 [INFO] 逼空=40 | 做空=0(BLOCKED) | 离场紧迫=0 | 持仓=False | 大单净=13224710.0 | 卖深=1860.0 | 失衡=0.675
2026-04-21 13:25:42,079 [WARNING] [摆盘预警] 卖盘深度骤减 48.9% (当前 1,200 vs 均值 2,346 股) [+25分]
2026-04-21 13:25:42,125 [INFO] 逼空=53 | 做空=0(BLOCKED) | 离场紧迫=0 | 持仓=False | 大单净=13224710.0 | 卖深=1200.0 | 失衡=0.771
2026-04-21 13:26:42,354 [WARNING] [摆盘预警] 卖盘深度骤减 39.3% (当前 1,460 vs 均值 2,404 股) [+25分]
2026-04-21 13:26:42,355 [INFO] 逼空=53 | 做空=0(BLOCKED) | 离场紧迫=0 | 持仓=False | 大单净=13224710.0 | 卖深=1460.0 | 失衡=0.754
2026-04-21 13:27:42,579 [WARNING] [摆盘预警] 卖盘深度骤减 41.3% (当前 1,460 vs 均值 2,488 股) [+25分]
2026-04-21 13:27:42,580 [INFO] 逼空=53 | 做空=0(BLOCKED) | 离场紧迫=0 | 持仓=False | 大单净=13224710.0 | 卖深=1460.0 | 失衡=0.706
2026-04-21 13:28:42,816 [INFO] 逼空=28 | 做空=0(BLOCKED) | 离场紧迫=0 | 持仓=False | 大单净=13224710.0 | 卖深=2060.0 | 失衡=0.660
2026-04-21 13:29:43,046 [INFO] 逼空=28 | 做空=0(BLOCKED) | 离场紧迫=0 | 持仓=False | 大单净=13224710.0 | 卖深=2080.0 | 失衡=0.626
2026-04-21 13:30:43,267 [INFO] 逼空=40 | 做空=0(BLOCKED) | 离场紧迫=0 | 持仓=False | 大单净=13224710.0 | 卖深=1580.0 | 失衡=0.741
2026-04-21 13:31:43,501 [INFO] 逼空=28 | 做空=0(BLOCKED) | 离场紧迫=0 | 持仓=False | 大单净=13224710.0 | 卖深=1940.0 | 失衡=0.705
2026-04-21 13:32:43,729 [INFO] 逼空=28 | 做空=0(BLOCKED) | 离场紧迫=0 | 持仓=False | 大单净=12147450.0 | 卖深=2160.0 | 失衡=0.679
2026-04-21 13:33:43,958 [INFO] 逼空=40 | 做空=0(BLOCKED) | 离场紧迫=0 | 持仓=False | 大单净=12147450.0 | 卖深=1360.0 | 失衡=0.771
2026-04-21 13:34:44,189 [INFO] 逼空=28 | 做空=0(BLOCKED) | 离场紧迫=0 | 持仓=False | 大单净=12147450.0 | 卖深=2360.0 | 失衡=0.637
2026-04-21 13:35:44,410 [INFO] 逼空=28 | 做空=0(BLOCKED) | 离场紧迫=0 | 持仓=False | 大单净=12147450.0 | 卖深=2440.0 | 失衡=0.659
2026-04-21 13:36:44,636 [INFO] 逼空=28 | 做空=0(BLOCKED) | 离场紧迫=0 | 持仓=False | 大单净=12147450.0 | 卖深=1900.0 | 失衡=0.717
2026-04-21 13:37:44,877 [INFO] 逼空=28 | 做空=0(BLOCKED) | 离场紧迫=0 | 持仓=False | 大单净=12147450.0 | 卖深=1720.0 | 失衡=0.711
2026-04-21 13:38:45,111 [INFO] 逼空=28 | 做空=0(BLOCKED) | 离场紧迫=0 | 持仓=False | 大单净=12147450.0 | 卖深=2800.0 | 失衡=0.330
2026-04-21 13:39:45,343 [INFO] 逼空=28 | 做空=0(BLOCKED) | 离场紧迫=0 | 持仓=False | 大单净=12147450.0 | 卖深=1900.0 | 失衡=0.399
2026-04-21 13:40:45,578 [INFO] 逼空=28 | 做空=0(BLOCKED) | 离场紧迫=0 | 持仓=False | 大单净=12147450.0 | 卖深=1780.0 | 失衡=0.435
2026-04-21 13:41:45,806 [INFO] 逼空=28 | 做空=0(BLOCKED) | 离场紧迫=0 | 持仓=False | 大单净=12147450.0 | 卖深=1840.0 | 失衡=0.451
2026-04-21 13:42:46,032 [INFO] 逼空=28 | 做空=0(BLOCKED) | 离场紧迫=0 | 持仓=False | 大单净=12147450.0 | 卖深=1760.0 | 失衡=0.460
2026-04-21 13:43:46,262 [INFO] 逼空=28 | 做空=0(BLOCKED) | 离场紧迫=0 | 持仓=False | 大单净=12147450.0 | 卖深=1680.0 | 失衡=0.432
2026-04-21 13:44:46,492 [INFO] 逼空=28 | 做空=0(BLOCKED) | 离场紧迫=0 | 持仓=False | 大单净=12147450.0 | 卖深=2280.0 | 失衡=0.319
2026-04-21 13:45:46,721 [INFO] 逼空=28 | 做空=0(BLOCKED) | 离场紧迫=0 | 持仓=False | 大单净=12147450.0 | 卖深=1920.0 | 失衡=0.467
2026-04-21 13:46:35,136 [INFO] 启动监控: HK.00100，实时轮询 60s
2026-04-21 13:46:35,136 [INFO] 提示：启动后输入 'p' 回车可切换持仓状态（标记是否持有空仓）
2026-04-21 13:46:37,171 [INFO] 逼空=28 | 做空=0(BLOCKED) | 离场紧迫=0 | 持仓=False | 大单净=12147450.0 | 卖深=2140.0 | 失衡=0.397
2026-04-21 13:47:37,400 [INFO] 逼空=28 | 做空=0(BLOCKED) | 离场紧迫=0 | 持仓=False | 大单净=12147450.0 | 卖深=2000.0 | 失衡=0.468
2026-04-21 13:48:37,620 [INFO] 逼空=28 | 做空=0(BLOCKED) | 离场紧迫=0 | 持仓=False | 大单净=12147450.0 | 卖深=1720.0 | 失衡=0.379
2026-04-21 13:49:37,848 [INFO] 逼空=28 | 做空=0(BLOCKED) | 离场紧迫=0 | 持仓=False | 大单净=12147450.0 | 卖深=1780.0 | 失衡=0.473
2026-04-21 13:50:38,064 [INFO] 逼空=40 | 做空=0(BLOCKED) | 离场紧迫=0 | 持仓=False | 大单净=12147450.0 | 卖深=1520.0 | 失衡=0.439
2026-04-21 13:51:38,296 [INFO] 逼空=40 | 做空=0(BLOCKED) | 离场紧迫=0 | 持仓=False | 大单净=12147450.0 | 卖深=1420.0 | 失衡=0.570
2026-04-21 13:52:38,519 [INFO] 逼空=28 | 做空=0(BLOCKED) | 离场紧迫=0 | 持仓=False | 大单净=12147450.0 | 卖深=1620.0 | 失衡=0.372
2026-04-21 13:52:52,463 [INFO] HKEX 2026-04-20: 卖空量=38,700 卖空额=37,691,700 总量=2,074,290 占比=1.87%
2026-04-21 13:52:56,075 [INFO] HKEX 2026-04-17: 卖空量=31,600 卖空额=27,917,400 总量=858,535 占比=3.68%
2026-04-21 13:53:00,067 [INFO] HKEX 2026-04-16: 卖空量=49,200 卖空额=43,670,750 总量=1,218,511 占比=4.04%
2026-04-21 13:53:04,258 [INFO] HKEX 2026-04-15: 卖空量=19,900 卖空额=17,332,900 总量=2,201,225 占比=0.90%
2026-04-21 13:53:08,597 [INFO] HKEX 2026-04-14: 卖空量=29,200 卖空额=28,232,200 总量=1,255,461 占比=2.33%
2026-04-21 13:53:12,537 [INFO] HKEX 2026-04-13: 卖空量=43,800 卖空额=42,186,650 总量=1,485,429 占比=2.95%
2026-04-21 13:53:13,538 [INFO] 补抓完成，共获取 6 个交易日数据
2026-04-21 13:53:33,480 [INFO] 启动监控: HK.02513，实时轮询 60s
2026-04-21 13:53:33,480 [INFO] 提示：启动后输入 'p' 回车可切换持仓状态（标记是否持有空仓）
2026-04-21 13:53:34,755 [INFO] 逼空=0 | 做空=0(HOLD) | 离场紧迫=0 | 持仓=False | 大单净=-17793700.0 | 卖深=3500.0 | 失衡=-0.094
2026-04-21 13:53:38,754 [INFO] 逼空=28 | 做空=0(BLOCKED) | 离场紧迫=0 | 持仓=False | 大单净=12147450.0 | 卖深=1500.0 | 失衡=0.345
2026-04-21 13:54:34,980 [INFO] 逼空=0 | 做空=0(HOLD) | 离场紧迫=0 | 持仓=False | 大单净=-17793700.0 | 卖深=1700.0 | 失衡=0.320
2026-04-21 13:54:38,972 [INFO] 逼空=28 | 做空=0(BLOCKED) | 离场紧迫=0 | 持仓=False | 大单净=12147450.0 | 卖深=1720.0 | 失衡=0.384
2026-04-21 13:55:35,205 [INFO] 逼空=0 | 做空=0(HOLD) | 离场紧迫=0 | 持仓=False | 大单净=-17793700.0 | 卖深=5000.0 | 失衡=-0.266
2026-04-21 13:55:39,211 [INFO] 逼空=28 | 做空=0(BLOCKED) | 离场紧迫=0 | 持仓=False | 大单净=12147450.0 | 卖深=2400.0 | 失衡=0.236
2026-04-21 13:56:19,889 [INFO] HKEX 2026-04-20 数据已在库中，跳过爬取
2026-04-21 13:56:20,889 [INFO] HKEX 2026-04-17 数据已在库中，跳过爬取
2026-04-21 13:56:21,890 [INFO] HKEX 2026-04-16 数据已在库中，跳过爬取
2026-04-21 13:56:22,890 [INFO] HKEX 2026-04-15 数据已在库中，跳过爬取
2026-04-21 13:56:23,891 [INFO] HKEX 2026-04-14 数据已在库中，跳过爬取
2026-04-21 13:56:24,892 [INFO] HKEX 2026-04-13 数据已在库中，跳过爬取
2026-04-21 13:56:25,892 [INFO] 补抓完成，共获取 6 个交易日数据
2026-04-21 13:56:35,434 [INFO] 逼空=0 | 做空=23(HOLD) | 离场紧迫=0 | 持仓=False | 大单净=-17793700.0 | 卖深=3700.0 | 失衡=-0.345
2026-04-21 13:56:39,439 [INFO] 逼空=28 | 做空=0(BLOCKED) | 离场紧迫=0 | 持仓=False | 大单净=12147450.0 | 卖深=2540.0 | 失衡=0.153
2026-04-21 13:57:26,897 [INFO] HKEX 2026-04-20 数据已在库中，跳过爬取
2026-04-21 13:57:27,898 [INFO] HKEX 2026-04-17 数据已在库中，跳过爬取
2026-04-21 13:57:28,898 [INFO] HKEX 2026-04-16 数据已在库中，跳过爬取
2026-04-21 13:57:29,899 [INFO] HKEX 2026-04-15 数据已在库中，跳过爬取
2026-04-21 13:57:30,900 [INFO] HKEX 2026-04-14 数据已在库中，跳过爬取
2026-04-21 13:57:31,900 [INFO] HKEX 2026-04-13 数据已在库中，跳过爬取
2026-04-21 13:57:35,650 [INFO] 逼空=0 | 做空=15(HOLD) | 离场紧迫=0 | 持仓=False | 大单净=-17793700.0 | 卖深=3400.0 | 失衡=-0.115
2026-04-21 13:57:35,786 [INFO] HKEX 2026-04-10: 卖空量=43,500 卖空额=41,024,300 总量=1,309,480 占比=3.32%
2026-04-21 13:57:39,323 [INFO] HKEX 2026-04-09: 卖空量=48,100 卖空额=45,628,750 总量=2,582,505 占比=1.86%
2026-04-21 13:57:39,670 [INFO] 逼空=28 | 做空=0(BLOCKED) | 离场紧迫=0 | 持仓=False | 大单净=12147450.0 | 卖深=2560.0 | 失衡=0.152
2026-04-21 13:57:43,880 [INFO] HKEX 2026-04-08: 卖空量=74,300 卖空额=66,122,050 总量=2,786,329 占比=2.67%
2026-04-21 13:57:45,347 [WARNING] HKEX 2026-04-07: 未找到 short_selling 段落
2026-04-21 13:57:46,838 [WARNING] HKEX 2026-04-06: 未找到 short_selling 段落
2026-04-21 13:57:48,332 [WARNING] HKEX 2026-04-03: 未找到 short_selling 段落
2026-04-21 13:57:52,587 [INFO] HKEX 2026-04-02: 卖空量=47,500 卖空额=37,035,050 总量=3,129,684 占比=1.52%
2026-04-21 13:57:57,148 [INFO] HKEX 2026-04-01: 卖空量=522,900 卖空额=455,918,950 总量=5,671,600 占比=9.22%
2026-04-21 13:58:01,501 [INFO] HKEX 2026-03-31: 卖空量=60,300 卖空额=42,617,450 总量=1,510,602 占比=3.99%
2026-04-21 13:58:06,074 [INFO] HKEX 2026-03-30: 卖空量=62,100 卖空额=43,921,050 总量=1,862,526 占比=3.33%
2026-04-21 13:58:10,610 [INFO] HKEX 2026-03-27: 卖空量=58,900 卖空额=39,415,300 总量=1,687,128 占比=3.49%
2026-04-21 13:58:14,240 [INFO] HKEX 2026-03-26: 卖空量=65,700 卖空额=46,869,150 总量=1,879,730 占比=3.50%
2026-04-21 13:58:18,570 [INFO] HKEX 2026-03-25: 卖空量=271,300 卖空额=188,136,200 总量=3,312,577 占比=8.19%
2026-04-21 13:58:22,626 [INFO] HKEX 2026-03-24: 卖空量=82,800 卖空额=52,545,300 总量=1,821,358 占比=4.55%
2026-04-21 13:58:27,406 [INFO] HKEX 2026-03-23: 卖空量=45,400 卖空额=27,203,150 总量=1,783,482 占比=2.55%
2026-04-21 13:58:31,685 [INFO] HKEX 2026-03-20: 卖空量=113,500 卖空额=72,280,700 总量=1,980,638 占比=5.73%
2026-04-21 13:58:35,916 [INFO] 逼空=10 | 做空=15(HOLD) | 离场紧迫=0 | 持仓=False | 大单净=-17793700.0 | 卖深=3300.0 | 失衡=-0.031
2026-04-21 13:58:35,970 [INFO] HKEX 2026-03-19: 卖空量=81,100 卖空额=53,872,550 总量=2,511,730 占比=3.23%
2026-04-21 13:58:39,896 [INFO] 逼空=28 | 做空=0(BLOCKED) | 离场紧迫=0 | 持仓=False | 大单净=12147450.0 | 卖深=2360.0 | 失衡=0.213
2026-04-21 13:58:40,310 [INFO] HKEX 2026-03-18: 卖空量=119,900 卖空额=82,572,950 总量=4,439,353 占比=2.70%
2026-04-21 13:58:44,596 [INFO] HKEX 2026-03-17: 卖空量=53,300 卖空额=32,943,400 总量=2,314,464 占比=2.30%
2026-04-21 13:58:49,029 [INFO] HKEX 2026-03-16: 卖空量=286,300 卖空额=167,162,500 总量=3,778,080 占比=7.58%
2026-04-21 13:58:52,562 [INFO] HKEX 2026-03-13: 卖空量=47,400 卖空额=26,309,900 总量=3,044,232 占比=1.56%
2026-04-21 13:58:57,437 [INFO] HKEX 2026-03-12: 卖空量=52,700 卖空额=30,693,950 总量=3,103,968 占比=1.70%
2026-04-21 13:59:01,936 [INFO] HKEX 2026-03-11: 卖空量=517,400 卖空额=327,423,600 总量=4,619,682 占比=11.20%
2026-04-21 13:59:06,544 [INFO] HKEX 2026-03-10: 卖空量=1,507,900 卖空额=951,620,900 总量=7,467,565 占比=20.19%
2026-04-21 13:59:11,957 [INFO] HKEX 2026-03-09: 卖空量=353,100 卖空额=190,609,130 总量=4,377,154 占比=8.07%
2026-04-21 13:59:16,544 [INFO] HKEX 2026-03-06: 卖空量=70,700 卖空额=37,906,800 总量=1,380,878 占比=5.12%
2026-04-21 13:59:20,991 [INFO] HKEX 2026-03-05: 卖空量=296,700 卖空额=152,023,070 总量=2,023,341 占比=14.66%
2026-04-21 13:59:21,992 [INFO] 补抓完成，共获取 30 个交易日数据
2026-04-21 13:59:36,167 [INFO] 逼空=10 | 做空=33(CAUTION) | 离场紧迫=0 | 持仓=False | 大单净=-17793700.0 | 卖深=3900.0 | 失衡=-0.368
2026-04-21 13:59:40,120 [INFO] 逼空=28 | 做空=0(BLOCKED) | 离场紧迫=0 | 持仓=False | 大单净=12147450.0 | 卖深=2780.0 | 失衡=0.142
2026-04-21 14:00:36,397 [INFO] 逼空=10 | 做空=45(CAUTION) | 离场紧迫=0 | 持仓=False | 大单净=-17793700.0 | 卖深=4100.0 | 失衡=-0.302
2026-04-21 14:00:40,349 [INFO] 逼空=28 | 做空=0(BLOCKED) | 离场紧迫=0 | 持仓=False | 大单净=12147450.0 | 卖深=1980.0 | 失衡=0.391
2026-04-21 14:01:08,630 [INFO] 启动监控: HK.02513，实时轮询 60s
2026-04-21 14:01:08,630 [INFO] 提示：启动后输入 'p' 回车可切换持仓状态（标记是否持有空仓）
2026-04-21 14:01:09,880 [INFO] 逼空=10 | 做空=45(CAUTION) | 离场紧迫=0 | 持仓=False | 大单净=-17793700.0 | 卖深=4100.0 | 失衡=-0.302
2026-04-21 14:01:40,578 [INFO] 逼空=28 | 做空=0(BLOCKED) | 离场紧迫=0 | 持仓=False | 大单净=12147450.0 | 卖深=2360.0 | 失衡=-0.013
2026-04-21 14:02:10,104 [INFO] 逼空=10 | 做空=45(CAUTION) | 离场紧迫=0 | 持仓=False | 大单净=-17793700.0 | 卖深=4400.0 | 失衡=-0.354
2026-04-21 14:02:40,798 [INFO] 逼空=20 | 做空=7(HOLD) | 离场紧迫=0 | 持仓=False | 大单净=12147450.0 | 卖深=2360.0 | 失衡=0.075
2026-04-21 14:03:10,337 [INFO] 逼空=10 | 做空=22(HOLD) | 离场紧迫=0 | 持仓=False | 大单净=-17793700.0 | 卖深=3900.0 | 失衡=-0.040
2026-04-21 14:05:36,018 [WARNING] [摆盘预警] 卖盘深度骤减 30.2% (当前 2,600 vs 均值 3,727 股) [+25分]
2026-04-21 14:05:36,067 [INFO] 逼空=35 | 做空=0(BLOCKED) | 离场紧迫=0 | 持仓=False | 大单净=-17793700.0 | 卖深=2600.0 | 失衡=0.088
2026-04-21 14:05:36,068 [INFO] 逼空=20 | 做空=10(HOLD) | 离场紧迫=0 | 持仓=False | 大单净=12147450.0 | 卖深=2500.0 | 失衡=0.081
2026-04-21 14:06:36,348 [WARNING] [摆盘预警] 卖盘深度骤减 36.7% (当前 2,300 vs 均值 3,633 股) [+25分]
2026-04-21 14:06:36,349 [INFO] 逼空=35 | 做空=0(BLOCKED) | 离场紧迫=0 | 持仓=False | 大单净=-17793700.0 | 卖深=2300.0 | 失衡=0.148
2026-04-21 14:06:36,428 [INFO] 逼空=20 | 做空=10(HOLD) | 离场紧迫=0 | 持仓=False | 大单净=12147450.0 | 卖深=3020.0 | 失衡=0.065
2026-04-21 14:07:36,581 [WARNING] [摆盘预警] 卖盘深度骤减 43.4% (当前 2,000 vs 均值 3,531 股) [+25分]
2026-04-21 14:07:36,581 [INFO] 逼空=43 | 做空=0(BLOCKED) | 离场紧迫=0 | 持仓=False | 大单净=-17793700.0 | 卖深=2000.0 | 失衡=0.273
2026-04-21 14:07:36,646 [INFO] 逼空=20 | 做空=0(HOLD) | 离场紧迫=0 | 持仓=False | 大单净=12147450.0 | 卖深=3080.0 | 失衡=0.010
2026-04-21 14:08:36,820 [WARNING] [摆盘预警] 卖盘深度骤减 35.7% (当前 2,200 vs 均值 3,421 股) [+25分]
2026-04-21 14:08:36,821 [INFO] 逼空=43 | 做空=0(BLOCKED) | 离场紧迫=0 | 持仓=False | 大单净=-17793700.0 | 卖深=2200.0 | 失衡=0.267
2026-04-21 14:08:36,924 [INFO] 逼空=20 | 做空=0(HOLD) | 离场紧迫=0 | 持仓=False | 大单净=12147450.0 | 卖深=3080.0 | 失衡=0.142
2026-04-21 14:09:37,086 [INFO] 逼空=30 | 做空=0(BLOCKED) | 离场紧迫=0 | 持仓=False | 大单净=-17793700.0 | 卖深=2400.0 | 失衡=0.186
2026-04-21 14:09:37,189 [INFO] 逼空=20 | 做空=0(HOLD) | 离场紧迫=0 | 持仓=False | 大单净=12147450.0 | 卖深=3120.0 | 失衡=0.106
2026-04-21 14:10:37,418 [WARNING] [摆盘预警] 卖盘深度骤减 42.1% (当前 1,900 vs 均值 3,281 股) [+25分]
2026-04-21 14:10:37,465 [INFO] 逼空=20 | 做空=0(HOLD) | 离场紧迫=0 | 持仓=False | 大单净=12147450.0 | 卖深=3120.0 | 失衡=0.055
2026-04-21 14:10:37,474 [INFO] 逼空=43 | 做空=0(BLOCKED) | 离场紧迫=0 | 持仓=False | 大单净=-17793700.0 | 卖深=1900.0 | 失衡=0.309
2026-04-21 14:11:37,712 [INFO] 逼空=20 | 做空=0(HOLD) | 离场紧迫=0 | 持仓=False | 大单净=12147450.0 | 卖深=3180.0 | 失衡=0.147
2026-04-21 14:11:37,729 [WARNING] [摆盘预警] 卖盘深度骤减 31.2% (当前 2,200 vs 均值 3,200 股) [+25分]
2026-04-21 14:11:37,730 [INFO] 逼空=43 | 做空=0(BLOCKED) | 离场紧迫=0 | 持仓=False | 大单净=-17793700.0 | 卖深=2200.0 | 失衡=0.254
2026-04-21 14:11:57,962 [INFO] 启动监控: HK.02513，实时轮询 60s
2026-04-21 14:11:57,962 [INFO] 提示：启动后输入 'p' 回车可切换持仓状态（标记是否持有空仓）
2026-04-21 14:11:58,514 [INFO] 逼空=24 | 做空=15(HOLD) | 离场紧迫=0 | 持仓=False | 大单净=-17793700.0 | 卖深=2400.0 | 失衡=0.238
2026-04-21 14:12:37,938 [INFO] 逼空=20 | 做空=0(HOLD) | 离场紧迫=0 | 持仓=False | 大单净=12147450.0 | 卖深=3420.0 | 失衡=0.130
2026-04-21 14:12:58,752 [INFO] 逼空=4 | 做空=22(HOLD) | 离场紧迫=0 | 持仓=False | 大单净=-17793700.0 | 卖深=3600.0 | 失衡=-0.059
2026-04-21 14:13:38,190 [INFO] 逼空=28 | 做空=0(BLOCKED) | 离场紧迫=0 | 持仓=False | 大单净=12147450.0 | 卖深=2900.0 | 失衡=0.205
2026-04-21 14:13:58,992 [INFO] 逼空=12 | 做空=52(CAUTION) | 离场紧迫=0 | 持仓=False | 大单净=-17793700.0 | 卖深=5000.0 | 失衡=0.281
2026-04-21 14:14:38,412 [INFO] 逼空=28 | 做空=0(BLOCKED) | 离场紧迫=0 | 持仓=False | 大单净=12147450.0 | 卖深=3000.0 | 失衡=0.257
2026-04-21 14:14:59,210 [WARNING] [摆盘预警] 卖盘深度骤减 39.1% (当前 2,000 vs 均值 3,284 股) [+25分]
2026-04-21 14:14:59,211 [INFO] 逼空=37 | 做空=0(BLOCKED) | 离场紧迫=0 | 持仓=False | 大单净=-17793700.0 | 卖深=2000.0 | 失衡=0.646
2026-04-21 14:15:38,644 [INFO] 逼空=28 | 做空=0(BLOCKED) | 离场紧迫=0 | 持仓=False | 大单净=12147450.0 | 卖深=3000.0 | 失衡=0.233
2026-04-21 14:15:59,470 [INFO] 逼空=24 | 做空=40(CAUTION) | 离场紧迫=0 | 持仓=False | 大单净=-17793700.0 | 卖深=2500.0 | 失衡=0.645
2026-04-21 14:16:08,758 [INFO] 启动监控: HK.00100，实时轮询 60s
2026-04-21 14:16:08,758 [INFO] 提示：启动后输入 'p' 回车可切换持仓状态（标记是否持有空仓）
2026-04-21 14:16:09,416 [INFO] 逼空=28 | 做空=0(BLOCKED) | 离场紧迫=0 | 持仓=False | 大单净=11028570.0 | 卖深=4500.0 | 失衡=0.271
2026-04-21 14:16:59,708 [INFO] 逼空=12 | 做空=40(CAUTION) | 离场紧迫=0 | 持仓=False | 大单净=-17793700.0 | 卖深=2800.0 | 失衡=0.608
2026-04-21 14:17:09,629 [WARNING] [摆盘预警] 卖盘深度骤减 32.5% (当前 2,160 vs 均值 3,199 股) [+25分]
2026-04-21 14:17:09,684 [INFO] 逼空=53 | 做空=0(BLOCKED) | 离场紧迫=0 | 持仓=False | 大单净=11028570.0 | 卖深=2160.0 | 失衡=0.571
2026-04-21 14:17:59,934 [WARNING] [摆盘预警] 卖盘深度骤减 37.3% (当前 1,900 vs 均值 3,032 股) [+25分]
2026-04-21 14:17:59,991 [INFO] 逼空=37 | 做空=0(BLOCKED) | 离场紧迫=0 | 持仓=False | 大单净=-17793700.0 | 卖深=1900.0 | 失衡=0.719
2026-04-21 14:18:09,855 [INFO] 逼空=40 | 做空=0(BLOCKED) | 离场紧迫=0 | 持仓=False | 大单净=11028570.0 | 卖深=2280.0 | 失衡=0.564
2026-04-21 14:19:00,161 [INFO] 逼空=24 | 做空=30(HOLD) | 离场紧迫=0 | 持仓=False | 大单净=-17793700.0 | 卖深=2400.0 | 失衡=0.613
2026-04-21 14:19:10,069 [INFO] 逼空=40 | 做空=0(BLOCKED) | 离场紧迫=0 | 持仓=False | 大单净=11028570.0 | 卖深=2120.0 | 失衡=0.570
2026-04-21 14:20:00,336 [WARNING] [摆盘预警] 卖盘深度骤减 37.5% (当前 1,800 vs 均值 2,879 股) [+25分]
2026-04-21 14:20:00,336 [INFO] 逼空=37 | 做空=0(BLOCKED) | 离场紧迫=0 | 持仓=False | 大单净=-17793700.0 | 卖深=1800.0 | 失衡=0.690
2026-04-21 14:20:10,246 [INFO] 逼空=40 | 做空=0(BLOCKED) | 离场紧迫=0 | 持仓=False | 大单净=11028570.0 | 卖深=2280.0 | 失衡=0.457
2026-04-21 14:21:00,536 [INFO] 逼空=12 | 做空=30(HOLD) | 离场紧迫=0 | 持仓=False | 大单净=-17793700.0 | 卖深=2500.0 | 失衡=0.600
2026-04-21 14:21:10,415 [INFO] 逼空=28 | 做空=0(BLOCKED) | 离场紧迫=0 | 持仓=False | 大单净=11028570.0 | 卖深=2480.0 | 失衡=0.434
2026-04-21 14:22:00,724 [INFO] 逼空=12 | 做空=30(HOLD) | 离场紧迫=0 | 持仓=False | 大单净=-17793700.0 | 卖深=2900.0 | 失衡=0.547
2026-04-21 14:22:10,596 [INFO] 逼空=28 | 做空=0(BLOCKED) | 离场紧迫=0 | 持仓=False | 大单净=11028570.0 | 卖深=2540.0 | 失衡=0.430
