2026-04-20 12:28:00,736 [INFO] 模拟交易启动 | acc_id=18982257 env=SIMULATE 最大仓位=1000股 | 目标价模式=动态 dry_run=True
2026-04-20 12:28:00,740 | 1227465 | 137857618265920 | [open_context_base.py:409] _init_connect_sync: New connect ready: conn=7451849127837367232(1) context=<futu.quote.open_quote_context.OpenQuoteContext object at 0x7d60f1266cf0>
2026-04-20 12:28:00,746 | 1227465 | 137857618265920 | [open_context_base.py:409] _init_connect_sync: New connect ready: conn=7451849127863795904(2) context=<futu.trade.open_trade_context.OpenSecTradeContext object at 0x7d60f0e29550>
2026-04-20 12:28:00,749 [INFO] [配置] entry≥65 sq<20 imb<0.6 confirm=2 guard=15:50 stop=4.0% t1=1.5% t2=3.0%

╔══════════════════════════════════════════════════════════╗
║  MINIMAX-W 模拟自动交易  12:28:01 [DRY-RUN]        ║
╠══════════════════════════════════════════════════════════╣
║  状态：IDLE          确认轮: 0/2              ║
║  当前价：885.0     失衡度：-0.131                        ║
╠══════════════════════════════════════════════════════════╣
║  做空评分 [██░░░░░░░░░░░░░░░░░░]  12  (HOLD    )║
║  逼空评分 [██░░░░░░░░░░░░░░░░░░]  10                    ║
╚══════════════════════════════════════════════════════════╝

╔══════════════════════════════════════════════════════════╗
║  MINIMAX-W 模拟自动交易  12:29:01 [DRY-RUN]        ║
╠══════════════════════════════════════════════════════════╣
║  状态：IDLE          确认轮: 0/2              ║
║  当前价：885.0     失衡度：-0.131                        ║
╠══════════════════════════════════════════════════════════╣
║  做空评分 [██░░░░░░░░░░░░░░░░░░]  12  (HOLD    )║
║  逼空评分 [██░░░░░░░░░░░░░░░░░░]  10                    ║
╚══════════════════════════════════════════════════════════╝

╔══════════════════════════════════════════════════════════╗
║  MINIMAX-W 模拟自动交易  12:30:01 [DRY-RUN]        ║
╠══════════════════════════════════════════════════════════╣
║  状态：IDLE          确认轮: 0/2              ║
║  当前价：885.0     失衡度：-0.134                        ║
╠══════════════════════════════════════════════════════════╣
║  做空评分 [██░░░░░░░░░░░░░░░░░░]  12  (HOLD    )║
║  逼空评分 [██░░░░░░░░░░░░░░░░░░]  10                    ║
╚══════════════════════════════════════════════════════════╝

╔══════════════════════════════════════════════════════════╗
║  MINIMAX-W 模拟自动交易  12:31:01 [DRY-RUN]        ║
╠══════════════════════════════════════════════════════════╣
║  状态：IDLE          确认轮: 0/2              ║
║  当前价：885.0     失衡度：-0.134                        ║
╠══════════════════════════════════════════════════════════╣
║  做空评分 [██░░░░░░░░░░░░░░░░░░]  12  (HOLD    )║
║  逼空评分 [██░░░░░░░░░░░░░░░░░░]  10                    ║
╚══════════════════════════════════════════════════════════╝
2026-04-20 12:31:35,665 [INFO] 模拟交易启动 | acc_id=18982257 env=SIMULATE 最大仓位=1000股 | 目标价模式=动态 dry_run=False
2026-04-20 12:31:35,669 | 1234545 | 128551270373184 | [open_context_base.py:409] _init_connect_sync: New connect ready: conn=7451850029317722000(1) context=<futu.quote.open_quote_context.OpenQuoteContext object at 0x74ea23976cf0>
2026-04-20 12:31:35,675 | 1234545 | 128551270373184 | [open_context_base.py:409] _init_connect_sync: New connect ready: conn=7451850029345377212(2) context=<futu.trade.open_trade_context.OpenSecTradeContext object at 0x74ea23531550>
2026-04-20 12:31:35,679 [INFO] [配置] entry≥65 sq<20 imb<0.6 confirm=2 guard=15:50 stop=4.0% t1=1.5% t2=3.0%

╔══════════════════════════════════════════════════════════╗
║  MINIMAX-W 模拟自动交易  12:31:36 [LIVE-SIM]       ║
╠══════════════════════════════════════════════════════════╣
║  状态：IDLE          确认轮: 0/2              ║
║  当前价：885.0     失衡度：-0.134                        ║
╠══════════════════════════════════════════════════════════╣
║  做空评分 [██░░░░░░░░░░░░░░░░░░]  12  (HOLD    )║
║  逼空评分 [██░░░░░░░░░░░░░░░░░░]  10                    ║
╚══════════════════════════════════════════════════════════╝

╔══════════════════════════════════════════════════════════╗
║  MINIMAX-W 模拟自动交易  12:32:36 [LIVE-SIM]       ║
╠══════════════════════════════════════════════════════════╣
║  状态：IDLE          确认轮: 0/2              ║
║  当前价：885.0     失衡度：-0.134                        ║
╠══════════════════════════════════════════════════════════╣
║  做空评分 [██░░░░░░░░░░░░░░░░░░]  12  (HOLD    )║
║  逼空评分 [██░░░░░░░░░░░░░░░░░░]  10                    ║
╚══════════════════════════════════════════════════════════╝

╔══════════════════════════════════════════════════════════╗
║  MINIMAX-W 模拟自动交易  12:33:36 [LIVE-SIM]       ║
╠══════════════════════════════════════════════════════════╣
║  状态：IDLE          确认轮: 0/2              ║
║  当前价：885.0     失衡度：-0.134                        ║
╠══════════════════════════════════════════════════════════╣
║  做空评分 [██░░░░░░░░░░░░░░░░░░]  12  (HOLD    )║
║  逼空评分 [██░░░░░░░░░░░░░░░░░░]  10                    ║
╚══════════════════════════════════════════════════════════╝

╔══════════════════════════════════════════════════════════╗
║  MINIMAX-W 模拟自动交易  12:34:36 [LIVE-SIM]       ║
╠══════════════════════════════════════════════════════════╣
║  状态：IDLE          确认轮: 0/2              ║
║  当前价：885.0     失衡度：-0.150                        ║
╠══════════════════════════════════════════════════════════╣
║  做空评分 [██░░░░░░░░░░░░░░░░░░]  12  (HOLD    )║
║  逼空评分 [██░░░░░░░░░░░░░░░░░░]  10                    ║
╚══════════════════════════════════════════════════════════╝

╔══════════════════════════════════════════════════════════╗
║  MINIMAX-W 模拟自动交易  12:35:37 [LIVE-SIM]       ║
╠══════════════════════════════════════════════════════════╣
║  状态：IDLE          确认轮: 0/2              ║
║  当前价：885.0     失衡度：-0.150                        ║
╠══════════════════════════════════════════════════════════╣
║  做空评分 [██░░░░░░░░░░░░░░░░░░]  12  (HOLD    )║
║  逼空评分 [██░░░░░░░░░░░░░░░░░░]  10                    ║
╚══════════════════════════════════════════════════════════╝

╔══════════════════════════════════════════════════════════╗
║  MINIMAX-W 模拟自动交易  12:36:37 [LIVE-SIM]       ║
╠══════════════════════════════════════════════════════════╣
║  状态：IDLE          确认轮: 0/2              ║
║  当前价：885.0     失衡度：-0.150                        ║
╠══════════════════════════════════════════════════════════╣
║  做空评分 [██░░░░░░░░░░░░░░░░░░]  12  (HOLD    )║
║  逼空评分 [██░░░░░░░░░░░░░░░░░░]  10                    ║
╚══════════════════════════════════════════════════════════╝

╔══════════════════════════════════════════════════════════╗
║  MINIMAX-W 模拟自动交易  12:37:37 [LIVE-SIM]       ║
╠══════════════════════════════════════════════════════════╣
║  状态：IDLE          确认轮: 0/2              ║
║  当前价：885.0     失衡度：-0.150                        ║
╠══════════════════════════════════════════════════════════╣
║  做空评分 [██░░░░░░░░░░░░░░░░░░]  12  (HOLD    )║
║  逼空评分 [██░░░░░░░░░░░░░░░░░░]  10                    ║
╚══════════════════════════════════════════════════════════╝

╔══════════════════════════════════════════════════════════╗
║  MINIMAX-W 模拟自动交易  12:38:37 [LIVE-SIM]       ║
╠══════════════════════════════════════════════════════════╣
║  状态：IDLE          确认轮: 0/2              ║
║  当前价：885.0     失衡度：-0.150                        ║
╠══════════════════════════════════════════════════════════╣
║  做空评分 [██░░░░░░░░░░░░░░░░░░]  12  (HOLD    )║
║  逼空评分 [██░░░░░░░░░░░░░░░░░░]  10                    ║
╚══════════════════════════════════════════════════════════╝

╔══════════════════════════════════════════════════════════╗
║  MINIMAX-W 模拟自动交易  12:39:37 [LIVE-SIM]       ║
╠══════════════════════════════════════════════════════════╣
║  状态：IDLE          确认轮: 0/2              ║
║  当前价：885.0     失衡度：-0.156                        ║
╠══════════════════════════════════════════════════════════╣
║  做空评分 [██░░░░░░░░░░░░░░░░░░]  12  (HOLD    )║
║  逼空评分 [██░░░░░░░░░░░░░░░░░░]  10                    ║
╚══════════════════════════════════════════════════════════╝

╔══════════════════════════════════════════════════════════╗
║  MINIMAX-W 模拟自动交易  12:40:38 [LIVE-SIM]       ║
╠══════════════════════════════════════════════════════════╣
║  状态：IDLE          确认轮: 0/2              ║
║  当前价：885.0     失衡度：-0.156                        ║
╠══════════════════════════════════════════════════════════╣
║  做空评分 [██░░░░░░░░░░░░░░░░░░]  12  (HOLD    )║
║  逼空评分 [██░░░░░░░░░░░░░░░░░░]  10                    ║
╚══════════════════════════════════════════════════════════╝

╔══════════════════════════════════════════════════════════╗
║  MINIMAX-W 模拟自动交易  12:41:38 [LIVE-SIM]       ║
╠══════════════════════════════════════════════════════════╣
║  状态：IDLE          确认轮: 0/2              ║
║  当前价：885.0     失衡度：-0.172                        ║
╠══════════════════════════════════════════════════════════╣
║  做空评分 [██░░░░░░░░░░░░░░░░░░]  12  (HOLD    )║
║  逼空评分 [██░░░░░░░░░░░░░░░░░░]  10                    ║
╚══════════════════════════════════════════════════════════╝

╔══════════════════════════════════════════════════════════╗
║  MINIMAX-W 模拟自动交易  12:42:38 [LIVE-SIM]       ║
╠══════════════════════════════════════════════════════════╣
║  状态：IDLE          确认轮: 0/2              ║
║  当前价：885.0     失衡度：-0.172                        ║
╠══════════════════════════════════════════════════════════╣
║  做空评分 [██░░░░░░░░░░░░░░░░░░]  12  (HOLD    )║
║  逼空评分 [██░░░░░░░░░░░░░░░░░░]  10                    ║
╚══════════════════════════════════════════════════════════╝

╔══════════════════════════════════════════════════════════╗
║  MINIMAX-W 模拟自动交易  12:43:38 [LIVE-SIM]       ║
╠══════════════════════════════════════════════════════════╣
║  状态：IDLE          确认轮: 0/2              ║
║  当前价：885.0     失衡度：-0.172                        ║
╠══════════════════════════════════════════════════════════╣
║  做空评分 [██░░░░░░░░░░░░░░░░░░]  12  (HOLD    )║
║  逼空评分 [██░░░░░░░░░░░░░░░░░░]  10                    ║
╚══════════════════════════════════════════════════════════╝

╔══════════════════════════════════════════════════════════╗
║  MINIMAX-W 模拟自动交易  12:44:38 [LIVE-SIM]       ║
╠══════════════════════════════════════════════════════════╣
║  状态：IDLE          确认轮: 0/2              ║
║  当前价：885.0     失衡度：-0.172                        ║
╠══════════════════════════════════════════════════════════╣
║  做空评分 [██░░░░░░░░░░░░░░░░░░]  12  (HOLD    )║
║  逼空评分 [██░░░░░░░░░░░░░░░░░░]  10                    ║
╚══════════════════════════════════════════════════════════╝

╔══════════════════════════════════════════════════════════╗
║  MINIMAX-W 模拟自动交易  12:45:39 [LIVE-SIM]       ║
╠══════════════════════════════════════════════════════════╣
║  状态：IDLE          确认轮: 0/2              ║
║  当前价：885.0     失衡度：-0.172                        ║
╠══════════════════════════════════════════════════════════╣
║  做空评分 [██░░░░░░░░░░░░░░░░░░]  12  (HOLD    )║
║  逼空评分 [██░░░░░░░░░░░░░░░░░░]  10                    ║
╚══════════════════════════════════════════════════════════╝

╔══════════════════════════════════════════════════════════╗
║  MINIMAX-W 模拟自动交易  12:46:39 [LIVE-SIM]       ║
╠══════════════════════════════════════════════════════════╣
║  状态：IDLE          确认轮: 0/2              ║
║  当前价：885.0     失衡度：-0.172                        ║
╠══════════════════════════════════════════════════════════╣
║  做空评分 [██░░░░░░░░░░░░░░░░░░]  12  (HOLD    )║
║  逼空评分 [██░░░░░░░░░░░░░░░░░░]  10                    ║
╚══════════════════════════════════════════════════════════╝

╔══════════════════════════════════════════════════════════╗
║  MINIMAX-W 模拟自动交易  12:47:39 [LIVE-SIM]       ║
╠══════════════════════════════════════════════════════════╣
║  状态：IDLE          确认轮: 0/2              ║
║  当前价：885.0     失衡度：-0.172                        ║
╠══════════════════════════════════════════════════════════╣
║  做空评分 [██░░░░░░░░░░░░░░░░░░]  12  (HOLD    )║
║  逼空评分 [██░░░░░░░░░░░░░░░░░░]  10                    ║
╚══════════════════════════════════════════════════════════╝

╔══════════════════════════════════════════════════════════╗
║  MINIMAX-W 模拟自动交易  12:48:39 [LIVE-SIM]       ║
╠══════════════════════════════════════════════════════════╣
║  状态：IDLE          确认轮: 0/2              ║
║  当前价：885.0     失衡度：-0.172                        ║
╠══════════════════════════════════════════════════════════╣
║  做空评分 [██░░░░░░░░░░░░░░░░░░]  12  (HOLD    )║
║  逼空评分 [██░░░░░░░░░░░░░░░░░░]  10                    ║
╚══════════════════════════════════════════════════════════╝

╔══════════════════════════════════════════════════════════╗
║  MINIMAX-W 模拟自动交易  12:49:39 [LIVE-SIM]       ║
╠══════════════════════════════════════════════════════════╣
║  状态：IDLE          确认轮: 0/2              ║
║  当前价：885.0     失衡度：-0.188                        ║
╠══════════════════════════════════════════════════════════╣
║  做空评分 [██░░░░░░░░░░░░░░░░░░]  12  (HOLD    )║
║  逼空评分 [██░░░░░░░░░░░░░░░░░░]  10                    ║
╚══════════════════════════════════════════════════════════╝

╔══════════════════════════════════════════════════════════╗
║  MINIMAX-W 模拟自动交易  12:50:40 [LIVE-SIM]       ║
╠══════════════════════════════════════════════════════════╣
║  状态：IDLE          确认轮: 0/2              ║
║  当前价：885.0     失衡度：-0.188                        ║
╠══════════════════════════════════════════════════════════╣
║  做空评分 [██░░░░░░░░░░░░░░░░░░]  12  (HOLD    )║
║  逼空评分 [██░░░░░░░░░░░░░░░░░░]  10                    ║
╚══════════════════════════════════════════════════════════╝

╔══════════════════════════════════════════════════════════╗
║  MINIMAX-W 模拟自动交易  12:51:40 [LIVE-SIM]       ║
╠══════════════════════════════════════════════════════════╣
║  状态：IDLE          确认轮: 0/2              ║
║  当前价：885.0     失衡度：-0.188                        ║
╠══════════════════════════════════════════════════════════╣
║  做空评分 [██░░░░░░░░░░░░░░░░░░]  12  (HOLD    )║
║  逼空评分 [██░░░░░░░░░░░░░░░░░░]  10                    ║
╚══════════════════════════════════════════════════════════╝

╔══════════════════════════════════════════════════════════╗
║  MINIMAX-W 模拟自动交易  12:52:40 [LIVE-SIM]       ║
╠══════════════════════════════════════════════════════════╣
║  状态：IDLE          确认轮: 0/2              ║
║  当前价：885.0     失衡度：-0.188                        ║
╠══════════════════════════════════════════════════════════╣
║  做空评分 [██░░░░░░░░░░░░░░░░░░]  12  (HOLD    )║
║  逼空评分 [██░░░░░░░░░░░░░░░░░░]  10                    ║
╚══════════════════════════════════════════════════════════╝

╔══════════════════════════════════════════════════════════╗
║  MINIMAX-W 模拟自动交易  12:53:40 [LIVE-SIM]       ║
╠══════════════════════════════════════════════════════════╣
║  状态：IDLE          确认轮: 0/2              ║
║  当前价：885.0     失衡度：-0.188                        ║
╠══════════════════════════════════════════════════════════╣
║  做空评分 [██░░░░░░░░░░░░░░░░░░]  12  (HOLD    )║
║  逼空评分 [██░░░░░░░░░░░░░░░░░░]  10                    ║
╚══════════════════════════════════════════════════════════╝

╔══════════════════════════════════════════════════════════╗
║  MINIMAX-W 模拟自动交易  12:54:40 [LIVE-SIM]       ║
╠══════════════════════════════════════════════════════════╣
║  状态：IDLE          确认轮: 0/2              ║
║  当前价：885.0     失衡度：-0.188                        ║
╠══════════════════════════════════════════════════════════╣
║  做空评分 [██░░░░░░░░░░░░░░░░░░]  12  (HOLD    )║
║  逼空评分 [██░░░░░░░░░░░░░░░░░░]  10                    ║
╚══════════════════════════════════════════════════════════╝

╔══════════════════════════════════════════════════════════╗
║  MINIMAX-W 模拟自动交易  12:55:41 [LIVE-SIM]       ║
╠══════════════════════════════════════════════════════════╣
║  状态：IDLE          确认轮: 0/2              ║
║  当前价：885.0     失衡度：-0.188                        ║
╠══════════════════════════════════════════════════════════╣
║  做空评分 [██░░░░░░░░░░░░░░░░░░]  12  (HOLD    )║
║  逼空评分 [██░░░░░░░░░░░░░░░░░░]  10                    ║
╚══════════════════════════════════════════════════════════╝

╔══════════════════════════════════════════════════════════╗
║  MINIMAX-W 模拟自动交易  12:56:41 [LIVE-SIM]       ║
╠══════════════════════════════════════════════════════════╣
║  状态：IDLE          确认轮: 0/2              ║
║  当前价：885.0     失衡度：-0.188                        ║
╠══════════════════════════════════════════════════════════╣
║  做空评分 [██░░░░░░░░░░░░░░░░░░]  12  (HOLD    )║
║  逼空评分 [██░░░░░░░░░░░░░░░░░░]  10                    ║
╚══════════════════════════════════════════════════════════╝

╔══════════════════════════════════════════════════════════╗
║  MINIMAX-W 模拟自动交易  12:57:41 [LIVE-SIM]       ║
╠══════════════════════════════════════════════════════════╣
║  状态：IDLE          确认轮: 0/2              ║
║  当前价：885.0     失衡度：-0.191                        ║
╠══════════════════════════════════════════════════════════╣
║  做空评分 [██░░░░░░░░░░░░░░░░░░]  12  (HOLD    )║
║  逼空评分 [██░░░░░░░░░░░░░░░░░░]  10                    ║
╚══════════════════════════════════════════════════════════╝

╔══════════════════════════════════════════════════════════╗
║  MINIMAX-W 模拟自动交易  12:58:41 [LIVE-SIM]       ║
╠══════════════════════════════════════════════════════════╣
║  状态：IDLE          确认轮: 0/2              ║
║  当前价：885.0     失衡度：-0.194                        ║
╠══════════════════════════════════════════════════════════╣
║  做空评分 [██░░░░░░░░░░░░░░░░░░]  12  (HOLD    )║
║  逼空评分 [██░░░░░░░░░░░░░░░░░░]  10                    ║
╚══════════════════════════════════════════════════════════╝

╔══════════════════════════════════════════════════════════╗
║  MINIMAX-W 模拟自动交易  12:59:41 [LIVE-SIM]       ║
╠══════════════════════════════════════════════════════════╣
║  状态：IDLE          确认轮: 0/2              ║
║  当前价：885.0     失衡度：-0.194                        ║
╠══════════════════════════════════════════════════════════╣
║  做空评分 [██░░░░░░░░░░░░░░░░░░]  12  (HOLD    )║
║  逼空评分 [██░░░░░░░░░░░░░░░░░░]  10                    ║
╚══════════════════════════════════════════════════════════╝

╔══════════════════════════════════════════════════════════╗
║  MINIMAX-W 模拟自动交易  13:00:42 [LIVE-SIM]       ║
╠══════════════════════════════════════════════════════════╣
║  状态：IDLE          确认轮: 0/2              ║
║  当前价：884.0     失衡度：+0.674                        ║
╠══════════════════════════════════════════════════════════╣
║  做空评分 [░░░░░░░░░░░░░░░░░░░░]   0  (BLOCKED )║
║  逼空评分 [███████░░░░░░░░░░░░░]  35                    ║
╠══════════════════════════════════════════════════════════╣
║  → 卖盘深度骤减 65.6% [+25]                                     ║
║  → 逼空评分=35 超安全线 25，禁止开空                                   ║
╚══════════════════════════════════════════════════════════╝

╔══════════════════════════════════════════════════════════╗
║  MINIMAX-W 模拟自动交易  13:01:42 [LIVE-SIM]       ║
╠══════════════════════════════════════════════════════════╣
║  状态：IDLE          确认轮: 0/2              ║
║  当前价：887.0     失衡度：+0.452                        ║
╠══════════════════════════════════════════════════════════╣
║  做空评分 [██░░░░░░░░░░░░░░░░░░]  12  (HOLD    )║
║  逼空评分 [██░░░░░░░░░░░░░░░░░░]  10                    ║
╚══════════════════════════════════════════════════════════╝

╔══════════════════════════════════════════════════════════╗
║  MINIMAX-W 模拟自动交易  13:02:42 [LIVE-SIM]       ║
╠══════════════════════════════════════════════════════════╣
║  状态：IDLE          确认轮: 0/2              ║
║  当前价：889.5     失衡度：+0.326                        ║
╠══════════════════════════════════════════════════════════╣
║  做空评分 [██░░░░░░░░░░░░░░░░░░]  12  (HOLD    )║
║  逼空评分 [██░░░░░░░░░░░░░░░░░░]  10                    ║
╚══════════════════════════════════════════════════════════╝

╔══════════════════════════════════════════════════════════╗
║  MINIMAX-W 模拟自动交易  13:03:42 [LIVE-SIM]       ║
╠══════════════════════════════════════════════════════════╣
║  状态：IDLE          确认轮: 0/2              ║
║  当前价：890.0     失衡度：+0.576                        ║
╠══════════════════════════════════════════════════════════╣
║  做空评分 [░░░░░░░░░░░░░░░░░░░░]   0  (BLOCKED )║
║  逼空评分 [███████░░░░░░░░░░░░░]  35                    ║
╠══════════════════════════════════════════════════════════╣
║  → 卖盘深度骤减 48.9% [+25]                                     ║
║  → 逼空评分=35 超安全线 25，禁止开空                                   ║
╚══════════════════════════════════════════════════════════╝

╔══════════════════════════════════════════════════════════╗
║  MINIMAX-W 模拟自动交易  13:04:42 [LIVE-SIM]       ║
╠══════════════════════════════════════════════════════════╣
║  状态：IDLE          确认轮: 0/2              ║
║  当前价：890.5     失衡度：+0.591                        ║
╠══════════════════════════════════════════════════════════╣
║  做空评分 [░░░░░░░░░░░░░░░░░░░░]   0  (BLOCKED )║
║  逼空评分 [███████░░░░░░░░░░░░░]  35                    ║
╠══════════════════════════════════════════════════════════╣
║  → 卖盘深度骤减 41.7% [+25]                                     ║
║  → 逼空评分=35 超安全线 25，禁止开空                                   ║
╚══════════════════════════════════════════════════════════╝

╔══════════════════════════════════════════════════════════╗
║  MINIMAX-W 模拟自动交易  13:05:43 [LIVE-SIM]       ║
╠══════════════════════════════════════════════════════════╣
║  状态：IDLE          确认轮: 0/2              ║
║  当前价：891.5     失衡度：+0.729                        ║
╠══════════════════════════════════════════════════════════╣
║  做空评分 [░░░░░░░░░░░░░░░░░░░░]   0  (BLOCKED )║
║  逼空评分 [███████░░░░░░░░░░░░░]  35                    ║
╠══════════════════════════════════════════════════════════╣
║  → 卖盘深度骤减 68.5% [+25]                                     ║
║  → 逼空评分=35 超安全线 25，禁止开空                                   ║
╚══════════════════════════════════════════════════════════╝

╔══════════════════════════════════════════════════════════╗
║  MINIMAX-W 模拟自动交易  13:06:43 [LIVE-SIM]       ║
╠══════════════════════════════════════════════════════════╣
║  状态：IDLE          确认轮: 0/2              ║
║  当前价：891.5     失衡度：+0.749                        ║
╠══════════════════════════════════════════════════════════╣
║  做空评分 [░░░░░░░░░░░░░░░░░░░░]   0  (BLOCKED )║
║  逼空评分 [███████░░░░░░░░░░░░░]  35                    ║
╠══════════════════════════════════════════════════════════╣
║  → 卖盘深度骤减 65.8% [+25]                                     ║
║  → 逼空评分=35 超安全线 25，禁止开空                                   ║
╚══════════════════════════════════════════════════════════╝

╔══════════════════════════════════════════════════════════╗
║  MINIMAX-W 模拟自动交易  13:07:43 [LIVE-SIM]       ║
╠══════════════════════════════════════════════════════════╣
║  状态：IDLE          确认轮: 0/2              ║
║  当前价：892.5     失衡度：+0.621                        ║
╠══════════════════════════════════════════════════════════╣
║  做空评分 [██░░░░░░░░░░░░░░░░░░]  12  (HOLD    )║
║  逼空评分 [████░░░░░░░░░░░░░░░░]  22                    ║
╚══════════════════════════════════════════════════════════╝

╔══════════════════════════════════════════════════════════╗
║  MINIMAX-W 模拟自动交易  13:08:43 [LIVE-SIM]       ║
╠══════════════════════════════════════════════════════════╣
║  状态：IDLE          确认轮: 0/2              ║
║  当前价：893.0     失衡度：+0.582                        ║
╠══════════════════════════════════════════════════════════╣
║  做空评分 [░░░░░░░░░░░░░░░░░░░░]   0  (BLOCKED )║
║  逼空评分 [███████░░░░░░░░░░░░░]  35                    ║
╠══════════════════════════════════════════════════════════╣
║  → 卖盘深度骤减 34.9% [+25]                                     ║
║  → 逼空评分=35 超安全线 25，禁止开空                                   ║
╚══════════════════════════════════════════════════════════╝

╔══════════════════════════════════════════════════════════╗
║  MINIMAX-W 模拟自动交易  13:09:43 [LIVE-SIM]       ║
╠══════════════════════════════════════════════════════════╣
║  状态：IDLE          确认轮: 0/2              ║
║  当前价：893.0     失衡度：+0.618                        ║
╠══════════════════════════════════════════════════════════╣
║  做空评分 [░░░░░░░░░░░░░░░░░░░░]   0  (BLOCKED )║
║  逼空评分 [███████░░░░░░░░░░░░░]  35                    ║
╠══════════════════════════════════════════════════════════╣
║  → 卖盘深度骤减 33.3% [+25]                                     ║
║  → 逼空评分=35 超安全线 25，禁止开空                                   ║
╚══════════════════════════════════════════════════════════╝

╔══════════════════════════════════════════════════════════╗
║  MINIMAX-W 模拟自动交易  13:10:44 [LIVE-SIM]       ║
╠══════════════════════════════════════════════════════════╣
║  状态：IDLE          确认轮: 0/2              ║
║  当前价：890.0     失衡度：+0.480                        ║
╠══════════════════════════════════════════════════════════╣
║  做空评分 [███░░░░░░░░░░░░░░░░░]  19  (HOLD    )║
║  逼空评分 [██░░░░░░░░░░░░░░░░░░]  10                    ║
╠══════════════════════════════════════════════════════════╣
║  → 价格轻微回落 0.34% [+7]                                      ║
╚══════════════════════════════════════════════════════════╝

╔══════════════════════════════════════════════════════════╗
║  MINIMAX-W 模拟自动交易  13:11:44 [LIVE-SIM]       ║
╠══════════════════════════════════════════════════════════╣
║  状态：IDLE          确认轮: 0/2              ║
║  当前价：890.0     失衡度：+0.432                        ║
╠══════════════════════════════════════════════════════════╣
║  做空评分 [██████░░░░░░░░░░░░░░]  31  (HOLD    )║
║  逼空评分 [██░░░░░░░░░░░░░░░░░░]  10                    ║
╠══════════════════════════════════════════════════════════╣
║  → 卖盘深度上升 49.7% [+12]                                     ║
║  → 价格轻微回落 0.34% [+7]                                      ║
╚══════════════════════════════════════════════════════════╝
2026-04-20 13:12:44,304 [INFO] [配置] entry≥20 sq<80 imb<0.99 confirm=1 guard=15:58 stop=2.0% t1=0.5% t2=1.0%

╔══════════════════════════════════════════════════════════╗
║  MINIMAX-W 模拟自动交易  13:12:44 [LIVE-SIM]       ║
╠══════════════════════════════════════════════════════════╣
║  状态：IDLE          确认轮: 0/2              ║
║  当前价：890.0     失衡度：+0.428                        ║
╠══════════════════════════════════════════════════════════╣
║  做空评分 [██████░░░░░░░░░░░░░░]  31  (HOLD    )║
║  逼空评分 [██░░░░░░░░░░░░░░░░░░]  10                    ║
╠══════════════════════════════════════════════════════════╣
║  → 卖盘深度上升 46.9% [+12]                                     ║
║  → 价格轻微回落 0.34% [+7]                                      ║
╚══════════════════════════════════════════════════════════╝
2026-04-20 13:16:37,763 [INFO] 模拟交易启动 | acc_id=18982257 env=SIMULATE 最大仓位=1000股 | 目标价模式=动态 dry_run=False
2026-04-20 13:16:37,767 | 1321906 | 140057933535040 | [open_context_base.py:409] _init_connect_sync: New connect ready: conn=7451861362736343337(1) context=<futu.quote.open_quote_context.OpenQuoteContext object at 0x7f613e296cf0>
2026-04-20 13:16:37,774 | 1321906 | 140057933535040 | [open_context_base.py:409] _init_connect_sync: New connect ready: conn=7451861362763975163(2) context=<futu.trade.open_trade_context.OpenSecTradeContext object at 0x7f613de51550>
2026-04-20 13:16:37,777 [INFO] [配置] entry≥40 sq<50 imb<0.8 confirm=1 guard=15:58 stop=2.0% t1=0.5% t2=1.0%

╔══════════════════════════════════════════════════════════╗
║  MINIMAX-W 模拟自动交易  13:16:38 [LIVE-SIM]       ║
╠══════════════════════════════════════════════════════════╣
║  状态：IDLE          确认轮: 0/2              ║
║  当前价：892.5     失衡度：-0.079                        ║
╠══════════════════════════════════════════════════════════╣
║  做空评分 [████░░░░░░░░░░░░░░░░]  24  (HOLD    )║
║  逼空评分 [██░░░░░░░░░░░░░░░░░░]  10                    ║
╠══════════════════════════════════════════════════════════╣
║  → 卖盘深度上升 70.6% [+12]                                     ║
╚══════════════════════════════════════════════════════════╝

╔══════════════════════════════════════════════════════════╗
║  MINIMAX-W 模拟自动交易  13:17:38 [LIVE-SIM]       ║
╠══════════════════════════════════════════════════════════╣
║  状态：IDLE          确认轮: 0/2              ║
║  当前价：895.0     失衡度：-0.695                        ║
╠══════════════════════════════════════════════════════════╣
║  做空评分 [███████████░░░░░░░░░]  57  (CAUTION )║
║  逼空评分 [██░░░░░░░░░░░░░░░░░░]  10                    ║
╠══════════════════════════════════════════════════════════╣
║  → 卖盘深度骤增 469.2% [+25]                                    ║
║  → 摆盘持续偏空 2轮 均值-0.695 [+20]                               ║
╚══════════════════════════════════════════════════════════╝

╔══════════════════════════════════════════════════════════╗
║  MINIMAX-W 模拟自动交易  13:18:38 [LIVE-SIM]       ║
╠══════════════════════════════════════════════════════════╣
║  状态：IDLE          确认轮: 0/2              ║
║  当前价：896.0     失衡度：-0.622                        ║
╠══════════════════════════════════════════════════════════╣
║  做空评分 [███████████░░░░░░░░░]  57  (CAUTION )║
║  逼空评分 [██░░░░░░░░░░░░░░░░░░]  10                    ║
╠══════════════════════════════════════════════════════════╣
║  → 卖盘深度骤增 335.5% [+25]                                    ║
║  → 摆盘持续偏空 2轮 均值-0.659 [+20]                               ║
╚══════════════════════════════════════════════════════════╝

╔══════════════════════════════════════════════════════════╗
║  MINIMAX-W 模拟自动交易  13:19:39 [LIVE-SIM]       ║
╠══════════════════════════════════════════════════════════╣
║  状态：IDLE          确认轮: 0/2              ║
║  当前价：897.5     失衡度：-0.753                        ║
╠══════════════════════════════════════════════════════════╣
║  做空评分 [███████████░░░░░░░░░]  57  (CAUTION )║
║  逼空评分 [██░░░░░░░░░░░░░░░░░░]  10                    ║
╠══════════════════════════════════════════════════════════╣
║  → 卖盘深度骤增 213.2% [+25]                                    ║
║  → 摆盘持续偏空 2轮 均值-0.676 [+20]                               ║
╚══════════════════════════════════════════════════════════╝

╔══════════════════════════════════════════════════════════╗
║  MINIMAX-W 模拟自动交易  13:20:39 [LIVE-SIM]       ║
╠══════════════════════════════════════════════════════════╣
║  状态：IDLE          确认轮: 0/2              ║
║  当前价：898.0     失衡度：-0.598                        ║
╠══════════════════════════════════════════════════════════╣
║  做空评分 [███████████░░░░░░░░░]  57  (CAUTION )║
║  逼空评分 [██░░░░░░░░░░░░░░░░░░]  10                    ║
╠══════════════════════════════════════════════════════════╣
║  → 卖盘深度骤增 125.8% [+25]                                    ║
║  → 摆盘持续偏空 2轮 均值-0.675 [+20]                               ║
╚══════════════════════════════════════════════════════════╝

╔══════════════════════════════════════════════════════════╗
║  MINIMAX-W 模拟自动交易  13:21:39 [LIVE-SIM]       ║
╠══════════════════════════════════════════════════════════╣
║  状态：IDLE          确认轮: 0/2              ║
║  当前价：898.0     失衡度：-0.668                        ║
╠══════════════════════════════════════════════════════════╣
║  做空评分 [████████░░░░░░░░░░░░]  44  (CAUTION )║
║  逼空评分 [██░░░░░░░░░░░░░░░░░░]  10                    ║
╠══════════════════════════════════════════════════════════╣
║  → 卖盘深度上升 72.6% [+12]                                     ║
║  → 摆盘持续偏空 2轮 均值-0.633 [+20]                               ║
╚══════════════════════════════════════════════════════════╝

╔══════════════════════════════════════════════════════════╗
║  MINIMAX-W 模拟自动交易  13:22:39 [LIVE-SIM]       ║
╠══════════════════════════════════════════════════════════╣
║  状态：IDLE          确认轮: 0/2              ║
║  当前价：897.5     失衡度：-0.746                        ║
╠══════════════════════════════════════════════════════════╣
║  做空评分 [████████░░░░░░░░░░░░]  44  (CAUTION )║
║  逼空评分 [██░░░░░░░░░░░░░░░░░░]  10                    ║
╠══════════════════════════════════════════════════════════╣
║  → 卖盘深度上升 63.2% [+12]                                     ║
║  → 摆盘持续偏空 2轮 均值-0.707 [+20]                               ║
╚══════════════════════════════════════════════════════════╝

╔══════════════════════════════════════════════════════════╗
║  MINIMAX-W 模拟自动交易  13:23:39 [LIVE-SIM]       ║
╠══════════════════════════════════════════════════════════╣
║  状态：IDLE          确认轮: 0/2              ║
║  当前价：898.0     失衡度：-0.799                        ║
╠══════════════════════════════════════════════════════════╣
║  做空评分 [██████░░░░░░░░░░░░░░]  32  (HOLD    )║
║  逼空评分 [██░░░░░░░░░░░░░░░░░░]  10                    ║
╠══════════════════════════════════════════════════════════╣
║  → 摆盘持续偏空 2轮 均值-0.772 [+20]                               ║
╚══════════════════════════════════════════════════════════╝
2026-04-20 13:24:42,735 [INFO] 模拟交易启动 | acc_id=18982257 env=SIMULATE 最大仓位=1000股 | 目标价模式=动态 dry_run=False
2026-04-20 13:24:42,739 | 1338309 | 131471614916416 | [open_context_base.py:409] _init_connect_sync: New connect ready: conn=7451863396855303520(1) context=<futu.quote.open_quote_context.OpenQuoteContext object at 0x779215b02cf0>
2026-04-20 13:24:42,745 | 1338309 | 131471614916416 | [open_context_base.py:409] _init_connect_sync: New connect ready: conn=7451863396886007142(2) context=<futu.trade.open_trade_context.OpenSecTradeContext object at 0x7792156e1550>
2026-04-20 13:24:42,749 [INFO] [配置] entry≥40 sq<50 imb<0.8 confirm=1 guard=15:58 stop=2.0% t1=0.5% t2=1.0%

╔══════════════════════════════════════════════════════════╗
║  MINIMAX-W 模拟自动交易  13:24:43 [LIVE-SIM]       ║
╠══════════════════════════════════════════════════════════╣
║  状态：IDLE          确认轮: 0/1              ║
║  当前价：898.0     失衡度：-0.751                        ║
╠══════════════════════════════════════════════════════════╣
║  做空评分 [██████░░░░░░░░░░░░░░]  32  (HOLD    )║
║  逼空评分 [██░░░░░░░░░░░░░░░░░░]  10                    ║
╠══════════════════════════════════════════════════════════╣
║  → 摆盘持续偏空 2轮 均值-0.775 [+20]                               ║
╚══════════════════════════════════════════════════════════╝

╔══════════════════════════════════════════════════════════╗
║  MINIMAX-W 模拟自动交易  13:25:43 [LIVE-SIM]       ║
╠══════════════════════════════════════════════════════════╣
║  状态：IDLE          确认轮: 0/1              ║
║  当前价：897.0     失衡度：-0.724                        ║
╠══════════════════════════════════════════════════════════╣
║  做空评分 [██████░░░░░░░░░░░░░░]  32  (HOLD    )║
║  逼空评分 [██░░░░░░░░░░░░░░░░░░]  10                    ║
╠══════════════════════════════════════════════════════════╣
║  → 摆盘持续偏空 2轮 均值-0.737 [+20]                               ║
╚══════════════════════════════════════════════════════════╝

╔══════════════════════════════════════════════════════════╗
║  MINIMAX-W 模拟自动交易  13:26:43 [LIVE-SIM]       ║
╠══════════════════════════════════════════════════════════╣
║  状态：IDLE          确认轮: 0/1              ║
║  当前价：896.5     失衡度：-0.703                        ║
╠══════════════════════════════════════════════════════════╣
║  做空评分 [██████░░░░░░░░░░░░░░]  32  (HOLD    )║
║  逼空评分 [██░░░░░░░░░░░░░░░░░░]  10                    ║
╠══════════════════════════════════════════════════════════╣
║  → 摆盘持续偏空 2轮 均值-0.656 [+20]                               ║
╚══════════════════════════════════════════════════════════╝

╔══════════════════════════════════════════════════════════╗
║  MINIMAX-W 模拟自动交易  13:27:43 [LIVE-SIM]       ║
╠══════════════════════════════════════════════════════════╣
║  状态：IDLE          确认轮: 0/1              ║
║  当前价：897.5     失衡度：-0.798                        ║
╠══════════════════════════════════════════════════════════╣
║  做空评分 [████████░░░░░░░░░░░░]  42  (ENTRY   )║
║  逼空评分 [██░░░░░░░░░░░░░░░░░░]  10                    ║
╠══════════════════════════════════════════════════════════╣
║  → 摆盘持续偏空 2轮 均值-0.756 [+20]                               ║
║  → 高点拒绝后连跌 3轮 [+10]                                       ║
╚══════════════════════════════════════════════════════════╝
2026-04-20 13:27:43,801 [INFO] [CONFIRM 1/1] 入场评分=42 逼空=10 失衡=-0.798
2026-04-20 13:27:43,801 [INFO] [下单] 开空 500股 @ 897.5  dry_run=False
2026-04-20 13:27:43,812 [ERROR] [下单失败] 当前模拟账号不支持此证券类型

╔══════════════════════════════════════════════════════════╗
║  MINIMAX-W 模拟自动交易  13:28:44 [LIVE-SIM]       ║
╠══════════════════════════════════════════════════════════╣
║  状态：IDLE          确认轮: 0/1              ║
║  当前价：896.0     失衡度：-0.682                        ║
╠══════════════════════════════════════════════════════════╣
║  做空评分 [███████░░░░░░░░░░░░░]  39  (CAUTION )║
║  逼空评分 [██░░░░░░░░░░░░░░░░░░]  10                    ║
╠══════════════════════════════════════════════════════════╣
║  → 摆盘持续偏空 2轮 均值-0.701 [+20]                               ║
║  → 价格轻微回落 0.22% [+7]                                      ║
╚══════════════════════════════════════════════════════════╝
2026-04-20 13:29:19,629 [INFO] 模拟交易启动 | acc_id=281756478968301696 env=REAL 最大仓位=200股 | 目标价模式=动态 dry_run=False
2026-04-20 13:29:19,633 | 1347932 | 127249603512128 | [open_context_base.py:409] _init_connect_sync: New connect ready: conn=7451864558239635693(1) context=<futu.quote.open_quote_context.OpenQuoteContext object at 0x73bb1232acf0>
2026-04-20 13:29:19,639 | 1347932 | 127249603512128 | [open_context_base.py:409] _init_connect_sync: New connect ready: conn=7451864558262994810(2) context=<futu.trade.open_trade_context.OpenSecTradeContext object at 0x73bb11ef9550>
2026-04-20 13:29:19,643 [INFO] [配置] entry≥40 sq<50 imb<0.8 confirm=1 guard=15:58 stop=2.0% t1=0.5% t2=1.0%

╔══════════════════════════════════════════════════════════╗
║  MINIMAX-W 模拟自动交易  13:29:20 [LIVE-SIM]       ║
╠══════════════════════════════════════════════════════════╣
║  状态：IDLE          确认轮: 0/1              ║
║  当前价：896.5     失衡度：-0.739                        ║
╠══════════════════════════════════════════════════════════╣
║  做空评分 [██████░░░░░░░░░░░░░░]  32  (HOLD    )║
║  逼空评分 [██░░░░░░░░░░░░░░░░░░]  10                    ║
╠══════════════════════════════════════════════════════════╣
║  → 摆盘持续偏空 2轮 均值-0.746 [+20]                               ║
╚══════════════════════════════════════════════════════════╝

╔══════════════════════════════════════════════════════════╗
║  MINIMAX-W 模拟自动交易  13:30:20 [LIVE-SIM]       ║
╠══════════════════════════════════════════════════════════╣
║  状态：IDLE          确认轮: 0/1              ║
║  当前价：894.0     失衡度：-0.716                        ║
╠══════════════════════════════════════════════════════════╣
║  做空评分 [█████████░░░░░░░░░░░]  49  (ENTRY   )║
║  逼空评分 [████░░░░░░░░░░░░░░░░]  22                    ║
╠══════════════════════════════════════════════════════════╣
║  → 摆盘持续偏空 2轮 均值-0.727 [+20]                               ║
║  → 价格轻微回落 0.39% [+7]                                      ║
║  → 高点拒绝后连跌 2轮 [+10]                                       ║
╚══════════════════════════════════════════════════════════╝
2026-04-20 13:30:20,311 [INFO] [CONFIRM 1/1] 入场评分=49 逼空=22 失衡=-0.716
2026-04-20 13:30:20,311 [INFO] [下单] 开空 200股 @ 894.0  dry_run=False
2026-04-20 13:30:20,323 [ERROR] [下单失败] 没有解锁交易，请先解锁交易

╔══════════════════════════════════════════════════════════╗
║  MINIMAX-W 模拟自动交易  13:31:20 [LIVE-SIM]       ║
╠══════════════════════════════════════════════════════════╣
║  状态：IDLE          确认轮: 0/1              ║
║  当前价：894.0     失衡度：+0.125                        ║
╠══════════════════════════════════════════════════════════╣
║  做空评分 [█████░░░░░░░░░░░░░░░]  29  (HOLD    )║
║  逼空评分 [███████░░░░░░░░░░░░░]  35                    ║
╠══════════════════════════════════════════════════════════╣
║  → 卖盘深度骤减 89.2% [+25]                                     ║
║  → 价格轻微回落 0.39% [+7]                                      ║
║  → 高点拒绝后连跌 2轮 [+10]                                       ║
╚══════════════════════════════════════════════════════════╝

╔══════════════════════════════════════════════════════════╗
║  MINIMAX-W 模拟自动交易  13:32:20 [LIVE-SIM]       ║
╠══════════════════════════════════════════════════════════╣
║  状态：IDLE          确认轮: 0/1              ║
║  当前价：890.0     失衡度：+0.357                        ║
╠══════════════════════════════════════════════════════════╣
║  做空评分 [███████░░░░░░░░░░░░░]  37  (CAUTION )║
║  逼空评分 [███████░░░░░░░░░░░░░]  35                    ║
╠══════════════════════════════════════════════════════════╣
║  → 卖盘深度骤减 82.4% [+25]                                     ║
║  → 价格低于高点 0.84% [+15]                                     ║
║  → 高点拒绝后连跌 3轮 [+10]                                       ║
╚══════════════════════════════════════════════════════════╝

╔══════════════════════════════════════════════════════════╗
║  MINIMAX-W 模拟自动交易  13:33:20 [LIVE-SIM]       ║
╠══════════════════════════════════════════════════════════╣
║  状态：IDLE          确认轮: 0/1              ║
║  当前价：889.5     失衡度：+0.523                        ║
╠══════════════════════════════════════════════════════════╣
║  做空评分 [███████░░░░░░░░░░░░░]  37  (CAUTION )║
║  逼空评分 [███████░░░░░░░░░░░░░]  35                    ║
╠══════════════════════════════════════════════════════════╣
║  → 卖盘深度骤减 90.4% [+25]                                     ║
║  → 价格低于高点 0.89% [+15]                                     ║
║  → 高点拒绝后连跌 4轮 [+10]                                       ║
╚══════════════════════════════════════════════════════════╝
2026-04-20 13:33:56,397 [INFO] 模拟交易启动 | acc_id=281756478968301696 env=REAL 最大仓位=200股 | 目标价模式=动态 dry_run=False
2026-04-20 13:33:56,401 | 1357269 | 139214503380800 | [open_context_base.py:409] _init_connect_sync: New connect ready: conn=7451865719084939121(1) context=<futu.quote.open_quote_context.OpenQuoteContext object at 0x7e9cddca6cf0>
2026-04-20 13:33:56,407 | 1357269 | 139214503380800 | [open_context_base.py:409] _init_connect_sync: New connect ready: conn=7451865719112083343(2) context=<futu.trade.open_trade_context.OpenSecTradeContext object at 0x7e9cdd86d550>
2026-04-20 13:33:56,414 [ERROR] 交易解锁失败: 请使用OpenD页面右上角解锁按钮解锁交易，GUI版本OpenD已屏蔽解锁接口
2026-04-20 13:33:56,415 | 1357269 | 139212187362880 | [open_context_base.py:516] on_disconnect: Disconnected: conn=0(2) reason=CallClose
2026-04-20 13:33:56,415 | 1357269 | 139212187362880 | [open_context_base.py:516] on_disconnect: Disconnected: conn=0(1) reason=CallClose
2026-04-20 13:36:10,136 [INFO] 模拟交易启动 | acc_id=281756478968301696 env=REAL 最大仓位=200股 | 目标价模式=动态 dry_run=False
2026-04-20 13:36:10,139 | 1361833 | 125814512850752 | [open_context_base.py:409] _init_connect_sync: New connect ready: conn=7451866280024283774(1) context=<futu.quote.open_quote_context.OpenQuoteContext object at 0x726cf0216cf0>
2026-04-20 13:36:10,145 | 1361833 | 125814512850752 | [open_context_base.py:409] _init_connect_sync: New connect ready: conn=7451866280049937435(2) context=<futu.trade.open_trade_context.OpenSecTradeContext object at 0x726cefbf5550>
2026-04-20 13:36:10,150 [INFO] GUI 版 OpenD 检测到，跳过 API 解锁（请确认已在 OpenD 界面手动解锁）
2026-04-20 13:36:10,151 [INFO] [配置] entry≥40 sq<50 imb<0.8 confirm=1 guard=15:58 stop=2.0% t1=0.5% t2=1.0%

╔══════════════════════════════════════════════════════════╗
║  MINIMAX-W 模拟自动交易  13:36:11 [LIVE-SIM]       ║
╠══════════════════════════════════════════════════════════╣
║  状态：IDLE          确认轮: 0/1              ║
║  当前价：893.0     失衡度：+0.355                        ║
╠══════════════════════════════════════════════════════════╣
║  做空评分 [█████░░░░░░░░░░░░░░░]  27  (HOLD    )║
║  逼空评分 [███████░░░░░░░░░░░░░]  35                    ║
╠══════════════════════════════════════════════════════════╣
║  → 卖盘深度骤减 83.6% [+25]                                     ║
║  → 价格低于高点 0.50% [+15]                                     ║
╚══════════════════════════════════════════════════════════╝

╔══════════════════════════════════════════════════════════╗
║  MINIMAX-W 模拟自动交易  13:37:11 [LIVE-SIM]       ║
╠══════════════════════════════════════════════════════════╣
║  状态：IDLE          确认轮: 0/1              ║
║  当前价：894.0     失衡度：+0.190                        ║
╠══════════════════════════════════════════════════════════╣
║  做空评分 [███░░░░░░░░░░░░░░░░░]  19  (HOLD    )║
║  逼空评分 [███████░░░░░░░░░░░░░]  35                    ║
╠══════════════════════════════════════════════════════════╣
║  → 卖盘深度骤减 82.9% [+25]                                     ║
║  → 价格轻微回落 0.33% [+7]                                      ║
╚══════════════════════════════════════════════════════════╝

╔══════════════════════════════════════════════════════════╗
║  MINIMAX-W 模拟自动交易  13:38:11 [LIVE-SIM]       ║
╠══════════════════════════════════════════════════════════╣
║  状态：IDLE          确认轮: 0/1              ║
║  当前价：894.0     失衡度：+0.050                        ║
╠══════════════════════════════════════════════════════════╣
║  做空评分 [█████░░░░░░░░░░░░░░░]  29  (HOLD    )║
║  逼空评分 [███████░░░░░░░░░░░░░]  35                    ║
╠══════════════════════════════════════════════════════════╣
║  → 卖盘深度骤减 82.7% [+25]                                     ║
║  → 价格轻微回落 0.28% [+7]                                      ║
║  → 高点拒绝后连跌 3轮 [+10]                                       ║
╚══════════════════════════════════════════════════════════╝

╔══════════════════════════════════════════════════════════╗
║  MINIMAX-W 模拟自动交易  13:39:11 [LIVE-SIM]       ║
╠══════════════════════════════════════════════════════════╣
║  状态：IDLE          确认轮: 0/1              ║
║  当前价：892.0     失衡度：+0.016                        ║
╠══════════════════════════════════════════════════════════╣
║  做空评分 [█████░░░░░░░░░░░░░░░]  27  (HOLD    )║
║  逼空评分 [███████░░░░░░░░░░░░░]  35                    ║
╠══════════════════════════════════════════════════════════╣
║  → 卖盘深度骤减 70.6% [+25]                                     ║
║  → 价格低于高点 0.50% [+15]                                     ║
╚══════════════════════════════════════════════════════════╝

╔══════════════════════════════════════════════════════════╗
║  MINIMAX-W 模拟自动交易  13:40:12 [LIVE-SIM]       ║
╠══════════════════════════════════════════════════════════╣
║  状态：IDLE          确认轮: 0/1              ║
║  当前价：888.0     失衡度：+0.654                        ║
╠══════════════════════════════════════════════════════════╣
║  做空评分 [█████░░░░░░░░░░░░░░░]  27  (HOLD    )║
║  逼空评分 [███████░░░░░░░░░░░░░]  35                    ║
╠══════════════════════════════════════════════════════════╣
║  → 卖盘深度骤减 90.9% [+25]                                     ║
║  → 价格低于高点 0.95% [+15]                                     ║
╚══════════════════════════════════════════════════════════╝

╔══════════════════════════════════════════════════════════╗
║  MINIMAX-W 模拟自动交易  13:41:12 [LIVE-SIM]       ║
╠══════════════════════════════════════════════════════════╣
║  状态：IDLE          确认轮: 0/1              ║
║  当前价：889.0     失衡度：+0.705                        ║
╠══════════════════════════════════════════════════════════╣
║  做空评分 [█████░░░░░░░░░░░░░░░]  27  (HOLD    )║
║  逼空评分 [███████░░░░░░░░░░░░░]  35                    ║
╠══════════════════════════════════════════════════════════╣
║  → 卖盘深度骤减 91.9% [+25]                                     ║
║  → 价格低于高点 0.56% [+15]                                     ║
╚══════════════════════════════════════════════════════════╝

╔══════════════════════════════════════════════════════════╗
║  MINIMAX-W 模拟自动交易  13:42:12 [LIVE-SIM]       ║
╠══════════════════════════════════════════════════════════╣
║  状态：IDLE          确认轮: 0/1              ║
║  当前价：888.5     失衡度：+0.214                        ║
╠══════════════════════════════════════════════════════════╣
║  做空评分 [█████░░░░░░░░░░░░░░░]  27  (HOLD    )║
║  逼空评分 [███████░░░░░░░░░░░░░]  35                    ║
╠══════════════════════════════════════════════════════════╣
║  → 卖盘深度骤减 69.9% [+25]                                     ║
║  → 价格低于高点 0.62% [+15]                                     ║
╚══════════════════════════════════════════════════════════╝

╔══════════════════════════════════════════════════════════╗
║  MINIMAX-W 模拟自动交易  13:43:12 [LIVE-SIM]       ║
╠══════════════════════════════════════════════════════════╣
║  状态：IDLE          确认轮: 0/1              ║
║  当前价：887.5     失衡度：+0.644                        ║
╠══════════════════════════════════════════════════════════╣
║  做空评分 [███████░░░░░░░░░░░░░]  37  (CAUTION )║
║  逼空评分 [███████░░░░░░░░░░░░░]  35                    ║
╠══════════════════════════════════════════════════════════╣
║  → 卖盘深度骤减 82.7% [+25]                                     ║
║  → 价格低于高点 0.73% [+15]                                     ║
║  → 高点拒绝后连跌 4轮 [+10]                                       ║
╚══════════════════════════════════════════════════════════╝

╔══════════════════════════════════════════════════════════╗
║  MINIMAX-W 模拟自动交易  13:44:12 [LIVE-SIM]       ║
╠══════════════════════════════════════════════════════════╣
║  状态：IDLE          确认轮: 0/1              ║
║  当前价：887.5     失衡度：+0.165                        ║
╠══════════════════════════════════════════════════════════╣
║  做空评分 [███████░░░░░░░░░░░░░]  37  (CAUTION )║
║  逼空评分 [███████░░░░░░░░░░░░░]  35                    ║
╠══════════════════════════════════════════════════════════╣
║  → 卖盘深度骤减 71.0% [+25]                                     ║
║  → 价格低于高点 0.73% [+15]                                     ║
║  → 高点拒绝后连跌 4轮 [+10]                                       ║
╚══════════════════════════════════════════════════════════╝

╔══════════════════════════════════════════════════════════╗
║  MINIMAX-W 模拟自动交易  13:45:13 [LIVE-SIM]       ║
╠══════════════════════════════════════════════════════════╣
║  状态：IDLE          确认轮: 0/1              ║
║  当前价：887.5     失衡度：+0.211                        ║
╠══════════════════════════════════════════════════════════╣
║  做空评分 [███████░░░░░░░░░░░░░]  37  (CAUTION )║
║  逼空评分 [███████░░░░░░░░░░░░░]  35                    ║
╠══════════════════════════════════════════════════════════╣
║  → 卖盘深度骤减 67.1% [+25]                                     ║
║  → 价格低于高点 0.73% [+15]                                     ║
║  → 高点拒绝后连跌 4轮 [+10]                                       ║
╚══════════════════════════════════════════════════════════╝

╔══════════════════════════════════════════════════════════╗
║  MINIMAX-W 模拟自动交易  13:46:13 [LIVE-SIM]       ║
╠══════════════════════════════════════════════════════════╣
║  状态：IDLE          确认轮: 0/1              ║
║  当前价：882.5     失衡度：+0.658                        ║
╠══════════════════════════════════════════════════════════╣
║  做空评分 [█████░░░░░░░░░░░░░░░]  27  (HOLD    )║
║  逼空评分 [███████░░░░░░░░░░░░░]  35                    ║
╠══════════════════════════════════════════════════════════╣
║  → 卖盘深度骤减 67.4% [+25]                                     ║
║  → 价格低于高点 1.29% [+15]                                     ║
╚══════════════════════════════════════════════════════════╝

╔══════════════════════════════════════════════════════════╗
║  MINIMAX-W 模拟自动交易  13:47:13 [LIVE-SIM]       ║
╠══════════════════════════════════════════════════════════╣
║  状态：IDLE          确认轮: 0/1              ║
║  当前价：882.5     失衡度：+0.759                        ║
╠══════════════════════════════════════════════════════════╣
║  做空评分 [█████░░░░░░░░░░░░░░░]  27  (HOLD    )║
║  逼空评分 [███████░░░░░░░░░░░░░]  35                    ║
╠══════════════════════════════════════════════════════════╣
║  → 卖盘深度骤减 77.1% [+25]                                     ║
║  → 价格低于高点 1.29% [+15]                                     ║
╚══════════════════════════════════════════════════════════╝

╔══════════════════════════════════════════════════════════╗
║  MINIMAX-W 模拟自动交易  13:48:13 [LIVE-SIM]       ║
╠══════════════════════════════════════════════════════════╣
║  状态：IDLE          确认轮: 0/1              ║
║  当前价：881.0     失衡度：+0.520                        ║
╠══════════════════════════════════════════════════════════╣
║  做空评分 [█████░░░░░░░░░░░░░░░]  27  (HOLD    )║
║  逼空评分 [███████░░░░░░░░░░░░░]  35                    ║
╠══════════════════════════════════════════════════════════╣
║  → 卖盘深度骤减 33.9% [+25]                                     ║
║  → 价格低于高点 1.23% [+15]                                     ║
╚══════════════════════════════════════════════════════════╝

╔══════════════════════════════════════════════════════════╗
║  MINIMAX-W 模拟自动交易  13:49:13 [LIVE-SIM]       ║
╠══════════════════════════════════════════════════════════╣
║  状态：IDLE          确认轮: 0/1              ║
║  当前价：880.5     失衡度：+0.689                        ║
╠══════════════════════════════════════════════════════════╣
║  做空评分 [███████░░░░░░░░░░░░░]  37  (CAUTION )║
║  逼空评分 [███████░░░░░░░░░░░░░]  35                    ║
╠══════════════════════════════════════════════════════════╣
║  → 卖盘深度骤减 60.3% [+25]                                     ║
║  → 价格低于高点 0.96% [+15]                                     ║
║  → 高点拒绝后连跌 4轮 [+10]                                       ║
╚══════════════════════════════════════════════════════════╝

╔══════════════════════════════════════════════════════════╗
║  MINIMAX-W 模拟自动交易  13:50:14 [LIVE-SIM]       ║
╠══════════════════════════════════════════════════════════╣
║  状态：IDLE          确认轮: 0/1              ║
║  当前价：878.5     失衡度：+0.557                        ║
╠══════════════════════════════════════════════════════════╣
║  做空评分 [███████████░░░░░░░░░]  57  (ENTRY   )║
║  逼空评分 [█████░░░░░░░░░░░░░░░]  25                    ║
╠══════════════════════════════════════════════════════════╣
║  → 卖盘深度骤减 62.6% [+25]                                     ║
║  → 大单净流入由正转负 -46.4万 [+30]                                 ║
║  → 价格低于高点 1.18% [+15]                                     ║
╚══════════════════════════════════════════════════════════╝
2026-04-20 13:50:14,054 [INFO] [CONFIRM 1/1] 入场评分=57 逼空=25 失衡=0.557
2026-04-20 13:50:14,054 [INFO] [下单] 开空 200股 @ 878.5  dry_run=False
2026-04-20 13:50:14,309 [ERROR] [下单失败] 购买力不足，您可以尝试以下方式提升： 请前往: https://api.futunn.com/v2/webview/jump?user_id=17982701&is_visitor=0&clienttype=40&clientver=10.02.6208&clientlang=0&url=202011222&jump_target=1001

╔══════════════════════════════════════════════════════════╗
║  MINIMAX-W 模拟自动交易  13:51:14 [LIVE-SIM]       ║
╠══════════════════════════════════════════════════════════╣
║  状态：IDLE          确认轮: 0/1              ║
║  当前价：877.5     失衡度：+0.366                        ║
╠══════════════════════════════════════════════════════════╣
║  做空评分 [███████████░░░░░░░░░]  57  (ENTRY   )║
║  逼空评分 [░░░░░░░░░░░░░░░░░░░░]   0                    ║
╠══════════════════════════════════════════════════════════╣
║  → 大单净流入由正转负 -46.4万 [+30]                                 ║
║  → 价格低于高点 1.24% [+15]                                     ║
╚══════════════════════════════════════════════════════════╝
2026-04-20 13:51:14,518 [INFO] [CONFIRM 1/1] 入场评分=57 逼空=0 失衡=0.366
2026-04-20 13:51:14,518 [INFO] [下单] 开空 200股 @ 877.5  dry_run=False
2026-04-20 13:51:14,745 [ERROR] [下单失败] 卖空订单价格不可低于卖一价，请修改价格。

╔══════════════════════════════════════════════════════════╗
║  MINIMAX-W 模拟自动交易  13:52:14 [LIVE-SIM]       ║
╠══════════════════════════════════════════════════════════╣
║  状态：IDLE          确认轮: 0/1              ║
║  当前价：874.0     失衡度：+0.612                        ║
╠══════════════════════════════════════════════════════════╣
║  做空评分 [███████████░░░░░░░░░]  57  (ENTRY   )║
║  逼空评分 [░░░░░░░░░░░░░░░░░░░░]   0                    ║
╠══════════════════════════════════════════════════════════╣
║  → 大单净流入由正转负 -46.4万 [+30]                                 ║
║  → 价格低于高点 1.52% [+15]                                     ║
╚══════════════════════════════════════════════════════════╝
2026-04-20 13:52:14,957 [INFO] [CONFIRM 1/1] 入场评分=57 逼空=0 失衡=0.612
2026-04-20 13:52:14,957 [INFO] [下单] 开空 200股 @ 874.0  dry_run=False
2026-04-20 13:52:15,179 [ERROR] [下单失败] 卖空订单价格不可低于卖一价，请修改价格。

╔══════════════════════════════════════════════════════════╗
║  MINIMAX-W 模拟自动交易  13:53:15 [LIVE-SIM]       ║
╠══════════════════════════════════════════════════════════╣
║  状态：IDLE          确认轮: 0/1              ║
║  当前价：877.5     失衡度：+0.214                        ║
╠══════════════════════════════════════════════════════════╣
║  做空评分 [███████████░░░░░░░░░]  57  (ENTRY   )║
║  逼空评分 [█████░░░░░░░░░░░░░░░]  25                    ║
╠══════════════════════════════════════════════════════════╣
║  → 卖盘深度骤减 35.7% [+25]                                     ║
║  → 大单净流入由正转负 -46.4万 [+30]                                 ║
║  → 价格低于高点 1.13% [+15]                                     ║
╚══════════════════════════════════════════════════════════╝
2026-04-20 13:53:15,385 [INFO] [CONFIRM 1/1] 入场评分=57 逼空=25 失衡=0.214
2026-04-20 13:53:15,386 [INFO] [下单] 开空 200股 @ 877.5  dry_run=False
2026-04-20 13:53:15,657 [ERROR] [下单失败] 卖空订单价格不可低于卖一价，请修改价格。

╔══════════════════════════════════════════════════════════╗
║  MINIMAX-W 模拟自动交易  13:54:15 [LIVE-SIM]       ║
╠══════════════════════════════════════════════════════════╣
║  状态：IDLE          确认轮: 0/1              ║
║  当前价：879.5     失衡度：+0.225                        ║
╠══════════════════════════════════════════════════════════╣
║  做空评分 [████████░░░░░░░░░░░░]  42  (ENTRY   )║
║  逼空评分 [██░░░░░░░░░░░░░░░░░░]  12                    ║
╠══════════════════════════════════════════════════════════╣
║  → 大单净流入持续负 -46.4万 [+15]                                  ║
║  → 价格低于高点 0.90% [+15]                                     ║
╚══════════════════════════════════════════════════════════╝
2026-04-20 13:54:15,842 [INFO] [CONFIRM 1/1] 入场评分=42 逼空=12 失衡=0.225
2026-04-20 13:54:15,842 [INFO] [下单] 开空 200股 @ 879.5  dry_run=False
2026-04-20 13:54:16,080 [ERROR] [下单失败] 卖空订单价格不可低于卖一价，请修改价格。

╔══════════════════════════════════════════════════════════╗
║  MINIMAX-W 模拟自动交易  13:55:16 [LIVE-SIM]       ║
╠══════════════════════════════════════════════════════════╣
║  状态：IDLE          确认轮: 0/1              ║
║  当前价：876.0     失衡度：-0.088                        ║
╠══════════════════════════════════════════════════════════╣
║  做空评分 [██████████░░░░░░░░░░]  54  (ENTRY   )║
║  逼空评分 [░░░░░░░░░░░░░░░░░░░░]   0                    ║
╠══════════════════════════════════════════════════════════╣
║  → 大单净流入持续负 -351.5万 [+15]                                 ║
║  → 卖盘深度上升 70.7% [+12]                                     ║
║  → 价格低于高点 0.74% [+15]                                     ║
╚══════════════════════════════════════════════════════════╝
2026-04-20 13:55:16,262 [INFO] [CONFIRM 1/1] 入场评分=54 逼空=0 失衡=-0.088
2026-04-20 13:55:16,262 [INFO] [下单] 开空 200股 @ 876.0  dry_run=False
2026-04-20 13:55:16,504 [ERROR] [下单失败] 购买力不足，您可以尝试以下方式提升： 请前往: https://api.futunn.com/v2/webview/jump?user_id=17982701&is_visitor=0&clienttype=40&clientver=10.02.6208&clientlang=0&url=202011222&jump_target=1001
2026-04-20 13:56:12,145 [INFO] 模拟交易启动 | acc_id=281756478968301696 env=REAL 最大仓位=200股 | 目标价模式=动态 dry_run=False
2026-04-20 13:56:12,149 | 1400504 | 136191399831360 | [open_context_base.py:409] _init_connect_sync: New connect ready: conn=7451871321617296539(1) context=<futu.quote.open_quote_context.OpenQuoteContext object at 0x7bdcfec96cf0>
2026-04-20 13:56:12,155 | 1400504 | 136191399831360 | [open_context_base.py:409] _init_connect_sync: New connect ready: conn=7451871321640665025(2) context=<futu.trade.open_trade_context.OpenSecTradeContext object at 0x7bdcfe675550>
2026-04-20 13:56:12,161 [INFO] GUI 版 OpenD 检测到，跳过 API 解锁（请确认已在 OpenD 界面手动解锁）
2026-04-20 13:56:12,162 [INFO] [配置] entry≥40 sq<50 imb<0.8 confirm=1 guard=15:58 stop=2.0% t1=0.5% t2=1.0%

╔══════════════════════════════════════════════════════════╗
║  MINIMAX-W 模拟自动交易  13:56:13 [LIVE-SIM]       ║
╠══════════════════════════════════════════════════════════╣
║  状态：IDLE          确认轮: 0/1              ║
║  当前价：876.0     失衡度：-0.009                        ║
╠══════════════════════════════════════════════════════════╣
║  做空评分 [█████████████░░░░░░░]  67  (ENTRY   )║
║  逼空评分 [░░░░░░░░░░░░░░░░░░░░]   0                    ║
╠══════════════════════════════════════════════════════════╣
║  → 大单净流入持续负 -351.5万 [+15]                                 ║
║  → 卖盘深度骤增 93.8% [+25]                                     ║
║  → 价格低于高点 0.74% [+15]                                     ║
╚══════════════════════════════════════════════════════════╝
2026-04-20 13:56:13,616 [INFO] [CONFIRM 1/1] 入场评分=67 逼空=0 失衡=-0.009
2026-04-20 13:56:13,616 [INFO] [下单] 开空 200股 @ 876.0  dry_run=False
2026-04-20 13:56:13,836 [ERROR] [下单失败] 购买力不足，您可以尝试以下方式提升： 请前往: https://api.futunn.com/v2/webview/jump?user_id=17982701&is_visitor=0&clienttype=40&clientver=10.02.6208&clientlang=0&url=202011222&jump_target=1001

╔══════════════════════════════════════════════════════════╗
║  MINIMAX-W 模拟自动交易  13:57:14 [LIVE-SIM]       ║
╠══════════════════════════════════════════════════════════╣
║  状态：IDLE          确认轮: 0/1              ║
║  当前价：876.0     失衡度：+0.362                        ║
╠══════════════════════════════════════════════════════════╣
║  做空评分 [██████████░░░░░░░░░░]  54  (ENTRY   )║
║  逼空评分 [░░░░░░░░░░░░░░░░░░░░]   0                    ║
╠══════════════════════════════════════════════════════════╣
║  → 大单净流入持续负 -351.5万 [+15]                                 ║
║  → 卖盘深度上升 48.4% [+12]                                     ║
║  → 价格低于高点 0.57% [+15]                                     ║
╚══════════════════════════════════════════════════════════╝
2026-04-20 13:57:14,010 [INFO] [CONFIRM 1/1] 入场评分=54 逼空=0 失衡=0.362
2026-04-20 13:57:14,010 [INFO] [下单] 开空 200股 @ 876.0  dry_run=False
2026-04-20 13:57:14,221 [ERROR] [下单失败] 购买力不足，您可以尝试以下方式提升： 请前往: https://api.futunn.com/v2/webview/jump?user_id=17982701&is_visitor=0&clienttype=40&clientver=10.02.6208&clientlang=0&url=202011222&jump_target=1001
2026-04-20 13:58:14,222 [INFO] [配置] entry≥65 sq<20 imb<0.6 confirm=2 guard=15:50 stop=4.0% t1=1.5% t2=3.0%

╔══════════════════════════════════════════════════════════╗
║  MINIMAX-W 模拟自动交易  13:58:14 [LIVE-SIM]       ║
╠══════════════════════════════════════════════════════════╣
║  状态：IDLE          确认轮: 0/2              ║
║  当前价：876.0     失衡度：+0.342                        ║
╠══════════════════════════════════════════════════════════╣
║  做空评分 [██████████░░░░░░░░░░]  54  (CAUTION )║
║  逼空评分 [░░░░░░░░░░░░░░░░░░░░]   0                    ║
╠══════════════════════════════════════════════════════════╣
║  → 大单净流入持续负 -351.5万 [+15]                                 ║
║  → 卖盘深度上升 61.5% [+12]                                     ║
║  → 价格低于高点 0.51% [+15]                                     ║
╚══════════════════════════════════════════════════════════╝

╔══════════════════════════════════════════════════════════╗
║  MINIMAX-W 模拟自动交易  13:59:14 [LIVE-SIM]       ║
╠══════════════════════════════════════════════════════════╣
║  状态：IDLE          确认轮: 0/2              ║
║  当前价：876.0     失衡度：+0.456                        ║
╠══════════════════════════════════════════════════════════╣
║  做空评分 [██████░░░░░░░░░░░░░░]  34  (CAUTION )║
║  逼空评分 [░░░░░░░░░░░░░░░░░░░░]   0                    ║
╠══════════════════════════════════════════════════════════╣
║  → 大单净流入持续负 -351.5万 [+15]                                 ║
║  → 价格轻微回落 0.40% [+7]                                      ║
╚══════════════════════════════════════════════════════════╝

╔══════════════════════════════════════════════════════════╗
║  MINIMAX-W 模拟自动交易  14:00:14 [LIVE-SIM]       ║
╠══════════════════════════════════════════════════════════╣
║  状态：IDLE          确认轮: 0/2              ║
║  当前价：871.0     失衡度：+0.671                        ║
╠══════════════════════════════════════════════════════════╣
║  做空评分 [████████░░░░░░░░░░░░]  42  (CAUTION )║
║  逼空评分 [██░░░░░░░░░░░░░░░░░░]  12                    ║
╠══════════════════════════════════════════════════════════╣
║  → 大单净流入持续负 -351.5万 [+15]                                 ║
║  → 价格低于高点 0.97% [+15]                                     ║
╚══════════════════════════════════════════════════════════╝

╔══════════════════════════════════════════════════════════╗
║  MINIMAX-W 模拟自动交易  14:01:14 [LIVE-SIM]       ║
╠══════════════════════════════════════════════════════════╣
║  状态：IDLE          确认轮: 0/2              ║
║  当前价：871.0     失衡度：+0.634                        ║
╠══════════════════════════════════════════════════════════╣
║  做空评分 [████████░░░░░░░░░░░░]  42  (CAUTION )║
║  逼空评分 [░░░░░░░░░░░░░░░░░░░░]   0                    ║
╠══════════════════════════════════════════════════════════╣
║  → 大单净流入持续负 -351.5万 [+15]                                 ║
║  → 价格低于高点 0.97% [+15]                                     ║
╚══════════════════════════════════════════════════════════╝

╔══════════════════════════════════════════════════════════╗
║  MINIMAX-W 模拟自动交易  14:02:15 [LIVE-SIM]       ║
╠══════════════════════════════════════════════════════════╣
║  状态：IDLE          确认轮: 0/2              ║
║  当前价：874.5     失衡度：+0.580                        ║
╠══════════════════════════════════════════════════════════╣
║  做空评分 [████████░░░░░░░░░░░░]  42  (CAUTION )║
║  逼空评分 [░░░░░░░░░░░░░░░░░░░░]   0                    ║
╠══════════════════════════════════════════════════════════╣
║  → 大单净流入持续负 -351.5万 [+15]                                 ║
║  → 价格低于高点 0.57% [+15]                                     ║
╚══════════════════════════════════════════════════════════╝

╔══════════════════════════════════════════════════════════╗
║  MINIMAX-W 模拟自动交易  14:03:15 [LIVE-SIM]       ║
╠══════════════════════════════════════════════════════════╣
║  状态：IDLE          确认轮: 0/2              ║
║  当前价：874.0     失衡度：+0.549                        ║
╠══════════════════════════════════════════════════════════╣
║  做空评分 [████████░░░░░░░░░░░░]  42  (CAUTION )║
║  逼空评分 [░░░░░░░░░░░░░░░░░░░░]   0                    ║
╠══════════════════════════════════════════════════════════╣
║  → 大单净流入持续负 -351.5万 [+15]                                 ║
║  → 价格低于高点 0.63% [+15]                                     ║
╚══════════════════════════════════════════════════════════╝

╔══════════════════════════════════════════════════════════╗
║  MINIMAX-W 模拟自动交易  14:04:15 [LIVE-SIM]       ║
╠══════════════════════════════════════════════════════════╣
║  状态：IDLE          确认轮: 0/2              ║
║  当前价：873.5     失衡度：+0.425                        ║
╠══════════════════════════════════════════════════════════╣
║  做空评分 [█████████░░░░░░░░░░░]  46  (CAUTION )║
║  逼空评分 [░░░░░░░░░░░░░░░░░░░░]   0                    ║
╠══════════════════════════════════════════════════════════╣
║  → 大单净流入持续负 -351.5万 [+15]                                 ║
║  → 卖盘深度上升 48.7% [+12]                                     ║
║  → 价格轻微回落 0.29% [+7]                                      ║
╚══════════════════════════════════════════════════════════╝

╔══════════════════════════════════════════════════════════╗
║  MINIMAX-W 模拟自动交易  14:05:15 [LIVE-SIM]       ║
╠══════════════════════════════════════════════════════════╣
║  状态：IDLE          确认轮: 0/2              ║
║  当前价：871.5     失衡度：+0.579                        ║
╠══════════════════════════════════════════════════════════╣
║  做空评分 [████████░░░░░░░░░░░░]  42  (CAUTION )║
║  逼空评分 [░░░░░░░░░░░░░░░░░░░░]   0                    ║
╠══════════════════════════════════════════════════════════╣
║  → 大单净流入持续负 -351.5万 [+15]                                 ║
║  → 价格低于高点 0.51% [+15]                                     ║
╚══════════════════════════════════════════════════════════╝

╔══════════════════════════════════════════════════════════╗
║  MINIMAX-W 模拟自动交易  14:06:15 [LIVE-SIM]       ║
╠══════════════════════════════════════════════════════════╣
║  状态：IDLE          确认轮: 0/2              ║
║  当前价：873.0     失衡度：+0.661                        ║
╠══════════════════════════════════════════════════════════╣
║  做空评分 [██████░░░░░░░░░░░░░░]  34  (CAUTION )║
║  逼空评分 [░░░░░░░░░░░░░░░░░░░░]   0                    ║
╠══════════════════════════════════════════════════════════╣
║  → 大单净流入持续负 -351.5万 [+15]                                 ║
║  → 价格轻微回落 0.34% [+7]                                      ║
╚══════════════════════════════════════════════════════════╝

╔══════════════════════════════════════════════════════════╗
║  MINIMAX-W 模拟自动交易  14:07:16 [LIVE-SIM]       ║
╠══════════════════════════════════════════════════════════╣
║  状态：IDLE          确认轮: 0/2              ║
║  当前价：873.0     失衡度：+0.577                        ║
╠══════════════════════════════════════════════════════════╣
║  做空评分 [██████░░░░░░░░░░░░░░]  34  (CAUTION )║
║  逼空评分 [░░░░░░░░░░░░░░░░░░░░]   0                    ║
╠══════════════════════════════════════════════════════════╣
║  → 大单净流入持续负 -351.5万 [+15]                                 ║
║  → 价格轻微回落 0.34% [+7]                                      ║
╚══════════════════════════════════════════════════════════╝

╔══════════════════════════════════════════════════════════╗
║  MINIMAX-W 模拟自动交易  14:08:16 [LIVE-SIM]       ║
╠══════════════════════════════════════════════════════════╣
║  状态：IDLE          确认轮: 0/2              ║
║  当前价：874.0     失衡度：+0.584                        ║
╠══════════════════════════════════════════════════════════╣
║  做空评分 [██████░░░░░░░░░░░░░░]  34  (CAUTION )║
║  逼空评分 [░░░░░░░░░░░░░░░░░░░░]   0                    ║
╠══════════════════════════════════════════════════════════╣
║  → 大单净流入持续负 -351.5万 [+15]                                 ║
║  → 价格轻微回落 0.23% [+7]                                      ║
╚══════════════════════════════════════════════════════════╝

╔══════════════════════════════════════════════════════════╗
║  MINIMAX-W 模拟自动交易  14:09:16 [LIVE-SIM]       ║
╠══════════════════════════════════════════════════════════╣
║  状态：IDLE          确认轮: 0/2              ║
║  当前价：870.5     失衡度：+0.689                        ║
╠══════════════════════════════════════════════════════════╣
║  做空评分 [████████░░░░░░░░░░░░]  44  (CAUTION )║
║  逼空评分 [░░░░░░░░░░░░░░░░░░░░]   0                    ║
╠══════════════════════════════════════════════════════════╣
║  → 大单净流入持续负 -351.5万 [+15]                                 ║
║  → 价格轻微回落 0.46% [+7]                                      ║
║  → 高点拒绝后连跌 3轮 [+10]                                       ║
╚══════════════════════════════════════════════════════════╝

╔══════════════════════════════════════════════════════════╗
║  MINIMAX-W 模拟自动交易  14:10:16 [LIVE-SIM]       ║
╠══════════════════════════════════════════════════════════╣
║  状态：IDLE          确认轮: 0/2              ║
║  当前价：869.0     失衡度：+0.470                        ║
╠══════════════════════════════════════════════════════════╣
║  做空评分 [██████████░░░░░░░░░░]  52  (CAUTION )║
║  逼空评分 [░░░░░░░░░░░░░░░░░░░░]   0                    ║
╠══════════════════════════════════════════════════════════╣
║  → 大单净流入持续负 -456.1万 [+15]                                 ║
║  → 价格低于高点 0.63% [+15]                                     ║
║  → 高点拒绝后连跌 4轮 [+10]                                       ║
╚══════════════════════════════════════════════════════════╝

╔══════════════════════════════════════════════════════════╗
║  MINIMAX-W 模拟自动交易  14:11:16 [LIVE-SIM]       ║
╠══════════════════════════════════════════════════════════╣
║  状态：IDLE          确认轮: 0/2              ║
║  当前价：866.0     失衡度：+0.439                        ║
╠══════════════════════════════════════════════════════════╣
║  做空评分 [████████░░░░░░░░░░░░]  42  (CAUTION )║
║  逼空评分 [░░░░░░░░░░░░░░░░░░░░]   0                    ║
╠══════════════════════════════════════════════════════════╣
║  → 大单净流入持续负 -456.1万 [+15]                                 ║
║  → 价格低于高点 0.97% [+15]                                     ║
╚══════════════════════════════════════════════════════════╝

╔══════════════════════════════════════════════════════════╗
║  MINIMAX-W 模拟自动交易  14:12:16 [LIVE-SIM]       ║
╠══════════════════════════════════════════════════════════╣
║  状态：IDLE          确认轮: 0/2              ║
║  当前价：871.0     失衡度：+0.135                        ║
╠══════════════════════════════════════════════════════════╣
║  做空评分 [██████░░░░░░░░░░░░░░]  34  (CAUTION )║
║  逼空评分 [██░░░░░░░░░░░░░░░░░░]  12                    ║
╠══════════════════════════════════════════════════════════╣
║  → 大单净流入持续负 -704.8万 [+15]                                 ║
║  → 价格轻微回落 0.34% [+7]                                      ║
╚══════════════════════════════════════════════════════════╝

╔══════════════════════════════════════════════════════════╗
║  MINIMAX-W 模拟自动交易  14:13:17 [LIVE-SIM]       ║
╠══════════════════════════════════════════════════════════╣
║  状态：IDLE          确认轮: 0/2              ║
║  当前价：872.5     失衡度：-0.067                        ║
╠══════════════════════════════════════════════════════════╣
║  做空评分 [███████░░░░░░░░░░░░░]  37  (CAUTION )║
║  逼空评分 [░░░░░░░░░░░░░░░░░░░░]   0                    ║
╠══════════════════════════════════════════════════════════╣
║  → 大单净流入持续负 -704.8万 [+15]                                 ║
║  → 高点拒绝后连跌 2轮 [+10]                                       ║
╚══════════════════════════════════════════════════════════╝

╔══════════════════════════════════════════════════════════╗
║  MINIMAX-W 模拟自动交易  14:14:17 [LIVE-SIM]       ║
╠══════════════════════════════════════════════════════════╣
║  状态：IDLE          确认轮: 0/2              ║
║  当前价：871.5     失衡度：+0.200                        ║
╠══════════════════════════════════════════════════════════╣
║  做空评分 [████████░░░░░░░░░░░░]  44  (CAUTION )║
║  逼空评分 [░░░░░░░░░░░░░░░░░░░░]   0                    ║
╠══════════════════════════════════════════════════════════╣
║  → 大单净流入持续负 -704.8万 [+15]                                 ║
║  → 价格轻微回落 0.29% [+7]                                      ║
║  → 高点拒绝后连跌 3轮 [+10]                                       ║
╚══════════════════════════════════════════════════════════╝

╔══════════════════════════════════════════════════════════╗
║  MINIMAX-W 模拟自动交易  14:15:17 [LIVE-SIM]       ║
╠══════════════════════════════════════════════════════════╣
║  状态：IDLE          确认轮: 0/2              ║
║  当前价：871.5     失衡度：+0.241                        ║
╠══════════════════════════════════════════════════════════╣
║  做空评分 [░░░░░░░░░░░░░░░░░░░░]   0  (BLOCKED )║
║  逼空评分 [█████░░░░░░░░░░░░░░░]  25                    ║
╠══════════════════════════════════════════════════════════╣
║  → 卖盘深度骤减 30.2% [+25]                                     ║
║  → 逼空评分=25 超安全线 25，禁止开空                                   ║
╚══════════════════════════════════════════════════════════╝

╔══════════════════════════════════════════════════════════╗
║  MINIMAX-W 模拟自动交易  14:16:17 [LIVE-SIM]       ║
╠══════════════════════════════════════════════════════════╣
║  状态：IDLE          确认轮: 0/2              ║
║  当前价：874.0     失衡度：+0.709                        ║
╠══════════════════════════════════════════════════════════╣
║  做空评分 [░░░░░░░░░░░░░░░░░░░░]   0  (BLOCKED )║
║  逼空评分 [█████░░░░░░░░░░░░░░░]  25                    ║
╠══════════════════════════════════════════════════════════╣
║  → 卖盘深度骤减 63.9% [+25]                                     ║
║  → 逼空评分=25 超安全线 25，禁止开空                                   ║
╚══════════════════════════════════════════════════════════╝

╔══════════════════════════════════════════════════════════╗
║  MINIMAX-W 模拟自动交易  14:17:17 [LIVE-SIM]       ║
╠══════════════════════════════════════════════════════════╣
║  状态：IDLE          确认轮: 0/2              ║
║  当前价：871.5     失衡度：+0.027                        ║
╠══════════════════════════════════════════════════════════╣
║  做空评分 [██████░░░░░░░░░░░░░░]  34  (CAUTION )║
║  逼空评分 [░░░░░░░░░░░░░░░░░░░░]   0                    ║
╠══════════════════════════════════════════════════════════╣
║  → 大单净流入持续负 -522.9万 [+15]                                 ║
║  → 价格轻微回落 0.29% [+7]                                      ║
╚══════════════════════════════════════════════════════════╝

╔══════════════════════════════════════════════════════════╗
║  MINIMAX-W 模拟自动交易  14:18:18 [LIVE-SIM]       ║
╠══════════════════════════════════════════════════════════╣
║  状态：IDLE          确认轮: 0/2              ║
║  当前价：871.5     失衡度：+0.253                        ║
╠══════════════════════════════════════════════════════════╣
║  做空评分 [██████░░░░░░░░░░░░░░]  34  (CAUTION )║
║  逼空评分 [░░░░░░░░░░░░░░░░░░░░]   0                    ║
╠══════════════════════════════════════════════════════════╣
║  → 大单净流入持续负 -522.9万 [+15]                                 ║
║  → 价格轻微回落 0.29% [+7]                                      ║
╚══════════════════════════════════════════════════════════╝

╔══════════════════════════════════════════════════════════╗
║  MINIMAX-W 模拟自动交易  14:19:18 [LIVE-SIM]       ║
╠══════════════════════════════════════════════════════════╣
║  状态：IDLE          确认轮: 0/2              ║
║  当前价：871.0     失衡度：+0.305                        ║
╠══════════════════════════════════════════════════════════╣
║  做空评分 [██████░░░░░░░░░░░░░░]  34  (CAUTION )║
║  逼空评分 [██░░░░░░░░░░░░░░░░░░]  12                    ║
╠══════════════════════════════════════════════════════════╣
║  → 大单净流入持续负 -522.9万 [+15]                                 ║
║  → 价格轻微回落 0.34% [+7]                                      ║
╚══════════════════════════════════════════════════════════╝

╔══════════════════════════════════════════════════════════╗
║  MINIMAX-W 模拟自动交易  14:20:18 [LIVE-SIM]       ║
╠══════════════════════════════════════════════════════════╣
║  状态：IDLE          确认轮: 0/2              ║
║  当前价：870.5     失衡度：+0.200                        ║
╠══════════════════════════════════════════════════════════╣
║  做空评分 [████████░░░░░░░░░░░░]  44  (CAUTION )║
║  逼空评分 [░░░░░░░░░░░░░░░░░░░░]   0                    ║
╠══════════════════════════════════════════════════════════╣
║  → 大单净流入持续负 -522.9万 [+15]                                 ║
║  → 价格轻微回落 0.40% [+7]                                      ║
║  → 高点拒绝后连跌 2轮 [+10]                                       ║
╚══════════════════════════════════════════════════════════╝

╔══════════════════════════════════════════════════════════╗
║  MINIMAX-W 模拟自动交易  14:21:18 [LIVE-SIM]       ║
╠══════════════════════════════════════════════════════════╣
║  状态：IDLE          确认轮: 0/2              ║
║  当前价：870.5     失衡度：+0.382                        ║
╠══════════════════════════════════════════════════════════╣
║  做空评分 [████████░░░░░░░░░░░░]  44  (CAUTION )║
║  逼空评分 [██░░░░░░░░░░░░░░░░░░]  12                    ║
╠══════════════════════════════════════════════════════════╣
║  → 大单净流入持续负 -522.9万 [+15]                                 ║
║  → 价格轻微回落 0.40% [+7]                                      ║
║  → 高点拒绝后连跌 2轮 [+10]                                       ║
╚══════════════════════════════════════════════════════════╝

╔══════════════════════════════════════════════════════════╗
║  MINIMAX-W 模拟自动交易  14:22:18 [LIVE-SIM]       ║
╠══════════════════════════════════════════════════════════╣
║  状态：IDLE          确认轮: 0/2              ║
║  当前价：869.5     失衡度：+0.440                        ║
╠══════════════════════════════════════════════════════════╣
║  做空评分 [██████████░░░░░░░░░░]  52  (CAUTION )║
║  逼空评分 [░░░░░░░░░░░░░░░░░░░░]   0                    ║
╠══════════════════════════════════════════════════════════╣
║  → 大单净流入持续负 -522.9万 [+15]                                 ║
║  → 价格低于高点 0.51% [+15]                                     ║
║  → 高点拒绝后连跌 3轮 [+10]                                       ║
╚══════════════════════════════════════════════════════════╝

╔══════════════════════════════════════════════════════════╗
║  MINIMAX-W 模拟自动交易  14:23:18 [LIVE-SIM]       ║
╠══════════════════════════════════════════════════════════╣
║  状态：IDLE          确认轮: 0/2              ║
║  当前价：868.5     失衡度：+0.575                        ║
╠══════════════════════════════════════════════════════════╣
║  做空评分 [██████████░░░░░░░░░░]  52  (CAUTION )║
║  逼空评分 [██░░░░░░░░░░░░░░░░░░]  12                    ║
╠══════════════════════════════════════════════════════════╣
║  → 大单净流入持续负 -522.9万 [+15]                                 ║
║  → 价格低于高点 0.63% [+15]                                     ║
║  → 高点拒绝后连跌 4轮 [+10]                                       ║
╚══════════════════════════════════════════════════════════╝

╔══════════════════════════════════════════════════════════╗
║  MINIMAX-W 模拟自动交易  14:24:19 [LIVE-SIM]       ║
╠══════════════════════════════════════════════════════════╣
║  状态：IDLE          确认轮: 0/2              ║
║  当前价：868.0     失衡度：+0.507                        ║
╠══════════════════════════════════════════════════════════╣
║  做空评分 [██████████░░░░░░░░░░]  52  (CAUTION )║
║  逼空评分 [░░░░░░░░░░░░░░░░░░░░]   0                    ║
╠══════════════════════════════════════════════════════════╣
║  → 大单净流入持续负 -522.9万 [+15]                                 ║
║  → 价格低于高点 0.69% [+15]                                     ║
║  → 高点拒绝后连跌 5轮 [+10]                                       ║
╚══════════════════════════════════════════════════════════╝

╔══════════════════════════════════════════════════════════╗
║  MINIMAX-W 模拟自动交易  14:25:19 [LIVE-SIM]       ║
╠══════════════════════════════════════════════════════════╣
║  状态：IDLE          确认轮: 0/2              ║
║  当前价：868.5     失衡度：+0.330                        ║
╠══════════════════════════════════════════════════════════╣
║  做空评分 [██████████░░░░░░░░░░]  54  (CAUTION )║
║  逼空评分 [░░░░░░░░░░░░░░░░░░░░]   0                    ║
╠══════════════════════════════════════════════════════════╣
║  → 大单净流入持续负 -522.9万 [+15]                                 ║
║  → 卖盘深度上升 44.4% [+12]                                     ║
║  → 价格低于高点 0.63% [+15]                                     ║
╚══════════════════════════════════════════════════════════╝

╔══════════════════════════════════════════════════════════╗
║  MINIMAX-W 模拟自动交易  14:26:19 [LIVE-SIM]       ║
╠══════════════════════════════════════════════════════════╣
║  状态：IDLE          确认轮: 0/2              ║
║  当前价：870.0     失衡度：+0.547                        ║
╠══════════════════════════════════════════════════════════╣
║  做空评分 [█████░░░░░░░░░░░░░░░]  27  (HOLD    )║
║  逼空评分 [░░░░░░░░░░░░░░░░░░░░]   0                    ║
╠══════════════════════════════════════════════════════════╣
║  → 大单净流入持续负 -396.1万 [+15]                                 ║
╚══════════════════════════════════════════════════════════╝

╔══════════════════════════════════════════════════════════╗
║  MINIMAX-W 模拟自动交易  14:27:19 [LIVE-SIM]       ║
╠══════════════════════════════════════════════════════════╣
║  状态：IDLE          确认轮: 0/2              ║
║  当前价：869.0     失衡度：+0.300                        ║
╠══════════════════════════════════════════════════════════╣
║  做空评分 [███████████░░░░░░░░░]  59  (CAUTION )║
║  逼空评分 [░░░░░░░░░░░░░░░░░░░░]   0                    ║
╠══════════════════════════════════════════════════════════╣
║  → 大单净流入持续负 -396.1万 [+15]                                 ║
║  → 卖盘深度骤增 112.2% [+25]                                    ║
║  → 价格轻微回落 0.29% [+7]                                      ║
╚══════════════════════════════════════════════════════════╝

╔══════════════════════════════════════════════════════════╗
║  MINIMAX-W 模拟自动交易  14:28:19 [LIVE-SIM]       ║
╠══════════════════════════════════════════════════════════╣
║  状态：IDLE          确认轮: 0/2              ║
║  当前价：868.5     失衡度：+0.338                        ║
╠══════════════════════════════════════════════════════════╣
║  做空评分 [███████████░░░░░░░░░]  59  (CAUTION )║
║  逼空评分 [░░░░░░░░░░░░░░░░░░░░]   0                    ║
╠══════════════════════════════════════════════════════════╣
║  → 大单净流入持续负 -396.1万 [+15]                                 ║
║  → 卖盘深度骤增 100.1% [+25]                                    ║
║  → 价格轻微回落 0.29% [+7]                                      ║
╚══════════════════════════════════════════════════════════╝

╔══════════════════════════════════════════════════════════╗
║  MINIMAX-W 模拟自动交易  14:29:20 [LIVE-SIM]       ║
╠══════════════════════════════════════════════════════════╣
║  状态：IDLE          确认轮: 0/2              ║
║  当前价：867.5     失衡度：+0.304                        ║
╠══════════════════════════════════════════════════════════╣
║  做空评分 [███████████░░░░░░░░░]  59  (CAUTION )║
║  逼空评分 [░░░░░░░░░░░░░░░░░░░░]   0                    ║
╠══════════════════════════════════════════════════════════╣
║  → 大单净流入持续负 -396.1万 [+15]                                 ║
║  → 卖盘深度骤增 95.9% [+25]                                     ║
║  → 价格轻微回落 0.34% [+7]                                      ║
╚══════════════════════════════════════════════════════════╝

╔══════════════════════════════════════════════════════════╗
║  MINIMAX-W 模拟自动交易  14:30:20 [LIVE-SIM]       ║
╠══════════════════════════════════════════════════════════╣
║  状态：IDLE          确认轮: 0/2              ║
║  当前价：868.0     失衡度：+0.466                        ║
╠══════════════════════════════════════════════════════════╣
║  做空评分 [██████░░░░░░░░░░░░░░]  34  (CAUTION )║
║  逼空评分 [░░░░░░░░░░░░░░░░░░░░]   0                    ║
╠══════════════════════════════════════════════════════════╣
║  → 大单净流入持续负 -396.1万 [+15]                                 ║
║  → 价格轻微回落 0.29% [+7]                                      ║
╚══════════════════════════════════════════════════════════╝

╔══════════════════════════════════════════════════════════╗
║  MINIMAX-W 模拟自动交易  14:31:20 [LIVE-SIM]       ║
╠══════════════════════════════════════════════════════════╣
║  状态：IDLE          确认轮: 0/2              ║
║  当前价：869.5     失衡度：+0.446                        ║
╠══════════════════════════════════════════════════════════╣
║  做空评分 [███████░░░░░░░░░░░░░]  37  (CAUTION )║
║  逼空评分 [░░░░░░░░░░░░░░░░░░░░]   0                    ║
╠══════════════════════════════════════════════════════════╣
║  → 大单净流入持续负 -396.1万 [+15]                                 ║
║  → 高点拒绝后连跌 2轮 [+10]                                       ║
╚══════════════════════════════════════════════════════════╝

╔══════════════════════════════════════════════════════════╗
║  MINIMAX-W 模拟自动交易  14:32:20 [LIVE-SIM]       ║
╠══════════════════════════════════════════════════════════╣
║  状态：IDLE          确认轮: 0/2              ║
║  当前价：874.0     失衡度：+0.058                        ║
╠══════════════════════════════════════════════════════════╣
║  做空评分 [█████░░░░░░░░░░░░░░░]  27  (HOLD    )║
║  逼空评分 [██░░░░░░░░░░░░░░░░░░]  12                    ║
╠══════════════════════════════════════════════════════════╣
║  → 大单净流入持续负 -30.7万 [+15]                                  ║
╚══════════════════════════════════════════════════════════╝

╔══════════════════════════════════════════════════════════╗
║  MINIMAX-W 模拟自动交易  14:33:20 [LIVE-SIM]       ║
╠══════════════════════════════════════════════════════════╣
║  状态：IDLE          确认轮: 0/2              ║
║  当前价：874.0     失衡度：-0.027                        ║
╠══════════════════════════════════════════════════════════╣
║  做空评分 [█████░░░░░░░░░░░░░░░]  27  (HOLD    )║
║  逼空评分 [░░░░░░░░░░░░░░░░░░░░]   0                    ║
╠══════════════════════════════════════════════════════════╣
║  → 大单净流入持续负 -30.7万 [+15]                                  ║
╚══════════════════════════════════════════════════════════╝

╔══════════════════════════════════════════════════════════╗
║  MINIMAX-W 模拟自动交易  14:34:20 [LIVE-SIM]       ║
╠══════════════════════════════════════════════════════════╣
║  状态：IDLE          确认轮: 0/2              ║
║  当前价：874.0     失衡度：+0.435                        ║
╠══════════════════════════════════════════════════════════╣
║  做空评分 [█████░░░░░░░░░░░░░░░]  27  (HOLD    )║
║  逼空评分 [░░░░░░░░░░░░░░░░░░░░]   0                    ║
╠══════════════════════════════════════════════════════════╣
║  → 大单净流入持续负 -30.7万 [+15]                                  ║
╚══════════════════════════════════════════════════════════╝
